Log file open, 03/13/20 16:09:30
LogWindows: Failed to load 'aqProf.dll' (GetLastError=126)
LogWindows: File 'aqProf.dll' does not exist
LogWindows: Failed to load 'VtuneApi.dll' (GetLastError=126)
LogWindows: File 'VtuneApi.dll' does not exist
LogWindows: Failed to load 'VtuneApi32e.dll' (GetLastError=126)
LogWindows: File 'VtuneApi32e.dll' does not exist
LogConsoleResponse: Display: Failed to find resolution value strings in scalability ini. Falling back to default.
LogInit: Display: Running engine for game: FPSGameStarterKit
LogPlatformFile: Not using cached read wrapper
LogTaskGraph: Started task graph with 5 named threads and 35 total threads with 3 sets of task threads.
LogStats: Stats thread started at 0.074214
LogD3D11RHI: Loaded GFSDK_Aftermath_Lib.x64.dll
LogICUInternationalization: ICU TimeZone Detection - Raw Offset: -8:00, Platform Override: ''
LogPluginManager: Mounting plugin Paper2D
LogPluginManager: Mounting plugin AISupport
LogPluginManager: Mounting plugin LightPropagationVolume
LogPluginManager: Mounting plugin ActorLayerUtilities
LogPluginManager: Mounting plugin AnimationSharing
LogPluginManager: Mounting plugin CLionSourceCodeAccess
LogPluginManager: Mounting plugin CodeLiteSourceCodeAccess
LogPluginManager: Mounting plugin GitSourceControl
LogPluginManager: Mounting plugin KDevelopSourceCodeAccess
LogPluginManager: Mounting plugin NullSourceCodeAccess
LogPluginManager: Mounting plugin PerforceSourceControl
LogPluginManager: Mounting plugin SubversionSourceControl
LogPluginManager: Mounting plugin UObjectPlugin
LogPluginManager: Mounting plugin VisualStudioCodeSourceCodeAccess
LogPluginManager: Mounting plugin VisualStudioSourceCodeAccess
LogPluginManager: Mounting plugin XCodeSourceCodeAccess
LogPluginManager: Mounting plugin AssetManagerEditor
LogPluginManager: Mounting plugin CryptoKeys
LogPluginManager: Mounting plugin CurveEditorTools
LogPluginManager: Mounting plugin DataValidation
LogPluginManager: Mounting plugin FacialAnimation
LogPluginManager: Mounting plugin GameplayTagsEditor
LogPluginManager: Mounting plugin MacGraphicsSwitching
LogPluginManager: Mounting plugin MaterialAnalyzer
LogPluginManager: Mounting plugin MobileLauncherProfileWizard
LogPluginManager: Mounting plugin PluginBrowser
LogPluginManager: Mounting plugin SpeedTreeImporter
LogPluginManager: Mounting plugin DatasmithContent
LogPluginManager: Mounting plugin VariantManagerContent
LogPluginManager: Mounting plugin AlembicImporter
LogPluginManager: Mounting plugin AutomationUtils
LogPluginManager: Mounting plugin BackChannel
LogPluginManager: Mounting plugin CharacterAI
LogPluginManager: Mounting plugin GeometryCache
LogPluginManager: Mounting plugin HTML5Networking
LogPluginManager: Mounting plugin PlatformCrypto
LogPluginManager: Mounting plugin ProxyLODPlugin
LogPluginManager: Mounting plugin SkeletalReduction
LogPluginManager: Mounting plugin MagicLeap
LogPluginManager: Mounting plugin MagicLeapMedia
LogPluginManager: Mounting plugin AndroidMedia
LogPluginManager: Mounting plugin AvfMedia
LogPluginManager: Mounting plugin ImgMedia
LogPluginManager: Mounting plugin MediaCompositing
LogPluginManager: Mounting plugin MediaPlayerEditor
LogPluginManager: Mounting plugin WebMMedia
LogPluginManager: Mounting plugin WmfMedia
LogPluginManager: Mounting plugin TcpMessaging
LogPluginManager: Mounting plugin UdpMessaging
LogPluginManager: Mounting plugin ActorSequence
LogPluginManager: Mounting plugin LevelSequenceEditor
LogPluginManager: Mounting plugin MatineeToLevelSequence
LogPluginManager: Mounting plugin NetcodeUnitTest
LogPluginManager: Mounting plugin NUTUnrealEngine4
LogPluginManager: Mounting plugin OnlineSubsystemGooglePlay
LogPluginManager: Mounting plugin OnlineSubsystemIOS
LogPluginManager: Mounting plugin OnlineSubsystem
LogPluginManager: Mounting plugin OnlineSubsystemNull
LogPluginManager: Mounting plugin OnlineSubsystemUtils
LogPluginManager: Mounting plugin LauncherChunkInstaller
LogPluginManager: Mounting plugin AndroidDeviceProfileSelector
LogPluginManager: Mounting plugin AndroidMoviePlayer
LogPluginManager: Mounting plugin AndroidPermission
LogPluginManager: Mounting plugin AppleImageUtils
LogPluginManager: Mounting plugin AppleMoviePlayer
LogPluginManager: Mounting plugin ArchVisCharacter
LogPluginManager: Mounting plugin AudioCapture
LogPluginManager: Mounting plugin CableComponent
LogPluginManager: Mounting plugin CustomMeshComponent
LogPluginManager: Mounting plugin EditableMesh
LogPluginManager: Mounting plugin ExampleDeviceProfileSelector
LogPluginManager: Mounting plugin GoogleCloudMessaging
LogPluginManager: Mounting plugin IOSDeviceProfileSelector
LogPluginManager: Mounting plugin LinuxDeviceProfileSelector
LogPluginManager: Mounting plugin LocationServicesBPLibrary
LogPluginManager: Mounting plugin MobilePatchingUtils
LogPluginManager: Mounting plugin OculusVR
LogPluginManager: Mounting plugin PhysXVehicles
LogPluginManager: Mounting plugin ProceduralMeshComponent
LogPluginManager: Mounting plugin RuntimePhysXCooking
LogPluginManager: Mounting plugin SignificanceManager
LogPluginManager: Mounting plugin SteamVR
LogPluginManager: Mounting plugin WebMMoviePlayer
LogPluginManager: Mounting plugin WindowsMoviePlayer
LogPluginManager: Mounting plugin ScreenshotTools
LogInit: Using libcurl 7.55.1-DEV
LogInit:  - built for x86_64-pc-win32
LogInit:  - supports SSL with OpenSSL/1.1.1
LogInit:  - supports HTTP deflate (compression) using libz 1.2.8
LogInit:  - other features:
LogInit:      CURL_VERSION_SSL
LogInit:      CURL_VERSION_LIBZ
LogInit:      CURL_VERSION_IPV6
LogInit:      CURL_VERSION_ASYNCHDNS
LogInit:      CURL_VERSION_LARGEFILE
LogInit:      CURL_VERSION_IDN
LogInit:  CurlRequestOptions (configurable via config and command line):
LogInit:  - bVerifyPeer = true  - Libcurl will verify peer certificate
LogInit:  - bUseHttpProxy = false  - Libcurl will NOT use HTTP proxy
LogInit:  - bDontReuseConnections = false  - Libcurl will reuse connections
LogInit:  - MaxHostConnections = 16  - Libcurl will limit the number of connections to a host
LogInit:  - LocalHostAddr = Default
LogInit:  - BufferSize = 65536
LogOnline: OSS: Creating online subsystem instance for: NULL
LogInit: WinSock: version 1.1 (2.2), MaxSocks=32767, MaxUdp=65467
LogInit: Build: ++UE4+Release-4.23-CL-8386587
LogInit: Engine Version: 4.23.0-8386587+++UE4+Release-4.23
LogInit: Compatible Engine Version: 4.23.0-8386587+++UE4+Release-4.23
LogInit: Net CL: 8386587
LogInit: OS: Windows 10 (Release 1903) (), CPU: Intel(R) Core(TM) i7-8750H CPU @ 2.20GHz, GPU: Intel(R) UHD Graphics 630
LogInit: Compiled (64-bit): Aug 31 2019 02:04:44
LogInit: Compiled with Visual C++: 19.16.27030.01
LogInit: Build Configuration: Development
LogInit: Branch Name: ++UE4+Release-4.23
LogInit: Command Line: 
LogInit: Base Directory: C:/UnrealEngine/UE_4.23/Engine/Binaries/Win64/
LogInit: Installed Engine Build: 1
LogDevObjectVersion: Number of dev versions registered: 23
LogDevObjectVersion:   Dev-Blueprints (B0D832E4-1F89-4F0D-ACCF-7EB736FD4AA2): 10
LogDevObjectVersion:   Dev-Build (E1C64328-A22C-4D53-A36C-8E866417BD8C): 0
LogDevObjectVersion:   Dev-Core (375EC13C-06E4-48FB-B500-84F0262A717E): 3
LogDevObjectVersion:   Dev-Editor (E4B068ED-F494-42E9-A231-DA0B2E46BB41): 34
LogDevObjectVersion:   Dev-Framework (CFFC743F-43B0-4480-9391-14DF171D2073): 35
LogDevObjectVersion:   Dev-Mobile (B02B49B5-BB20-44E9-A304-32B752E40360): 2
LogDevObjectVersion:   Dev-Networking (A4E4105C-59A1-49B5-A7C5-40C4547EDFEE): 0
LogDevObjectVersion:   Dev-Online (39C831C9-5AE6-47DC-9A44-9C173E1C8E7C): 0
LogDevObjectVersion:   Dev-Physics (78F01B33-EBEA-4F98-B9B4-84EACCB95AA2): 0
LogDevObjectVersion:   Dev-Platform (6631380F-2D4D-43E0-8009-CF276956A95A): 0
LogDevObjectVersion:   Dev-Rendering (12F88B9F-8875-4AFC-A67C-D90C383ABD29): 31
LogDevObjectVersion:   Dev-Sequencer (7B5AE74C-D270-4C10-A958-57980B212A5A): 11
LogDevObjectVersion:   Dev-VR (D7296918-1DD6-4BDD-9DE2-64A83CC13884): 2
LogDevObjectVersion:   Dev-LoadTimes (C2A15278-BFE7-4AFE-6C17-90FF531DF755): 1
LogDevObjectVersion:   Private-Geometry (6EACA3D4-40EC-4CC1-B786-8BED09428FC5): 3
LogDevObjectVersion:   Dev-AnimPhys (29E575DD-E0A3-4627-9D10-D276232CDCEA): 17
LogDevObjectVersion:   Dev-Anim (AF43A65D-7FD3-4947-9873-3E8ED9C1BB05): 2
LogDevObjectVersion:   Dev-ReflectionCapture (6B266CEC-1EC7-4B8F-A30B-E4D90942FC07): 1
LogDevObjectVersion:   Dev-Automation (0DF73D61-A23F-47EA-B727-89E90C41499A): 1
LogDevObjectVersion:   FortniteMain (601D1886-AC64-4F84-AA16-D3DE0DEAC7D6): 27
LogDevObjectVersion:   Dev-Enterprise (9DFFBCD6-494F-0158-E221-12823C92A888): 6
LogDevObjectVersion:   Dev-Niagara (F2AED0AC-9AFE-416F-8664-AA7FFA26D6FC): 1
LogDevObjectVersion:   Dev-Destruction (174F1F0B-B4C6-45A5-B13F-2EE8D0FB917D): 9
LogInit: Presizing for max 16777216 objects, including 0 objects not considered by GC, pre-allocating 0 bytes for permanent pool.
LogInit: Object subsystem initialized
LogConfig: Setting CVar [[con.DebugEarlyDefault:1]]
LogConfig: Setting CVar [[r.setres:1280x720]]
[2020.03.13-23.09.30:579][  0]LogConfig: Setting CVar [[r.VSync:0]]
[2020.03.13-23.09.30:579][  0]LogConfig: Setting CVar [[r.RHICmdBypass:0]]
[2020.03.13-23.09.30:579][  0]LogConfig: Applying CVar settings from Section [/Script/Engine.RendererSettings] File [C:/Users/soapm/Documents/GitHub/LevelDesignFinal/FPSGameStarterKit/Saved/Config/Windows/Engine.ini]
[2020.03.13-23.09.30:579][  0]LogConfig: Setting CVar [[r.GPUCrashDebugging:0]]
[2020.03.13-23.09.30:579][  0]LogConfig: Setting CVar [[r.DefaultFeature.Bloom:0]]
[2020.03.13-23.09.30:579][  0]LogConfig: Setting CVar [[r.DefaultFeature.AutoExposure:0]]
[2020.03.13-23.09.30:579][  0]LogConfig: Setting CVar [[r.DefaultFeature.MotionBlur:0]]
[2020.03.13-23.09.30:579][  0]LogConfig: Applying CVar settings from Section [/Script/Engine.RendererOverrideSettings] File [C:/Users/soapm/Documents/GitHub/LevelDesignFinal/FPSGameStarterKit/Saved/Config/Windows/Engine.ini]
[2020.03.13-23.09.30:579][  0]LogConfig: Applying CVar settings from Section [/Script/Engine.StreamingSettings] File [C:/Users/soapm/Documents/GitHub/LevelDesignFinal/FPSGameStarterKit/Saved/Config/Windows/Engine.ini]
[2020.03.13-23.09.30:579][  0]LogConfig: Setting CVar [[s.MinBulkDataSizeForAsyncLoading:131072]]
[2020.03.13-23.09.30:579][  0]LogConfig: Setting CVar [[s.AsyncLoadingThreadEnabled:0]]
[2020.03.13-23.09.30:579][  0]LogConfig: Setting CVar [[s.EventDrivenLoaderEnabled:1]]
[2020.03.13-23.09.30:579][  0]LogConfig: Setting CVar [[s.WarnIfTimeLimitExceeded:0]]
[2020.03.13-23.09.30:579][  0]LogConfig: Setting CVar [[s.TimeLimitExceededMultiplier:1.5]]
[2020.03.13-23.09.30:579][  0]LogConfig: Setting CVar [[s.TimeLimitExceededMinTime:0.005]]
[2020.03.13-23.09.30:579][  0]LogConfig: Setting CVar [[s.UseBackgroundLevelStreaming:1]]
[2020.03.13-23.09.30:579][  0]LogConfig: Setting CVar [[s.PriorityAsyncLoadingExtraTime:15.0]]
[2020.03.13-23.09.30:579][  0]LogConfig: Setting CVar [[s.LevelStreamingActorsUpdateTimeLimit:5.0]]
[2020.03.13-23.09.30:579][  0]LogConfig: Setting CVar [[s.PriorityLevelStreamingActorsUpdateExtraTime:5.0]]
[2020.03.13-23.09.30:579][  0]LogConfig: Setting CVar [[s.LevelStreamingComponentsRegistrationGranularity:10]]
[2020.03.13-23.09.30:579][  0]LogConfig: Setting CVar [[s.UnregisterComponentsTimeLimit:1.0]]
[2020.03.13-23.09.30:579][  0]LogConfig: Setting CVar [[s.LevelStreamingComponentsUnregistrationGranularity:5]]
[2020.03.13-23.09.30:579][  0]LogConfig: Applying CVar settings from Section [/Script/Engine.GarbageCollectionSettings] File [C:/Users/soapm/Documents/GitHub/LevelDesignFinal/FPSGameStarterKit/Saved/Config/Windows/Engine.ini]
[2020.03.13-23.09.30:579][  0]LogConfig: Setting CVar [[gc.MaxObjectsNotConsideredByGC:1]]
[2020.03.13-23.09.30:579][  0]LogConfig: Setting CVar [[gc.SizeOfPermanentObjectPool:0]]
[2020.03.13-23.09.30:579][  0]LogConfig: Setting CVar [[gc.FlushStreamingOnGC:0]]
[2020.03.13-23.09.30:579][  0]LogConfig: Setting CVar [[gc.NumRetriesBeforeForcingGC:10]]
[2020.03.13-23.09.30:579][  0]LogConfig: Setting CVar [[gc.AllowParallelGC:1]]
[2020.03.13-23.09.30:579][  0]LogConfig: Setting CVar [[gc.TimeBetweenPurgingPendingKillObjects:61.1]]
[2020.03.13-23.09.30:579][  0]LogConfig: Setting CVar [[gc.MaxObjectsInEditor:16777216]]
[2020.03.13-23.09.30:579][  0]LogConfig: Setting CVar [[gc.IncrementalBeginDestroyEnabled:1]]
[2020.03.13-23.09.30:579][  0]LogConfig: Setting CVar [[gc.CreateGCClusters:1]]
[2020.03.13-23.09.30:579][  0]LogConfig: Setting CVar [[gc.MinGCClusterSize:5]]
[2020.03.13-23.09.30:579][  0]LogConfig: Setting CVar [[gc.ActorClusteringEnabled:0]]
[2020.03.13-23.09.30:579][  0]LogConfig: Setting CVar [[gc.BlueprintClusteringEnabled:0]]
[2020.03.13-23.09.30:579][  0]LogConfig: Setting CVar [[gc.UseDisregardForGCOnDedicatedServers:0]]
[2020.03.13-23.09.30:579][  0]LogConfig: Applying CVar settings from Section [/Script/Engine.NetworkSettings] File [C:/Users/soapm/Documents/GitHub/LevelDesignFinal/FPSGameStarterKit/Saved/Config/Windows/Engine.ini]
[2020.03.13-23.09.30:579][  0]LogConfig: Applying CVar settings from Section [/Script/UnrealEd.CookerSettings] File [C:/Users/soapm/Documents/GitHub/LevelDesignFinal/FPSGameStarterKit/Saved/Config/Windows/Engine.ini]
[2020.03.13-23.09.30:582][  0]LogConfig: Applying CVar settings from Section [ViewDistanceQuality@3] File [C:/Users/soapm/Documents/GitHub/LevelDesignFinal/FPSGameStarterKit/Saved/Config/Windows/Scalability.ini]
[2020.03.13-23.09.30:582][  0]LogConfig: Setting CVar [[r.SkeletalMeshLODBias:0]]
[2020.03.13-23.09.30:582][  0]LogConfig: Setting CVar [[r.ViewDistanceScale:1.0]]
[2020.03.13-23.09.30:582][  0]LogConfig: Applying CVar settings from Section [AntiAliasingQuality@3] File [C:/Users/soapm/Documents/GitHub/LevelDesignFinal/FPSGameStarterKit/Saved/Config/Windows/Scalability.ini]
[2020.03.13-23.09.30:582][  0]LogConfig: Setting CVar [[r.PostProcessAAQuality:4]]
[2020.03.13-23.09.30:582][  0]LogConfig: Applying CVar settings from Section [ShadowQuality@3] File [C:/Users/soapm/Documents/GitHub/LevelDesignFinal/FPSGameStarterKit/Saved/Config/Windows/Scalability.ini]
[2020.03.13-23.09.30:582][  0]LogConfig: Setting CVar [[r.LightFunctionQuality:1]]
[2020.03.13-23.09.30:582][  0]LogConfig: Setting CVar [[r.ShadowQuality:5]]
[2020.03.13-23.09.30:582][  0]LogConfig: Setting CVar [[r.Shadow.CSM.MaxCascades:10]]
[2020.03.13-23.09.30:582][  0]LogConfig: Setting CVar [[r.Shadow.MaxResolution:2048]]
[2020.03.13-23.09.30:582][  0]LogConfig: Setting CVar [[r.Shadow.MaxCSMResolution:2048]]
[2020.03.13-23.09.30:582][  0]LogConfig: Setting CVar [[r.Shadow.RadiusThreshold:0.01]]
[2020.03.13-23.09.30:582][  0]LogConfig: Setting CVar [[r.Shadow.DistanceScale:1.0]]
[2020.03.13-23.09.30:582][  0]LogConfig: Setting CVar [[r.Shadow.CSM.TransitionScale:1.0]]
[2020.03.13-23.09.30:582][  0]LogConfig: Setting CVar [[r.Shadow.PreShadowResolutionFactor:1.0]]
[2020.03.13-23.09.30:582][  0]LogConfig: Setting CVar [[r.DistanceFieldShadowing:1]]
[2020.03.13-23.09.30:582][  0]LogConfig: Setting CVar [[r.DistanceFieldAO:1]]
[2020.03.13-23.09.30:582][  0]LogConfig: Setting CVar [[r.AOQuality:2]]
[2020.03.13-23.09.30:582][  0]LogConfig: Setting CVar [[r.VolumetricFog:1]]
[2020.03.13-23.09.30:582][  0]LogConfig: Setting CVar [[r.VolumetricFog.GridPixelSize:8]]
[2020.03.13-23.09.30:582][  0]LogConfig: Setting CVar [[r.VolumetricFog.GridSizeZ:128]]
[2020.03.13-23.09.30:582][  0]LogConfig: Setting CVar [[r.VolumetricFog.HistoryMissSupersampleCount:4]]
[2020.03.13-23.09.30:582][  0]LogConfig: Setting CVar [[r.LightMaxDrawDistanceScale:1]]
[2020.03.13-23.09.30:582][  0]LogConfig: Setting CVar [[r.CapsuleShadows:1]]
[2020.03.13-23.09.30:582][  0]LogConfig: Applying CVar settings from Section [PostProcessQuality@3] File [C:/Users/soapm/Documents/GitHub/LevelDesignFinal/FPSGameStarterKit/Saved/Config/Windows/Scalability.ini]
[2020.03.13-23.09.30:582][  0]LogConfig: Setting CVar [[r.MotionBlurQuality:4]]
[2020.03.13-23.09.30:582][  0]LogConfig: Setting CVar [[r.AmbientOcclusionMipLevelFactor:0.4]]
[2020.03.13-23.09.30:582][  0]LogConfig: Setting CVar [[r.AmbientOcclusionMaxQuality:100]]
[2020.03.13-23.09.30:582][  0]LogConfig: Setting CVar [[r.AmbientOcclusionLevels:-1]]
[2020.03.13-23.09.30:582][  0]LogConfig: Setting CVar [[r.AmbientOcclusionRadiusScale:1.0]]
[2020.03.13-23.09.30:582][  0]LogConfig: Setting CVar [[r.DepthOfFieldQuality:2]]
[2020.03.13-23.09.30:582][  0]LogConfig: Setting CVar [[r.RenderTargetPoolMin:400]]
[2020.03.13-23.09.30:582][  0]LogConfig: Setting CVar [[r.LensFlareQuality:2]]
[2020.03.13-23.09.30:582][  0]LogConfig: Setting CVar [[r.SceneColorFringeQuality:1]]
[2020.03.13-23.09.30:582][  0]LogConfig: Setting CVar [[r.EyeAdaptationQuality:2]]
[2020.03.13-23.09.30:582][  0]LogConfig: Setting CVar [[r.BloomQuality:5]]
[2020.03.13-23.09.30:582][  0]LogConfig: Setting CVar [[r.FastBlurThreshold:100]]
[2020.03.13-23.09.30:582][  0]LogConfig: Setting CVar [[r.Upscale.Quality:3]]
[2020.03.13-23.09.30:582][  0]LogConfig: Setting CVar [[r.Tonemapper.GrainQuantization:1]]
[2020.03.13-23.09.30:582][  0]LogConfig: Setting CVar [[r.LightShaftQuality:1]]
[2020.03.13-23.09.30:582][  0]LogConfig: Setting CVar [[r.Filter.SizeScale:1]]
[2020.03.13-23.09.30:582][  0]LogConfig: Setting CVar [[r.Tonemapper.Quality:5]]
[2020.03.13-23.09.30:582][  0]LogConfig: Setting CVar [[r.DOF.Gather.AccumulatorQuality:1        ; higher gathering accumulator quality]]
[2020.03.13-23.09.30:582][  0]LogConfig: Setting CVar [[r.DOF.Gather.PostfilterMethod:1          ; Median3x3 postfilering method]]
[2020.03.13-23.09.30:582][  0]LogConfig: Setting CVar [[r.DOF.Gather.EnableBokehSettings:0       ; no bokeh simulation when gathering]]
[2020.03.13-23.09.30:582][  0]LogConfig: Setting CVar [[r.DOF.Gather.RingCount:4                 ; medium number of samples when gathering]]
[2020.03.13-23.09.30:582][  0]LogConfig: Setting CVar [[r.DOF.Scatter.ForegroundCompositing:1    ; additive foreground scattering]]
[2020.03.13-23.09.30:582][  0]LogConfig: Setting CVar [[r.DOF.Scatter.BackgroundCompositing:2    ; additive background scattering]]
[2020.03.13-23.09.30:582][  0]LogConfig: Setting CVar [[r.DOF.Scatter.EnableBokehSettings:1      ; bokeh simulation when scattering]]
[2020.03.13-23.09.30:582][  0]LogConfig: Setting CVar [[r.DOF.Scatter.MaxSpriteRatio:0.1         ; only a maximum of 10% of scattered bokeh]]
[2020.03.13-23.09.30:582][  0]LogConfig: Setting CVar [[r.DOF.Recombine.Quality:1                ; cheap slight out of focus]]
[2020.03.13-23.09.30:582][  0]LogConfig: Setting CVar [[r.DOF.Recombine.EnableBokehSettings:0    ; no bokeh simulation on slight out of focus]]
[2020.03.13-23.09.30:582][  0]LogConfig: Setting CVar [[r.DOF.TemporalAAQuality:1                ; more stable temporal accumulation]]
[2020.03.13-23.09.30:582][  0]LogConfig: Setting CVar [[r.DOF.Kernel.MaxForegroundRadius:0.025]]
[2020.03.13-23.09.30:582][  0]LogConfig: Setting CVar [[r.DOF.Kernel.MaxBackgroundRadius:0.025]]
[2020.03.13-23.09.30:582][  0]LogConfig: Applying CVar settings from Section [TextureQuality@3] File [C:/Users/soapm/Documents/GitHub/LevelDesignFinal/FPSGameStarterKit/Saved/Config/Windows/Scalability.ini]
[2020.03.13-23.09.30:582][  0]LogConfig: Setting CVar [[r.Streaming.MipBias:0]]
[2020.03.13-23.09.30:582][  0]LogConfig: Setting CVar [[r.Streaming.AmortizeCPUToGPUCopy:0]]
[2020.03.13-23.09.30:583][  0]LogConfig: Setting CVar [[r.Streaming.MaxNumTexturesToStreamPerFrame:0]]
[2020.03.13-23.09.30:583][  0]LogConfig: Setting CVar [[r.Streaming.Boost:1]]
[2020.03.13-23.09.30:583][  0]LogConfig: Setting CVar [[r.MaxAnisotropy:8]]
[2020.03.13-23.09.30:583][  0]LogConfig: Setting CVar [[r.Streaming.LimitPoolSizeToVRAM:0]]
[2020.03.13-23.09.30:583][  0]LogConfig: Setting CVar [[r.Streaming.PoolSize:1000]]
[2020.03.13-23.09.30:583][  0]LogConfig: Setting CVar [[r.Streaming.MaxEffectiveScreenSize:0]]
[2020.03.13-23.09.30:583][  0]LogConfig: Applying CVar settings from Section [EffectsQuality@3] File [C:/Users/soapm/Documents/GitHub/LevelDesignFinal/FPSGameStarterKit/Saved/Config/Windows/Scalability.ini]
[2020.03.13-23.09.30:583][  0]LogConfig: Setting CVar [[r.TranslucencyLightingVolumeDim:64]]
[2020.03.13-23.09.30:583][  0]LogConfig: Setting CVar [[r.RefractionQuality:2]]
[2020.03.13-23.09.30:583][  0]LogConfig: Setting CVar [[r.SSR.Quality:3]]
[2020.03.13-23.09.30:583][  0]LogConfig: Setting CVar [[r.SceneColorFormat:4]]
[2020.03.13-23.09.30:583][  0]LogConfig: Setting CVar [[r.DetailMode:2]]
[2020.03.13-23.09.30:583][  0]LogConfig: Setting CVar [[r.TranslucencyVolumeBlur:1]]
[2020.03.13-23.09.30:583][  0]LogConfig: Setting CVar [[r.MaterialQualityLevel:1 ; High quality]]
[2020.03.13-23.09.30:583][  0]LogConfig: Setting CVar [[r.SSS.Scale:1]]
[2020.03.13-23.09.30:583][  0]LogConfig: Setting CVar [[r.SSS.SampleSet:2]]
[2020.03.13-23.09.30:583][  0]LogConfig: Setting CVar [[r.SSS.Quality:1]]
[2020.03.13-23.09.30:583][  0]LogConfig: Setting CVar [[r.SSS.HalfRes:1]]
[2020.03.13-23.09.30:583][  0]LogConfig: Setting CVar [[r.EmitterSpawnRateScale:1.0]]
[2020.03.13-23.09.30:583][  0]LogConfig: Setting CVar [[r.ParticleLightQuality:2]]
[2020.03.13-23.09.30:583][  0]LogConfig: Applying CVar settings from Section [FoliageQuality@3] File [C:/Users/soapm/Documents/GitHub/LevelDesignFinal/FPSGameStarterKit/Saved/Config/Windows/Scalability.ini]
[2020.03.13-23.09.30:583][  0]LogConfig: Setting CVar [[foliage.DensityScale:1.0]]
[2020.03.13-23.09.30:583][  0]LogConfig: Setting CVar [[grass.DensityScale:1.0]]
[2020.03.13-23.09.30:583][  0]LogInit: Selected Device Profile: [Windows]
[2020.03.13-23.09.30:583][  0]LogInit: Applying CVar settings loaded from the selected device profile: [Windows]
[2020.03.13-23.09.30:585][  0]LogHAL: Display: Platform has ~ 16 GB [17073336320 / 17179869184 / 16], which maps to Larger [LargestMinGB=32, LargerMinGB=12, DefaultMinGB=8, SmallerMinGB=6, SmallestMinGB=0)
[2020.03.13-23.09.30:585][  0]LogInit: Going up to parent DeviceProfile []
[2020.03.13-23.09.30:585][  0]LogConfig: Applying CVar settings from Section [ViewDistanceQuality@3] File [C:/Users/soapm/Documents/GitHub/LevelDesignFinal/FPSGameStarterKit/Saved/Config/Windows/Scalability.ini]
[2020.03.13-23.09.30:585][  0]LogConfig: Setting CVar [[r.SkeletalMeshLODBias:0]]
[2020.03.13-23.09.30:585][  0]LogConfig: Setting CVar [[r.ViewDistanceScale:1.0]]
[2020.03.13-23.09.30:585][  0]LogConfig: Applying CVar settings from Section [AntiAliasingQuality@3] File [C:/Users/soapm/Documents/GitHub/LevelDesignFinal/FPSGameStarterKit/Saved/Config/Windows/Scalability.ini]
[2020.03.13-23.09.30:586][  0]LogConfig: Setting CVar [[r.PostProcessAAQuality:4]]
[2020.03.13-23.09.30:586][  0]LogConfig: Applying CVar settings from Section [ShadowQuality@3] File [C:/Users/soapm/Documents/GitHub/LevelDesignFinal/FPSGameStarterKit/Saved/Config/Windows/Scalability.ini]
[2020.03.13-23.09.30:586][  0]LogConfig: Setting CVar [[r.LightFunctionQuality:1]]
[2020.03.13-23.09.30:586][  0]LogConfig: Setting CVar [[r.ShadowQuality:5]]
[2020.03.13-23.09.30:586][  0]LogConfig: Setting CVar [[r.Shadow.CSM.MaxCascades:10]]
[2020.03.13-23.09.30:586][  0]LogConfig: Setting CVar [[r.Shadow.MaxResolution:2048]]
[2020.03.13-23.09.30:586][  0]LogConfig: Setting CVar [[r.Shadow.MaxCSMResolution:2048]]
[2020.03.13-23.09.30:586][  0]LogConfig: Setting CVar [[r.Shadow.RadiusThreshold:0.01]]
[2020.03.13-23.09.30:586][  0]LogConfig: Setting CVar [[r.Shadow.DistanceScale:1.0]]
[2020.03.13-23.09.30:586][  0]LogConfig: Setting CVar [[r.Shadow.CSM.TransitionScale:1.0]]
[2020.03.13-23.09.30:586][  0]LogConfig: Setting CVar [[r.Shadow.PreShadowResolutionFactor:1.0]]
[2020.03.13-23.09.30:586][  0]LogConfig: Setting CVar [[r.DistanceFieldShadowing:1]]
[2020.03.13-23.09.30:586][  0]LogConfig: Setting CVar [[r.DistanceFieldAO:1]]
[2020.03.13-23.09.30:586][  0]LogConfig: Setting CVar [[r.AOQuality:2]]
[2020.03.13-23.09.30:586][  0]LogConfig: Setting CVar [[r.VolumetricFog:1]]
[2020.03.13-23.09.30:586][  0]LogConfig: Setting CVar [[r.VolumetricFog.GridPixelSize:8]]
[2020.03.13-23.09.30:586][  0]LogConfig: Setting CVar [[r.VolumetricFog.GridSizeZ:128]]
[2020.03.13-23.09.30:586][  0]LogConfig: Setting CVar [[r.VolumetricFog.HistoryMissSupersampleCount:4]]
[2020.03.13-23.09.30:586][  0]LogConfig: Setting CVar [[r.LightMaxDrawDistanceScale:1]]
[2020.03.13-23.09.30:586][  0]LogConfig: Setting CVar [[r.CapsuleShadows:1]]
[2020.03.13-23.09.30:586][  0]LogConfig: Applying CVar settings from Section [PostProcessQuality@3] File [C:/Users/soapm/Documents/GitHub/LevelDesignFinal/FPSGameStarterKit/Saved/Config/Windows/Scalability.ini]
[2020.03.13-23.09.30:586][  0]LogConfig: Setting CVar [[r.MotionBlurQuality:4]]
[2020.03.13-23.09.30:586][  0]LogConfig: Setting CVar [[r.AmbientOcclusionMipLevelFactor:0.4]]
[2020.03.13-23.09.30:586][  0]LogConfig: Setting CVar [[r.AmbientOcclusionMaxQuality:100]]
[2020.03.13-23.09.30:586][  0]LogConfig: Setting CVar [[r.AmbientOcclusionLevels:-1]]
[2020.03.13-23.09.30:586][  0]LogConfig: Setting CVar [[r.AmbientOcclusionRadiusScale:1.0]]
[2020.03.13-23.09.30:586][  0]LogConfig: Setting CVar [[r.DepthOfFieldQuality:2]]
[2020.03.13-23.09.30:586][  0]LogConfig: Setting CVar [[r.RenderTargetPoolMin:400]]
[2020.03.13-23.09.30:586][  0]LogConfig: Setting CVar [[r.LensFlareQuality:2]]
[2020.03.13-23.09.30:586][  0]LogConfig: Setting CVar [[r.SceneColorFringeQuality:1]]
[2020.03.13-23.09.30:586][  0]LogConfig: Setting CVar [[r.EyeAdaptationQuality:2]]
[2020.03.13-23.09.30:586][  0]LogConfig: Setting CVar [[r.BloomQuality:5]]
[2020.03.13-23.09.30:586][  0]LogConfig: Setting CVar [[r.FastBlurThreshold:100]]
[2020.03.13-23.09.30:586][  0]LogConfig: Setting CVar [[r.Upscale.Quality:3]]
[2020.03.13-23.09.30:586][  0]LogConfig: Setting CVar [[r.Tonemapper.GrainQuantization:1]]
[2020.03.13-23.09.30:586][  0]LogConfig: Setting CVar [[r.LightShaftQuality:1]]
[2020.03.13-23.09.30:586][  0]LogConfig: Setting CVar [[r.Filter.SizeScale:1]]
[2020.03.13-23.09.30:586][  0]LogConfig: Setting CVar [[r.Tonemapper.Quality:5]]
[2020.03.13-23.09.30:586][  0]LogConfig: Setting CVar [[r.DOF.Gather.AccumulatorQuality:1        ; higher gathering accumulator quality]]
[2020.03.13-23.09.30:586][  0]LogConfig: Setting CVar [[r.DOF.Gather.PostfilterMethod:1          ; Median3x3 postfilering method]]
[2020.03.13-23.09.30:586][  0]LogConfig: Setting CVar [[r.DOF.Gather.EnableBokehSettings:0       ; no bokeh simulation when gathering]]
[2020.03.13-23.09.30:586][  0]LogConfig: Setting CVar [[r.DOF.Gather.RingCount:4                 ; medium number of samples when gathering]]
[2020.03.13-23.09.30:586][  0]LogConfig: Setting CVar [[r.DOF.Scatter.ForegroundCompositing:1    ; additive foreground scattering]]
[2020.03.13-23.09.30:586][  0]LogConfig: Setting CVar [[r.DOF.Scatter.BackgroundCompositing:2    ; additive background scattering]]
[2020.03.13-23.09.30:586][  0]LogConfig: Setting CVar [[r.DOF.Scatter.EnableBokehSettings:1      ; bokeh simulation when scattering]]
[2020.03.13-23.09.30:586][  0]LogConfig: Setting CVar [[r.DOF.Scatter.MaxSpriteRatio:0.1         ; only a maximum of 10% of scattered bokeh]]
[2020.03.13-23.09.30:586][  0]LogConfig: Setting CVar [[r.DOF.Recombine.Quality:1                ; cheap slight out of focus]]
[2020.03.13-23.09.30:586][  0]LogConfig: Setting CVar [[r.DOF.Recombine.EnableBokehSettings:0    ; no bokeh simulation on slight out of focus]]
[2020.03.13-23.09.30:586][  0]LogConfig: Setting CVar [[r.DOF.TemporalAAQuality:1                ; more stable temporal accumulation]]
[2020.03.13-23.09.30:586][  0]LogConfig: Setting CVar [[r.DOF.Kernel.MaxForegroundRadius:0.025]]
[2020.03.13-23.09.30:586][  0]LogConfig: Setting CVar [[r.DOF.Kernel.MaxBackgroundRadius:0.025]]
[2020.03.13-23.09.30:586][  0]LogConfig: Applying CVar settings from Section [TextureQuality@3] File [C:/Users/soapm/Documents/GitHub/LevelDesignFinal/FPSGameStarterKit/Saved/Config/Windows/Scalability.ini]
[2020.03.13-23.09.30:586][  0]LogConfig: Setting CVar [[r.Streaming.MipBias:0]]
[2020.03.13-23.09.30:586][  0]LogConfig: Setting CVar [[r.Streaming.AmortizeCPUToGPUCopy:0]]
[2020.03.13-23.09.30:586][  0]LogConfig: Setting CVar [[r.Streaming.MaxNumTexturesToStreamPerFrame:0]]
[2020.03.13-23.09.30:586][  0]LogConfig: Setting CVar [[r.Streaming.Boost:1]]
[2020.03.13-23.09.30:586][  0]LogConfig: Setting CVar [[r.MaxAnisotropy:8]]
[2020.03.13-23.09.30:586][  0]LogConfig: Setting CVar [[r.Streaming.LimitPoolSizeToVRAM:0]]
[2020.03.13-23.09.30:586][  0]LogConfig: Setting CVar [[r.Streaming.PoolSize:1000]]
[2020.03.13-23.09.30:586][  0]LogConfig: Setting CVar [[r.Streaming.MaxEffectiveScreenSize:0]]
[2020.03.13-23.09.30:586][  0]LogConfig: Applying CVar settings from Section [EffectsQuality@3] File [C:/Users/soapm/Documents/GitHub/LevelDesignFinal/FPSGameStarterKit/Saved/Config/Windows/Scalability.ini]
[2020.03.13-23.09.30:586][  0]LogConfig: Setting CVar [[r.TranslucencyLightingVolumeDim:64]]
[2020.03.13-23.09.30:586][  0]LogConfig: Setting CVar [[r.RefractionQuality:2]]
[2020.03.13-23.09.30:586][  0]LogConfig: Setting CVar [[r.SSR.Quality:3]]
[2020.03.13-23.09.30:586][  0]LogConfig: Setting CVar [[r.SceneColorFormat:4]]
[2020.03.13-23.09.30:586][  0]LogConfig: Setting CVar [[r.DetailMode:2]]
[2020.03.13-23.09.30:586][  0]LogConfig: Setting CVar [[r.TranslucencyVolumeBlur:1]]
[2020.03.13-23.09.30:586][  0]LogConfig: Setting CVar [[r.MaterialQualityLevel:1 ; High quality]]
[2020.03.13-23.09.30:586][  0]LogConfig: Setting CVar [[r.SSS.Scale:1]]
[2020.03.13-23.09.30:586][  0]LogConfig: Setting CVar [[r.SSS.SampleSet:2]]
[2020.03.13-23.09.30:586][  0]LogConfig: Setting CVar [[r.SSS.Quality:1]]
[2020.03.13-23.09.30:586][  0]LogConfig: Setting CVar [[r.SSS.HalfRes:1]]
[2020.03.13-23.09.30:586][  0]LogConfig: Setting CVar [[r.EmitterSpawnRateScale:1.0]]
[2020.03.13-23.09.30:586][  0]LogConfig: Setting CVar [[r.ParticleLightQuality:2]]
[2020.03.13-23.09.30:586][  0]LogConfig: Applying CVar settings from Section [FoliageQuality@3] File [C:/Users/soapm/Documents/GitHub/LevelDesignFinal/FPSGameStarterKit/Saved/Config/Windows/Scalability.ini]
[2020.03.13-23.09.30:586][  0]LogConfig: Setting CVar [[foliage.DensityScale:1.0]]
[2020.03.13-23.09.30:586][  0]LogConfig: Setting CVar [[grass.DensityScale:1.0]]
[2020.03.13-23.09.30:586][  0]LogConfig: Applying CVar settings from Section [Startup] File [../../../Engine/Config/ConsoleVariables.ini]
[2020.03.13-23.09.30:587][  0]LogConfig: Setting CVar [[net.UseAdaptiveNetUpdateFrequency:0]]
[2020.03.13-23.09.30:587][  0]LogConfig: Setting CVar [[p.chaos.AllowCreatePhysxBodies:1]]
[2020.03.13-23.09.30:587][  0]LogConfig: Applying CVar settings from Section [ConsoleVariables] File [C:/Users/soapm/Documents/GitHub/LevelDesignFinal/FPSGameStarterKit/Saved/Config/Windows/Engine.ini]
[2020.03.13-23.09.30:587][  0]LogInit: Computer: SOAPMC
[2020.03.13-23.09.30:587][  0]LogInit: User: soapm
[2020.03.13-23.09.30:587][  0]LogInit: CPU Page size=4096, Cores=6
[2020.03.13-23.09.30:587][  0]LogInit: High frequency timer resolution =10.000000 MHz
[2020.03.13-23.09.30:587][  0]LogMemory: Memory total: Physical=15.9GB (16GB approx)
[2020.03.13-23.09.30:587][  0]LogMemory: Platform Memory Stats for Windows
[2020.03.13-23.09.30:587][  0]LogMemory: Process Physical Memory: 101.93 MB used, 101.93 MB peak
[2020.03.13-23.09.30:587][  0]LogMemory: Process Virtual Memory: 101.79 MB used, 101.79 MB peak
[2020.03.13-23.09.30:587][  0]LogMemory: Physical Memory: 8430.73 MB used,  7851.67 MB free, 16282.40 MB total
[2020.03.13-23.09.30:587][  0]LogMemory: Virtual Memory: 4686.71 MB used,  134213040.00 MB free, 134217728.00 MB total
[2020.03.13-23.09.30:591][  0]LogWindows: WindowsPlatformFeatures enabled
[2020.03.13-23.09.30:616][  0]LogInit: Overriding language with editor language configuration option (en).
[2020.03.13-23.09.30:616][  0]LogInit: Overriding locale with editor locale configuration option (en).
[2020.03.13-23.09.30:763][  0]LogInit: Setting process to per monitor DPI aware
[2020.03.13-23.09.30:803][  0]LogSlate: New Slate User Created.  User Index 0, Is Virtual User: 0
[2020.03.13-23.09.30:803][  0]LogSlate: Slate User Registered.  User Index 0, Is Virtual User: 0
[2020.03.13-23.09.30:970][  0]LogHMD: Failed to initialize OpenVR with code 110
[2020.03.13-23.09.30:970][  0]LogD3D11RHI: D3D11 adapters:
[2020.03.13-23.09.31:050][  0]LogD3D11RHI:    0. 'NVIDIA GeForce RTX 2070 with Max-Q Design' (Feature Level 11_0)
[2020.03.13-23.09.31:050][  0]LogD3D11RHI:       8031/0/8141 MB DedicatedVideo/DedicatedSystem/SharedSystem, Outputs:1, VendorId:0x10de
[2020.03.13-23.09.31:073][  0]LogD3D11RHI:    1. 'Intel(R) UHD Graphics 630' (Feature Level 11_0)
[2020.03.13-23.09.31:073][  0]LogD3D11RHI:       128/0/8141 MB DedicatedVideo/DedicatedSystem/SharedSystem, Outputs:0, VendorId:0x8086
[2020.03.13-23.09.31:075][  0]LogD3D11RHI:    2. 'Microsoft Basic Render Driver' (Feature Level 11_0)
[2020.03.13-23.09.31:075][  0]LogD3D11RHI:       0/0/8141 MB DedicatedVideo/DedicatedSystem/SharedSystem, Outputs:0, VendorId:0x1414
[2020.03.13-23.09.31:075][  0]LogD3D11RHI: Chosen D3D11 Adapter: 0
[2020.03.13-23.09.31:105][  0]LogD3D11RHI: Creating new Direct3DDevice
[2020.03.13-23.09.31:105][  0]LogD3D11RHI:     GPU DeviceId: 0x1f10 (for the marketing name, search the web for "GPU Device Id")
[2020.03.13-23.09.31:105][  0]LogWindows: EnumDisplayDevices:
[2020.03.13-23.09.31:106][  0]LogWindows:    0. 'Intel(R) UHD Graphics 630' (P:1 D:1)
[2020.03.13-23.09.31:106][  0]LogWindows:    1. 'Intel(R) UHD Graphics 630' (P:0 D:0)
[2020.03.13-23.09.31:106][  0]LogWindows:    2. 'Intel(R) UHD Graphics 630' (P:0 D:0)
[2020.03.13-23.09.31:106][  0]LogWindows:    3. 'NVIDIA GeForce RTX 2070 with Max-Q Design' (P:0 D:0)
[2020.03.13-23.09.31:107][  0]LogWindows:    4. 'NVIDIA GeForce RTX 2070 with Max-Q Design' (P:0 D:0)
[2020.03.13-23.09.31:107][  0]LogWindows:    5. 'NVIDIA GeForce RTX 2070 with Max-Q Design' (P:0 D:0)
[2020.03.13-23.09.31:107][  0]LogWindows:    6. 'NVIDIA GeForce RTX 2070 with Max-Q Design' (P:0 D:0)
[2020.03.13-23.09.31:107][  0]LogWindows: DebugString: PrimaryIsNotTheChoosenAdapter PrimaryIsNotTheChoosenAdapter PrimaryIsNotTheChoosenAdapter FoundDriverCount:4 
[2020.03.13-23.09.31:107][  0]LogD3D11RHI:     Adapter Name: NVIDIA GeForce RTX 2070 with Max-Q Design
[2020.03.13-23.09.31:107][  0]LogD3D11RHI:   Driver Version: 442.59 (internal:26.21.14.4259, unified:442.59)
[2020.03.13-23.09.31:107][  0]LogD3D11RHI:      Driver Date: 3-4-2020
[2020.03.13-23.09.31:107][  0]LogRHI: Texture pool is 5621 MB (70% of 8031 MB)
[2020.03.13-23.09.31:158][  0]LogD3D11RHI: Async texture creation enabled
[2020.03.13-23.09.31:172][  0]LogD3D11RHI: GPU Timing Frequency: 1000.000000 (Debug: 2 1)
[2020.03.13-23.09.31:440][  0]LogTemp: Display: Module 'AllDesktopTargetPlatform' loaded TargetPlatform 'AllDesktop'
[2020.03.13-23.09.31:449][  0]LogTemp: Display: Module 'MacClientTargetPlatform' loaded TargetPlatform 'MacClient'
[2020.03.13-23.09.31:457][  0]LogTemp: Display: Module 'MacNoEditorTargetPlatform' loaded TargetPlatform 'MacNoEditor'
[2020.03.13-23.09.31:465][  0]LogTemp: Display: Module 'MacServerTargetPlatform' loaded TargetPlatform 'MacServer'
[2020.03.13-23.09.31:473][  0]LogTemp: Display: Module 'MacTargetPlatform' loaded TargetPlatform 'Mac'
[2020.03.13-23.09.31:482][  0]LogTemp: Display: Module 'WindowsClientTargetPlatform' loaded TargetPlatform 'WindowsClient'
[2020.03.13-23.09.31:490][  0]LogTemp: Display: Module 'WindowsNoEditorTargetPlatform' loaded TargetPlatform 'WindowsNoEditor'
[2020.03.13-23.09.31:498][  0]LogTemp: Display: Module 'WindowsServerTargetPlatform' loaded TargetPlatform 'WindowsServer'
[2020.03.13-23.09.31:502][  0]LogTemp: Display: Module 'WindowsTargetPlatform' loaded TargetPlatform 'Windows'
[2020.03.13-23.09.31:531][  0]LogTemp: Display: Module 'AndroidTargetPlatform' loaded TargetPlatform 'Android'
[2020.03.13-23.09.31:531][  0]LogTemp: Display: Module 'AndroidTargetPlatform' loaded TargetPlatform 'Android_ASTC'
[2020.03.13-23.09.31:531][  0]LogTemp: Display: Module 'AndroidTargetPlatform' loaded TargetPlatform 'Android_ATC'
[2020.03.13-23.09.31:531][  0]LogTemp: Display: Module 'AndroidTargetPlatform' loaded TargetPlatform 'Android_DXT'
[2020.03.13-23.09.31:531][  0]LogTemp: Display: Module 'AndroidTargetPlatform' loaded TargetPlatform 'Android_ETC1'
[2020.03.13-23.09.31:531][  0]LogTemp: Display: Module 'AndroidTargetPlatform' loaded TargetPlatform 'Android_ETC1a'
[2020.03.13-23.09.31:531][  0]LogTemp: Display: Module 'AndroidTargetPlatform' loaded TargetPlatform 'Android_ETC2'
[2020.03.13-23.09.31:531][  0]LogTemp: Display: Module 'AndroidTargetPlatform' loaded TargetPlatform 'Android_PVRTC'
[2020.03.13-23.09.31:531][  0]LogTemp: Display: Module 'AndroidTargetPlatform' loaded TargetPlatform 'AndroidClient'
[2020.03.13-23.09.31:531][  0]LogTemp: Display: Module 'AndroidTargetPlatform' loaded TargetPlatform 'Android_ASTCClient'
[2020.03.13-23.09.31:531][  0]LogTemp: Display: Module 'AndroidTargetPlatform' loaded TargetPlatform 'Android_ATCClient'
[2020.03.13-23.09.31:531][  0]LogTemp: Display: Module 'AndroidTargetPlatform' loaded TargetPlatform 'Android_DXTClient'
[2020.03.13-23.09.31:531][  0]LogTemp: Display: Module 'AndroidTargetPlatform' loaded TargetPlatform 'Android_ETC1Client'
[2020.03.13-23.09.31:531][  0]LogTemp: Display: Module 'AndroidTargetPlatform' loaded TargetPlatform 'Android_ETC1aClient'
[2020.03.13-23.09.31:531][  0]LogTemp: Display: Module 'AndroidTargetPlatform' loaded TargetPlatform 'Android_ETC2Client'
[2020.03.13-23.09.31:531][  0]LogTemp: Display: Module 'AndroidTargetPlatform' loaded TargetPlatform 'Android_PVRTCClient'
[2020.03.13-23.09.31:531][  0]LogTemp: Display: Module 'AndroidTargetPlatform' loaded TargetPlatform 'Android_Multi'
[2020.03.13-23.09.31:531][  0]LogTemp: Display: Module 'AndroidTargetPlatform' loaded TargetPlatform 'Android_MultiClient'
[2020.03.13-23.09.31:533][  0]LogTemp: Display: Module 'HTML5TargetPlatform' loaded TargetPlatform 'HTML5'
[2020.03.13-23.09.31:549][  0]LogTemp: Display: Module 'IOSTargetPlatform' loaded TargetPlatform 'IOSClient'
[2020.03.13-23.09.31:549][  0]LogTemp: Display: Module 'IOSTargetPlatform' loaded TargetPlatform 'IOS'
[2020.03.13-23.09.31:561][  0]LogTemp: Display: Module 'TVOSTargetPlatform' loaded TargetPlatform 'TVOSClient'
[2020.03.13-23.09.31:561][  0]LogTemp: Display: Module 'TVOSTargetPlatform' loaded TargetPlatform 'TVOS'
[2020.03.13-23.09.31:567][  0]LogTemp: Display: Module 'LinuxClientTargetPlatform' loaded TargetPlatform 'LinuxClient'
[2020.03.13-23.09.31:574][  0]LogTemp: Display: Module 'LinuxNoEditorTargetPlatform' loaded TargetPlatform 'LinuxNoEditor'
[2020.03.13-23.09.31:580][  0]LogTemp: Display: Module 'LinuxServerTargetPlatform' loaded TargetPlatform 'LinuxServer'
[2020.03.13-23.09.31:587][  0]LogTemp: Display: Module 'LinuxTargetPlatform' loaded TargetPlatform 'Linux'
[2020.03.13-23.09.31:609][  0]LogTemp: Display: Module 'LuminTargetPlatform' loaded TargetPlatform 'Lumin'
[2020.03.13-23.09.31:610][  0]LogTemp: Display: Module 'LuminTargetPlatform' loaded TargetPlatform 'LuminClient'
[2020.03.13-23.09.31:610][  0]LogTargetPlatformManager: Display: Building Assets For Windows
[2020.03.13-23.09.31:618][  0]LogAudioDebug: Display: Lib vorbis DLL was dynamically loaded.
[2020.03.13-23.09.31:665][  0]LogShaderCompilers: Guid format shader working directory is -32 characters bigger than the processId version (../../../../../Users/soapm/Documents/GitHub/LevelDesignFinal/FPSGameStarterKit/Intermediate/Shaders/WorkingDirectory/8328/).
[2020.03.13-23.09.31:665][  0]LogShaderCompilers: Cleaned the shader compiler working directory 'C:/Users/soapm/AppData/Local/Temp/UnrealShaderWorkingDir/FA6161A2431C5DE769FD00AC162DFD0A/'.
[2020.03.13-23.09.31:667][  0]LogXGEController: Cleaning working directory: C:/Users/soapm/AppData/Local/Temp/UnrealXGEWorkingDir/
[2020.03.13-23.09.31:667][  0]LogXGEController: Cannot use XGE Controller as Incredibuild is not installed on this machine.
[2020.03.13-23.09.31:667][  0]LogShaderCompilers: Cannot use XGE Shader Compiler as Incredibuild is not installed on this machine.
[2020.03.13-23.09.31:667][  0]LogShaderCompilers: Display: Using Local Shader Compiler.
[2020.03.13-23.09.32:219][  0]LogDerivedDataCache: Display: Max Cache Size: 512 MB
[2020.03.13-23.09.32:263][  0]LogDerivedDataCache: Loaded boot cache 0.04s 73MB C:/Users/soapm/AppData/Local/UnrealEngine/4.23/DerivedDataCache/Boot.ddc.
[2020.03.13-23.09.32:263][  0]LogDerivedDataCache: Display: Loaded Boot cache: C:/Users/soapm/AppData/Local/UnrealEngine/4.23/DerivedDataCache/Boot.ddc
[2020.03.13-23.09.32:263][  0]LogDerivedDataCache: FDerivedDataBackendGraph:  Pak pak cache file ../../../../../Users/soapm/Documents/GitHub/LevelDesignFinal/FPSGameStarterKit/DerivedDataCache/DDC.ddp not found, will not use a pak cache.
[2020.03.13-23.09.32:263][  0]LogDerivedDataCache: Unable to find inner node Pak for hierarchical cache Hierarchy.
[2020.03.13-23.09.32:263][  0]LogDerivedDataCache: FDerivedDataBackendGraph:  CompressedPak pak cache file ../../../../../Users/soapm/Documents/GitHub/LevelDesignFinal/FPSGameStarterKit/DerivedDataCache/Compressed.ddp not found, will not use a pak cache.
[2020.03.13-23.09.32:263][  0]LogDerivedDataCache: Unable to find inner node CompressedPak for hierarchical cache Hierarchy.
[2020.03.13-23.09.32:273][  0]LogDerivedDataCache: Display: Pak cache opened for reading ../../../Engine/DerivedDataCache/Compressed.ddp.
[2020.03.13-23.09.32:274][  0]LogDerivedDataCache: Display: Pak cache opened for reading ../../../Enterprise/DerivedDataCache/Compressed.ddp.
[2020.03.13-23.09.32:276][  0]LogDerivedDataCache: Using Local data cache path C:/Users/soapm/AppData/Local/UnrealEngine/Common/DerivedDataCache: Writable
[2020.03.13-23.09.32:276][  0]LogDerivedDataCache: Shared data cache path not found in *engine.ini, will not use an Shared cache.
[2020.03.13-23.09.32:276][  0]LogDerivedDataCache: Unable to find inner node Shared for hierarchical cache Hierarchy.
[2020.03.13-23.09.32:294][  0]LogMaterial: Verifying Global Shaders for PCD3D_SM5
[2020.03.13-23.09.32:296][  0]LogSlate: Using FreeType 2.6.0
[2020.03.13-23.09.32:296][  0]LogSlate: SlateFontServices - WITH_FREETYPE: 1, WITH_HARFBUZZ: 1
[2020.03.13-23.09.32:344][  0]LogAssetRegistry: FAssetRegistry took 0.0031 seconds to start up
[2020.03.13-23.09.32:587][  0]LogInit: Selected Device Profile: [Windows]
[2020.03.13-23.09.32:715][  0]LogMeshReduction: Using QuadricMeshReduction for automatic static mesh reduction
[2020.03.13-23.09.32:715][  0]LogMeshReduction: Using SimplygonMeshReduction for automatic skeletal mesh reduction
[2020.03.13-23.09.32:715][  0]LogMeshReduction: Using ProxyLODMeshReduction for automatic mesh merging
[2020.03.13-23.09.32:715][  0]LogMeshReduction: No distributed automatic mesh merging module available
[2020.03.13-23.09.32:715][  0]LogMeshMerging: No distributed automatic mesh merging module available
[2020.03.13-23.09.32:723][  0]LogNetVersion: FPSGameStarterKit 1.0.0, NetCL: 8386587, EngineNetVer: 11, GameNetVer: 0 (Checksum: 1303747183)
[2020.03.13-23.09.33:097][  0]LogPackageLocalizationCache: Processed 12 localized package path(s) for 1 prioritized culture(s) in 0.042126 seconds
[2020.03.13-23.09.33:103][  0]LogUObjectArray: 43444 objects as part of root set at end of initial load.
[2020.03.13-23.09.33:103][  0]LogUObjectAllocator: 7548648 out of 0 bytes used by permanent object pool.
[2020.03.13-23.09.33:104][  0]LogUObjectArray: CloseDisregardForGC: 0/0 objects in disregard for GC pool
[2020.03.13-23.09.33:834][  0]LogTcpMessaging: Initializing TcpMessaging bridge
[2020.03.13-23.09.33:837][  0]LogUdpMessaging: Initializing bridge on interface 0.0.0.0:0 to multicast group 230.0.0.1:6666.
[2020.03.13-23.09.33:892][  0]SourceControl: Source control is disabled
[2020.03.13-23.09.33:892][  0]SourceControl: Source control is disabled
[2020.03.13-23.09.33:893][  0]SourceControl: Source control is disabled
[2020.03.13-23.09.33:895][  0]SourceControl: Source control is disabled
[2020.03.13-23.09.33:971][  0]LogAndroidPermission: UAndroidPermissionCallbackProxy::GetInstance
[2020.03.13-23.09.34:124][  0]LogOcInput: OculusInput pre-init called
[2020.03.13-23.09.34:130][  0]LogWindows: Failed to load 'OVRPlugin.dll' (GetLastError=126)
[2020.03.13-23.09.34:130][  0]LogWindows: File 'OVRPlugin.dll' does not exist
[2020.03.13-23.09.34:190][  0]LogEngine: Initializing Engine...
[2020.03.13-23.09.34:191][  0]LogHMD: Failed to initialize OpenVR with code 110
[2020.03.13-23.09.34:192][  0]LogStats: UGameplayTagsManager::InitializeManager -  0.000 s
[2020.03.13-23.09.34:387][  0]LogInit: Initializing FReadOnlyCVARCache
[2020.03.13-23.09.34:400][  0]LogAIModule: Creating AISystem for world Untitled
[2020.03.13-23.09.34:432][  0]LogInit: XAudio2 using 'Speakers (Realtek(R) Audio)' : 2 channels at 48 kHz using 32 bits per sample (channel mask 0x3)
[2020.03.13-23.09.34:449][  0]LogInit: FAudioDevice initialized.
[2020.03.13-23.09.34:450][  0]LogNetVersion: Set ProjectVersion to 1.5.0.0. Version Checksum will be recalculated on next use.
[2020.03.13-23.09.34:491][  0]LogDerivedDataCache: Saved boot cache 0.04s 73MB C:/Users/soapm/AppData/Local/UnrealEngine/4.23/DerivedDataCache/Boot.ddc.
[2020.03.13-23.09.34:498][  0]LogInit: Texture streaming: Enabled
[2020.03.13-23.09.34:518][  0]LogEngineSessionManager: EngineSessionManager initialized
[2020.03.13-23.09.34:574][  0]LogInit: Transaction tracking system initialized
[2020.03.13-23.09.34:604][  0]BlueprintLog: New page: Editor Load
[2020.03.13-23.09.34:680][  0]LocalizationService: Localization service is disabled
[2020.03.13-23.09.34:908][  0]LogFileCache: Scanning file cache for directory 'C:/Users/soapm/Documents/GitHub/LevelDesignFinal/FPSGameStarterKit/Content/' took 0.01s
[2020.03.13-23.09.34:908][  0]LogCook: Display: Max memory allowance for cook 16384mb min free memory 0mb
[2020.03.13-23.09.34:908][  0]LogCook: Display: Mobile HDR setting 1
[2020.03.13-23.09.35:066][  0]SourceControl: Source control is disabled
[2020.03.13-23.09.35:066][  0]Cmd: MAP LOAD FILE="../../../../../Users/soapm/Documents/GitHub/LevelDesignFinal/FPSGameStarterKit/Content/FPS_Game/Maps/Testing.umap" TEMPLATE=0 SHOWPROGRESS=1 FEATURELEVEL=3
[2020.03.13-23.09.35:066][  0]LightingResults: New page: Lighting Build
[2020.03.13-23.09.35:068][  0]LogWorld: UWorld::CleanupWorld for Untitled, bSessionEnded=true, bCleanupResources=true
[2020.03.13-23.09.35:069][  0]MapCheck: New page: Map Check
[2020.03.13-23.09.35:069][  0]LightingResults: New page: Lighting Build
[2020.03.13-23.09.35:097][  0]LogUObjectHash: Compacting FUObjectHashTables data took   1.77ms
[2020.03.13-23.09.35:808][  0]LogAnimation: Warning: Animation Blueprint /Game/FPS_Game/Character/AnimTPP.AnimTPP has nodes with invalid node guids that have been regenerated. This blueprint will not cook deterministically until it is resaved.
[2020.03.13-23.09.35:808][  0]LogAnimation: Warning: Animation Blueprint /Game/FPS_Game/Character/AnimFPP.AnimFPP has nodes with invalid node guids that have been regenerated. This blueprint will not cook deterministically until it is resaved.
[2020.03.13-23.09.36:251][  0]LogBlueprint: Warning: [Compiler BP_CharacterBase] Input pin  Method  specifying non-default value no longer exists on node  Set members in PostProcessSettings . Please refresh node or reset pin to default value to remove pin.
[2020.03.13-23.09.38:589][  0]LogAIModule: Creating AISystem for world Testing
[2020.03.13-23.09.38:716][  0]LogEditorServer: Finished looking for orphan Actors (0.000 secs)
[2020.03.13-23.09.38:790][  0]LogUObjectHash: Compacting FUObjectHashTables data took   3.76ms
[2020.03.13-23.09.38:790][  0]Cmd: MAP CHECKDEP NOCLEARLOG
[2020.03.13-23.09.38:790][  0]MapCheck: Map check complete: 0 Error(s), 0 Warning(s), took 0.151ms to complete.
[2020.03.13-23.09.38:790][  0]LogFileHelpers: Loading map 'Testing' took 3.725
[2020.03.13-23.09.38:880][  0]LogSlate: Updating window title bar state: overlay mode, drag disabled, window buttons hidden, title bar hidden
[2020.03.13-23.09.38:886][  0]LogSlate: Updating window title bar state: overlay mode, drag disabled, window buttons hidden, title bar hidden
[2020.03.13-23.09.38:891][  0]LogSlate: Updating window title bar state: overlay mode, drag disabled, window buttons hidden, title bar hidden
[2020.03.13-23.09.38:898][  0]LogSlate: Updating window title bar state: overlay mode, drag disabled, window buttons hidden, title bar hidden
[2020.03.13-23.09.38:904][  0]LogCollectionManager: Loaded 0 collections in 0.001681 seconds
[2020.03.13-23.09.38:910][  0]LogFileCache: Scanning file cache for directory 'C:/Users/soapm/Documents/GitHub/LevelDesignFinal/FPSGameStarterKit/Saved/Collections/' took 0.00s
[2020.03.13-23.09.38:910][  0]LogFileCache: Scanning file cache for directory 'C:/Users/soapm/Documents/GitHub/LevelDesignFinal/FPSGameStarterKit/Content/Developers/soapm/Collections/' took 0.00s
[2020.03.13-23.09.38:910][  0]LogFileCache: Scanning file cache for directory 'C:/Users/soapm/Documents/GitHub/LevelDesignFinal/FPSGameStarterKit/Content/Collections/' took 0.00s
[2020.03.13-23.09.38:911][  0]LogCollectionManager: Rebuilt the GUID cache for 0 collections in 0.000004 seconds
[2020.03.13-23.09.38:918][  0]LogContentBrowser: Native class hierarchy populated in 0.0073 seconds. Added 2863 classes and 680 folders.
[2020.03.13-23.09.38:924][  0]LogContentBrowser: Native class hierarchy updated for 'WidgetCarousel' in 0.0002 seconds. Added 0 classes and 0 folders.
[2020.03.13-23.09.38:958][  0]LogContentBrowser: Native class hierarchy updated for 'AddContentDialog' in 0.0002 seconds. Added 0 classes and 0 folders.
[2020.03.13-23.09.38:963][  0]LogContentBrowser: Native class hierarchy updated for 'SceneOutliner' in 0.0002 seconds. Added 1 classes and 2 folders.
[2020.03.13-23.09.39:082][  0]LogSlate: Took 0.000126 seconds to synchronously load lazily loaded font '../../../Engine/Content/Slate/Fonts/Roboto-Regular.ttf' (155K)
[2020.03.13-23.09.39:083][  0]LogSlate: Took 0.000101 seconds to synchronously load lazily loaded font '../../../Engine/Content/Slate/Fonts/Roboto-Bold.ttf' (160K)
[2020.03.13-23.09.39:087][  0]LogSlate: Took 0.000155 seconds to synchronously load lazily loaded font '../../../Engine/Content/Editor/Slate/Fonts/FontAwesome.ttf' (139K)
[2020.03.13-23.09.39:150][  0]LogRenderer: Reallocating scene render targets to support 948x484 Format 10 NumSamples 1 (Frame:1).
[2020.03.13-23.09.39:285][  0]LogContentBrowser: Native class hierarchy updated for 'HierarchicalLODOutliner' in 0.0002 seconds. Added 0 classes and 0 folders.
[2020.03.13-23.09.39:285][  0]LogLoad: (Engine Initialization) Total time: 9.75 seconds
[2020.03.13-23.09.39:285][  0]LogLoad: (Engine Initialization) Total Blueprint compile time: 0.00 seconds
[2020.03.13-23.09.39:350][  0]LogAssetRegistry: Asset discovery search completed in 7.0068 seconds
[2020.03.13-23.09.39:353][  0]LogCollectionManager: Rebuilt the object cache for 0 collections in 0.000006 seconds (found 0 objects)
[2020.03.13-23.09.39:353][  0]LogCollectionManager: Fixed up redirectors for 0 collections in 0.000053 seconds (updated 0 objects)
[2020.03.13-23.09.39:354][  0]LogContentStreaming: Texture pool size now 1000 MB
[2020.03.13-23.09.39:392][  0]LogSlate: Took 0.000121 seconds to synchronously load lazily loaded font '../../../Engine/Content/Slate/Fonts/Roboto-Light.ttf' (167K)
[2020.03.13-23.09.42:332][136]LogSlate: FSceneViewport::OnFocusLost() reason 0
[2020.03.13-23.09.42:485][145]LogSlate: Took 0.000136 seconds to synchronously load lazily loaded font '../../../Engine/Content/Slate/Fonts/Roboto-Light.ttf' (167K)
[2020.03.13-23.09.42:797][145]LogAIModule: Creating AISystem for world Testing1
[2020.03.13-23.09.42:870][145]LogAssetEditorManager: Opening Asset editor for World /Game/FPS_Game/Maps/Testing1.Testing1
[2020.03.13-23.09.42:898][145]LogUObjectHash: Compacting FUObjectHashTables data took   1.64ms
[2020.03.13-23.09.42:899][145]Cmd: MAP LOAD FILE="../../../../../Users/soapm/Documents/GitHub/LevelDesignFinal/FPSGameStarterKit/Content/FPS_Game/Maps/Testing1.umap" TEMPLATE=0 SHOWPROGRESS=1 FEATURELEVEL=3
[2020.03.13-23.09.42:899][145]LightingResults: New page: Lighting Build
[2020.03.13-23.09.42:899][145]LoadErrors: New page: Loading map: Testing1.umap
[2020.03.13-23.09.42:913][145]LogWorld: UWorld::CleanupWorld for Testing, bSessionEnded=true, bCleanupResources=true
[2020.03.13-23.09.42:915][145]MapCheck: New page: Map Check
[2020.03.13-23.09.42:915][145]LightingResults: New page: Lighting Build
[2020.03.13-23.09.42:946][145]LogUObjectHash: Compacting FUObjectHashTables data took   2.21ms
[2020.03.13-23.09.43:263][145]LogEditorServer: Finished looking for orphan Actors (0.000 secs)
[2020.03.13-23.09.43:313][145]LogUObjectHash: Compacting FUObjectHashTables data took   1.96ms
[2020.03.13-23.09.43:337][145]Cmd: MAP CHECKDEP NOCLEARLOG
[2020.03.13-23.09.43:337][145]MapCheck: Map check complete: 0 Error(s), 0 Warning(s), took 0.142ms to complete.
[2020.03.13-23.09.43:337][145]LogFileHelpers: Loading map 'Testing1' took 0.439
[2020.03.13-23.11.13:496][371]LogAssetEditorManager: Opening Asset editor for Material /Game/KiteDemo/Environments/Foliage/Grass/FieldGrass/M_FieldGrass_01.M_FieldGrass_01
[2020.03.13-23.11.13:504][371]LogMaterial: Display: Missing cached shader map for material M_FieldGrass_01, compiling. 
[2020.03.13-23.11.13:930][371]LogMaterial: Display: Missing cached shader map for material M_FieldGrass_01, compiling. 
[2020.03.13-23.11.13:967][371]LogShaderCompilers: Display: Worker (1/9): shaders left to compile 59
[2020.03.13-23.11.13:967][371]LogShaderCompilers: Display: Worker (2/9): shaders left to compile 58
[2020.03.13-23.11.13:967][371]LogShaderCompilers: Display: Worker (3/9): shaders left to compile 57
[2020.03.13-23.11.13:967][371]LogShaderCompilers: Display: Worker (4/9): shaders left to compile 56
[2020.03.13-23.11.13:967][371]LogShaderCompilers: Display: Worker (5/9): shaders left to compile 55
[2020.03.13-23.11.13:967][371]LogShaderCompilers: Display: Worker (6/9): shaders left to compile 54
[2020.03.13-23.11.13:967][371]LogShaderCompilers: Display: Worker (7/9): shaders left to compile 53
[2020.03.13-23.11.13:967][371]LogShaderCompilers: Display: Worker (8/9): shaders left to compile 52
[2020.03.13-23.11.13:971][371]LogMaterial: Display: Missing cached shader map for material M_FieldGrass_01, compiling. 
[2020.03.13-23.11.14:013][371]LogMaterial: Display: Missing cached shader map for material FMatExpressionPreview MaterialExpressionTextureSampleParameter2D_1, compiling. 
[2020.03.13-23.11.14:023][371]LogMaterial: Display: Missing cached shader map for material FMatExpressionPreview MaterialExpressionTextureSample_1, compiling. 
[2020.03.13-23.11.14:033][371]LogMaterial: Display: Missing cached shader map for material FMatExpressionPreview MaterialExpressionTextureSample_12, compiling. 
[2020.03.13-23.11.14:047][371]LogMaterial: Display: Missing cached shader map for material FMatExpressionPreview MaterialExpressionTextureSample_13, compiling. 
[2020.03.13-23.11.14:063][371]LogMaterial: Display: Missing cached shader map for material FMatExpressionPreview MaterialExpressionVectorParameter_12, compiling. 
[2020.03.13-23.11.14:077][371]LogMaterial: Display: Missing cached shader map for material FMatExpressionPreview MaterialExpressionVectorParameter_4, compiling. 
[2020.03.13-23.11.14:092][371]LogMaterial: Display: Missing cached shader map for material FMatExpressionPreview MaterialExpressionVectorParameter_1, compiling. 
[2020.03.13-23.11.14:100][371]LogMaterial: Display: Missing cached shader map for material FMatExpressionPreview MaterialExpressionVectorParameter_2, compiling. 
[2020.03.13-23.11.14:109][371]LogMaterial: Display: Missing cached shader map for material FMatExpressionPreview MaterialExpressionConstant3Vector_0, compiling. 
[2020.03.13-23.11.14:119][371]LogMaterial: Display: Missing cached shader map for material FMatExpressionPreview MaterialExpressionVectorParameter_0, compiling. 
[2020.03.13-23.11.14:128][371]LogMaterial: Display: Missing cached shader map for material FMatExpressionPreview MaterialExpressionConstant3Vector_2, compiling. 
[2020.03.13-23.11.14:140][371]LogMaterial: Display: Missing cached shader map for material FMatExpressionPreview MaterialExpressionConstant3Vector_8, compiling. 
[2020.03.13-23.11.14:207][371]LogSlate: Took 0.005213 seconds to synchronously load lazily loaded font '../../../Engine/Content/Slate/Fonts/Roboto-BoldCondensed.ttf' (158K)
[2020.03.13-23.11.14:452][372]LogSlate: Took 0.008304 seconds to synchronously load lazily loaded font '../../../Engine/Content/Slate/Fonts/Roboto-Italic.ttf' (157K)
[2020.03.13-23.11.14:908][392]LogShaderCompilers: Display: Worker (7/9): shaders left to compile 107
[2020.03.13-23.11.14:934][393]LogShaderCompilers: Display: Worker (3/9): shaders left to compile 106
[2020.03.13-23.11.14:959][394]LogShaderCompilers: Display: Worker (1/9): shaders left to compile 105
[2020.03.13-23.11.15:026][397]LogShaderCompilers: Display: Worker (5/9): shaders left to compile 104
[2020.03.13-23.11.15:201][404]LogShaderCompilers: Display: Worker (6/9): shaders left to compile 103
[2020.03.13-23.11.15:259][405]LogShaderCompilers: Display: Worker (4/9): shaders left to compile 102
[2020.03.13-23.11.15:288][406]LogShaderCompilers: Display: Worker (7/9): shaders left to compile 101
[2020.03.13-23.11.15:288][406]LogShaderCompilers: Display: Worker (8/9): shaders left to compile 100
[2020.03.13-23.11.15:311][407]LogShaderCompilers: Display: Worker (1/9): shaders left to compile 99
[2020.03.13-23.11.15:440][411]LogShaderCompilers: Display: Worker (2/9): shaders left to compile 98
[2020.03.13-23.11.15:530][413]LogShaderCompilers: Display: Worker (6/9): shaders left to compile 97
[2020.03.13-23.11.15:586][414]LogShaderCompilers: Display: Worker (5/9): shaders left to compile 96
[2020.03.13-23.11.15:586][414]LogShaderCompilers: Display: Worker (7/9): shaders left to compile 95
[2020.03.13-23.11.15:739][418]LogShaderCompilers: Display: Worker (3/9): shaders left to compile 94
[2020.03.13-23.11.15:772][419]LogShaderCompilers: Display: Worker (4/9): shaders left to compile 93
[2020.03.13-23.11.15:772][419]LogShaderCompilers: Display: Worker (8/9): shaders left to compile 92
[2020.03.13-23.11.15:893][423]LogShaderCompilers: Display: Worker (1/9): shaders left to compile 91
[2020.03.13-23.11.16:026][427]LogShaderCompilers: Display: Worker (2/9): shaders left to compile 90
[2020.03.13-23.11.16:224][433]LogShaderCompilers: Display: Worker (6/9): shaders left to compile 89
[2020.03.13-23.11.16:255][434]LogShaderCompilers: Display: Worker (5/9): shaders left to compile 88
[2020.03.13-23.11.16:284][435]LogShaderCompilers: Display: Worker (7/9): shaders left to compile 87
[2020.03.13-23.11.16:432][440]LogShaderCompilers: Display: Worker (4/9): shaders left to compile 86
[2020.03.13-23.11.16:459][441]LogShaderCompilers: Display: Worker (3/9): shaders left to compile 85
[2020.03.13-23.11.16:459][441]LogShaderCompilers: Display: Worker (8/9): shaders left to compile 84
[2020.03.13-23.11.16:539][444]LogShaderCompilers: Display: Worker (1/9): shaders left to compile 83
[2020.03.13-23.11.16:566][445]LogShaderCompilers: Display: Worker (5/9): shaders left to compile 82
[2020.03.13-23.11.16:626][447]LogShaderCompilers: Display: Worker (2/9): shaders left to compile 81
[2020.03.13-23.11.16:820][453]LogShaderCompilers: Display: Worker (4/9): shaders left to compile 80
[2020.03.13-23.11.16:885][455]LogShaderCompilers: Display: Worker (7/9): shaders left to compile 79
[2020.03.13-23.11.16:885][455]LogShaderCompilers: Display: Worker (8/9): shaders left to compile 78
[2020.03.13-23.11.16:943][457]LogShaderCompilers: Display: Worker (5/9): shaders left to compile 77
[2020.03.13-23.11.17:145][463]LogShaderCompilers: Display: Worker (3/9): shaders left to compile 76
[2020.03.13-23.11.17:209][465]LogShaderCompilers: Display: Worker (4/9): shaders left to compile 75
[2020.03.13-23.11.17:238][466]LogShaderCompilers: Display: Worker (1/9): shaders left to compile 74
[2020.03.13-23.11.17:238][466]LogShaderCompilers: Display: Worker (8/9): shaders left to compile 73
[2020.03.13-23.11.17:298][468]LogShaderCompilers: Display: Worker (6/9): shaders left to compile 72
[2020.03.13-23.11.17:329][469]LogShaderCompilers: Display: Worker (2/9): shaders left to compile 71
[2020.03.13-23.11.17:384][471]LogShaderCompilers: Display: Worker (3/9): shaders left to compile 70
[2020.03.13-23.11.17:463][474]LogShaderCompilers: Display: Worker (7/9): shaders left to compile 69
[2020.03.13-23.11.17:542][477]LogShaderCompilers: Display: Worker (5/9): shaders left to compile 68
[2020.03.13-23.11.17:664][481]LogShaderCompilers: Display: Worker (4/9): shaders left to compile 67
[2020.03.13-23.11.18:201][500]LogShaderCompilers: Display: Worker (6/9): shaders left to compile 66
[2020.03.13-23.11.18:344][506]LogShaderCompilers: Display: Worker (7/9): shaders left to compile 65
[2020.03.13-23.11.18:629][519]LogShaderCompilers: Display: Worker (2/9): shaders left to compile 64
[2020.03.13-23.11.18:682][521]LogShaderCompilers: Display: Worker (1/9): shaders left to compile 63
[2020.03.13-23.11.18:740][523]LogShaderCompilers: Display: Worker (3/9): shaders left to compile 62
[2020.03.13-23.11.18:781][525]LogShaderCompilers: Display: Worker (5/9): shaders left to compile 61
[2020.03.13-23.11.18:796][525]LogShaderCompilers: Display: Worker (8/9): shaders left to compile 60
[2020.03.13-23.11.18:853][528]LogShaderCompilers: Display: Worker (4/9): shaders left to compile 59
[2020.03.13-23.11.18:998][534]LogShaderCompilers: Display: Worker (6/9): shaders left to compile 58
[2020.03.13-23.11.19:372][549]LogShaderCompilers: Display: Worker (1/9): shaders left to compile 57
[2020.03.13-23.11.19:440][552]LogShaderCompilers: Display: Worker (7/9): shaders left to compile 56
[2020.03.13-23.11.19:514][555]LogShaderCompilers: Display: Worker (8/9): shaders left to compile 55
[2020.03.13-23.11.19:767][565]LogShaderCompilers: Display: Worker (2/9): shaders left to compile 54
[2020.03.13-23.11.19:848][568]LogShaderCompilers: Display: Worker (3/9): shaders left to compile 53
[2020.03.13-23.11.19:913][572]LogShaderCompilers: Display: Worker (5/9): shaders left to compile 52
[2020.03.13-23.11.19:980][576]LogShaderCompilers: Display: Worker (4/9): shaders left to compile 51
[2020.03.13-23.11.20:102][583]LogShaderCompilers: Display: Worker (1/9): shaders left to compile 50
[2020.03.13-23.11.20:175][587]LogShaderCompilers: Display: Worker (6/9): shaders left to compile 49
[2020.03.13-23.11.20:416][601]LogShaderCompilers: Display: Worker (7/9): shaders left to compile 48
[2020.03.13-23.11.20:452][603]LogShaderCompilers: Display: Worker (1/9): shaders left to compile 47
[2020.03.13-23.11.20:548][609]LogShaderCompilers: Display: Worker (2/9): shaders left to compile 46
[2020.03.13-23.11.20:583][611]LogShaderCompilers: Display: Worker (8/9): shaders left to compile 45
[2020.03.13-23.11.20:599][612]LogShaderCompilers: Display: Worker (4/9): shaders left to compile 44
[2020.03.13-23.11.20:702][618]LogShaderCompilers: Display: Worker (6/9): shaders left to compile 43
[2020.03.13-23.11.21:097][641]LogShaderCompilers: Display: Worker (7/9): shaders left to compile 42
[2020.03.13-23.11.21:101][641]LogShaderCompilers: Display: Worker (2/9): shaders left to compile 41
[2020.03.13-23.11.21:118][642]LogShaderCompilers: Display: Worker (5/9): shaders left to compile 40
[2020.03.13-23.11.21:133][643]LogShaderCompilers: Display: Worker (1/9): shaders left to compile 39
[2020.03.13-23.11.21:150][644]LogShaderCompilers: Display: Worker (8/9): shaders left to compile 38
[2020.03.13-23.11.21:246][649]LogShaderCompilers: Display: Worker (3/9): shaders left to compile 37
[2020.03.13-23.11.21:248][649]MaterialEditorStats: Base pass shader: 176 instructions
[2020.03.13-23.11.21:248][649]MaterialEditorStats: Base pass shader with Surface Lightmap: 205 instructions
[2020.03.13-23.11.21:248][649]MaterialEditorStats: Base pass shader with Volumetric Lightmap: 252 instructions
[2020.03.13-23.11.21:248][649]MaterialEditorStats: Base pass vertex shader: 135 instructions
[2020.03.13-23.11.21:248][649]MaterialEditorStats: Texture samplers: 6/16
[2020.03.13-23.11.21:248][649]MaterialEditorStats: Texture Lookups (Est.): VS(3), PS(4)
[2020.03.13-23.11.21:248][649]MaterialEditorStats: User interpolators: 8/8 Scalars (2/4 Vectors) (TexCoords: 8, Custom: 0)
[2020.03.13-23.11.21:277][651]LogShaderCompilers: Display: Worker (4/9): shaders left to compile 36
[2020.03.13-23.11.21:377][657]LogShaderCompilers: Display: Worker (6/9): shaders left to compile 35
[2020.03.13-23.11.21:593][670]LogShaderCompilers: Display: Worker (7/9): shaders left to compile 34
[2020.03.13-23.11.21:622][671]LogShaderCompilers: Display: Worker (2/9): shaders left to compile 33
[2020.03.13-23.11.21:699][676]LogShaderCompilers: Display: Worker (8/9): shaders left to compile 32
[2020.03.13-23.11.21:787][681]LogShaderCompilers: Display: Worker (3/9): shaders left to compile 31
[2020.03.13-23.11.21:863][685]LogShaderCompilers: Display: Worker (5/9): shaders left to compile 30
[2020.03.13-23.11.21:880][686]LogShaderCompilers: Display: Worker (1/9): shaders left to compile 29
[2020.03.13-23.11.21:999][693]LogShaderCompilers: Display: Worker (4/9): shaders left to compile 28
[2020.03.13-23.11.22:077][697]LogShaderCompilers: Display: Worker (6/9): shaders left to compile 27
[2020.03.13-23.11.22:128][700]LogShaderCompilers: Display: Worker (7/9): shaders left to compile 26
[2020.03.13-23.11.22:150][701]LogShaderCompilers: Display: Worker (2/9): shaders left to compile 25
[2020.03.13-23.11.22:389][713]LogShaderCompilers: Display: Worker (8/9): shaders left to compile 24
[2020.03.13-23.11.22:429][715]LogShaderCompilers: Display: Worker (5/9): shaders left to compile 23
[2020.03.13-23.11.22:445][716]LogShaderCompilers: Display: Worker (1/9): shaders left to compile 22
[2020.03.13-23.11.22:481][718]LogShaderCompilers: Display: Worker (3/9): shaders left to compile 21
[2020.03.13-23.11.22:668][728]LogShaderCompilers: Display: Worker (7/9): shaders left to compile 20
[2020.03.13-23.11.22:688][729]LogShaderCompilers: Display: Worker (2/9): shaders left to compile 19
[2020.03.13-23.11.22:706][730]LogShaderCompilers: Display: Worker (4/9): shaders left to compile 18
[2020.03.13-23.11.22:761][733]LogShaderCompilers: Display: Worker (6/9): shaders left to compile 17
[2020.03.13-23.11.23:006][747]LogShaderCompilers: Display: Worker (1/9): shaders left to compile 16
[2020.03.13-23.11.23:057][750]LogShaderCompilers: Display: Worker (3/9): shaders left to compile 15
[2020.03.13-23.11.23:094][752]LogShaderCompilers: Display: Worker (8/9): shaders left to compile 14
[2020.03.13-23.11.23:131][754]LogShaderCompilers: Display: Worker (5/9): shaders left to compile 13
[2020.03.13-23.11.23:266][762]LogShaderCompilers: Display: Worker (4/9): shaders left to compile 12
[2020.03.13-23.11.23:306][764]LogShaderCompilers: Display: Worker (6/9): shaders left to compile 11
[2020.03.13-23.11.23:385][768]LogShaderCompilers: Display: Worker (7/9): shaders left to compile 10
[2020.03.13-23.11.23:406][769]LogShaderCompilers: Display: Worker (2/9): shaders left to compile 9
[2020.03.13-23.11.23:615][780]LogShaderCompilers: Display: Worker (8/9): shaders left to compile 8
[2020.03.13-23.11.23:657][782]LogShaderCompilers: Display: Worker (5/9): shaders left to compile 7
[2020.03.13-23.11.23:699][784]LogShaderCompilers: Display: Worker (1/9): shaders left to compile 6
[2020.03.13-23.11.23:752][787]LogShaderCompilers: Display: Worker (3/9): shaders left to compile 5
[2020.03.13-23.11.23:949][798]LogShaderCompilers: Display: Worker (2/9): shaders left to compile 4
[2020.03.13-23.11.23:974][799]LogShaderCompilers: Display: Worker (7/9): shaders left to compile 3
[2020.03.13-23.11.23:991][800]LogShaderCompilers: Display: Worker (4/9): shaders left to compile 2
[2020.03.13-23.11.24:041][803]LogShaderCompilers: Display: Worker (6/9): shaders left to compile 1
[2020.03.13-23.11.32:371][299]LogMaterial: Display: Missing cached shader map for material ScotsPine_01_Billboard_Mat, compiling. 
[2020.03.13-23.11.32:464][299]LogShaderCompilers: Display: Worker (1/9): shaders left to compile 45
[2020.03.13-23.11.32:464][299]LogShaderCompilers: Display: Worker (2/9): shaders left to compile 39
[2020.03.13-23.11.32:464][299]LogShaderCompilers: Display: Worker (3/9): shaders left to compile 33
[2020.03.13-23.11.32:464][299]LogShaderCompilers: Display: Worker (4/9): shaders left to compile 27
[2020.03.13-23.11.32:464][299]LogShaderCompilers: Display: Worker (5/9): shaders left to compile 21
[2020.03.13-23.11.32:464][299]LogShaderCompilers: Display: Worker (6/9): shaders left to compile 15
[2020.03.13-23.11.32:464][299]LogShaderCompilers: Display: Worker (7/9): shaders left to compile 9
[2020.03.13-23.11.32:464][299]LogShaderCompilers: Display: Worker (8/9): shaders left to compile 3
[2020.03.13-23.11.32:464][299]LogStaticMesh: Building static mesh ScotsPine_01...
