Log file open, 03/13/20 16:04:10
LogWindows: Failed to load 'aqProf.dll' (GetLastError=126)
LogWindows: File 'aqProf.dll' does not exist
LogWindows: Failed to load 'VtuneApi.dll' (GetLastError=126)
LogWindows: File 'VtuneApi.dll' does not exist
LogWindows: Failed to load 'VtuneApi32e.dll' (GetLastError=126)
LogWindows: File 'VtuneApi32e.dll' does not exist
LogConsoleResponse: Display: Failed to find resolution value strings in scalability ini. Falling back to default.
LogInit: Display: Running engine for game: FPSGameStarterKit
LogPlatformFile: Not using cached read wrapper
LogTaskGraph: Started task graph with 5 named threads and 35 total threads with 3 sets of task threads.
LogStats: Stats thread started at 0.089930
LogD3D11RHI: Loaded GFSDK_Aftermath_Lib.x64.dll
LogICUInternationalization: ICU TimeZone Detection - Raw Offset: -8:00, Platform Override: ''
LogPluginManager: Mounting plugin Paper2D
LogPluginManager: Mounting plugin AISupport
LogPluginManager: Mounting plugin LightPropagationVolume
LogPluginManager: Mounting plugin ActorLayerUtilities
LogPluginManager: Mounting plugin AnimationSharing
LogPluginManager: Mounting plugin CLionSourceCodeAccess
LogPluginManager: Mounting plugin CodeLiteSourceCodeAccess
LogPluginManager: Mounting plugin GitSourceControl
LogPluginManager: Mounting plugin KDevelopSourceCodeAccess
LogPluginManager: Mounting plugin NullSourceCodeAccess
LogPluginManager: Mounting plugin PerforceSourceControl
LogPluginManager: Mounting plugin SubversionSourceControl
LogPluginManager: Mounting plugin UObjectPlugin
LogPluginManager: Mounting plugin VisualStudioCodeSourceCodeAccess
LogPluginManager: Mounting plugin VisualStudioSourceCodeAccess
LogPluginManager: Mounting plugin XCodeSourceCodeAccess
LogPluginManager: Mounting plugin AssetManagerEditor
LogPluginManager: Mounting plugin CryptoKeys
LogPluginManager: Mounting plugin CurveEditorTools
LogPluginManager: Mounting plugin DataValidation
LogPluginManager: Mounting plugin FacialAnimation
LogPluginManager: Mounting plugin GameplayTagsEditor
LogPluginManager: Mounting plugin MacGraphicsSwitching
LogPluginManager: Mounting plugin MaterialAnalyzer
LogPluginManager: Mounting plugin MobileLauncherProfileWizard
LogPluginManager: Mounting plugin PluginBrowser
LogPluginManager: Mounting plugin SpeedTreeImporter
LogPluginManager: Mounting plugin DatasmithContent
LogPluginManager: Mounting plugin VariantManagerContent
LogPluginManager: Mounting plugin AlembicImporter
LogPluginManager: Mounting plugin AutomationUtils
LogPluginManager: Mounting plugin BackChannel
LogPluginManager: Mounting plugin CharacterAI
LogPluginManager: Mounting plugin GeometryCache
LogPluginManager: Mounting plugin HTML5Networking
LogPluginManager: Mounting plugin PlatformCrypto
LogPluginManager: Mounting plugin ProxyLODPlugin
LogPluginManager: Mounting plugin SkeletalReduction
LogPluginManager: Mounting plugin MagicLeap
LogPluginManager: Mounting plugin MagicLeapMedia
LogPluginManager: Mounting plugin AndroidMedia
LogPluginManager: Mounting plugin AvfMedia
LogPluginManager: Mounting plugin ImgMedia
LogPluginManager: Mounting plugin MediaCompositing
LogPluginManager: Mounting plugin MediaPlayerEditor
LogPluginManager: Mounting plugin WebMMedia
LogPluginManager: Mounting plugin WmfMedia
LogPluginManager: Mounting plugin TcpMessaging
LogPluginManager: Mounting plugin UdpMessaging
LogPluginManager: Mounting plugin ActorSequence
LogPluginManager: Mounting plugin LevelSequenceEditor
LogPluginManager: Mounting plugin MatineeToLevelSequence
LogPluginManager: Mounting plugin NetcodeUnitTest
LogPluginManager: Mounting plugin NUTUnrealEngine4
LogPluginManager: Mounting plugin OnlineSubsystemGooglePlay
LogPluginManager: Mounting plugin OnlineSubsystemIOS
LogPluginManager: Mounting plugin OnlineSubsystem
LogPluginManager: Mounting plugin OnlineSubsystemNull
LogPluginManager: Mounting plugin OnlineSubsystemUtils
LogPluginManager: Mounting plugin LauncherChunkInstaller
LogPluginManager: Mounting plugin AndroidDeviceProfileSelector
LogPluginManager: Mounting plugin AndroidMoviePlayer
LogPluginManager: Mounting plugin AndroidPermission
LogPluginManager: Mounting plugin AppleImageUtils
LogPluginManager: Mounting plugin AppleMoviePlayer
LogPluginManager: Mounting plugin ArchVisCharacter
LogPluginManager: Mounting plugin AudioCapture
LogPluginManager: Mounting plugin CableComponent
LogPluginManager: Mounting plugin CustomMeshComponent
LogPluginManager: Mounting plugin EditableMesh
LogPluginManager: Mounting plugin ExampleDeviceProfileSelector
LogPluginManager: Mounting plugin GoogleCloudMessaging
LogPluginManager: Mounting plugin IOSDeviceProfileSelector
LogPluginManager: Mounting plugin LinuxDeviceProfileSelector
LogPluginManager: Mounting plugin LocationServicesBPLibrary
LogPluginManager: Mounting plugin MobilePatchingUtils
LogPluginManager: Mounting plugin OculusVR
LogPluginManager: Mounting plugin PhysXVehicles
LogPluginManager: Mounting plugin ProceduralMeshComponent
LogPluginManager: Mounting plugin RuntimePhysXCooking
LogPluginManager: Mounting plugin SignificanceManager
LogPluginManager: Mounting plugin SteamVR
LogPluginManager: Mounting plugin WebMMoviePlayer
LogPluginManager: Mounting plugin WindowsMoviePlayer
LogPluginManager: Mounting plugin ScreenshotTools
LogInit: Using libcurl 7.55.1-DEV
LogInit:  - built for x86_64-pc-win32
LogInit:  - supports SSL with OpenSSL/1.1.1
LogInit:  - supports HTTP deflate (compression) using libz 1.2.8
LogInit:  - other features:
LogInit:      CURL_VERSION_SSL
LogInit:      CURL_VERSION_LIBZ
LogInit:      CURL_VERSION_IPV6
LogInit:      CURL_VERSION_ASYNCHDNS
LogInit:      CURL_VERSION_LARGEFILE
LogInit:      CURL_VERSION_IDN
LogInit:  CurlRequestOptions (configurable via config and command line):
LogInit:  - bVerifyPeer = true  - Libcurl will verify peer certificate
LogInit:  - bUseHttpProxy = false  - Libcurl will NOT use HTTP proxy
LogInit:  - bDontReuseConnections = false  - Libcurl will reuse connections
LogInit:  - MaxHostConnections = 16  - Libcurl will limit the number of connections to a host
LogInit:  - LocalHostAddr = Default
LogInit:  - BufferSize = 65536
LogOnline: OSS: Creating online subsystem instance for: NULL
LogInit: WinSock: version 1.1 (2.2), MaxSocks=32767, MaxUdp=65467
LogInit: Build: ++UE4+Release-4.23-CL-8386587
LogInit: Engine Version: 4.23.0-8386587+++UE4+Release-4.23
LogInit: Compatible Engine Version: 4.23.0-8386587+++UE4+Release-4.23
LogInit: Net CL: 8386587
LogInit: OS: Windows 10 (Release 1903) (), CPU: Intel(R) Core(TM) i7-8750H CPU @ 2.20GHz, GPU: Intel(R) UHD Graphics 630
LogInit: Compiled (64-bit): Aug 31 2019 02:04:44
LogInit: Compiled with Visual C++: 19.16.27030.01
LogInit: Build Configuration: Development
LogInit: Branch Name: ++UE4+Release-4.23
LogInit: Command Line: 
LogInit: Base Directory: C:/UnrealEngine/UE_4.23/Engine/Binaries/Win64/
LogInit: Installed Engine Build: 1
LogDevObjectVersion: Number of dev versions registered: 23
LogDevObjectVersion:   Dev-Blueprints (B0D832E4-1F89-4F0D-ACCF-7EB736FD4AA2): 10
LogDevObjectVersion:   Dev-Build (E1C64328-A22C-4D53-A36C-8E866417BD8C): 0
LogDevObjectVersion:   Dev-Core (375EC13C-06E4-48FB-B500-84F0262A717E): 3
LogDevObjectVersion:   Dev-Editor (E4B068ED-F494-42E9-A231-DA0B2E46BB41): 34
LogDevObjectVersion:   Dev-Framework (CFFC743F-43B0-4480-9391-14DF171D2073): 35
LogDevObjectVersion:   Dev-Mobile (B02B49B5-BB20-44E9-A304-32B752E40360): 2
LogDevObjectVersion:   Dev-Networking (A4E4105C-59A1-49B5-A7C5-40C4547EDFEE): 0
LogDevObjectVersion:   Dev-Online (39C831C9-5AE6-47DC-9A44-9C173E1C8E7C): 0
LogDevObjectVersion:   Dev-Physics (78F01B33-EBEA-4F98-B9B4-84EACCB95AA2): 0
LogDevObjectVersion:   Dev-Platform (6631380F-2D4D-43E0-8009-CF276956A95A): 0
LogDevObjectVersion:   Dev-Rendering (12F88B9F-8875-4AFC-A67C-D90C383ABD29): 31
LogDevObjectVersion:   Dev-Sequencer (7B5AE74C-D270-4C10-A958-57980B212A5A): 11
LogDevObjectVersion:   Dev-VR (D7296918-1DD6-4BDD-9DE2-64A83CC13884): 2
LogDevObjectVersion:   Dev-LoadTimes (C2A15278-BFE7-4AFE-6C17-90FF531DF755): 1
LogDevObjectVersion:   Private-Geometry (6EACA3D4-40EC-4CC1-B786-8BED09428FC5): 3
LogDevObjectVersion:   Dev-AnimPhys (29E575DD-E0A3-4627-9D10-D276232CDCEA): 17
LogDevObjectVersion:   Dev-Anim (AF43A65D-7FD3-4947-9873-3E8ED9C1BB05): 2
LogDevObjectVersion:   Dev-ReflectionCapture (6B266CEC-1EC7-4B8F-A30B-E4D90942FC07): 1
LogDevObjectVersion:   Dev-Automation (0DF73D61-A23F-47EA-B727-89E90C41499A): 1
LogDevObjectVersion:   FortniteMain (601D1886-AC64-4F84-AA16-D3DE0DEAC7D6): 27
LogDevObjectVersion:   Dev-Enterprise (9DFFBCD6-494F-0158-E221-12823C92A888): 6
LogDevObjectVersion:   Dev-Niagara (F2AED0AC-9AFE-416F-8664-AA7FFA26D6FC): 1
LogDevObjectVersion:   Dev-Destruction (174F1F0B-B4C6-45A5-B13F-2EE8D0FB917D): 9
LogInit: Presizing for max 16777216 objects, including 0 objects not considered by GC, pre-allocating 0 bytes for permanent pool.
LogInit: Object subsystem initialized
LogConfig: Setting CVar [[con.DebugEarlyDefault:1]]
LogConfig: Setting CVar [[r.setres:1280x720]]
[2020.03.13-23.04.10:738][  0]LogConfig: Setting CVar [[r.VSync:0]]
[2020.03.13-23.04.10:738][  0]LogConfig: Setting CVar [[r.RHICmdBypass:0]]
[2020.03.13-23.04.10:738][  0]LogConfig: Applying CVar settings from Section [/Script/Engine.RendererSettings] File [C:/Users/soapm/Documents/GitHub/LevelDesignFinal/FPSGameStarterKit/Saved/Config/Windows/Engine.ini]
[2020.03.13-23.04.10:738][  0]LogConfig: Setting CVar [[r.GPUCrashDebugging:0]]
[2020.03.13-23.04.10:738][  0]LogConfig: Setting CVar [[r.DefaultFeature.Bloom:0]]
[2020.03.13-23.04.10:738][  0]LogConfig: Setting CVar [[r.DefaultFeature.AutoExposure:0]]
[2020.03.13-23.04.10:738][  0]LogConfig: Setting CVar [[r.DefaultFeature.MotionBlur:0]]
[2020.03.13-23.04.10:738][  0]LogConfig: Applying CVar settings from Section [/Script/Engine.RendererOverrideSettings] File [C:/Users/soapm/Documents/GitHub/LevelDesignFinal/FPSGameStarterKit/Saved/Config/Windows/Engine.ini]
[2020.03.13-23.04.10:738][  0]LogConfig: Applying CVar settings from Section [/Script/Engine.StreamingSettings] File [C:/Users/soapm/Documents/GitHub/LevelDesignFinal/FPSGameStarterKit/Saved/Config/Windows/Engine.ini]
[2020.03.13-23.04.10:738][  0]LogConfig: Setting CVar [[s.MinBulkDataSizeForAsyncLoading:131072]]
[2020.03.13-23.04.10:738][  0]LogConfig: Setting CVar [[s.AsyncLoadingThreadEnabled:0]]
[2020.03.13-23.04.10:738][  0]LogConfig: Setting CVar [[s.EventDrivenLoaderEnabled:1]]
[2020.03.13-23.04.10:738][  0]LogConfig: Setting CVar [[s.WarnIfTimeLimitExceeded:0]]
[2020.03.13-23.04.10:738][  0]LogConfig: Setting CVar [[s.TimeLimitExceededMultiplier:1.5]]
[2020.03.13-23.04.10:738][  0]LogConfig: Setting CVar [[s.TimeLimitExceededMinTime:0.005]]
[2020.03.13-23.04.10:738][  0]LogConfig: Setting CVar [[s.UseBackgroundLevelStreaming:1]]
[2020.03.13-23.04.10:738][  0]LogConfig: Setting CVar [[s.PriorityAsyncLoadingExtraTime:15.0]]
[2020.03.13-23.04.10:738][  0]LogConfig: Setting CVar [[s.LevelStreamingActorsUpdateTimeLimit:5.0]]
[2020.03.13-23.04.10:738][  0]LogConfig: Setting CVar [[s.PriorityLevelStreamingActorsUpdateExtraTime:5.0]]
[2020.03.13-23.04.10:739][  0]LogConfig: Setting CVar [[s.LevelStreamingComponentsRegistrationGranularity:10]]
[2020.03.13-23.04.10:739][  0]LogConfig: Setting CVar [[s.UnregisterComponentsTimeLimit:1.0]]
[2020.03.13-23.04.10:739][  0]LogConfig: Setting CVar [[s.LevelStreamingComponentsUnregistrationGranularity:5]]
[2020.03.13-23.04.10:739][  0]LogConfig: Applying CVar settings from Section [/Script/Engine.GarbageCollectionSettings] File [C:/Users/soapm/Documents/GitHub/LevelDesignFinal/FPSGameStarterKit/Saved/Config/Windows/Engine.ini]
[2020.03.13-23.04.10:739][  0]LogConfig: Setting CVar [[gc.MaxObjectsNotConsideredByGC:1]]
[2020.03.13-23.04.10:739][  0]LogConfig: Setting CVar [[gc.SizeOfPermanentObjectPool:0]]
[2020.03.13-23.04.10:739][  0]LogConfig: Setting CVar [[gc.FlushStreamingOnGC:0]]
[2020.03.13-23.04.10:739][  0]LogConfig: Setting CVar [[gc.NumRetriesBeforeForcingGC:10]]
[2020.03.13-23.04.10:739][  0]LogConfig: Setting CVar [[gc.AllowParallelGC:1]]
[2020.03.13-23.04.10:739][  0]LogConfig: Setting CVar [[gc.TimeBetweenPurgingPendingKillObjects:61.1]]
[2020.03.13-23.04.10:739][  0]LogConfig: Setting CVar [[gc.MaxObjectsInEditor:16777216]]
[2020.03.13-23.04.10:739][  0]LogConfig: Setting CVar [[gc.IncrementalBeginDestroyEnabled:1]]
[2020.03.13-23.04.10:739][  0]LogConfig: Setting CVar [[gc.CreateGCClusters:1]]
[2020.03.13-23.04.10:739][  0]LogConfig: Setting CVar [[gc.MinGCClusterSize:5]]
[2020.03.13-23.04.10:739][  0]LogConfig: Setting CVar [[gc.ActorClusteringEnabled:0]]
[2020.03.13-23.04.10:739][  0]LogConfig: Setting CVar [[gc.BlueprintClusteringEnabled:0]]
[2020.03.13-23.04.10:739][  0]LogConfig: Setting CVar [[gc.UseDisregardForGCOnDedicatedServers:0]]
[2020.03.13-23.04.10:739][  0]LogConfig: Applying CVar settings from Section [/Script/Engine.NetworkSettings] File [C:/Users/soapm/Documents/GitHub/LevelDesignFinal/FPSGameStarterKit/Saved/Config/Windows/Engine.ini]
[2020.03.13-23.04.10:739][  0]LogConfig: Applying CVar settings from Section [/Script/UnrealEd.CookerSettings] File [C:/Users/soapm/Documents/GitHub/LevelDesignFinal/FPSGameStarterKit/Saved/Config/Windows/Engine.ini]
[2020.03.13-23.04.10:741][  0]LogConfig: Applying CVar settings from Section [ViewDistanceQuality@3] File [C:/Users/soapm/Documents/GitHub/LevelDesignFinal/FPSGameStarterKit/Saved/Config/Windows/Scalability.ini]
[2020.03.13-23.04.10:741][  0]LogConfig: Setting CVar [[r.SkeletalMeshLODBias:0]]
[2020.03.13-23.04.10:741][  0]LogConfig: Setting CVar [[r.ViewDistanceScale:1.0]]
[2020.03.13-23.04.10:741][  0]LogConfig: Applying CVar settings from Section [AntiAliasingQuality@3] File [C:/Users/soapm/Documents/GitHub/LevelDesignFinal/FPSGameStarterKit/Saved/Config/Windows/Scalability.ini]
[2020.03.13-23.04.10:741][  0]LogConfig: Setting CVar [[r.PostProcessAAQuality:4]]
[2020.03.13-23.04.10:741][  0]LogConfig: Applying CVar settings from Section [ShadowQuality@3] File [C:/Users/soapm/Documents/GitHub/LevelDesignFinal/FPSGameStarterKit/Saved/Config/Windows/Scalability.ini]
[2020.03.13-23.04.10:742][  0]LogConfig: Setting CVar [[r.LightFunctionQuality:1]]
[2020.03.13-23.04.10:742][  0]LogConfig: Setting CVar [[r.ShadowQuality:5]]
[2020.03.13-23.04.10:742][  0]LogConfig: Setting CVar [[r.Shadow.CSM.MaxCascades:10]]
[2020.03.13-23.04.10:742][  0]LogConfig: Setting CVar [[r.Shadow.MaxResolution:2048]]
[2020.03.13-23.04.10:742][  0]LogConfig: Setting CVar [[r.Shadow.MaxCSMResolution:2048]]
[2020.03.13-23.04.10:742][  0]LogConfig: Setting CVar [[r.Shadow.RadiusThreshold:0.01]]
[2020.03.13-23.04.10:742][  0]LogConfig: Setting CVar [[r.Shadow.DistanceScale:1.0]]
[2020.03.13-23.04.10:742][  0]LogConfig: Setting CVar [[r.Shadow.CSM.TransitionScale:1.0]]
[2020.03.13-23.04.10:742][  0]LogConfig: Setting CVar [[r.Shadow.PreShadowResolutionFactor:1.0]]
[2020.03.13-23.04.10:742][  0]LogConfig: Setting CVar [[r.DistanceFieldShadowing:1]]
[2020.03.13-23.04.10:742][  0]LogConfig: Setting CVar [[r.DistanceFieldAO:1]]
[2020.03.13-23.04.10:742][  0]LogConfig: Setting CVar [[r.AOQuality:2]]
[2020.03.13-23.04.10:742][  0]LogConfig: Setting CVar [[r.VolumetricFog:1]]
[2020.03.13-23.04.10:742][  0]LogConfig: Setting CVar [[r.VolumetricFog.GridPixelSize:8]]
[2020.03.13-23.04.10:742][  0]LogConfig: Setting CVar [[r.VolumetricFog.GridSizeZ:128]]
[2020.03.13-23.04.10:742][  0]LogConfig: Setting CVar [[r.VolumetricFog.HistoryMissSupersampleCount:4]]
[2020.03.13-23.04.10:742][  0]LogConfig: Setting CVar [[r.LightMaxDrawDistanceScale:1]]
[2020.03.13-23.04.10:742][  0]LogConfig: Setting CVar [[r.CapsuleShadows:1]]
[2020.03.13-23.04.10:742][  0]LogConfig: Applying CVar settings from Section [PostProcessQuality@3] File [C:/Users/soapm/Documents/GitHub/LevelDesignFinal/FPSGameStarterKit/Saved/Config/Windows/Scalability.ini]
[2020.03.13-23.04.10:742][  0]LogConfig: Setting CVar [[r.MotionBlurQuality:4]]
[2020.03.13-23.04.10:742][  0]LogConfig: Setting CVar [[r.AmbientOcclusionMipLevelFactor:0.4]]
[2020.03.13-23.04.10:742][  0]LogConfig: Setting CVar [[r.AmbientOcclusionMaxQuality:100]]
[2020.03.13-23.04.10:742][  0]LogConfig: Setting CVar [[r.AmbientOcclusionLevels:-1]]
[2020.03.13-23.04.10:742][  0]LogConfig: Setting CVar [[r.AmbientOcclusionRadiusScale:1.0]]
[2020.03.13-23.04.10:742][  0]LogConfig: Setting CVar [[r.DepthOfFieldQuality:2]]
[2020.03.13-23.04.10:742][  0]LogConfig: Setting CVar [[r.RenderTargetPoolMin:400]]
[2020.03.13-23.04.10:742][  0]LogConfig: Setting CVar [[r.LensFlareQuality:2]]
[2020.03.13-23.04.10:742][  0]LogConfig: Setting CVar [[r.SceneColorFringeQuality:1]]
[2020.03.13-23.04.10:742][  0]LogConfig: Setting CVar [[r.EyeAdaptationQuality:2]]
[2020.03.13-23.04.10:742][  0]LogConfig: Setting CVar [[r.BloomQuality:5]]
[2020.03.13-23.04.10:742][  0]LogConfig: Setting CVar [[r.FastBlurThreshold:100]]
[2020.03.13-23.04.10:742][  0]LogConfig: Setting CVar [[r.Upscale.Quality:3]]
[2020.03.13-23.04.10:742][  0]LogConfig: Setting CVar [[r.Tonemapper.GrainQuantization:1]]
[2020.03.13-23.04.10:742][  0]LogConfig: Setting CVar [[r.LightShaftQuality:1]]
[2020.03.13-23.04.10:742][  0]LogConfig: Setting CVar [[r.Filter.SizeScale:1]]
[2020.03.13-23.04.10:742][  0]LogConfig: Setting CVar [[r.Tonemapper.Quality:5]]
[2020.03.13-23.04.10:742][  0]LogConfig: Setting CVar [[r.DOF.Gather.AccumulatorQuality:1        ; higher gathering accumulator quality]]
[2020.03.13-23.04.10:742][  0]LogConfig: Setting CVar [[r.DOF.Gather.PostfilterMethod:1          ; Median3x3 postfilering method]]
[2020.03.13-23.04.10:742][  0]LogConfig: Setting CVar [[r.DOF.Gather.EnableBokehSettings:0       ; no bokeh simulation when gathering]]
[2020.03.13-23.04.10:742][  0]LogConfig: Setting CVar [[r.DOF.Gather.RingCount:4                 ; medium number of samples when gathering]]
[2020.03.13-23.04.10:742][  0]LogConfig: Setting CVar [[r.DOF.Scatter.ForegroundCompositing:1    ; additive foreground scattering]]
[2020.03.13-23.04.10:742][  0]LogConfig: Setting CVar [[r.DOF.Scatter.BackgroundCompositing:2    ; additive background scattering]]
[2020.03.13-23.04.10:742][  0]LogConfig: Setting CVar [[r.DOF.Scatter.EnableBokehSettings:1      ; bokeh simulation when scattering]]
[2020.03.13-23.04.10:742][  0]LogConfig: Setting CVar [[r.DOF.Scatter.MaxSpriteRatio:0.1         ; only a maximum of 10% of scattered bokeh]]
[2020.03.13-23.04.10:742][  0]LogConfig: Setting CVar [[r.DOF.Recombine.Quality:1                ; cheap slight out of focus]]
[2020.03.13-23.04.10:742][  0]LogConfig: Setting CVar [[r.DOF.Recombine.EnableBokehSettings:0    ; no bokeh simulation on slight out of focus]]
[2020.03.13-23.04.10:742][  0]LogConfig: Setting CVar [[r.DOF.TemporalAAQuality:1                ; more stable temporal accumulation]]
[2020.03.13-23.04.10:742][  0]LogConfig: Setting CVar [[r.DOF.Kernel.MaxForegroundRadius:0.025]]
[2020.03.13-23.04.10:742][  0]LogConfig: Setting CVar [[r.DOF.Kernel.MaxBackgroundRadius:0.025]]
[2020.03.13-23.04.10:742][  0]LogConfig: Applying CVar settings from Section [TextureQuality@3] File [C:/Users/soapm/Documents/GitHub/LevelDesignFinal/FPSGameStarterKit/Saved/Config/Windows/Scalability.ini]
[2020.03.13-23.04.10:742][  0]LogConfig: Setting CVar [[r.Streaming.MipBias:0]]
[2020.03.13-23.04.10:742][  0]LogConfig: Setting CVar [[r.Streaming.AmortizeCPUToGPUCopy:0]]
[2020.03.13-23.04.10:742][  0]LogConfig: Setting CVar [[r.Streaming.MaxNumTexturesToStreamPerFrame:0]]
[2020.03.13-23.04.10:742][  0]LogConfig: Setting CVar [[r.Streaming.Boost:1]]
[2020.03.13-23.04.10:742][  0]LogConfig: Setting CVar [[r.MaxAnisotropy:8]]
[2020.03.13-23.04.10:742][  0]LogConfig: Setting CVar [[r.Streaming.LimitPoolSizeToVRAM:0]]
[2020.03.13-23.04.10:742][  0]LogConfig: Setting CVar [[r.Streaming.PoolSize:1000]]
[2020.03.13-23.04.10:742][  0]LogConfig: Setting CVar [[r.Streaming.MaxEffectiveScreenSize:0]]
[2020.03.13-23.04.10:742][  0]LogConfig: Applying CVar settings from Section [EffectsQuality@3] File [C:/Users/soapm/Documents/GitHub/LevelDesignFinal/FPSGameStarterKit/Saved/Config/Windows/Scalability.ini]
[2020.03.13-23.04.10:742][  0]LogConfig: Setting CVar [[r.TranslucencyLightingVolumeDim:64]]
[2020.03.13-23.04.10:742][  0]LogConfig: Setting CVar [[r.RefractionQuality:2]]
[2020.03.13-23.04.10:742][  0]LogConfig: Setting CVar [[r.SSR.Quality:3]]
[2020.03.13-23.04.10:742][  0]LogConfig: Setting CVar [[r.SceneColorFormat:4]]
[2020.03.13-23.04.10:742][  0]LogConfig: Setting CVar [[r.DetailMode:2]]
[2020.03.13-23.04.10:742][  0]LogConfig: Setting CVar [[r.TranslucencyVolumeBlur:1]]
[2020.03.13-23.04.10:742][  0]LogConfig: Setting CVar [[r.MaterialQualityLevel:1 ; High quality]]
[2020.03.13-23.04.10:742][  0]LogConfig: Setting CVar [[r.SSS.Scale:1]]
[2020.03.13-23.04.10:742][  0]LogConfig: Setting CVar [[r.SSS.SampleSet:2]]
[2020.03.13-23.04.10:743][  0]LogConfig: Setting CVar [[r.SSS.Quality:1]]
[2020.03.13-23.04.10:743][  0]LogConfig: Setting CVar [[r.SSS.HalfRes:1]]
[2020.03.13-23.04.10:743][  0]LogConfig: Setting CVar [[r.EmitterSpawnRateScale:1.0]]
[2020.03.13-23.04.10:743][  0]LogConfig: Setting CVar [[r.ParticleLightQuality:2]]
[2020.03.13-23.04.10:743][  0]LogConfig: Applying CVar settings from Section [FoliageQuality@3] File [C:/Users/soapm/Documents/GitHub/LevelDesignFinal/FPSGameStarterKit/Saved/Config/Windows/Scalability.ini]
[2020.03.13-23.04.10:743][  0]LogConfig: Setting CVar [[foliage.DensityScale:1.0]]
[2020.03.13-23.04.10:743][  0]LogConfig: Setting CVar [[grass.DensityScale:1.0]]
[2020.03.13-23.04.10:743][  0]LogInit: Selected Device Profile: [Windows]
[2020.03.13-23.04.10:743][  0]LogInit: Applying CVar settings loaded from the selected device profile: [Windows]
[2020.03.13-23.04.10:745][  0]LogHAL: Display: Platform has ~ 16 GB [17073336320 / 17179869184 / 16], which maps to Larger [LargestMinGB=32, LargerMinGB=12, DefaultMinGB=8, SmallerMinGB=6, SmallestMinGB=0)
[2020.03.13-23.04.10:746][  0]LogInit: Going up to parent DeviceProfile []
[2020.03.13-23.04.10:746][  0]LogConfig: Applying CVar settings from Section [ViewDistanceQuality@3] File [C:/Users/soapm/Documents/GitHub/LevelDesignFinal/FPSGameStarterKit/Saved/Config/Windows/Scalability.ini]
[2020.03.13-23.04.10:746][  0]LogConfig: Setting CVar [[r.SkeletalMeshLODBias:0]]
[2020.03.13-23.04.10:746][  0]LogConfig: Setting CVar [[r.ViewDistanceScale:1.0]]
[2020.03.13-23.04.10:746][  0]LogConfig: Applying CVar settings from Section [AntiAliasingQuality@3] File [C:/Users/soapm/Documents/GitHub/LevelDesignFinal/FPSGameStarterKit/Saved/Config/Windows/Scalability.ini]
[2020.03.13-23.04.10:746][  0]LogConfig: Setting CVar [[r.PostProcessAAQuality:4]]
[2020.03.13-23.04.10:746][  0]LogConfig: Applying CVar settings from Section [ShadowQuality@3] File [C:/Users/soapm/Documents/GitHub/LevelDesignFinal/FPSGameStarterKit/Saved/Config/Windows/Scalability.ini]
[2020.03.13-23.04.10:746][  0]LogConfig: Setting CVar [[r.LightFunctionQuality:1]]
[2020.03.13-23.04.10:746][  0]LogConfig: Setting CVar [[r.ShadowQuality:5]]
[2020.03.13-23.04.10:746][  0]LogConfig: Setting CVar [[r.Shadow.CSM.MaxCascades:10]]
[2020.03.13-23.04.10:746][  0]LogConfig: Setting CVar [[r.Shadow.MaxResolution:2048]]
[2020.03.13-23.04.10:746][  0]LogConfig: Setting CVar [[r.Shadow.MaxCSMResolution:2048]]
[2020.03.13-23.04.10:746][  0]LogConfig: Setting CVar [[r.Shadow.RadiusThreshold:0.01]]
[2020.03.13-23.04.10:746][  0]LogConfig: Setting CVar [[r.Shadow.DistanceScale:1.0]]
[2020.03.13-23.04.10:746][  0]LogConfig: Setting CVar [[r.Shadow.CSM.TransitionScale:1.0]]
[2020.03.13-23.04.10:746][  0]LogConfig: Setting CVar [[r.Shadow.PreShadowResolutionFactor:1.0]]
[2020.03.13-23.04.10:746][  0]LogConfig: Setting CVar [[r.DistanceFieldShadowing:1]]
[2020.03.13-23.04.10:746][  0]LogConfig: Setting CVar [[r.DistanceFieldAO:1]]
[2020.03.13-23.04.10:746][  0]LogConfig: Setting CVar [[r.AOQuality:2]]
[2020.03.13-23.04.10:746][  0]LogConfig: Setting CVar [[r.VolumetricFog:1]]
[2020.03.13-23.04.10:746][  0]LogConfig: Setting CVar [[r.VolumetricFog.GridPixelSize:8]]
[2020.03.13-23.04.10:746][  0]LogConfig: Setting CVar [[r.VolumetricFog.GridSizeZ:128]]
[2020.03.13-23.04.10:746][  0]LogConfig: Setting CVar [[r.VolumetricFog.HistoryMissSupersampleCount:4]]
[2020.03.13-23.04.10:746][  0]LogConfig: Setting CVar [[r.LightMaxDrawDistanceScale:1]]
[2020.03.13-23.04.10:746][  0]LogConfig: Setting CVar [[r.CapsuleShadows:1]]
[2020.03.13-23.04.10:746][  0]LogConfig: Applying CVar settings from Section [PostProcessQuality@3] File [C:/Users/soapm/Documents/GitHub/LevelDesignFinal/FPSGameStarterKit/Saved/Config/Windows/Scalability.ini]
[2020.03.13-23.04.10:746][  0]LogConfig: Setting CVar [[r.MotionBlurQuality:4]]
[2020.03.13-23.04.10:746][  0]LogConfig: Setting CVar [[r.AmbientOcclusionMipLevelFactor:0.4]]
[2020.03.13-23.04.10:746][  0]LogConfig: Setting CVar [[r.AmbientOcclusionMaxQuality:100]]
[2020.03.13-23.04.10:746][  0]LogConfig: Setting CVar [[r.AmbientOcclusionLevels:-1]]
[2020.03.13-23.04.10:746][  0]LogConfig: Setting CVar [[r.AmbientOcclusionRadiusScale:1.0]]
[2020.03.13-23.04.10:746][  0]LogConfig: Setting CVar [[r.DepthOfFieldQuality:2]]
[2020.03.13-23.04.10:746][  0]LogConfig: Setting CVar [[r.RenderTargetPoolMin:400]]
[2020.03.13-23.04.10:746][  0]LogConfig: Setting CVar [[r.LensFlareQuality:2]]
[2020.03.13-23.04.10:746][  0]LogConfig: Setting CVar [[r.SceneColorFringeQuality:1]]
[2020.03.13-23.04.10:746][  0]LogConfig: Setting CVar [[r.EyeAdaptationQuality:2]]
[2020.03.13-23.04.10:746][  0]LogConfig: Setting CVar [[r.BloomQuality:5]]
[2020.03.13-23.04.10:747][  0]LogConfig: Setting CVar [[r.FastBlurThreshold:100]]
[2020.03.13-23.04.10:747][  0]LogConfig: Setting CVar [[r.Upscale.Quality:3]]
[2020.03.13-23.04.10:747][  0]LogConfig: Setting CVar [[r.Tonemapper.GrainQuantization:1]]
[2020.03.13-23.04.10:747][  0]LogConfig: Setting CVar [[r.LightShaftQuality:1]]
[2020.03.13-23.04.10:747][  0]LogConfig: Setting CVar [[r.Filter.SizeScale:1]]
[2020.03.13-23.04.10:747][  0]LogConfig: Setting CVar [[r.Tonemapper.Quality:5]]
[2020.03.13-23.04.10:747][  0]LogConfig: Setting CVar [[r.DOF.Gather.AccumulatorQuality:1        ; higher gathering accumulator quality]]
[2020.03.13-23.04.10:747][  0]LogConfig: Setting CVar [[r.DOF.Gather.PostfilterMethod:1          ; Median3x3 postfilering method]]
[2020.03.13-23.04.10:747][  0]LogConfig: Setting CVar [[r.DOF.Gather.EnableBokehSettings:0       ; no bokeh simulation when gathering]]
[2020.03.13-23.04.10:747][  0]LogConfig: Setting CVar [[r.DOF.Gather.RingCount:4                 ; medium number of samples when gathering]]
[2020.03.13-23.04.10:747][  0]LogConfig: Setting CVar [[r.DOF.Scatter.ForegroundCompositing:1    ; additive foreground scattering]]
[2020.03.13-23.04.10:747][  0]LogConfig: Setting CVar [[r.DOF.Scatter.BackgroundCompositing:2    ; additive background scattering]]
[2020.03.13-23.04.10:747][  0]LogConfig: Setting CVar [[r.DOF.Scatter.EnableBokehSettings:1      ; bokeh simulation when scattering]]
[2020.03.13-23.04.10:747][  0]LogConfig: Setting CVar [[r.DOF.Scatter.MaxSpriteRatio:0.1         ; only a maximum of 10% of scattered bokeh]]
[2020.03.13-23.04.10:747][  0]LogConfig: Setting CVar [[r.DOF.Recombine.Quality:1                ; cheap slight out of focus]]
[2020.03.13-23.04.10:747][  0]LogConfig: Setting CVar [[r.DOF.Recombine.EnableBokehSettings:0    ; no bokeh simulation on slight out of focus]]
[2020.03.13-23.04.10:747][  0]LogConfig: Setting CVar [[r.DOF.TemporalAAQuality:1                ; more stable temporal accumulation]]
[2020.03.13-23.04.10:747][  0]LogConfig: Setting CVar [[r.DOF.Kernel.MaxForegroundRadius:0.025]]
[2020.03.13-23.04.10:747][  0]LogConfig: Setting CVar [[r.DOF.Kernel.MaxBackgroundRadius:0.025]]
[2020.03.13-23.04.10:747][  0]LogConfig: Applying CVar settings from Section [TextureQuality@3] File [C:/Users/soapm/Documents/GitHub/LevelDesignFinal/FPSGameStarterKit/Saved/Config/Windows/Scalability.ini]
[2020.03.13-23.04.10:747][  0]LogConfig: Setting CVar [[r.Streaming.MipBias:0]]
[2020.03.13-23.04.10:747][  0]LogConfig: Setting CVar [[r.Streaming.AmortizeCPUToGPUCopy:0]]
[2020.03.13-23.04.10:747][  0]LogConfig: Setting CVar [[r.Streaming.MaxNumTexturesToStreamPerFrame:0]]
[2020.03.13-23.04.10:747][  0]LogConfig: Setting CVar [[r.Streaming.Boost:1]]
[2020.03.13-23.04.10:747][  0]LogConfig: Setting CVar [[r.MaxAnisotropy:8]]
[2020.03.13-23.04.10:747][  0]LogConfig: Setting CVar [[r.Streaming.LimitPoolSizeToVRAM:0]]
[2020.03.13-23.04.10:747][  0]LogConfig: Setting CVar [[r.Streaming.PoolSize:1000]]
[2020.03.13-23.04.10:747][  0]LogConfig: Setting CVar [[r.Streaming.MaxEffectiveScreenSize:0]]
[2020.03.13-23.04.10:747][  0]LogConfig: Applying CVar settings from Section [EffectsQuality@3] File [C:/Users/soapm/Documents/GitHub/LevelDesignFinal/FPSGameStarterKit/Saved/Config/Windows/Scalability.ini]
[2020.03.13-23.04.10:747][  0]LogConfig: Setting CVar [[r.TranslucencyLightingVolumeDim:64]]
[2020.03.13-23.04.10:747][  0]LogConfig: Setting CVar [[r.RefractionQuality:2]]
[2020.03.13-23.04.10:747][  0]LogConfig: Setting CVar [[r.SSR.Quality:3]]
[2020.03.13-23.04.10:747][  0]LogConfig: Setting CVar [[r.SceneColorFormat:4]]
[2020.03.13-23.04.10:747][  0]LogConfig: Setting CVar [[r.DetailMode:2]]
[2020.03.13-23.04.10:747][  0]LogConfig: Setting CVar [[r.TranslucencyVolumeBlur:1]]
[2020.03.13-23.04.10:747][  0]LogConfig: Setting CVar [[r.MaterialQualityLevel:1 ; High quality]]
[2020.03.13-23.04.10:747][  0]LogConfig: Setting CVar [[r.SSS.Scale:1]]
[2020.03.13-23.04.10:747][  0]LogConfig: Setting CVar [[r.SSS.SampleSet:2]]
[2020.03.13-23.04.10:747][  0]LogConfig: Setting CVar [[r.SSS.Quality:1]]
[2020.03.13-23.04.10:747][  0]LogConfig: Setting CVar [[r.SSS.HalfRes:1]]
[2020.03.13-23.04.10:747][  0]LogConfig: Setting CVar [[r.EmitterSpawnRateScale:1.0]]
[2020.03.13-23.04.10:747][  0]LogConfig: Setting CVar [[r.ParticleLightQuality:2]]
[2020.03.13-23.04.10:748][  0]LogConfig: Applying CVar settings from Section [FoliageQuality@3] File [C:/Users/soapm/Documents/GitHub/LevelDesignFinal/FPSGameStarterKit/Saved/Config/Windows/Scalability.ini]
[2020.03.13-23.04.10:748][  0]LogConfig: Setting CVar [[foliage.DensityScale:1.0]]
[2020.03.13-23.04.10:748][  0]LogConfig: Setting CVar [[grass.DensityScale:1.0]]
[2020.03.13-23.04.10:748][  0]LogConfig: Applying CVar settings from Section [Startup] File [../../../Engine/Config/ConsoleVariables.ini]
[2020.03.13-23.04.10:748][  0]LogConfig: Setting CVar [[net.UseAdaptiveNetUpdateFrequency:0]]
[2020.03.13-23.04.10:748][  0]LogConfig: Setting CVar [[p.chaos.AllowCreatePhysxBodies:1]]
[2020.03.13-23.04.10:748][  0]LogConfig: Applying CVar settings from Section [ConsoleVariables] File [C:/Users/soapm/Documents/GitHub/LevelDesignFinal/FPSGameStarterKit/Saved/Config/Windows/Engine.ini]
[2020.03.13-23.04.10:748][  0]LogInit: Computer: SOAPMC
[2020.03.13-23.04.10:748][  0]LogInit: User: soapm
[2020.03.13-23.04.10:748][  0]LogInit: CPU Page size=4096, Cores=6
[2020.03.13-23.04.10:748][  0]LogInit: High frequency timer resolution =10.000000 MHz
[2020.03.13-23.04.10:748][  0]LogMemory: Memory total: Physical=15.9GB (16GB approx)
[2020.03.13-23.04.10:748][  0]LogMemory: Platform Memory Stats for Windows
[2020.03.13-23.04.10:748][  0]LogMemory: Process Physical Memory: 101.93 MB used, 101.94 MB peak
[2020.03.13-23.04.10:748][  0]LogMemory: Process Virtual Memory: 101.52 MB used, 101.52 MB peak
[2020.03.13-23.04.10:748][  0]LogMemory: Physical Memory: 9231.32 MB used,  7051.08 MB free, 16282.40 MB total
[2020.03.13-23.04.10:748][  0]LogMemory: Virtual Memory: 4686.71 MB used,  134213040.00 MB free, 134217728.00 MB total
[2020.03.13-23.04.10:756][  0]LogWindows: WindowsPlatformFeatures enabled
[2020.03.13-23.04.10:789][  0]LogInit: Overriding language with editor language configuration option (en).
[2020.03.13-23.04.10:789][  0]LogInit: Overriding locale with editor locale configuration option (en).
[2020.03.13-23.04.10:952][  0]LogInit: Setting process to per monitor DPI aware
[2020.03.13-23.04.10:998][  0]LogSlate: New Slate User Created.  User Index 0, Is Virtual User: 0
[2020.03.13-23.04.10:999][  0]LogSlate: Slate User Registered.  User Index 0, Is Virtual User: 0
[2020.03.13-23.04.11:235][  0]LogHMD: Failed to initialize OpenVR with code 110
[2020.03.13-23.04.11:235][  0]LogD3D11RHI: D3D11 adapters:
[2020.03.13-23.04.11:328][  0]LogD3D11RHI:    0. 'NVIDIA GeForce RTX 2070 with Max-Q Design' (Feature Level 11_0)
[2020.03.13-23.04.11:328][  0]LogD3D11RHI:       8031/0/8141 MB DedicatedVideo/DedicatedSystem/SharedSystem, Outputs:1, VendorId:0x10de
[2020.03.13-23.04.11:363][  0]LogD3D11RHI:    1. 'Intel(R) UHD Graphics 630' (Feature Level 11_0)
[2020.03.13-23.04.11:363][  0]LogD3D11RHI:       128/0/8141 MB DedicatedVideo/DedicatedSystem/SharedSystem, Outputs:0, VendorId:0x8086
[2020.03.13-23.04.11:366][  0]LogD3D11RHI:    2. 'Microsoft Basic Render Driver' (Feature Level 11_0)
[2020.03.13-23.04.11:366][  0]LogD3D11RHI:       0/0/8141 MB DedicatedVideo/DedicatedSystem/SharedSystem, Outputs:0, VendorId:0x1414
[2020.03.13-23.04.11:366][  0]LogD3D11RHI: Chosen D3D11 Adapter: 0
[2020.03.13-23.04.11:401][  0]LogD3D11RHI: Creating new Direct3DDevice
[2020.03.13-23.04.11:401][  0]LogD3D11RHI:     GPU DeviceId: 0x1f10 (for the marketing name, search the web for "GPU Device Id")
[2020.03.13-23.04.11:401][  0]LogWindows: EnumDisplayDevices:
[2020.03.13-23.04.11:401][  0]LogWindows:    0. 'Intel(R) UHD Graphics 630' (P:1 D:1)
[2020.03.13-23.04.11:401][  0]LogWindows:    1. 'Intel(R) UHD Graphics 630' (P:0 D:0)
[2020.03.13-23.04.11:402][  0]LogWindows:    2. 'Intel(R) UHD Graphics 630' (P:0 D:0)
[2020.03.13-23.04.11:402][  0]LogWindows:    3. 'NVIDIA GeForce RTX 2070 with Max-Q Design' (P:0 D:0)
[2020.03.13-23.04.11:402][  0]LogWindows:    4. 'NVIDIA GeForce RTX 2070 with Max-Q Design' (P:0 D:0)
[2020.03.13-23.04.11:403][  0]LogWindows:    5. 'NVIDIA GeForce RTX 2070 with Max-Q Design' (P:0 D:0)
[2020.03.13-23.04.11:403][  0]LogWindows:    6. 'NVIDIA GeForce RTX 2070 with Max-Q Design' (P:0 D:0)
[2020.03.13-23.04.11:403][  0]LogWindows: DebugString: PrimaryIsNotTheChoosenAdapter PrimaryIsNotTheChoosenAdapter PrimaryIsNotTheChoosenAdapter FoundDriverCount:4 
[2020.03.13-23.04.11:403][  0]LogD3D11RHI:     Adapter Name: NVIDIA GeForce RTX 2070 with Max-Q Design
[2020.03.13-23.04.11:403][  0]LogD3D11RHI:   Driver Version: 442.59 (internal:26.21.14.4259, unified:442.59)
[2020.03.13-23.04.11:403][  0]LogD3D11RHI:      Driver Date: 3-4-2020
[2020.03.13-23.04.11:403][  0]LogRHI: Texture pool is 5621 MB (70% of 8031 MB)
[2020.03.13-23.04.11:459][  0]LogD3D11RHI: Async texture creation enabled
[2020.03.13-23.04.11:489][  0]LogD3D11RHI: GPU Timing Frequency: 1000.000000 (Debug: 2 2)
[2020.03.13-23.04.11:803][  0]LogTemp: Display: Module 'AllDesktopTargetPlatform' loaded TargetPlatform 'AllDesktop'
[2020.03.13-23.04.11:813][  0]LogTemp: Display: Module 'MacClientTargetPlatform' loaded TargetPlatform 'MacClient'
[2020.03.13-23.04.11:822][  0]LogTemp: Display: Module 'MacNoEditorTargetPlatform' loaded TargetPlatform 'MacNoEditor'
[2020.03.13-23.04.11:831][  0]LogTemp: Display: Module 'MacServerTargetPlatform' loaded TargetPlatform 'MacServer'
[2020.03.13-23.04.11:841][  0]LogTemp: Display: Module 'MacTargetPlatform' loaded TargetPlatform 'Mac'
[2020.03.13-23.04.11:849][  0]LogTemp: Display: Module 'WindowsClientTargetPlatform' loaded TargetPlatform 'WindowsClient'
[2020.03.13-23.04.11:858][  0]LogTemp: Display: Module 'WindowsNoEditorTargetPlatform' loaded TargetPlatform 'WindowsNoEditor'
[2020.03.13-23.04.11:867][  0]LogTemp: Display: Module 'WindowsServerTargetPlatform' loaded TargetPlatform 'WindowsServer'
[2020.03.13-23.04.11:871][  0]LogTemp: Display: Module 'WindowsTargetPlatform' loaded TargetPlatform 'Windows'
[2020.03.13-23.04.11:902][  0]LogTemp: Display: Module 'AndroidTargetPlatform' loaded TargetPlatform 'Android'
[2020.03.13-23.04.11:902][  0]LogTemp: Display: Module 'AndroidTargetPlatform' loaded TargetPlatform 'Android_ASTC'
[2020.03.13-23.04.11:902][  0]LogTemp: Display: Module 'AndroidTargetPlatform' loaded TargetPlatform 'Android_ATC'
[2020.03.13-23.04.11:902][  0]LogTemp: Display: Module 'AndroidTargetPlatform' loaded TargetPlatform 'Android_DXT'
[2020.03.13-23.04.11:902][  0]LogTemp: Display: Module 'AndroidTargetPlatform' loaded TargetPlatform 'Android_ETC1'
[2020.03.13-23.04.11:902][  0]LogTemp: Display: Module 'AndroidTargetPlatform' loaded TargetPlatform 'Android_ETC1a'
[2020.03.13-23.04.11:902][  0]LogTemp: Display: Module 'AndroidTargetPlatform' loaded TargetPlatform 'Android_ETC2'
[2020.03.13-23.04.11:902][  0]LogTemp: Display: Module 'AndroidTargetPlatform' loaded TargetPlatform 'Android_PVRTC'
[2020.03.13-23.04.11:902][  0]LogTemp: Display: Module 'AndroidTargetPlatform' loaded TargetPlatform 'AndroidClient'
[2020.03.13-23.04.11:902][  0]LogTemp: Display: Module 'AndroidTargetPlatform' loaded TargetPlatform 'Android_ASTCClient'
[2020.03.13-23.04.11:902][  0]LogTemp: Display: Module 'AndroidTargetPlatform' loaded TargetPlatform 'Android_ATCClient'
[2020.03.13-23.04.11:902][  0]LogTemp: Display: Module 'AndroidTargetPlatform' loaded TargetPlatform 'Android_DXTClient'
[2020.03.13-23.04.11:902][  0]LogTemp: Display: Module 'AndroidTargetPlatform' loaded TargetPlatform 'Android_ETC1Client'
[2020.03.13-23.04.11:902][  0]LogTemp: Display: Module 'AndroidTargetPlatform' loaded TargetPlatform 'Android_ETC1aClient'
[2020.03.13-23.04.11:902][  0]LogTemp: Display: Module 'AndroidTargetPlatform' loaded TargetPlatform 'Android_ETC2Client'
[2020.03.13-23.04.11:902][  0]LogTemp: Display: Module 'AndroidTargetPlatform' loaded TargetPlatform 'Android_PVRTCClient'
[2020.03.13-23.04.11:902][  0]LogTemp: Display: Module 'AndroidTargetPlatform' loaded TargetPlatform 'Android_Multi'
[2020.03.13-23.04.11:902][  0]LogTemp: Display: Module 'AndroidTargetPlatform' loaded TargetPlatform 'Android_MultiClient'
[2020.03.13-23.04.11:903][  0]LogTemp: Display: Module 'HTML5TargetPlatform' loaded TargetPlatform 'HTML5'
[2020.03.13-23.04.11:920][  0]LogTemp: Display: Module 'IOSTargetPlatform' loaded TargetPlatform 'IOSClient'
[2020.03.13-23.04.11:920][  0]LogTemp: Display: Module 'IOSTargetPlatform' loaded TargetPlatform 'IOS'
[2020.03.13-23.04.11:934][  0]LogTemp: Display: Module 'TVOSTargetPlatform' loaded TargetPlatform 'TVOSClient'
[2020.03.13-23.04.11:934][  0]LogTemp: Display: Module 'TVOSTargetPlatform' loaded TargetPlatform 'TVOS'
[2020.03.13-23.04.11:940][  0]LogTemp: Display: Module 'LinuxClientTargetPlatform' loaded TargetPlatform 'LinuxClient'
[2020.03.13-23.04.11:946][  0]LogTemp: Display: Module 'LinuxNoEditorTargetPlatform' loaded TargetPlatform 'LinuxNoEditor'
[2020.03.13-23.04.11:953][  0]LogTemp: Display: Module 'LinuxServerTargetPlatform' loaded TargetPlatform 'LinuxServer'
[2020.03.13-23.04.11:962][  0]LogTemp: Display: Module 'LinuxTargetPlatform' loaded TargetPlatform 'Linux'
[2020.03.13-23.04.11:986][  0]LogTemp: Display: Module 'LuminTargetPlatform' loaded TargetPlatform 'Lumin'
[2020.03.13-23.04.11:986][  0]LogTemp: Display: Module 'LuminTargetPlatform' loaded TargetPlatform 'LuminClient'
[2020.03.13-23.04.11:986][  0]LogTargetPlatformManager: Display: Building Assets For Windows
[2020.03.13-23.04.11:997][  0]LogAudioDebug: Display: Lib vorbis DLL was dynamically loaded.
[2020.03.13-23.04.12:050][  0]LogShaderCompilers: Guid format shader working directory is -33 characters bigger than the processId version (../../../../../Users/soapm/Documents/GitHub/LevelDesignFinal/FPSGameStarterKit/Intermediate/Shaders/WorkingDirectory/11724/).
[2020.03.13-23.04.12:050][  0]LogShaderCompilers: Cleaned the shader compiler working directory 'C:/Users/soapm/AppData/Local/Temp/UnrealShaderWorkingDir/57A10F224FFB425EFCF9B8861EB2049F/'.
[2020.03.13-23.04.12:052][  0]LogXGEController: Cleaning working directory: C:/Users/soapm/AppData/Local/Temp/UnrealXGEWorkingDir/
[2020.03.13-23.04.12:053][  0]LogXGEController: Cannot use XGE Controller as Incredibuild is not installed on this machine.
[2020.03.13-23.04.12:053][  0]LogShaderCompilers: Cannot use XGE Shader Compiler as Incredibuild is not installed on this machine.
[2020.03.13-23.04.12:053][  0]LogShaderCompilers: Display: Using Local Shader Compiler.
[2020.03.13-23.04.12:652][  0]LogDerivedDataCache: Display: Max Cache Size: 512 MB
[2020.03.13-23.04.12:693][  0]LogDerivedDataCache: Loaded boot cache 0.04s 73MB C:/Users/soapm/AppData/Local/UnrealEngine/4.23/DerivedDataCache/Boot.ddc.
[2020.03.13-23.04.12:693][  0]LogDerivedDataCache: Display: Loaded Boot cache: C:/Users/soapm/AppData/Local/UnrealEngine/4.23/DerivedDataCache/Boot.ddc
[2020.03.13-23.04.12:693][  0]LogDerivedDataCache: FDerivedDataBackendGraph:  Pak pak cache file ../../../../../Users/soapm/Documents/GitHub/LevelDesignFinal/FPSGameStarterKit/DerivedDataCache/DDC.ddp not found, will not use a pak cache.
[2020.03.13-23.04.12:693][  0]LogDerivedDataCache: Unable to find inner node Pak for hierarchical cache Hierarchy.
[2020.03.13-23.04.12:694][  0]LogDerivedDataCache: FDerivedDataBackendGraph:  CompressedPak pak cache file ../../../../../Users/soapm/Documents/GitHub/LevelDesignFinal/FPSGameStarterKit/DerivedDataCache/Compressed.ddp not found, will not use a pak cache.
[2020.03.13-23.04.12:694][  0]LogDerivedDataCache: Unable to find inner node CompressedPak for hierarchical cache Hierarchy.
[2020.03.13-23.04.12:704][  0]LogDerivedDataCache: Display: Pak cache opened for reading ../../../Engine/DerivedDataCache/Compressed.ddp.
[2020.03.13-23.04.12:706][  0]LogDerivedDataCache: Display: Pak cache opened for reading ../../../Enterprise/DerivedDataCache/Compressed.ddp.
[2020.03.13-23.04.12:707][  0]LogDerivedDataCache: Using Local data cache path C:/Users/soapm/AppData/Local/UnrealEngine/Common/DerivedDataCache: Writable
[2020.03.13-23.04.12:707][  0]LogDerivedDataCache: Shared data cache path not found in *engine.ini, will not use an Shared cache.
[2020.03.13-23.04.12:707][  0]LogDerivedDataCache: Unable to find inner node Shared for hierarchical cache Hierarchy.
[2020.03.13-23.04.12:727][  0]LogMaterial: Verifying Global Shaders for PCD3D_SM5
[2020.03.13-23.04.12:729][  0]LogSlate: Using FreeType 2.6.0
[2020.03.13-23.04.12:730][  0]LogSlate: SlateFontServices - WITH_FREETYPE: 1, WITH_HARFBUZZ: 1
[2020.03.13-23.04.12:784][  0]LogAssetRegistry: FAssetRegistry took 0.0026 seconds to start up
[2020.03.13-23.04.13:058][  0]LogInit: Selected Device Profile: [Windows]
[2020.03.13-23.04.13:213][  0]LogMeshReduction: Using QuadricMeshReduction for automatic static mesh reduction
[2020.03.13-23.04.13:213][  0]LogMeshReduction: Using SimplygonMeshReduction for automatic skeletal mesh reduction
[2020.03.13-23.04.13:213][  0]LogMeshReduction: Using ProxyLODMeshReduction for automatic mesh merging
[2020.03.13-23.04.13:213][  0]LogMeshReduction: No distributed automatic mesh merging module available
[2020.03.13-23.04.13:213][  0]LogMeshMerging: No distributed automatic mesh merging module available
[2020.03.13-23.04.13:222][  0]LogNetVersion: FPSGameStarterKit 1.0.0, NetCL: 8386587, EngineNetVer: 11, GameNetVer: 0 (Checksum: 1303747183)
[2020.03.13-23.04.13:609][  0]LogPackageLocalizationCache: Processed 12 localized package path(s) for 1 prioritized culture(s) in 0.051373 seconds
[2020.03.13-23.04.13:616][  0]LogUObjectArray: 43444 objects as part of root set at end of initial load.
[2020.03.13-23.04.13:616][  0]LogUObjectAllocator: 7548648 out of 0 bytes used by permanent object pool.
[2020.03.13-23.04.13:616][  0]LogUObjectArray: CloseDisregardForGC: 0/0 objects in disregard for GC pool
[2020.03.13-23.04.14:463][  0]LogTcpMessaging: Initializing TcpMessaging bridge
[2020.03.13-23.04.14:466][  0]LogUdpMessaging: Initializing bridge on interface 0.0.0.0:0 to multicast group 230.0.0.1:6666.
[2020.03.13-23.04.14:523][  0]SourceControl: Source control is disabled
[2020.03.13-23.04.14:523][  0]SourceControl: Source control is disabled
[2020.03.13-23.04.14:524][  0]SourceControl: Source control is disabled
[2020.03.13-23.04.14:525][  0]SourceControl: Source control is disabled
[2020.03.13-23.04.14:624][  0]LogAndroidPermission: UAndroidPermissionCallbackProxy::GetInstance
[2020.03.13-23.04.14:833][  0]LogOcInput: OculusInput pre-init called
[2020.03.13-23.04.14:840][  0]LogWindows: Failed to load 'OVRPlugin.dll' (GetLastError=126)
[2020.03.13-23.04.14:840][  0]LogWindows: File 'OVRPlugin.dll' does not exist
[2020.03.13-23.04.14:918][  0]LogEngine: Initializing Engine...
[2020.03.13-23.04.14:919][  0]LogHMD: Failed to initialize OpenVR with code 110
[2020.03.13-23.04.14:920][  0]LogStats: UGameplayTagsManager::InitializeManager -  0.000 s
[2020.03.13-23.04.15:148][  0]LogInit: Initializing FReadOnlyCVARCache
[2020.03.13-23.04.15:164][  0]LogAIModule: Creating AISystem for world Untitled
[2020.03.13-23.04.15:204][  0]LogInit: XAudio2 using 'Speakers (Realtek(R) Audio)' : 2 channels at 48 kHz using 32 bits per sample (channel mask 0x3)
[2020.03.13-23.04.15:230][  0]LogInit: FAudioDevice initialized.
[2020.03.13-23.04.15:230][  0]LogNetVersion: Set ProjectVersion to 1.5.0.0. Version Checksum will be recalculated on next use.
[2020.03.13-23.04.15:273][  0]LogDerivedDataCache: Saved boot cache 0.04s 73MB C:/Users/soapm/AppData/Local/UnrealEngine/4.23/DerivedDataCache/Boot.ddc.
[2020.03.13-23.04.15:279][  0]LogInit: Texture streaming: Enabled
[2020.03.13-23.04.15:302][  0]LogEngineSessionManager: EngineSessionManager initialized
[2020.03.13-23.04.15:302][  0]LogEngineSessionManager: EngineSessionManager sent abnormal shutdown report. Type=AbnormalShutdown, SessionId={F1A03F9C-43E5-AA32-5EE2-49B4AB064643}
[2020.03.13-23.04.15:378][  0]LogInit: Transaction tracking system initialized
[2020.03.13-23.04.15:415][  0]BlueprintLog: New page: Editor Load
[2020.03.13-23.04.15:507][  0]LocalizationService: Localization service is disabled
[2020.03.13-23.04.15:795][  0]LogFileCache: Scanning file cache for directory 'C:/Users/soapm/Documents/GitHub/LevelDesignFinal/FPSGameStarterKit/Content/' took 0.02s
[2020.03.13-23.04.15:795][  0]LogCook: Display: Max memory allowance for cook 16384mb min free memory 0mb
[2020.03.13-23.04.15:796][  0]LogCook: Display: Mobile HDR setting 1
[2020.03.13-23.04.15:996][  0]SourceControl: Source control is disabled
[2020.03.13-23.04.15:996][  0]Cmd: MAP LOAD FILE="../../../../../Users/soapm/Documents/GitHub/LevelDesignFinal/FPSGameStarterKit/Content/FPS_Game/Maps/Testing.umap" TEMPLATE=0 SHOWPROGRESS=1 FEATURELEVEL=3
[2020.03.13-23.04.15:996][  0]LightingResults: New page: Lighting Build
[2020.03.13-23.04.15:999][  0]LogWorld: UWorld::CleanupWorld for Untitled, bSessionEnded=true, bCleanupResources=true
[2020.03.13-23.04.15:999][  0]MapCheck: New page: Map Check
[2020.03.13-23.04.15:999][  0]LightingResults: New page: Lighting Build
[2020.03.13-23.04.16:033][  0]LogUObjectHash: Compacting FUObjectHashTables data took   2.78ms
[2020.03.13-23.04.16:952][  0]LogAnimation: Warning: Animation Blueprint /Game/FPS_Game/Character/AnimTPP.AnimTPP has nodes with invalid node guids that have been regenerated. This blueprint will not cook deterministically until it is resaved.
[2020.03.13-23.04.16:953][  0]LogAnimation: Warning: Animation Blueprint /Game/FPS_Game/Character/AnimFPP.AnimFPP has nodes with invalid node guids that have been regenerated. This blueprint will not cook deterministically until it is resaved.
[2020.03.13-23.04.17:519][  0]LogBlueprint: Warning: [Compiler BP_CharacterBase] Input pin  Method  specifying non-default value no longer exists on node  Set members in PostProcessSettings . Please refresh node or reset pin to default value to remove pin.
[2020.03.13-23.04.20:386][  0]LogAIModule: Creating AISystem for world Testing
[2020.03.13-23.04.20:542][  0]LogEditorServer: Finished looking for orphan Actors (0.000 secs)
[2020.03.13-23.04.20:626][  0]LogUObjectHash: Compacting FUObjectHashTables data took   4.33ms
[2020.03.13-23.04.20:626][  0]Cmd: MAP CHECKDEP NOCLEARLOG
[2020.03.13-23.04.20:627][  0]MapCheck: Map check complete: 0 Error(s), 0 Warning(s), took 0.192ms to complete.
[2020.03.13-23.04.20:627][  0]LogFileHelpers: Loading map 'Testing' took 4.631
[2020.03.13-23.04.20:728][  0]LogSlate: Updating window title bar state: overlay mode, drag disabled, window buttons hidden, title bar hidden
[2020.03.13-23.04.20:736][  0]LogSlate: Updating window title bar state: overlay mode, drag disabled, window buttons hidden, title bar hidden
[2020.03.13-23.04.20:743][  0]LogSlate: Updating window title bar state: overlay mode, drag disabled, window buttons hidden, title bar hidden
[2020.03.13-23.04.20:751][  0]LogSlate: Updating window title bar state: overlay mode, drag disabled, window buttons hidden, title bar hidden
[2020.03.13-23.04.20:758][  0]LogCollectionManager: Loaded 0 collections in 0.002083 seconds
[2020.03.13-23.04.20:766][  0]LogFileCache: Scanning file cache for directory 'C:/Users/soapm/Documents/GitHub/LevelDesignFinal/FPSGameStarterKit/Saved/Collections/' took 0.00s
[2020.03.13-23.04.20:766][  0]LogFileCache: Scanning file cache for directory 'C:/Users/soapm/Documents/GitHub/LevelDesignFinal/FPSGameStarterKit/Content/Developers/soapm/Collections/' took 0.00s
[2020.03.13-23.04.20:766][  0]LogFileCache: Scanning file cache for directory 'C:/Users/soapm/Documents/GitHub/LevelDesignFinal/FPSGameStarterKit/Content/Collections/' took 0.00s
[2020.03.13-23.04.20:766][  0]LogCollectionManager: Rebuilt the GUID cache for 0 collections in 0.000005 seconds
[2020.03.13-23.04.20:775][  0]LogContentBrowser: Native class hierarchy populated in 0.0088 seconds. Added 2863 classes and 680 folders.
[2020.03.13-23.04.20:782][  0]LogContentBrowser: Native class hierarchy updated for 'WidgetCarousel' in 0.0002 seconds. Added 0 classes and 0 folders.
[2020.03.13-23.04.20:842][  0]LogContentBrowser: Native class hierarchy updated for 'AddContentDialog' in 0.0002 seconds. Added 0 classes and 0 folders.
[2020.03.13-23.04.20:848][  0]LogContentBrowser: Native class hierarchy updated for 'SceneOutliner' in 0.0002 seconds. Added 1 classes and 2 folders.
[2020.03.13-23.04.21:007][  0]LogSlate: Took 0.000178 seconds to synchronously load lazily loaded font '../../../Engine/Content/Slate/Fonts/Roboto-Regular.ttf' (155K)
[2020.03.13-23.04.21:009][  0]LogSlate: Took 0.000189 seconds to synchronously load lazily loaded font '../../../Engine/Content/Slate/Fonts/Roboto-Bold.ttf' (160K)
[2020.03.13-23.04.21:015][  0]LogSlate: Took 0.000147 seconds to synchronously load lazily loaded font '../../../Engine/Content/Editor/Slate/Fonts/FontAwesome.ttf' (139K)
[2020.03.13-23.04.21:096][  0]LogRenderer: Reallocating scene render targets to support 948x484 Format 10 NumSamples 1 (Frame:1).
[2020.03.13-23.04.21:263][  0]LogContentBrowser: Native class hierarchy updated for 'HierarchicalLODOutliner' in 0.0002 seconds. Added 0 classes and 0 folders.
[2020.03.13-23.04.21:263][  0]LogLoad: (Engine Initialization) Total time: 12.13 seconds
[2020.03.13-23.04.21:263][  0]LogLoad: (Engine Initialization) Total Blueprint compile time: 0.00 seconds
[2020.03.13-23.04.21:333][  0]LogContentStreaming: Texture pool size now 1000 MB
[2020.03.13-23.04.21:372][  0]LogSlate: Took 0.000182 seconds to synchronously load lazily loaded font '../../../Engine/Content/Slate/Fonts/Roboto-Light.ttf' (167K)
[2020.03.13-23.04.21:398][  1]LogAssetRegistry: Asset discovery search completed in 8.6149 seconds
[2020.03.13-23.04.21:402][  1]LogCollectionManager: Rebuilt the object cache for 0 collections in 0.000004 seconds (found 0 objects)
[2020.03.13-23.04.21:402][  1]LogCollectionManager: Fixed up redirectors for 0 collections in 0.000068 seconds (updated 0 objects)
[2020.03.13-23.04.24:640][193]LogSlate: FSceneViewport::OnFocusLost() reason 0
[2020.03.13-23.04.27:901][385]LogSlate: Prevented a slow task dialog from being summoned while a context menu was open
[2020.03.13-23.04.41:419][385]LogTexture: Display: Building textures: T_CliffRockTile_03_D (AutoDXT, 2048X2048)
[2020.03.13-23.04.41:419][385]LogTexture: Display: Building textures: T_CliffRock_03_N (BC5, 4096X4096)
[2020.03.13-23.04.41:419][385]LogTexture: Display: Building textures: T_Cliff01_N (BC5, 8192X8192)
[2020.03.13-23.04.41:419][385]LogTexture: Display: Building textures: T_Cliff01_D_CC_R (AutoDXT, 8192X8192)
[2020.03.13-23.05.09:534][385]LogMaterial: Display: Missing cached shader map for material M_Photoscan_Master, compiling. 
[2020.03.13-23.05.09:743][385]LogMaterial: Display: Missing cached shader map for material M_Photoscan_Master, compiling. 
[2020.03.13-23.05.10:632][385]LogShaderCompilers: Display: Worker (1/9): shaders left to compile 170
[2020.03.13-23.05.10:632][385]LogShaderCompilers: Display: Worker (2/9): shaders left to compile 160
[2020.03.13-23.05.10:632][385]LogShaderCompilers: Display: Worker (3/9): shaders left to compile 150
[2020.03.13-23.05.10:632][385]LogShaderCompilers: Display: Worker (4/9): shaders left to compile 140
[2020.03.13-23.05.10:632][385]LogShaderCompilers: Display: Worker (5/9): shaders left to compile 130
[2020.03.13-23.05.10:632][385]LogShaderCompilers: Display: Worker (6/9): shaders left to compile 120
[2020.03.13-23.05.10:632][385]LogShaderCompilers: Display: Worker (7/9): shaders left to compile 110
[2020.03.13-23.05.10:633][385]LogShaderCompilers: Display: Worker (8/9): shaders left to compile 100
[2020.03.13-23.05.10:633][385]LogStaticMesh: Building static mesh SM_Cliff01...
[2020.03.13-23.05.11:560][385]LogStaticMesh: Built static mesh [0.93s] /Game/KiteDemo/Environments/Cliffs/Cliff01/SM_Cliff01.SM_Cliff01
[2020.03.13-23.05.16:178][385]LogTexture: Display: Building textures: BogMyrtleBush_01_Atlas_Billboards_Tex (AutoDXT, 2048X2048)
[2020.03.13-23.05.16:178][385]LogTexture: Display: Building textures: BogMyrtle_01_Atlas_Billboards_Tex (AutoDXT, 2048X2048)
[2020.03.13-23.05.16:178][385]LogTexture: Display: Building textures: BogMyrtle_01_Atlas_Billboards_Normal_Tex (BC5, 2048X2048)
[2020.03.13-23.05.16:178][385]LogTexture: Display: Building textures: BogMyrtleBush_01_Atlas_Billboards_Normal_Tex (BC5, 2048X2048)
[2020.03.13-23.05.16:178][385]LogTexture: Display: Building textures: BogMyrtle_01_Atlas_Tex (AutoDXT, 4096X4096)
[2020.03.13-23.05.16:178][385]LogTexture: Display: Building textures: BogMyrtle_01_Atlas_Normal_Tex (BC5, 4096X4096)
[2020.03.13-23.05.16:178][385]LogTexture: Display: Building textures: T_BogMyrtleBtm_01_N (BC5, 4096X4096)
[2020.03.13-23.05.16:178][385]LogTexture: Display: Building textures: T_BogMyrtleBtm_01_D (AutoDXT, 4096X4096)
[2020.03.13-23.05.16:179][385]LogShaderCompilers: Display: Worker (3/9): shaders left to compile 260
[2020.03.13-23.05.16:179][385]LogShaderCompilers: Display: Worker (2/9): shaders left to compile 250
[2020.03.13-23.05.16:179][385]LogShaderCompilers: Display: Worker (8/9): shaders left to compile 240
[2020.03.13-23.05.16:179][385]LogShaderCompilers: Display: Worker (7/9): shaders left to compile 230
[2020.03.13-23.05.16:179][385]LogStaticMesh: Building static mesh BogMyrtleBush_01...
[2020.03.13-23.05.17:524][385]LogStaticMesh: Built static mesh [1.35s] /Game/KiteDemo/Environments/Foliage/BogMyrtleBush_01/BogMyrtleBush_01.BogMyrtleBush_01
[2020.03.13-23.05.18:884][385]LogShaderCompilers: Display: Worker (4/9): shaders left to compile 220
[2020.03.13-23.05.18:884][385]LogMaterial: Display: Missing cached shader map for material BogMyrtle_01_Fronds_Mat, compiling. 
[2020.03.13-23.05.19:013][385]LogMaterial: Display: Missing cached shader map for material BogMyrtle_01_Billboard_Mat, compiling. 
[2020.03.13-23.05.20:729][385]LogTexture: Display: Building textures: BogMyrtleBush_02_Atlas_Billboards_Tex (AutoDXT, 2048X2048)
[2020.03.13-23.05.20:729][385]LogTexture: Display: Building textures: BogMyrtleBush_02_Atlas_Billboards_Normal_Tex (BC5, 2048X2048)
[2020.03.13-23.05.20:729][385]LogShaderCompilers: Display: Worker (5/9): shaders left to compile 440
[2020.03.13-23.05.20:729][385]LogStaticMesh: Building static mesh BogMyrtleBush_02...
[2020.03.13-23.05.23:503][385]LogShaderCompilers: Display: Worker (1/9): shaders left to compile 430
[2020.03.13-23.05.23:503][385]LogShaderCompilers: Display: Worker (6/9): shaders left to compile 420
[2020.03.13-23.05.23:503][385]LogShaderCompilers: Display: Worker (3/9): shaders left to compile 410
[2020.03.13-23.05.23:503][385]LogShaderCompilers: Display: Worker (7/9): shaders left to compile 400
[2020.03.13-23.05.23:503][385]LogShaderCompilers: Display: Worker (4/9): shaders left to compile 390
[2020.03.13-23.05.23:503][385]LogShaderCompilers: Display: Worker (5/9): shaders left to compile 380
[2020.03.13-23.05.23:503][385]LogStaticMesh: Built static mesh [2.77s] /Game/KiteDemo/Environments/Foliage/BogMyrtleBush_02/BogMyrtleBush_02.BogMyrtleBush_02
[2020.03.13-23.05.23:624][385]LogStaticMesh: Building static mesh BogMyrtle_01...
[2020.03.13-23.05.24:643][385]LogShaderCompilers: Display: Worker (2/9): shaders left to compile 370
[2020.03.13-23.05.24:643][385]LogShaderCompilers: Display: Worker (8/9): shaders left to compile 360
[2020.03.13-23.05.24:643][385]LogStaticMesh: Built static mesh [1.02s] /Game/KiteDemo/Environments/Foliage/BogMyrtle_01/BogMyrtle_01.BogMyrtle_01
[2020.03.13-23.05.26:095][385]LogShaderCompilers: Display: Worker (1/9): shaders left to compile 350
[2020.03.13-23.05.26:095][385]LogTexture: Display: Building textures: T_Water_Screen_Noise_Soft2 (AutoDXT, 1024X1024)
[2020.03.13-23.05.26:095][385]LogTexture: Display: Building textures: T_Ice_Noise_N (BC5, 1024X1024)
[2020.03.13-23.05.26:095][385]LogTexture: Display: Building textures: T_Fern_01_D (AutoDXT, 2048X2048)
[2020.03.13-23.05.26:096][385]LogTexture: Display: Building textures: T_Fern_01_N (BC5, 2048X2048)
[2020.03.13-23.05.26:096][385]LogShaderCompilers: Display: Worker (7/9): shaders left to compile 340
[2020.03.13-23.05.26:096][385]LogMaterial: Display: Missing cached shader map for material M_Fern_01, compiling. 
[2020.03.13-23.05.26:454][385]LogTexture: Display: Building textures: T_Water_Screen_Noise_Soft (AutoDXT, 1024X1024)
[2020.03.13-23.05.26:454][385]LogMaterial: Display: Missing cached shader map for material M_Fern_01, compiling. 
[2020.03.13-23.05.26:618][385]LogStaticMesh: Building static mesh SM_Fern_01...
[2020.03.13-23.05.26:990][385]LogShaderCompilers: Display: Worker (4/9): shaders left to compile 560
[2020.03.13-23.05.26:990][385]LogStaticMesh: Built static mesh [0.37s] /Game/KiteDemo/Environments/Foliage/Ferns/SM_Fern_01.SM_Fern_01
[2020.03.13-23.05.27:066][385]LogStaticMesh: Building static mesh SM_Fern_02...
[2020.03.13-23.05.27:428][385]LogShaderCompilers: Display: Worker (5/9): shaders left to compile 550
[2020.03.13-23.05.27:428][385]LogShaderCompilers: Display: Worker (3/9): shaders left to compile 540
[2020.03.13-23.05.27:428][385]LogStaticMesh: Built static mesh [0.36s] /Game/KiteDemo/Environments/Foliage/Ferns/SM_Fern_02.SM_Fern_02
[2020.03.13-23.05.27:494][385]LogStaticMesh: Building static mesh SM_Fern_03...
[2020.03.13-23.05.27:869][385]LogStaticMesh: Built static mesh [0.38s] /Game/KiteDemo/Environments/Foliage/Ferns/SM_Fern_03.SM_Fern_03
[2020.03.13-23.05.28:757][385]LogShaderCompilers: Display: Worker (6/9): shaders left to compile 530
[2020.03.13-23.05.28:757][385]LogTexture: Display: Building textures: T_SwirlNoise (G8, 512X512)
[2020.03.13-23.05.28:757][385]LogTexture: Display: Building textures: T_Buttercup_Patch_01_M (AutoDXT, 2048X2048)
[2020.03.13-23.05.28:757][385]LogTexture: Display: Building textures: T_Buttercup_Patch_01_D (AutoDXT, 2048X2048)
[2020.03.13-23.05.28:757][385]LogMaterial: Display: Missing cached shader map for material M_Buttercup_Patch_01, compiling. 
[2020.03.13-23.05.28:878][385]LogMaterial: Display: Missing cached shader map for material M_Buttercup_Patch_01, compiling. 
[2020.03.13-23.05.29:006][385]LogStaticMesh: Building static mesh SM_Buttercup_Patch_01...
[2020.03.13-23.05.29:375][385]LogStaticMesh: Built static mesh [0.37s] /Game/KiteDemo/Environments/Foliage/Flowers/Buttercup/SM_Buttercup_Patch_01.SM_Buttercup_Patch_01
[2020.03.13-23.05.31:656][385]LogShaderCompilers: Display: Worker (7/9): shaders left to compile 750
[2020.03.13-23.05.31:656][385]LogTexture: Display: Building textures: T_FieldScabious01_M (AutoDXT, 2048X2048)
[2020.03.13-23.05.31:656][385]LogTexture: Display: Building textures: T_FieldScabious01_D (AutoDXT, 2048X2048)
[2020.03.13-23.05.31:656][385]LogTexture: Display: Building textures: T_FieldScabious01_N (BC5, 2048X2048)
[2020.03.13-23.05.31:656][385]LogShaderCompilers: Display: Worker (5/9): shaders left to compile 740
[2020.03.13-23.05.31:656][385]LogShaderCompilers: Display: Worker (4/9): shaders left to compile 730
[2020.03.13-23.05.31:656][385]LogMaterial: Display: Missing cached shader map for material M_FieldScabious_01, compiling. 
[2020.03.13-23.05.31:824][385]LogShaderCompilers: Display: Worker (1/9): shaders left to compile 720
[2020.03.13-23.05.31:824][385]LogMaterial: Display: Missing cached shader map for material M_FieldScabious_01, compiling. 
[2020.03.13-23.05.31:997][385]LogStaticMesh: Building static mesh SM_FieldScabious_01...
[2020.03.13-23.05.32:698][385]LogStaticMesh: Built static mesh [0.70s] /Game/KiteDemo/Environments/Foliage/Flowers/FieldScabious/SM_FieldScabious_01.SM_FieldScabious_01
[2020.03.13-23.05.34:349][385]LogTexture: Display: Building textures: T_HeatherBranch4_Mask2 (AutoDXT, 1024X1024)
[2020.03.13-23.05.34:349][385]LogTexture: Display: Building textures: T_Ice_Noise (AutoDXT, 1024X1024)
[2020.03.13-23.05.34:349][385]LogTexture: Display: Building textures: T_HeatherBranch4_D (AutoDXT, 2048X2048)
[2020.03.13-23.05.34:349][385]LogTexture: Display: Building textures: T_HeatherBranch4_N (BC5, 2048X2048)
[2020.03.13-23.05.34:349][385]LogShaderCompilers: Display: Worker (2/9): shaders left to compile 940
[2020.03.13-23.05.34:349][385]LogShaderCompilers: Display: Worker (7/9): shaders left to compile 930
[2020.03.13-23.05.34:349][385]LogMaterial: Display: Missing cached shader map for material M_HeatherNew_Master, compiling. 
[2020.03.13-23.05.36:629][385]LogShaderCompilers: Display: Worker (8/9): shaders left to compile 1035
[2020.03.13-23.05.36:629][385]LogTexture: Display: Building textures: T_Grass_Blobby_Height_01 (AutoDXT, 2048X2048)
[2020.03.13-23.05.36:629][385]LogShaderCompilers: Display: Worker (3/9): shaders left to compile 1025
[2020.03.13-23.05.36:629][385]LogShaderCompilers: Display: Worker (5/9): shaders left to compile 1015
[2020.03.13-23.05.36:629][385]LogMaterial: Display: Missing cached shader map for material M_HeatherNew_MasterWorldColorVarience, compiling. 
[2020.03.13-23.05.36:962][385]LogTexture: Display: Building textures: T_GDC_TilingRocks_01_DispMask (AutoDXT, 1024X1024)
[2020.03.13-23.05.36:962][385]LogMaterial: Display: Missing cached shader map for material M_HeatherNew_Master, compiling. 
[2020.03.13-23.05.37:089][385]LogMaterial: Display: Missing cached shader map for material M_HeatherNew_MasterWorldColorVarience, compiling. 
[2020.03.13-23.05.37:223][385]LogMaterial: Display: Missing cached shader map for material M_HeatherNew_MasterWorldColorVarience, compiling. 
[2020.03.13-23.05.37:356][385]LogStaticMesh: Building static mesh SM_Heather_Mesh_Clumps2...
[2020.03.13-23.05.37:454][385]LogStaticMesh: Built static mesh [0.10s] /Game/KiteDemo/Environments/Foliage/Flowers/Heather/SM_Heather_Mesh_Clumps2.SM_Heather_Mesh_Clumps2
[2020.03.13-23.05.37:477][385]LogStaticMesh: Building static mesh SM_Heather_Mesh_Clumps2_WorldPopulate...
[2020.03.13-23.05.37:755][385]LogShaderCompilers: Display: Worker (4/9): shaders left to compile 1465
[2020.03.13-23.05.37:755][385]LogStaticMesh: Built static mesh [0.28s] /Game/KiteDemo/Environments/Foliage/Flowers/Heather/SM_Heather_Mesh_Clumps2_WorldPopulate.SM_Heather_Mesh_Clumps2_WorldPopulate
[2020.03.13-23.05.39:754][385]LogTexture: Display: Building textures: T_Yarrow_N (BC5, 2048X2048)
[2020.03.13-23.05.39:754][385]LogTexture: Display: Building textures: T_Yarrow_D (AutoDXT, 2048X2048)
[2020.03.13-23.05.39:754][385]LogShaderCompilers: Display: Worker (1/9): shaders left to compile 1455
[2020.03.13-23.05.39:754][385]LogShaderCompilers: Display: Worker (6/9): shaders left to compile 1445
[2020.03.13-23.05.39:754][385]LogMaterial: Display: Missing cached shader map for material M_HeatherNew_Master, compiling. 
[2020.03.13-23.05.40:245][385]LogTexture: Display: Building textures: T_Yarrow_M (AutoDXT, 2048X2048)
[2020.03.13-23.05.40:245][385]LogStaticMesh: Building static mesh SM_Yarrow...
[2020.03.13-23.05.40:941][385]LogStaticMesh: Built static mesh [0.70s] /Game/KiteDemo/Environments/Foliage/Flowers/Yarrow/SM_Yarrow.SM_Yarrow
[2020.03.13-23.05.41:047][385]LogStaticMesh: Building static mesh SM_Yarrow3...
[2020.03.13-23.05.41:742][385]LogShaderCompilers: Display: Worker (8/9): shaders left to compile 1550
[2020.03.13-23.05.41:742][385]LogShaderCompilers: Display: Worker (2/9): shaders left to compile 1540
[2020.03.13-23.05.41:742][385]LogShaderCompilers: Display: Worker (7/9): shaders left to compile 1530
[2020.03.13-23.05.41:742][385]LogStaticMesh: Built static mesh [0.70s] /Game/KiteDemo/Environments/Foliage/Flowers/Yarrow/SM_Yarrow3.SM_Yarrow3
[2020.03.13-23.05.54:963][385]LogTexture: Display: Building textures: T_DeadLeavesAtlas_01_D (AutoDXT, 4096X4096)
[2020.03.13-23.05.54:963][385]LogTexture: Display: Building textures: T_DeadLeavesAtlas_01_N (BC5, 4096X4096)
[2020.03.13-23.05.54:963][385]LogTexture: Display: Building textures: T_DeadLeavesAtlasTop_01_D (AutoDXT, 4096X4096)
[2020.03.13-23.05.54:963][385]LogShaderCompilers: Display: Worker (5/9): shaders left to compile 1520
[2020.03.13-23.05.54:963][385]LogShaderCompilers: Display: Worker (3/9): shaders left to compile 1510
[2020.03.13-23.05.54:963][385]LogShaderCompilers: Display: Worker (8/9): shaders left to compile 1500
[2020.03.13-23.05.54:963][385]LogShaderCompilers: Display: Worker (2/9): shaders left to compile 1490
[2020.03.13-23.05.54:963][385]LogShaderCompilers: Display: Worker (6/9): shaders left to compile 1480
[2020.03.13-23.05.54:963][385]LogShaderCompilers: Display: Worker (4/9): shaders left to compile 1470
[2020.03.13-23.05.54:963][385]LogShaderCompilers: Display: Worker (5/9): shaders left to compile 1460
[2020.03.13-23.05.54:963][385]LogShaderCompilers: Display: Worker (3/9): shaders left to compile 1450
[2020.03.13-23.05.54:963][385]LogMaterial: Display: Missing cached shader map for material M_DeadLeaves, compiling. 
[2020.03.13-23.05.55:185][385]LogStaticMesh: Building static mesh SM_DeadLeaves...
[2020.03.13-23.05.55:860][385]LogShaderCompilers: Display: Worker (7/9): shaders left to compile 1555
[2020.03.13-23.05.55:861][385]LogShaderCompilers: Display: Worker (8/9): shaders left to compile 1545
[2020.03.13-23.05.55:861][385]LogStaticMesh: Built static mesh [0.68s] /Game/KiteDemo/Environments/Foliage/Leaves/SM_DeadLeaves.SM_DeadLeaves
[2020.03.13-23.05.55:936][385]LogStaticMesh: Building static mesh SM_DeadLeaves_Flat...
[2020.03.13-23.05.56:621][385]LogStaticMesh: Built static mesh [0.69s] /Game/KiteDemo/Environments/Foliage/Leaves/SM_DeadLeaves_Flat.SM_DeadLeaves_Flat
[2020.03.13-23.06.18:354][385]LogShaderCompilers: Display: Worker (2/9): shaders left to compile 1535
[2020.03.13-23.06.18:354][385]LogShaderCompilers: Display: Worker (4/9): shaders left to compile 1525
[2020.03.13-23.06.18:354][385]LogShaderCompilers: Display: Worker (1/9): shaders left to compile 1515
[2020.03.13-23.06.18:354][385]LogShaderCompilers: Display: Worker (6/9): shaders left to compile 1505
[2020.03.13-23.06.18:354][385]LogShaderCompilers: Display: Worker (8/9): shaders left to compile 1495
[2020.03.13-23.06.18:354][385]LogShaderCompilers: Display: Worker (7/9): shaders left to compile 1485
[2020.03.13-23.06.18:354][385]LogShaderCompilers: Display: Worker (2/9): shaders left to compile 1475
[2020.03.13-23.06.18:354][385]LogShaderCompilers: Display: Worker (5/9): shaders left to compile 1465
[2020.03.13-23.06.18:354][385]LogTexture: Display: Building textures: T_AlpinePatch001_N (BC5, 8192X8192)
[2020.03.13-23.06.18:354][385]LogShaderCompilers: Display: Worker (4/9): shaders left to compile 1455
[2020.03.13-23.06.18:354][385]LogShaderCompilers: Display: Worker (8/9): shaders left to compile 1445
[2020.03.13-23.06.18:354][385]LogShaderCompilers: Display: Worker (3/9): shaders left to compile 1435
[2020.03.13-23.06.18:354][385]LogShaderCompilers: Display: Worker (6/9): shaders left to compile 1425
[2020.03.13-23.06.18:354][385]LogShaderCompilers: Display: Worker (7/9): shaders left to compile 1415
[2020.03.13-23.06.18:354][385]LogShaderCompilers: Display: Worker (1/9): shaders left to compile 1405
[2020.03.13-23.06.18:355][385]LogShaderCompilers: Display: Worker (2/9): shaders left to compile 1395
[2020.03.13-23.06.18:355][385]LogShaderCompilers: Display: Worker (7/9): shaders left to compile 1385
[2020.03.13-23.06.18:355][385]LogShaderCompilers: Display: Worker (3/9): shaders left to compile 1375
[2020.03.13-23.06.18:355][385]LogShaderCompilers: Display: Worker (6/9): shaders left to compile 1365
[2020.03.13-23.06.18:355][385]LogShaderCompilers: Display: Worker (5/9): shaders left to compile 1355
[2020.03.13-23.06.18:355][385]LogShaderCompilers: Display: Worker (8/9): shaders left to compile 1345
[2020.03.13-23.06.18:355][385]LogShaderCompilers: Display: Worker (4/9): shaders left to compile 1335
[2020.03.13-23.06.18:355][385]LogShaderCompilers: Display: Worker (1/9): shaders left to compile 1325
[2020.03.13-23.06.18:355][385]LogShaderCompilers: Display: Worker (2/9): shaders left to compile 1315
[2020.03.13-23.06.18:355][385]LogShaderCompilers: Display: Worker (7/9): shaders left to compile 1305
[2020.03.13-23.06.18:355][385]LogShaderCompilers: Display: Worker (3/9): shaders left to compile 1295
[2020.03.13-23.06.18:355][385]LogShaderCompilers: Display: Worker (6/9): shaders left to compile 1285
[2020.03.13-23.06.18:355][385]LogShaderCompilers: Display: Worker (5/9): shaders left to compile 1275
[2020.03.13-23.06.18:355][385]LogTexture: Display: Building textures: T_AlpinePatch001_D_R (AutoDXT, 8192X8192)
