Log file open, 03/13/20 15:49:36
LogWindows: Failed to load 'aqProf.dll' (GetLastError=126)
LogWindows: File 'aqProf.dll' does not exist
LogWindows: Failed to load 'VtuneApi.dll' (GetLastError=126)
LogWindows: File 'VtuneApi.dll' does not exist
LogWindows: Failed to load 'VtuneApi32e.dll' (GetLastError=126)
LogWindows: File 'VtuneApi32e.dll' does not exist
LogConsoleResponse: Display: Failed to find resolution value strings in scalability ini. Falling back to default.
LogInit: Display: Running engine for game: FPSGameStarterKit
LogPlatformFile: Not using cached read wrapper
LogTaskGraph: Started task graph with 5 named threads and 35 total threads with 3 sets of task threads.
LogStats: Stats thread started at 0.312336
LogD3D11RHI: Loaded GFSDK_Aftermath_Lib.x64.dll
LogICUInternationalization: ICU TimeZone Detection - Raw Offset: -8:00, Platform Override: ''
LogPluginManager: Mounting plugin Paper2D
LogPluginManager: Mounting plugin AISupport
LogPluginManager: Mounting plugin LightPropagationVolume
LogPluginManager: Mounting plugin ActorLayerUtilities
LogPluginManager: Mounting plugin AnimationSharing
LogPluginManager: Mounting plugin CLionSourceCodeAccess
LogPluginManager: Mounting plugin CodeLiteSourceCodeAccess
LogPluginManager: Mounting plugin GitSourceControl
LogPluginManager: Mounting plugin KDevelopSourceCodeAccess
LogPluginManager: Mounting plugin NullSourceCodeAccess
LogPluginManager: Mounting plugin PerforceSourceControl
LogPluginManager: Mounting plugin SubversionSourceControl
LogPluginManager: Mounting plugin UObjectPlugin
LogPluginManager: Mounting plugin VisualStudioCodeSourceCodeAccess
LogPluginManager: Mounting plugin VisualStudioSourceCodeAccess
LogPluginManager: Mounting plugin XCodeSourceCodeAccess
LogPluginManager: Mounting plugin AssetManagerEditor
LogPluginManager: Mounting plugin CryptoKeys
LogPluginManager: Mounting plugin CurveEditorTools
LogPluginManager: Mounting plugin DataValidation
LogPluginManager: Mounting plugin FacialAnimation
LogPluginManager: Mounting plugin GameplayTagsEditor
LogPluginManager: Mounting plugin MacGraphicsSwitching
LogPluginManager: Mounting plugin MaterialAnalyzer
LogPluginManager: Mounting plugin MobileLauncherProfileWizard
LogPluginManager: Mounting plugin PluginBrowser
LogPluginManager: Mounting plugin SpeedTreeImporter
LogPluginManager: Mounting plugin DatasmithContent
LogPluginManager: Mounting plugin VariantManagerContent
LogPluginManager: Mounting plugin AlembicImporter
LogPluginManager: Mounting plugin AutomationUtils
LogPluginManager: Mounting plugin BackChannel
LogPluginManager: Mounting plugin CharacterAI
LogPluginManager: Mounting plugin GeometryCache
LogPluginManager: Mounting plugin HTML5Networking
LogPluginManager: Mounting plugin PlatformCrypto
LogPluginManager: Mounting plugin ProxyLODPlugin
LogPluginManager: Mounting plugin SkeletalReduction
LogPluginManager: Mounting plugin MagicLeap
LogPluginManager: Mounting plugin MagicLeapMedia
LogPluginManager: Mounting plugin AndroidMedia
LogPluginManager: Mounting plugin AvfMedia
LogPluginManager: Mounting plugin ImgMedia
LogPluginManager: Mounting plugin MediaCompositing
LogPluginManager: Mounting plugin MediaPlayerEditor
LogPluginManager: Mounting plugin WebMMedia
LogPluginManager: Mounting plugin WmfMedia
LogPluginManager: Mounting plugin TcpMessaging
LogPluginManager: Mounting plugin UdpMessaging
LogPluginManager: Mounting plugin ActorSequence
LogPluginManager: Mounting plugin LevelSequenceEditor
LogPluginManager: Mounting plugin MatineeToLevelSequence
LogPluginManager: Mounting plugin NetcodeUnitTest
LogPluginManager: Mounting plugin NUTUnrealEngine4
LogPluginManager: Mounting plugin OnlineSubsystemGooglePlay
LogPluginManager: Mounting plugin OnlineSubsystemIOS
LogPluginManager: Mounting plugin OnlineSubsystem
LogPluginManager: Mounting plugin OnlineSubsystemNull
LogPluginManager: Mounting plugin OnlineSubsystemUtils
LogPluginManager: Mounting plugin LauncherChunkInstaller
LogPluginManager: Mounting plugin AndroidDeviceProfileSelector
LogPluginManager: Mounting plugin AndroidMoviePlayer
LogPluginManager: Mounting plugin AndroidPermission
LogPluginManager: Mounting plugin AppleImageUtils
LogPluginManager: Mounting plugin AppleMoviePlayer
LogPluginManager: Mounting plugin ArchVisCharacter
LogPluginManager: Mounting plugin AudioCapture
LogPluginManager: Mounting plugin CableComponent
LogPluginManager: Mounting plugin CustomMeshComponent
LogPluginManager: Mounting plugin EditableMesh
LogPluginManager: Mounting plugin ExampleDeviceProfileSelector
LogPluginManager: Mounting plugin GoogleCloudMessaging
LogPluginManager: Mounting plugin IOSDeviceProfileSelector
LogPluginManager: Mounting plugin LinuxDeviceProfileSelector
LogPluginManager: Mounting plugin LocationServicesBPLibrary
LogPluginManager: Mounting plugin MobilePatchingUtils
LogPluginManager: Mounting plugin OculusVR
LogPluginManager: Mounting plugin PhysXVehicles
LogPluginManager: Mounting plugin ProceduralMeshComponent
LogPluginManager: Mounting plugin RuntimePhysXCooking
LogPluginManager: Mounting plugin SignificanceManager
LogPluginManager: Mounting plugin SteamVR
LogPluginManager: Mounting plugin WebMMoviePlayer
LogPluginManager: Mounting plugin WindowsMoviePlayer
LogPluginManager: Mounting plugin ScreenshotTools
LogInit: Using libcurl 7.55.1-DEV
LogInit:  - built for x86_64-pc-win32
LogInit:  - supports SSL with OpenSSL/1.1.1
LogInit:  - supports HTTP deflate (compression) using libz 1.2.8
LogInit:  - other features:
LogInit:      CURL_VERSION_SSL
LogInit:      CURL_VERSION_LIBZ
LogInit:      CURL_VERSION_IPV6
LogInit:      CURL_VERSION_ASYNCHDNS
LogInit:      CURL_VERSION_LARGEFILE
LogInit:      CURL_VERSION_IDN
LogInit:  CurlRequestOptions (configurable via config and command line):
LogInit:  - bVerifyPeer = true  - Libcurl will verify peer certificate
LogInit:  - bUseHttpProxy = false  - Libcurl will NOT use HTTP proxy
LogInit:  - bDontReuseConnections = false  - Libcurl will reuse connections
LogInit:  - MaxHostConnections = 16  - Libcurl will limit the number of connections to a host
LogInit:  - LocalHostAddr = Default
LogInit:  - BufferSize = 65536
LogOnline: OSS: Creating online subsystem instance for: NULL
LogInit: WinSock: version 1.1 (2.2), MaxSocks=32767, MaxUdp=65467
LogInit: Build: ++UE4+Release-4.23-CL-8386587
LogInit: Engine Version: 4.23.0-8386587+++UE4+Release-4.23
LogInit: Compatible Engine Version: 4.23.0-8386587+++UE4+Release-4.23
LogInit: Net CL: 8386587
LogInit: OS: Windows 10 (Release 1903) (), CPU: Intel(R) Core(TM) i7-8750H CPU @ 2.20GHz, GPU: Intel(R) UHD Graphics 630
LogInit: Compiled (64-bit): Aug 31 2019 02:04:44
LogInit: Compiled with Visual C++: 19.16.27030.01
LogInit: Build Configuration: Development
LogInit: Branch Name: ++UE4+Release-4.23
LogInit: Command Line: 
LogInit: Base Directory: C:/UnrealEngine/UE_4.23/Engine/Binaries/Win64/
LogInit: Installed Engine Build: 1
LogDevObjectVersion: Number of dev versions registered: 23
LogDevObjectVersion:   Dev-Blueprints (B0D832E4-1F89-4F0D-ACCF-7EB736FD4AA2): 10
LogDevObjectVersion:   Dev-Build (E1C64328-A22C-4D53-A36C-8E866417BD8C): 0
LogDevObjectVersion:   Dev-Core (375EC13C-06E4-48FB-B500-84F0262A717E): 3
LogDevObjectVersion:   Dev-Editor (E4B068ED-F494-42E9-A231-DA0B2E46BB41): 34
LogDevObjectVersion:   Dev-Framework (CFFC743F-43B0-4480-9391-14DF171D2073): 35
LogDevObjectVersion:   Dev-Mobile (B02B49B5-BB20-44E9-A304-32B752E40360): 2
LogDevObjectVersion:   Dev-Networking (A4E4105C-59A1-49B5-A7C5-40C4547EDFEE): 0
LogDevObjectVersion:   Dev-Online (39C831C9-5AE6-47DC-9A44-9C173E1C8E7C): 0
LogDevObjectVersion:   Dev-Physics (78F01B33-EBEA-4F98-B9B4-84EACCB95AA2): 0
LogDevObjectVersion:   Dev-Platform (6631380F-2D4D-43E0-8009-CF276956A95A): 0
LogDevObjectVersion:   Dev-Rendering (12F88B9F-8875-4AFC-A67C-D90C383ABD29): 31
LogDevObjectVersion:   Dev-Sequencer (7B5AE74C-D270-4C10-A958-57980B212A5A): 11
LogDevObjectVersion:   Dev-VR (D7296918-1DD6-4BDD-9DE2-64A83CC13884): 2
LogDevObjectVersion:   Dev-LoadTimes (C2A15278-BFE7-4AFE-6C17-90FF531DF755): 1
LogDevObjectVersion:   Private-Geometry (6EACA3D4-40EC-4CC1-B786-8BED09428FC5): 3
LogDevObjectVersion:   Dev-AnimPhys (29E575DD-E0A3-4627-9D10-D276232CDCEA): 17
LogDevObjectVersion:   Dev-Anim (AF43A65D-7FD3-4947-9873-3E8ED9C1BB05): 2
LogDevObjectVersion:   Dev-ReflectionCapture (6B266CEC-1EC7-4B8F-A30B-E4D90942FC07): 1
LogDevObjectVersion:   Dev-Automation (0DF73D61-A23F-47EA-B727-89E90C41499A): 1
LogDevObjectVersion:   FortniteMain (601D1886-AC64-4F84-AA16-D3DE0DEAC7D6): 27
LogDevObjectVersion:   Dev-Enterprise (9DFFBCD6-494F-0158-E221-12823C92A888): 6
LogDevObjectVersion:   Dev-Niagara (F2AED0AC-9AFE-416F-8664-AA7FFA26D6FC): 1
LogDevObjectVersion:   Dev-Destruction (174F1F0B-B4C6-45A5-B13F-2EE8D0FB917D): 9
LogInit: Presizing for max 16777216 objects, including 0 objects not considered by GC, pre-allocating 0 bytes for permanent pool.
LogInit: Object subsystem initialized
LogConfig: Setting CVar [[con.DebugEarlyDefault:1]]
LogConfig: Setting CVar [[r.setres:1280x720]]
[2020.03.13-22.49.37:472][  0]LogConfig: Setting CVar [[r.VSync:0]]
[2020.03.13-22.49.37:472][  0]LogConfig: Setting CVar [[r.RHICmdBypass:0]]
[2020.03.13-22.49.37:472][  0]LogConfig: Applying CVar settings from Section [/Script/Engine.RendererSettings] File [C:/Users/soapm/Documents/GitHub/LevelDesignFinal/FPSGameStarterKit/Saved/Config/Windows/Engine.ini]
[2020.03.13-22.49.37:472][  0]LogConfig: Setting CVar [[r.GPUCrashDebugging:0]]
[2020.03.13-22.49.37:472][  0]LogConfig: Setting CVar [[r.DefaultFeature.Bloom:0]]
[2020.03.13-22.49.37:472][  0]LogConfig: Setting CVar [[r.DefaultFeature.AutoExposure:0]]
[2020.03.13-22.49.37:472][  0]LogConfig: Setting CVar [[r.DefaultFeature.MotionBlur:0]]
[2020.03.13-22.49.37:472][  0]LogConfig: Applying CVar settings from Section [/Script/Engine.RendererOverrideSettings] File [C:/Users/soapm/Documents/GitHub/LevelDesignFinal/FPSGameStarterKit/Saved/Config/Windows/Engine.ini]
[2020.03.13-22.49.37:472][  0]LogConfig: Applying CVar settings from Section [/Script/Engine.StreamingSettings] File [C:/Users/soapm/Documents/GitHub/LevelDesignFinal/FPSGameStarterKit/Saved/Config/Windows/Engine.ini]
[2020.03.13-22.49.37:472][  0]LogConfig: Setting CVar [[s.MinBulkDataSizeForAsyncLoading:131072]]
[2020.03.13-22.49.37:472][  0]LogConfig: Setting CVar [[s.AsyncLoadingThreadEnabled:0]]
[2020.03.13-22.49.37:472][  0]LogConfig: Setting CVar [[s.EventDrivenLoaderEnabled:1]]
[2020.03.13-22.49.37:472][  0]LogConfig: Setting CVar [[s.WarnIfTimeLimitExceeded:0]]
[2020.03.13-22.49.37:472][  0]LogConfig: Setting CVar [[s.TimeLimitExceededMultiplier:1.5]]
[2020.03.13-22.49.37:472][  0]LogConfig: Setting CVar [[s.TimeLimitExceededMinTime:0.005]]
[2020.03.13-22.49.37:472][  0]LogConfig: Setting CVar [[s.UseBackgroundLevelStreaming:1]]
[2020.03.13-22.49.37:472][  0]LogConfig: Setting CVar [[s.PriorityAsyncLoadingExtraTime:15.0]]
[2020.03.13-22.49.37:473][  0]LogConfig: Setting CVar [[s.LevelStreamingActorsUpdateTimeLimit:5.0]]
[2020.03.13-22.49.37:473][  0]LogConfig: Setting CVar [[s.PriorityLevelStreamingActorsUpdateExtraTime:5.0]]
[2020.03.13-22.49.37:473][  0]LogConfig: Setting CVar [[s.LevelStreamingComponentsRegistrationGranularity:10]]
[2020.03.13-22.49.37:473][  0]LogConfig: Setting CVar [[s.UnregisterComponentsTimeLimit:1.0]]
[2020.03.13-22.49.37:473][  0]LogConfig: Setting CVar [[s.LevelStreamingComponentsUnregistrationGranularity:5]]
[2020.03.13-22.49.37:473][  0]LogConfig: Applying CVar settings from Section [/Script/Engine.GarbageCollectionSettings] File [C:/Users/soapm/Documents/GitHub/LevelDesignFinal/FPSGameStarterKit/Saved/Config/Windows/Engine.ini]
[2020.03.13-22.49.37:473][  0]LogConfig: Setting CVar [[gc.MaxObjectsNotConsideredByGC:1]]
[2020.03.13-22.49.37:473][  0]LogConfig: Setting CVar [[gc.SizeOfPermanentObjectPool:0]]
[2020.03.13-22.49.37:473][  0]LogConfig: Setting CVar [[gc.FlushStreamingOnGC:0]]
[2020.03.13-22.49.37:473][  0]LogConfig: Setting CVar [[gc.NumRetriesBeforeForcingGC:10]]
[2020.03.13-22.49.37:473][  0]LogConfig: Setting CVar [[gc.AllowParallelGC:1]]
[2020.03.13-22.49.37:473][  0]LogConfig: Setting CVar [[gc.TimeBetweenPurgingPendingKillObjects:61.1]]
[2020.03.13-22.49.37:473][  0]LogConfig: Setting CVar [[gc.MaxObjectsInEditor:16777216]]
[2020.03.13-22.49.37:473][  0]LogConfig: Setting CVar [[gc.IncrementalBeginDestroyEnabled:1]]
[2020.03.13-22.49.37:473][  0]LogConfig: Setting CVar [[gc.CreateGCClusters:1]]
[2020.03.13-22.49.37:473][  0]LogConfig: Setting CVar [[gc.MinGCClusterSize:5]]
[2020.03.13-22.49.37:473][  0]LogConfig: Setting CVar [[gc.ActorClusteringEnabled:0]]
[2020.03.13-22.49.37:473][  0]LogConfig: Setting CVar [[gc.BlueprintClusteringEnabled:0]]
[2020.03.13-22.49.37:473][  0]LogConfig: Setting CVar [[gc.UseDisregardForGCOnDedicatedServers:0]]
[2020.03.13-22.49.37:473][  0]LogConfig: Applying CVar settings from Section [/Script/Engine.NetworkSettings] File [C:/Users/soapm/Documents/GitHub/LevelDesignFinal/FPSGameStarterKit/Saved/Config/Windows/Engine.ini]
[2020.03.13-22.49.37:473][  0]LogConfig: Applying CVar settings from Section [/Script/UnrealEd.CookerSettings] File [C:/Users/soapm/Documents/GitHub/LevelDesignFinal/FPSGameStarterKit/Saved/Config/Windows/Engine.ini]
[2020.03.13-22.49.37:476][  0]LogConfig: Applying CVar settings from Section [ViewDistanceQuality@3] File [C:/Users/soapm/Documents/GitHub/LevelDesignFinal/FPSGameStarterKit/Saved/Config/Windows/Scalability.ini]
[2020.03.13-22.49.37:476][  0]LogConfig: Setting CVar [[r.SkeletalMeshLODBias:0]]
[2020.03.13-22.49.37:476][  0]LogConfig: Setting CVar [[r.ViewDistanceScale:1.0]]
[2020.03.13-22.49.37:476][  0]LogConfig: Applying CVar settings from Section [AntiAliasingQuality@3] File [C:/Users/soapm/Documents/GitHub/LevelDesignFinal/FPSGameStarterKit/Saved/Config/Windows/Scalability.ini]
[2020.03.13-22.49.37:476][  0]LogConfig: Setting CVar [[r.PostProcessAAQuality:4]]
[2020.03.13-22.49.37:476][  0]LogConfig: Applying CVar settings from Section [ShadowQuality@3] File [C:/Users/soapm/Documents/GitHub/LevelDesignFinal/FPSGameStarterKit/Saved/Config/Windows/Scalability.ini]
[2020.03.13-22.49.37:476][  0]LogConfig: Setting CVar [[r.LightFunctionQuality:1]]
[2020.03.13-22.49.37:476][  0]LogConfig: Setting CVar [[r.ShadowQuality:5]]
[2020.03.13-22.49.37:476][  0]LogConfig: Setting CVar [[r.Shadow.CSM.MaxCascades:10]]
[2020.03.13-22.49.37:476][  0]LogConfig: Setting CVar [[r.Shadow.MaxResolution:2048]]
[2020.03.13-22.49.37:476][  0]LogConfig: Setting CVar [[r.Shadow.MaxCSMResolution:2048]]
[2020.03.13-22.49.37:476][  0]LogConfig: Setting CVar [[r.Shadow.RadiusThreshold:0.01]]
[2020.03.13-22.49.37:476][  0]LogConfig: Setting CVar [[r.Shadow.DistanceScale:1.0]]
[2020.03.13-22.49.37:476][  0]LogConfig: Setting CVar [[r.Shadow.CSM.TransitionScale:1.0]]
[2020.03.13-22.49.37:476][  0]LogConfig: Setting CVar [[r.Shadow.PreShadowResolutionFactor:1.0]]
[2020.03.13-22.49.37:476][  0]LogConfig: Setting CVar [[r.DistanceFieldShadowing:1]]
[2020.03.13-22.49.37:476][  0]LogConfig: Setting CVar [[r.DistanceFieldAO:1]]
[2020.03.13-22.49.37:476][  0]LogConfig: Setting CVar [[r.AOQuality:2]]
[2020.03.13-22.49.37:476][  0]LogConfig: Setting CVar [[r.VolumetricFog:1]]
[2020.03.13-22.49.37:476][  0]LogConfig: Setting CVar [[r.VolumetricFog.GridPixelSize:8]]
[2020.03.13-22.49.37:476][  0]LogConfig: Setting CVar [[r.VolumetricFog.GridSizeZ:128]]
[2020.03.13-22.49.37:476][  0]LogConfig: Setting CVar [[r.VolumetricFog.HistoryMissSupersampleCount:4]]
[2020.03.13-22.49.37:476][  0]LogConfig: Setting CVar [[r.LightMaxDrawDistanceScale:1]]
[2020.03.13-22.49.37:476][  0]LogConfig: Setting CVar [[r.CapsuleShadows:1]]
[2020.03.13-22.49.37:476][  0]LogConfig: Applying CVar settings from Section [PostProcessQuality@3] File [C:/Users/soapm/Documents/GitHub/LevelDesignFinal/FPSGameStarterKit/Saved/Config/Windows/Scalability.ini]
[2020.03.13-22.49.37:476][  0]LogConfig: Setting CVar [[r.MotionBlurQuality:4]]
[2020.03.13-22.49.37:476][  0]LogConfig: Setting CVar [[r.AmbientOcclusionMipLevelFactor:0.4]]
[2020.03.13-22.49.37:476][  0]LogConfig: Setting CVar [[r.AmbientOcclusionMaxQuality:100]]
[2020.03.13-22.49.37:476][  0]LogConfig: Setting CVar [[r.AmbientOcclusionLevels:-1]]
[2020.03.13-22.49.37:476][  0]LogConfig: Setting CVar [[r.AmbientOcclusionRadiusScale:1.0]]
[2020.03.13-22.49.37:476][  0]LogConfig: Setting CVar [[r.DepthOfFieldQuality:2]]
[2020.03.13-22.49.37:476][  0]LogConfig: Setting CVar [[r.RenderTargetPoolMin:400]]
[2020.03.13-22.49.37:477][  0]LogConfig: Setting CVar [[r.LensFlareQuality:2]]
[2020.03.13-22.49.37:477][  0]LogConfig: Setting CVar [[r.SceneColorFringeQuality:1]]
[2020.03.13-22.49.37:477][  0]LogConfig: Setting CVar [[r.EyeAdaptationQuality:2]]
[2020.03.13-22.49.37:477][  0]LogConfig: Setting CVar [[r.BloomQuality:5]]
[2020.03.13-22.49.37:477][  0]LogConfig: Setting CVar [[r.FastBlurThreshold:100]]
[2020.03.13-22.49.37:477][  0]LogConfig: Setting CVar [[r.Upscale.Quality:3]]
[2020.03.13-22.49.37:477][  0]LogConfig: Setting CVar [[r.Tonemapper.GrainQuantization:1]]
[2020.03.13-22.49.37:477][  0]LogConfig: Setting CVar [[r.LightShaftQuality:1]]
[2020.03.13-22.49.37:477][  0]LogConfig: Setting CVar [[r.Filter.SizeScale:1]]
[2020.03.13-22.49.37:477][  0]LogConfig: Setting CVar [[r.Tonemapper.Quality:5]]
[2020.03.13-22.49.37:477][  0]LogConfig: Setting CVar [[r.DOF.Gather.AccumulatorQuality:1        ; higher gathering accumulator quality]]
[2020.03.13-22.49.37:477][  0]LogConfig: Setting CVar [[r.DOF.Gather.PostfilterMethod:1          ; Median3x3 postfilering method]]
[2020.03.13-22.49.37:477][  0]LogConfig: Setting CVar [[r.DOF.Gather.EnableBokehSettings:0       ; no bokeh simulation when gathering]]
[2020.03.13-22.49.37:477][  0]LogConfig: Setting CVar [[r.DOF.Gather.RingCount:4                 ; medium number of samples when gathering]]
[2020.03.13-22.49.37:477][  0]LogConfig: Setting CVar [[r.DOF.Scatter.ForegroundCompositing:1    ; additive foreground scattering]]
[2020.03.13-22.49.37:477][  0]LogConfig: Setting CVar [[r.DOF.Scatter.BackgroundCompositing:2    ; additive background scattering]]
[2020.03.13-22.49.37:477][  0]LogConfig: Setting CVar [[r.DOF.Scatter.EnableBokehSettings:1      ; bokeh simulation when scattering]]
[2020.03.13-22.49.37:477][  0]LogConfig: Setting CVar [[r.DOF.Scatter.MaxSpriteRatio:0.1         ; only a maximum of 10% of scattered bokeh]]
[2020.03.13-22.49.37:477][  0]LogConfig: Setting CVar [[r.DOF.Recombine.Quality:1                ; cheap slight out of focus]]
[2020.03.13-22.49.37:477][  0]LogConfig: Setting CVar [[r.DOF.Recombine.EnableBokehSettings:0    ; no bokeh simulation on slight out of focus]]
[2020.03.13-22.49.37:477][  0]LogConfig: Setting CVar [[r.DOF.TemporalAAQuality:1                ; more stable temporal accumulation]]
[2020.03.13-22.49.37:477][  0]LogConfig: Setting CVar [[r.DOF.Kernel.MaxForegroundRadius:0.025]]
[2020.03.13-22.49.37:477][  0]LogConfig: Setting CVar [[r.DOF.Kernel.MaxBackgroundRadius:0.025]]
[2020.03.13-22.49.37:477][  0]LogConfig: Applying CVar settings from Section [TextureQuality@3] File [C:/Users/soapm/Documents/GitHub/LevelDesignFinal/FPSGameStarterKit/Saved/Config/Windows/Scalability.ini]
[2020.03.13-22.49.37:477][  0]LogConfig: Setting CVar [[r.Streaming.MipBias:0]]
[2020.03.13-22.49.37:477][  0]LogConfig: Setting CVar [[r.Streaming.AmortizeCPUToGPUCopy:0]]
[2020.03.13-22.49.37:477][  0]LogConfig: Setting CVar [[r.Streaming.MaxNumTexturesToStreamPerFrame:0]]
[2020.03.13-22.49.37:477][  0]LogConfig: Setting CVar [[r.Streaming.Boost:1]]
[2020.03.13-22.49.37:477][  0]LogConfig: Setting CVar [[r.MaxAnisotropy:8]]
[2020.03.13-22.49.37:477][  0]LogConfig: Setting CVar [[r.Streaming.LimitPoolSizeToVRAM:0]]
[2020.03.13-22.49.37:477][  0]LogConfig: Setting CVar [[r.Streaming.PoolSize:1000]]
[2020.03.13-22.49.37:477][  0]LogConfig: Setting CVar [[r.Streaming.MaxEffectiveScreenSize:0]]
[2020.03.13-22.49.37:477][  0]LogConfig: Applying CVar settings from Section [EffectsQuality@3] File [C:/Users/soapm/Documents/GitHub/LevelDesignFinal/FPSGameStarterKit/Saved/Config/Windows/Scalability.ini]
[2020.03.13-22.49.37:477][  0]LogConfig: Setting CVar [[r.TranslucencyLightingVolumeDim:64]]
[2020.03.13-22.49.37:477][  0]LogConfig: Setting CVar [[r.RefractionQuality:2]]
[2020.03.13-22.49.37:477][  0]LogConfig: Setting CVar [[r.SSR.Quality:3]]
[2020.03.13-22.49.37:477][  0]LogConfig: Setting CVar [[r.SceneColorFormat:4]]
[2020.03.13-22.49.37:477][  0]LogConfig: Setting CVar [[r.DetailMode:2]]
[2020.03.13-22.49.37:477][  0]LogConfig: Setting CVar [[r.TranslucencyVolumeBlur:1]]
[2020.03.13-22.49.37:477][  0]LogConfig: Setting CVar [[r.MaterialQualityLevel:1 ; High quality]]
[2020.03.13-22.49.37:477][  0]LogConfig: Setting CVar [[r.SSS.Scale:1]]
[2020.03.13-22.49.37:477][  0]LogConfig: Setting CVar [[r.SSS.SampleSet:2]]
[2020.03.13-22.49.37:477][  0]LogConfig: Setting CVar [[r.SSS.Quality:1]]
[2020.03.13-22.49.37:477][  0]LogConfig: Setting CVar [[r.SSS.HalfRes:1]]
[2020.03.13-22.49.37:477][  0]LogConfig: Setting CVar [[r.EmitterSpawnRateScale:1.0]]
[2020.03.13-22.49.37:477][  0]LogConfig: Setting CVar [[r.ParticleLightQuality:2]]
[2020.03.13-22.49.37:477][  0]LogConfig: Applying CVar settings from Section [FoliageQuality@3] File [C:/Users/soapm/Documents/GitHub/LevelDesignFinal/FPSGameStarterKit/Saved/Config/Windows/Scalability.ini]
[2020.03.13-22.49.37:477][  0]LogConfig: Setting CVar [[foliage.DensityScale:1.0]]
[2020.03.13-22.49.37:477][  0]LogConfig: Setting CVar [[grass.DensityScale:1.0]]
[2020.03.13-22.49.37:477][  0]LogInit: Selected Device Profile: [Windows]
[2020.03.13-22.49.37:477][  0]LogInit: Applying CVar settings loaded from the selected device profile: [Windows]
[2020.03.13-22.49.37:485][  0]LogHAL: Display: Platform has ~ 16 GB [17073336320 / 17179869184 / 16], which maps to Larger [LargestMinGB=32, LargerMinGB=12, DefaultMinGB=8, SmallerMinGB=6, SmallestMinGB=0)
[2020.03.13-22.49.37:485][  0]LogInit: Going up to parent DeviceProfile []
[2020.03.13-22.49.37:485][  0]LogConfig: Applying CVar settings from Section [ViewDistanceQuality@3] File [C:/Users/soapm/Documents/GitHub/LevelDesignFinal/FPSGameStarterKit/Saved/Config/Windows/Scalability.ini]
[2020.03.13-22.49.37:485][  0]LogConfig: Setting CVar [[r.SkeletalMeshLODBias:0]]
[2020.03.13-22.49.37:485][  0]LogConfig: Setting CVar [[r.ViewDistanceScale:1.0]]
[2020.03.13-22.49.37:485][  0]LogConfig: Applying CVar settings from Section [AntiAliasingQuality@3] File [C:/Users/soapm/Documents/GitHub/LevelDesignFinal/FPSGameStarterKit/Saved/Config/Windows/Scalability.ini]
[2020.03.13-22.49.37:485][  0]LogConfig: Setting CVar [[r.PostProcessAAQuality:4]]
[2020.03.13-22.49.37:485][  0]LogConfig: Applying CVar settings from Section [ShadowQuality@3] File [C:/Users/soapm/Documents/GitHub/LevelDesignFinal/FPSGameStarterKit/Saved/Config/Windows/Scalability.ini]
[2020.03.13-22.49.37:485][  0]LogConfig: Setting CVar [[r.LightFunctionQuality:1]]
[2020.03.13-22.49.37:485][  0]LogConfig: Setting CVar [[r.ShadowQuality:5]]
[2020.03.13-22.49.37:485][  0]LogConfig: Setting CVar [[r.Shadow.CSM.MaxCascades:10]]
[2020.03.13-22.49.37:485][  0]LogConfig: Setting CVar [[r.Shadow.MaxResolution:2048]]
[2020.03.13-22.49.37:485][  0]LogConfig: Setting CVar [[r.Shadow.MaxCSMResolution:2048]]
[2020.03.13-22.49.37:485][  0]LogConfig: Setting CVar [[r.Shadow.RadiusThreshold:0.01]]
[2020.03.13-22.49.37:485][  0]LogConfig: Setting CVar [[r.Shadow.DistanceScale:1.0]]
[2020.03.13-22.49.37:485][  0]LogConfig: Setting CVar [[r.Shadow.CSM.TransitionScale:1.0]]
[2020.03.13-22.49.37:485][  0]LogConfig: Setting CVar [[r.Shadow.PreShadowResolutionFactor:1.0]]
[2020.03.13-22.49.37:486][  0]LogConfig: Setting CVar [[r.DistanceFieldShadowing:1]]
[2020.03.13-22.49.37:486][  0]LogConfig: Setting CVar [[r.DistanceFieldAO:1]]
[2020.03.13-22.49.37:486][  0]LogConfig: Setting CVar [[r.AOQuality:2]]
[2020.03.13-22.49.37:486][  0]LogConfig: Setting CVar [[r.VolumetricFog:1]]
[2020.03.13-22.49.37:486][  0]LogConfig: Setting CVar [[r.VolumetricFog.GridPixelSize:8]]
[2020.03.13-22.49.37:486][  0]LogConfig: Setting CVar [[r.VolumetricFog.GridSizeZ:128]]
[2020.03.13-22.49.37:486][  0]LogConfig: Setting CVar [[r.VolumetricFog.HistoryMissSupersampleCount:4]]
[2020.03.13-22.49.37:486][  0]LogConfig: Setting CVar [[r.LightMaxDrawDistanceScale:1]]
[2020.03.13-22.49.37:486][  0]LogConfig: Setting CVar [[r.CapsuleShadows:1]]
[2020.03.13-22.49.37:486][  0]LogConfig: Applying CVar settings from Section [PostProcessQuality@3] File [C:/Users/soapm/Documents/GitHub/LevelDesignFinal/FPSGameStarterKit/Saved/Config/Windows/Scalability.ini]
[2020.03.13-22.49.37:486][  0]LogConfig: Setting CVar [[r.MotionBlurQuality:4]]
[2020.03.13-22.49.37:486][  0]LogConfig: Setting CVar [[r.AmbientOcclusionMipLevelFactor:0.4]]
[2020.03.13-22.49.37:486][  0]LogConfig: Setting CVar [[r.AmbientOcclusionMaxQuality:100]]
[2020.03.13-22.49.37:486][  0]LogConfig: Setting CVar [[r.AmbientOcclusionLevels:-1]]
[2020.03.13-22.49.37:486][  0]LogConfig: Setting CVar [[r.AmbientOcclusionRadiusScale:1.0]]
[2020.03.13-22.49.37:486][  0]LogConfig: Setting CVar [[r.DepthOfFieldQuality:2]]
[2020.03.13-22.49.37:486][  0]LogConfig: Setting CVar [[r.RenderTargetPoolMin:400]]
[2020.03.13-22.49.37:486][  0]LogConfig: Setting CVar [[r.LensFlareQuality:2]]
[2020.03.13-22.49.37:486][  0]LogConfig: Setting CVar [[r.SceneColorFringeQuality:1]]
[2020.03.13-22.49.37:486][  0]LogConfig: Setting CVar [[r.EyeAdaptationQuality:2]]
[2020.03.13-22.49.37:486][  0]LogConfig: Setting CVar [[r.BloomQuality:5]]
[2020.03.13-22.49.37:486][  0]LogConfig: Setting CVar [[r.FastBlurThreshold:100]]
[2020.03.13-22.49.37:486][  0]LogConfig: Setting CVar [[r.Upscale.Quality:3]]
[2020.03.13-22.49.37:486][  0]LogConfig: Setting CVar [[r.Tonemapper.GrainQuantization:1]]
[2020.03.13-22.49.37:486][  0]LogConfig: Setting CVar [[r.LightShaftQuality:1]]
[2020.03.13-22.49.37:486][  0]LogConfig: Setting CVar [[r.Filter.SizeScale:1]]
[2020.03.13-22.49.37:486][  0]LogConfig: Setting CVar [[r.Tonemapper.Quality:5]]
[2020.03.13-22.49.37:486][  0]LogConfig: Setting CVar [[r.DOF.Gather.AccumulatorQuality:1        ; higher gathering accumulator quality]]
[2020.03.13-22.49.37:486][  0]LogConfig: Setting CVar [[r.DOF.Gather.PostfilterMethod:1          ; Median3x3 postfilering method]]
[2020.03.13-22.49.37:486][  0]LogConfig: Setting CVar [[r.DOF.Gather.EnableBokehSettings:0       ; no bokeh simulation when gathering]]
[2020.03.13-22.49.37:486][  0]LogConfig: Setting CVar [[r.DOF.Gather.RingCount:4                 ; medium number of samples when gathering]]
[2020.03.13-22.49.37:486][  0]LogConfig: Setting CVar [[r.DOF.Scatter.ForegroundCompositing:1    ; additive foreground scattering]]
[2020.03.13-22.49.37:486][  0]LogConfig: Setting CVar [[r.DOF.Scatter.BackgroundCompositing:2    ; additive background scattering]]
[2020.03.13-22.49.37:486][  0]LogConfig: Setting CVar [[r.DOF.Scatter.EnableBokehSettings:1      ; bokeh simulation when scattering]]
[2020.03.13-22.49.37:486][  0]LogConfig: Setting CVar [[r.DOF.Scatter.MaxSpriteRatio:0.1         ; only a maximum of 10% of scattered bokeh]]
[2020.03.13-22.49.37:486][  0]LogConfig: Setting CVar [[r.DOF.Recombine.Quality:1                ; cheap slight out of focus]]
[2020.03.13-22.49.37:486][  0]LogConfig: Setting CVar [[r.DOF.Recombine.EnableBokehSettings:0    ; no bokeh simulation on slight out of focus]]
[2020.03.13-22.49.37:486][  0]LogConfig: Setting CVar [[r.DOF.TemporalAAQuality:1                ; more stable temporal accumulation]]
[2020.03.13-22.49.37:486][  0]LogConfig: Setting CVar [[r.DOF.Kernel.MaxForegroundRadius:0.025]]
[2020.03.13-22.49.37:486][  0]LogConfig: Setting CVar [[r.DOF.Kernel.MaxBackgroundRadius:0.025]]
[2020.03.13-22.49.37:486][  0]LogConfig: Applying CVar settings from Section [TextureQuality@3] File [C:/Users/soapm/Documents/GitHub/LevelDesignFinal/FPSGameStarterKit/Saved/Config/Windows/Scalability.ini]
[2020.03.13-22.49.37:486][  0]LogConfig: Setting CVar [[r.Streaming.MipBias:0]]
[2020.03.13-22.49.37:486][  0]LogConfig: Setting CVar [[r.Streaming.AmortizeCPUToGPUCopy:0]]
[2020.03.13-22.49.37:486][  0]LogConfig: Setting CVar [[r.Streaming.MaxNumTexturesToStreamPerFrame:0]]
[2020.03.13-22.49.37:486][  0]LogConfig: Setting CVar [[r.Streaming.Boost:1]]
[2020.03.13-22.49.37:486][  0]LogConfig: Setting CVar [[r.MaxAnisotropy:8]]
[2020.03.13-22.49.37:486][  0]LogConfig: Setting CVar [[r.Streaming.LimitPoolSizeToVRAM:0]]
[2020.03.13-22.49.37:486][  0]LogConfig: Setting CVar [[r.Streaming.PoolSize:1000]]
[2020.03.13-22.49.37:486][  0]LogConfig: Setting CVar [[r.Streaming.MaxEffectiveScreenSize:0]]
[2020.03.13-22.49.37:486][  0]LogConfig: Applying CVar settings from Section [EffectsQuality@3] File [C:/Users/soapm/Documents/GitHub/LevelDesignFinal/FPSGameStarterKit/Saved/Config/Windows/Scalability.ini]
[2020.03.13-22.49.37:486][  0]LogConfig: Setting CVar [[r.TranslucencyLightingVolumeDim:64]]
[2020.03.13-22.49.37:486][  0]LogConfig: Setting CVar [[r.RefractionQuality:2]]
[2020.03.13-22.49.37:486][  0]LogConfig: Setting CVar [[r.SSR.Quality:3]]
[2020.03.13-22.49.37:486][  0]LogConfig: Setting CVar [[r.SceneColorFormat:4]]
[2020.03.13-22.49.37:486][  0]LogConfig: Setting CVar [[r.DetailMode:2]]
[2020.03.13-22.49.37:486][  0]LogConfig: Setting CVar [[r.TranslucencyVolumeBlur:1]]
[2020.03.13-22.49.37:486][  0]LogConfig: Setting CVar [[r.MaterialQualityLevel:1 ; High quality]]
[2020.03.13-22.49.37:486][  0]LogConfig: Setting CVar [[r.SSS.Scale:1]]
[2020.03.13-22.49.37:486][  0]LogConfig: Setting CVar [[r.SSS.SampleSet:2]]
[2020.03.13-22.49.37:486][  0]LogConfig: Setting CVar [[r.SSS.Quality:1]]
[2020.03.13-22.49.37:486][  0]LogConfig: Setting CVar [[r.SSS.HalfRes:1]]
[2020.03.13-22.49.37:486][  0]LogConfig: Setting CVar [[r.EmitterSpawnRateScale:1.0]]
[2020.03.13-22.49.37:486][  0]LogConfig: Setting CVar [[r.ParticleLightQuality:2]]
[2020.03.13-22.49.37:486][  0]LogConfig: Applying CVar settings from Section [FoliageQuality@3] File [C:/Users/soapm/Documents/GitHub/LevelDesignFinal/FPSGameStarterKit/Saved/Config/Windows/Scalability.ini]
[2020.03.13-22.49.37:486][  0]LogConfig: Setting CVar [[foliage.DensityScale:1.0]]
[2020.03.13-22.49.37:486][  0]LogConfig: Setting CVar [[grass.DensityScale:1.0]]
[2020.03.13-22.49.37:486][  0]LogConfig: Applying CVar settings from Section [Startup] File [../../../Engine/Config/ConsoleVariables.ini]
[2020.03.13-22.49.37:486][  0]LogConfig: Setting CVar [[net.UseAdaptiveNetUpdateFrequency:0]]
[2020.03.13-22.49.37:487][  0]LogConfig: Setting CVar [[p.chaos.AllowCreatePhysxBodies:1]]
[2020.03.13-22.49.37:487][  0]LogConfig: Applying CVar settings from Section [ConsoleVariables] File [C:/Users/soapm/Documents/GitHub/LevelDesignFinal/FPSGameStarterKit/Saved/Config/Windows/Engine.ini]
[2020.03.13-22.49.37:487][  0]LogInit: Computer: SOAPMC
[2020.03.13-22.49.37:487][  0]LogInit: User: soapm
[2020.03.13-22.49.37:487][  0]LogInit: CPU Page size=4096, Cores=6
[2020.03.13-22.49.37:487][  0]LogInit: High frequency timer resolution =10.000000 MHz
[2020.03.13-22.49.37:487][  0]LogMemory: Memory total: Physical=15.9GB (16GB approx)
[2020.03.13-22.49.37:487][  0]LogMemory: Platform Memory Stats for Windows
[2020.03.13-22.49.37:487][  0]LogMemory: Process Physical Memory: 102.98 MB used, 102.98 MB peak
[2020.03.13-22.49.37:487][  0]LogMemory: Process Virtual Memory: 104.43 MB used, 104.43 MB peak
[2020.03.13-22.49.37:487][  0]LogMemory: Physical Memory: 9127.68 MB used,  7154.72 MB free, 16282.40 MB total
[2020.03.13-22.49.37:487][  0]LogMemory: Virtual Memory: 4689.13 MB used,  134213040.00 MB free, 134217728.00 MB total
[2020.03.13-22.49.37:501][  0]LogWindows: WindowsPlatformFeatures enabled
[2020.03.13-22.49.37:702][  0]LogInit: Overriding language with editor language configuration option (en).
[2020.03.13-22.49.37:702][  0]LogInit: Overriding locale with editor locale configuration option (en).
[2020.03.13-22.49.38:029][  0]LogInit: Setting process to per monitor DPI aware
[2020.03.13-22.49.38:127][  0]LogSlate: New Slate User Created.  User Index 0, Is Virtual User: 0
[2020.03.13-22.49.38:127][  0]LogSlate: Slate User Registered.  User Index 0, Is Virtual User: 0
[2020.03.13-22.49.40:355][  0]LogHMD: Failed to initialize OpenVR with code 110
[2020.03.13-22.49.40:355][  0]LogD3D11RHI: D3D11 adapters:
[2020.03.13-22.49.40:513][  0]LogD3D11RHI:    0. 'NVIDIA GeForce RTX 2070 with Max-Q Design' (Feature Level 11_0)
[2020.03.13-22.49.40:513][  0]LogD3D11RHI:       8031/0/8141 MB DedicatedVideo/DedicatedSystem/SharedSystem, Outputs:1, VendorId:0x10de
[2020.03.13-22.49.40:543][  0]LogD3D11RHI:    1. 'Intel(R) UHD Graphics 630' (Feature Level 11_0)
[2020.03.13-22.49.40:543][  0]LogD3D11RHI:       128/0/8141 MB DedicatedVideo/DedicatedSystem/SharedSystem, Outputs:0, VendorId:0x8086
[2020.03.13-22.49.40:545][  0]LogD3D11RHI:    2. 'Microsoft Basic Render Driver' (Feature Level 11_0)
[2020.03.13-22.49.40:545][  0]LogD3D11RHI:       0/0/8141 MB DedicatedVideo/DedicatedSystem/SharedSystem, Outputs:0, VendorId:0x1414
[2020.03.13-22.49.40:545][  0]LogD3D11RHI: Chosen D3D11 Adapter: 0
[2020.03.13-22.49.40:576][  0]LogD3D11RHI: Creating new Direct3DDevice
[2020.03.13-22.49.40:576][  0]LogD3D11RHI:     GPU DeviceId: 0x1f10 (for the marketing name, search the web for "GPU Device Id")
[2020.03.13-22.49.40:576][  0]LogWindows: EnumDisplayDevices:
[2020.03.13-22.49.40:576][  0]LogWindows:    0. 'Intel(R) UHD Graphics 630' (P:1 D:1)
[2020.03.13-22.49.40:577][  0]LogWindows:    1. 'Intel(R) UHD Graphics 630' (P:0 D:0)
[2020.03.13-22.49.40:577][  0]LogWindows:    2. 'Intel(R) UHD Graphics 630' (P:0 D:0)
[2020.03.13-22.49.40:577][  0]LogWindows:    3. 'NVIDIA GeForce RTX 2070 with Max-Q Design' (P:0 D:0)
[2020.03.13-22.49.40:577][  0]LogWindows:    4. 'NVIDIA GeForce RTX 2070 with Max-Q Design' (P:0 D:0)
[2020.03.13-22.49.40:578][  0]LogWindows:    5. 'NVIDIA GeForce RTX 2070 with Max-Q Design' (P:0 D:0)
[2020.03.13-22.49.40:578][  0]LogWindows:    6. 'NVIDIA GeForce RTX 2070 with Max-Q Design' (P:0 D:0)
[2020.03.13-22.49.40:578][  0]LogWindows: DebugString: PrimaryIsNotTheChoosenAdapter PrimaryIsNotTheChoosenAdapter PrimaryIsNotTheChoosenAdapter FoundDriverCount:4 
[2020.03.13-22.49.40:578][  0]LogD3D11RHI:     Adapter Name: NVIDIA GeForce RTX 2070 with Max-Q Design
[2020.03.13-22.49.40:578][  0]LogD3D11RHI:   Driver Version: 442.59 (internal:26.21.14.4259, unified:442.59)
[2020.03.13-22.49.40:578][  0]LogD3D11RHI:      Driver Date: 3-4-2020
[2020.03.13-22.49.40:578][  0]LogRHI: Texture pool is 5621 MB (70% of 8031 MB)
[2020.03.13-22.49.40:624][  0]LogD3D11RHI: Async texture creation enabled
[2020.03.13-22.49.40:663][  0]LogD3D11RHI: GPU Timing Frequency: 1000.000000 (Debug: 2 1)
[2020.03.13-22.49.41:034][  0]LogTemp: Display: Module 'AllDesktopTargetPlatform' loaded TargetPlatform 'AllDesktop'
[2020.03.13-22.49.41:043][  0]LogTemp: Display: Module 'MacClientTargetPlatform' loaded TargetPlatform 'MacClient'
[2020.03.13-22.49.41:052][  0]LogTemp: Display: Module 'MacNoEditorTargetPlatform' loaded TargetPlatform 'MacNoEditor'
[2020.03.13-22.49.41:060][  0]LogTemp: Display: Module 'MacServerTargetPlatform' loaded TargetPlatform 'MacServer'
[2020.03.13-22.49.41:074][  0]LogTemp: Display: Module 'MacTargetPlatform' loaded TargetPlatform 'Mac'
[2020.03.13-22.49.41:084][  0]LogTemp: Display: Module 'WindowsClientTargetPlatform' loaded TargetPlatform 'WindowsClient'
[2020.03.13-22.49.41:093][  0]LogTemp: Display: Module 'WindowsNoEditorTargetPlatform' loaded TargetPlatform 'WindowsNoEditor'
[2020.03.13-22.49.41:102][  0]LogTemp: Display: Module 'WindowsServerTargetPlatform' loaded TargetPlatform 'WindowsServer'
[2020.03.13-22.49.41:107][  0]LogTemp: Display: Module 'WindowsTargetPlatform' loaded TargetPlatform 'Windows'
[2020.03.13-22.49.41:145][  0]LogTemp: Display: Module 'AndroidTargetPlatform' loaded TargetPlatform 'Android'
[2020.03.13-22.49.41:145][  0]LogTemp: Display: Module 'AndroidTargetPlatform' loaded TargetPlatform 'Android_ASTC'
[2020.03.13-22.49.41:145][  0]LogTemp: Display: Module 'AndroidTargetPlatform' loaded TargetPlatform 'Android_ATC'
[2020.03.13-22.49.41:145][  0]LogTemp: Display: Module 'AndroidTargetPlatform' loaded TargetPlatform 'Android_DXT'
[2020.03.13-22.49.41:145][  0]LogTemp: Display: Module 'AndroidTargetPlatform' loaded TargetPlatform 'Android_ETC1'
[2020.03.13-22.49.41:145][  0]LogTemp: Display: Module 'AndroidTargetPlatform' loaded TargetPlatform 'Android_ETC1a'
[2020.03.13-22.49.41:145][  0]LogTemp: Display: Module 'AndroidTargetPlatform' loaded TargetPlatform 'Android_ETC2'
[2020.03.13-22.49.41:145][  0]LogTemp: Display: Module 'AndroidTargetPlatform' loaded TargetPlatform 'Android_PVRTC'
[2020.03.13-22.49.41:145][  0]LogTemp: Display: Module 'AndroidTargetPlatform' loaded TargetPlatform 'AndroidClient'
[2020.03.13-22.49.41:145][  0]LogTemp: Display: Module 'AndroidTargetPlatform' loaded TargetPlatform 'Android_ASTCClient'
[2020.03.13-22.49.41:145][  0]LogTemp: Display: Module 'AndroidTargetPlatform' loaded TargetPlatform 'Android_ATCClient'
[2020.03.13-22.49.41:145][  0]LogTemp: Display: Module 'AndroidTargetPlatform' loaded TargetPlatform 'Android_DXTClient'
[2020.03.13-22.49.41:145][  0]LogTemp: Display: Module 'AndroidTargetPlatform' loaded TargetPlatform 'Android_ETC1Client'
[2020.03.13-22.49.41:145][  0]LogTemp: Display: Module 'AndroidTargetPlatform' loaded TargetPlatform 'Android_ETC1aClient'
[2020.03.13-22.49.41:145][  0]LogTemp: Display: Module 'AndroidTargetPlatform' loaded TargetPlatform 'Android_ETC2Client'
[2020.03.13-22.49.41:145][  0]LogTemp: Display: Module 'AndroidTargetPlatform' loaded TargetPlatform 'Android_PVRTCClient'
[2020.03.13-22.49.41:145][  0]LogTemp: Display: Module 'AndroidTargetPlatform' loaded TargetPlatform 'Android_Multi'
[2020.03.13-22.49.41:145][  0]LogTemp: Display: Module 'AndroidTargetPlatform' loaded TargetPlatform 'Android_MultiClient'
[2020.03.13-22.49.41:147][  0]LogTemp: Display: Module 'HTML5TargetPlatform' loaded TargetPlatform 'HTML5'
[2020.03.13-22.49.41:175][  0]LogTemp: Display: Module 'IOSTargetPlatform' loaded TargetPlatform 'IOSClient'
[2020.03.13-22.49.41:175][  0]LogTemp: Display: Module 'IOSTargetPlatform' loaded TargetPlatform 'IOS'
[2020.03.13-22.49.41:189][  0]LogTemp: Display: Module 'TVOSTargetPlatform' loaded TargetPlatform 'TVOSClient'
[2020.03.13-22.49.41:189][  0]LogTemp: Display: Module 'TVOSTargetPlatform' loaded TargetPlatform 'TVOS'
[2020.03.13-22.49.41:196][  0]LogTemp: Display: Module 'LinuxClientTargetPlatform' loaded TargetPlatform 'LinuxClient'
[2020.03.13-22.49.41:203][  0]LogTemp: Display: Module 'LinuxNoEditorTargetPlatform' loaded TargetPlatform 'LinuxNoEditor'
[2020.03.13-22.49.41:210][  0]LogTemp: Display: Module 'LinuxServerTargetPlatform' loaded TargetPlatform 'LinuxServer'
[2020.03.13-22.49.41:227][  0]LogTemp: Display: Module 'LinuxTargetPlatform' loaded TargetPlatform 'Linux'
[2020.03.13-22.49.41:252][  0]LogTemp: Display: Module 'LuminTargetPlatform' loaded TargetPlatform 'Lumin'
[2020.03.13-22.49.41:252][  0]LogTemp: Display: Module 'LuminTargetPlatform' loaded TargetPlatform 'LuminClient'
[2020.03.13-22.49.41:253][  0]LogTargetPlatformManager: Display: Building Assets For Windows
[2020.03.13-22.49.41:264][  0]LogAudioDebug: Display: Lib vorbis DLL was dynamically loaded.
[2020.03.13-22.49.41:362][  0]LogShaderCompilers: Guid format shader working directory is -32 characters bigger than the processId version (../../../../../Users/soapm/Documents/GitHub/LevelDesignFinal/FPSGameStarterKit/Intermediate/Shaders/WorkingDirectory/6292/).
[2020.03.13-22.49.41:362][  0]LogShaderCompilers: Cleaned the shader compiler working directory 'C:/Users/soapm/AppData/Local/Temp/UnrealShaderWorkingDir/3F92E9934EDBF9326DD6CDAFEE91C873/'.
[2020.03.13-22.49.41:365][  0]LogXGEController: Cleaning working directory: C:/Users/soapm/AppData/Local/Temp/UnrealXGEWorkingDir/
[2020.03.13-22.49.41:365][  0]LogXGEController: Cannot use XGE Controller as Incredibuild is not installed on this machine.
[2020.03.13-22.49.41:365][  0]LogShaderCompilers: Cannot use XGE Shader Compiler as Incredibuild is not installed on this machine.
[2020.03.13-22.49.41:365][  0]LogShaderCompilers: Display: Using Local Shader Compiler.
[2020.03.13-22.49.42:005][  0]LogDerivedDataCache: Display: Max Cache Size: 512 MB
[2020.03.13-22.49.42:072][  0]LogDerivedDataCache: Loaded boot cache 0.07s 73MB C:/Users/soapm/AppData/Local/UnrealEngine/4.23/DerivedDataCache/Boot.ddc.
[2020.03.13-22.49.42:072][  0]LogDerivedDataCache: Display: Loaded Boot cache: C:/Users/soapm/AppData/Local/UnrealEngine/4.23/DerivedDataCache/Boot.ddc
[2020.03.13-22.49.42:072][  0]LogDerivedDataCache: FDerivedDataBackendGraph:  Pak pak cache file ../../../../../Users/soapm/Documents/GitHub/LevelDesignFinal/FPSGameStarterKit/DerivedDataCache/DDC.ddp not found, will not use a pak cache.
[2020.03.13-22.49.42:072][  0]LogDerivedDataCache: Unable to find inner node Pak for hierarchical cache Hierarchy.
[2020.03.13-22.49.42:072][  0]LogDerivedDataCache: FDerivedDataBackendGraph:  CompressedPak pak cache file ../../../../../Users/soapm/Documents/GitHub/LevelDesignFinal/FPSGameStarterKit/DerivedDataCache/Compressed.ddp not found, will not use a pak cache.
[2020.03.13-22.49.42:072][  0]LogDerivedDataCache: Unable to find inner node CompressedPak for hierarchical cache Hierarchy.
[2020.03.13-22.49.42:091][  0]LogDerivedDataCache: Display: Pak cache opened for reading ../../../Engine/DerivedDataCache/Compressed.ddp.
[2020.03.13-22.49.42:101][  0]LogDerivedDataCache: Display: Pak cache opened for reading ../../../Enterprise/DerivedDataCache/Compressed.ddp.
[2020.03.13-22.49.42:102][  0]LogDerivedDataCache: Using Local data cache path C:/Users/soapm/AppData/Local/UnrealEngine/Common/DerivedDataCache: Writable
[2020.03.13-22.49.42:102][  0]LogDerivedDataCache: Shared data cache path not found in *engine.ini, will not use an Shared cache.
[2020.03.13-22.49.42:102][  0]LogDerivedDataCache: Unable to find inner node Shared for hierarchical cache Hierarchy.
[2020.03.13-22.49.42:121][  0]LogMaterial: Verifying Global Shaders for PCD3D_SM5
[2020.03.13-22.49.42:126][  0]LogSlate: Using FreeType 2.6.0
[2020.03.13-22.49.42:138][  0]LogSlate: SlateFontServices - WITH_FREETYPE: 1, WITH_HARFBUZZ: 1
[2020.03.13-22.49.42:356][  0]LogAssetRegistry: FAssetRegistry took 0.0042 seconds to start up
[2020.03.13-22.49.42:667][  0]LogInit: Selected Device Profile: [Windows]
[2020.03.13-22.49.42:924][  0]LogMeshReduction: Using QuadricMeshReduction for automatic static mesh reduction
[2020.03.13-22.49.42:924][  0]LogMeshReduction: Using SimplygonMeshReduction for automatic skeletal mesh reduction
[2020.03.13-22.49.42:924][  0]LogMeshReduction: Using ProxyLODMeshReduction for automatic mesh merging
[2020.03.13-22.49.42:924][  0]LogMeshReduction: No distributed automatic mesh merging module available
[2020.03.13-22.49.42:925][  0]LogMeshMerging: No distributed automatic mesh merging module available
[2020.03.13-22.49.42:966][  0]LogNetVersion: FPSGameStarterKit 1.0.0, NetCL: 8386587, EngineNetVer: 11, GameNetVer: 0 (Checksum: 1303747183)
[2020.03.13-22.49.44:070][  0]LogPackageLocalizationCache: Processed 12 localized package path(s) for 1 prioritized culture(s) in 0.052590 seconds
[2020.03.13-22.49.44:076][  0]LogUObjectArray: 43444 objects as part of root set at end of initial load.
[2020.03.13-22.49.44:076][  0]LogUObjectAllocator: 7548648 out of 0 bytes used by permanent object pool.
[2020.03.13-22.49.44:076][  0]LogUObjectArray: CloseDisregardForGC: 0/0 objects in disregard for GC pool
[2020.03.13-22.49.47:216][  0]LogTcpMessaging: Initializing TcpMessaging bridge
[2020.03.13-22.49.47:222][  0]LogUdpMessaging: Initializing bridge on interface 0.0.0.0:0 to multicast group 230.0.0.1:6666.
[2020.03.13-22.49.47:338][  0]SourceControl: Source control is disabled
[2020.03.13-22.49.47:339][  0]SourceControl: Source control is disabled
[2020.03.13-22.49.47:345][  0]SourceControl: Source control is disabled
[2020.03.13-22.49.47:348][  0]SourceControl: Source control is disabled
[2020.03.13-22.49.47:543][  0]LogAndroidPermission: UAndroidPermissionCallbackProxy::GetInstance
[2020.03.13-22.49.47:795][  0]LogOcInput: OculusInput pre-init called
[2020.03.13-22.49.47:804][  0]LogWindows: Failed to load 'OVRPlugin.dll' (GetLastError=126)
[2020.03.13-22.49.47:804][  0]LogWindows: File 'OVRPlugin.dll' does not exist
[2020.03.13-22.49.47:931][  0]LogEngine: Initializing Engine...
[2020.03.13-22.49.47:933][  0]LogHMD: Failed to initialize OpenVR with code 110
[2020.03.13-22.49.47:936][  0]LogStats: UGameplayTagsManager::InitializeManager -  0.001 s
[2020.03.13-22.49.48:379][  0]LogInit: Initializing FReadOnlyCVARCache
[2020.03.13-22.49.48:414][  0]LogAIModule: Creating AISystem for world Untitled
[2020.03.13-22.49.48:448][  0]LogInit: XAudio2 using 'Speakers (Realtek(R) Audio)' : 2 channels at 48 kHz using 32 bits per sample (channel mask 0x3)
[2020.03.13-22.49.48:490][  0]LogInit: FAudioDevice initialized.
[2020.03.13-22.49.48:490][  0]LogNetVersion: Set ProjectVersion to 1.5.0.0. Version Checksum will be recalculated on next use.
[2020.03.13-22.49.48:539][  0]LogDerivedDataCache: Saved boot cache 0.05s 73MB C:/Users/soapm/AppData/Local/UnrealEngine/4.23/DerivedDataCache/Boot.ddc.
[2020.03.13-22.49.48:579][  0]LogInit: Texture streaming: Enabled
[2020.03.13-22.49.48:607][  0]LogEngineSessionManager: EngineSessionManager initialized
[2020.03.13-22.49.48:607][  0]LogEngineSessionManager: EngineSessionManager sent abnormal shutdown report. Type=Debugger, SessionId={18B5EA37-4328-0F58-E18A-A38918302BF2}
[2020.03.13-22.49.48:699][  0]LogInit: Transaction tracking system initialized
[2020.03.13-22.49.48:763][  0]BlueprintLog: New page: Editor Load
[2020.03.13-22.49.48:925][  0]LocalizationService: Localization service is disabled
[2020.03.13-22.49.49:522][  0]LogFileCache: Scanning file cache for directory 'C:/Users/soapm/Documents/GitHub/LevelDesignFinal/FPSGameStarterKit/Content/' took 0.02s
[2020.03.13-22.49.49:522][  0]LogCook: Display: Max memory allowance for cook 16384mb min free memory 0mb
[2020.03.13-22.49.49:522][  0]LogCook: Display: Mobile HDR setting 1
[2020.03.13-22.49.49:996][  0]SourceControl: Source control is disabled
[2020.03.13-22.49.50:147][  0]LogSlate: Took 0.007458 seconds to synchronously load lazily loaded font '../../../Engine/Content/Slate/Fonts/Roboto-Regular.ttf' (155K)
[2020.03.13-22.49.58:418][  0]LogSlate: Window 'Restore Packages' being destroyed
[2020.03.13-22.49.58:420][  0]LogWindowsTextInputMethodSystem: Display: IME system now activated using TSF (微软拼音).
[2020.03.13-22.49.58:426][  0]LogWindowsTextInputMethodSystem: Display: IME system now activated using TSF (微软拼音).
[2020.03.13-22.50.01:649][  0]LogSlate: Window 'Unable to Check Out From Source Control!' being destroyed
[2020.03.13-22.50.01:650][  0]LogWindowsTextInputMethodSystem: Display: IME system now activated using TSF (微软拼音).
[2020.03.13-22.50.01:653][  0]LogWindowsTextInputMethodSystem: Display: IME system now activated using TSF (微软拼音).
[2020.03.13-22.50.01:681][  0]Cmd: MAP LOAD FILE="../../../../../Users/soapm/Documents/GitHub/LevelDesignFinal/FPSGameStarterKit/Content/FPS_Game/Maps/Testing.umap" TEMPLATE=0 SHOWPROGRESS=1 FEATURELEVEL=3
[2020.03.13-22.50.01:681][  0]LightingResults: New page: Lighting Build
[2020.03.13-22.50.01:687][  0]LogWorld: UWorld::CleanupWorld for Untitled, bSessionEnded=true, bCleanupResources=true
[2020.03.13-22.50.01:688][  0]MapCheck: New page: Map Check
[2020.03.13-22.50.01:688][  0]LightingResults: New page: Lighting Build
[2020.03.13-22.50.01:723][  0]LogUObjectHash: Compacting FUObjectHashTables data took   2.10ms
[2020.03.13-22.50.05:013][  0]LogAnimation: Warning: Animation Blueprint /Game/FPS_Game/Character/AnimTPP.AnimTPP has nodes with invalid node guids that have been regenerated. This blueprint will not cook deterministically until it is resaved.
[2020.03.13-22.50.05:014][  0]LogAnimation: Warning: Animation Blueprint /Game/FPS_Game/Character/AnimFPP.AnimFPP has nodes with invalid node guids that have been regenerated. This blueprint will not cook deterministically until it is resaved.
[2020.03.13-22.50.05:506][  0]LogBlueprint: Warning: [Compiler BP_CharacterBase] Input pin  Method  specifying non-default value no longer exists on node  Set members in PostProcessSettings . Please refresh node or reset pin to default value to remove pin.
[2020.03.13-22.50.11:125][  0]LogAIModule: Creating AISystem for world Testing
[2020.03.13-22.50.11:945][  0]LogEditorServer: Finished looking for orphan Actors (0.000 secs)
[2020.03.13-22.50.12:027][  0]LogUObjectHash: Compacting FUObjectHashTables data took   4.32ms
[2020.03.13-22.50.12:027][  0]Cmd: MAP CHECKDEP NOCLEARLOG
[2020.03.13-22.50.12:027][  0]MapCheck: Map check complete: 0 Error(s), 0 Warning(s), took 0.2ms to complete.
[2020.03.13-22.50.12:028][  0]LogFileHelpers: Loading map 'Testing' took 10.347
[2020.03.13-22.50.12:147][  0]LogSlate: Updating window title bar state: overlay mode, drag disabled, window buttons hidden, title bar hidden
[2020.03.13-22.50.12:155][  0]LogSlate: Updating window title bar state: overlay mode, drag disabled, window buttons hidden, title bar hidden
[2020.03.13-22.50.12:162][  0]LogSlate: Updating window title bar state: overlay mode, drag disabled, window buttons hidden, title bar hidden
[2020.03.13-22.50.12:169][  0]LogSlate: Updating window title bar state: overlay mode, drag disabled, window buttons hidden, title bar hidden
[2020.03.13-22.50.12:187][  0]LogCollectionManager: Loaded 0 collections in 0.001944 seconds
[2020.03.13-22.50.12:205][  0]LogFileCache: Scanning file cache for directory 'C:/Users/soapm/Documents/GitHub/LevelDesignFinal/FPSGameStarterKit/Saved/Collections/' took 0.00s
[2020.03.13-22.50.12:205][  0]LogFileCache: Scanning file cache for directory 'C:/Users/soapm/Documents/GitHub/LevelDesignFinal/FPSGameStarterKit/Content/Developers/soapm/Collections/' took 0.00s
[2020.03.13-22.50.12:205][  0]LogFileCache: Scanning file cache for directory 'C:/Users/soapm/Documents/GitHub/LevelDesignFinal/FPSGameStarterKit/Content/Collections/' took 0.00s
[2020.03.13-22.50.12:205][  0]LogCollectionManager: Rebuilt the GUID cache for 0 collections in 0.000002 seconds
[2020.03.13-22.50.12:214][  0]LogContentBrowser: Native class hierarchy populated in 0.0079 seconds. Added 2863 classes and 680 folders.
[2020.03.13-22.50.12:225][  0]LogContentBrowser: Native class hierarchy updated for 'WidgetCarousel' in 0.0002 seconds. Added 0 classes and 0 folders.
[2020.03.13-22.50.12:554][  0]LogContentBrowser: Native class hierarchy updated for 'AddContentDialog' in 0.0002 seconds. Added 0 classes and 0 folders.
[2020.03.13-22.50.12:565][  0]LogContentBrowser: Native class hierarchy updated for 'SceneOutliner' in 0.0002 seconds. Added 1 classes and 2 folders.
[2020.03.13-22.50.12:767][  0]LogSlate: Took 0.006791 seconds to synchronously load lazily loaded font '../../../Engine/Content/Slate/Fonts/Roboto-Bold.ttf' (160K)
[2020.03.13-22.50.12:778][  0]LogSlate: Took 0.005720 seconds to synchronously load lazily loaded font '../../../Engine/Content/Editor/Slate/Fonts/FontAwesome.ttf' (139K)
[2020.03.13-22.50.12:869][  0]LogRenderer: Reallocating scene render targets to support 948x484 Format 10 NumSamples 1 (Frame:1).
[2020.03.13-22.50.13:033][  0]LogContentBrowser: Native class hierarchy updated for 'HierarchicalLODOutliner' in 0.0003 seconds. Added 0 classes and 0 folders.
[2020.03.13-22.50.13:033][  0]LogLoad: (Engine Initialization) Total time: 39.92 seconds
[2020.03.13-22.50.13:033][  0]LogLoad: (Engine Initialization) Total Blueprint compile time: 0.00 seconds
[2020.03.13-22.50.13:118][  0]LogContentStreaming: Texture pool size now 1000 MB
[2020.03.13-22.50.13:169][  0]LogSlate: Took 0.006711 seconds to synchronously load lazily loaded font '../../../Engine/Content/Slate/Fonts/Roboto-Light.ttf' (167K)
[2020.03.13-22.50.13:828][ 12]LogAssetRegistry: Asset discovery search completed in 31.4730 seconds
[2020.03.13-22.50.13:832][ 12]LogCollectionManager: Rebuilt the object cache for 0 collections in 0.000005 seconds (found 0 objects)
[2020.03.13-22.50.13:832][ 12]LogCollectionManager: Fixed up redirectors for 0 collections in 0.000071 seconds (updated 0 objects)
[2020.03.13-22.50.14:488][ 14]LogSlate: Took 0.000137 seconds to synchronously load lazily loaded font '../../../Engine/Content/Slate/Fonts/Roboto-Light.ttf' (167K)
[2020.03.13-22.50.18:858][ 28]LogSlate: FSceneViewport::OnFocusLost() reason 0
[2020.03.13-22.50.22:494][168]LogAIModule: Creating AISystem for world Testing1
[2020.03.13-22.50.22:569][168]LogAssetEditorManager: Opening Asset editor for World /Game/FPS_Game/Maps/Testing1.Testing1
[2020.03.13-22.50.22:596][168]LogUObjectHash: Compacting FUObjectHashTables data took   1.63ms
[2020.03.13-22.50.22:597][168]Cmd: MAP LOAD FILE="../../../../../Users/soapm/Documents/GitHub/LevelDesignFinal/FPSGameStarterKit/Content/FPS_Game/Maps/Testing1.umap" TEMPLATE=0 SHOWPROGRESS=1 FEATURELEVEL=3
[2020.03.13-22.50.22:597][168]LightingResults: New page: Lighting Build
[2020.03.13-22.50.22:598][168]LoadErrors: New page: Loading map: Testing1.umap
[2020.03.13-22.50.22:601][168]LogWorld: UWorld::CleanupWorld for Testing, bSessionEnded=true, bCleanupResources=true
[2020.03.13-22.50.22:603][168]MapCheck: New page: Map Check
[2020.03.13-22.50.22:603][168]LightingResults: New page: Lighting Build
[2020.03.13-22.50.22:638][168]LogUObjectHash: Compacting FUObjectHashTables data took   2.19ms
[2020.03.13-22.50.23:517][168]LogEditorServer: Finished looking for orphan Actors (0.000 secs)
[2020.03.13-22.50.23:568][168]LogUObjectHash: Compacting FUObjectHashTables data took   1.97ms
[2020.03.13-22.50.23:600][168]Cmd: MAP CHECKDEP NOCLEARLOG
[2020.03.13-22.50.23:601][168]MapCheck: Map check complete: 0 Error(s), 0 Warning(s), took 0.156ms to complete.
[2020.03.13-22.50.23:601][168]LogFileHelpers: Loading map 'Testing1' took 1.004
[2020.03.13-22.50.28:136][432]LogSlate: FSceneViewport::OnFocusLost() reason 0
[2020.03.13-22.51.18:899][464]LogMaterial: Display: Missing cached shader map for material ScotsPine_01_Leaves_Mat, compiling. 
[2020.03.13-22.51.18:966][464]LogMaterial: Display: Missing cached shader map for material ScotsPine_01_Fronds_Mat, compiling. 
[2020.03.13-22.51.18:985][464]LogShaderCompilers: Display: Worker (1/9): shaders left to compile 45
[2020.03.13-22.51.18:985][464]LogShaderCompilers: Display: Worker (2/9): shaders left to compile 39
[2020.03.13-22.51.18:985][464]LogShaderCompilers: Display: Worker (3/9): shaders left to compile 33
[2020.03.13-22.51.18:985][464]LogShaderCompilers: Display: Worker (4/9): shaders left to compile 27
[2020.03.13-22.51.18:985][464]LogShaderCompilers: Display: Worker (5/9): shaders left to compile 21
[2020.03.13-22.51.18:985][464]LogShaderCompilers: Display: Worker (6/9): shaders left to compile 15
[2020.03.13-22.51.18:985][464]LogShaderCompilers: Display: Worker (7/9): shaders left to compile 9
[2020.03.13-22.51.18:985][464]LogShaderCompilers: Display: Worker (8/9): shaders left to compile 3
[2020.03.13-22.51.18:985][464]LogMaterial: Display: Missing cached shader map for material ScotsPine_01_Branches_2_Mat, compiling. 
[2020.03.13-22.51.19:033][464]LogStaticMesh: Building static mesh ScotsPineTall_01...
