Log file open, 03/17/20 13:05:16
LogWindows: Failed to load 'aqProf.dll' (GetLastError=126)
LogWindows: File 'aqProf.dll' does not exist
LogWindows: Failed to load 'VtuneApi.dll' (GetLastError=126)
LogWindows: File 'VtuneApi.dll' does not exist
LogWindows: Failed to load 'VtuneApi32e.dll' (GetLastError=126)
LogWindows: File 'VtuneApi32e.dll' does not exist
LogConsoleResponse: Display: Failed to find resolution value strings in scalability ini. Falling back to default.
LogInit: Display: Running engine for game: FPSGameStarterKit
LogPlatformFile: Not using cached read wrapper
LogTaskGraph: Started task graph with 5 named threads and 26 total threads with 3 sets of task threads.
LogStats: Stats thread started at 0.087384
LogD3D11RHI: Loaded GFSDK_Aftermath_Lib.x64.dll
LogICUInternationalization: ICU TimeZone Detection - Raw Offset: -8:00, Platform Override: ''
LogPluginManager: Mounting plugin Paper2D
LogPluginManager: Mounting plugin AISupport
LogPluginManager: Mounting plugin LightPropagationVolume
LogPluginManager: Mounting plugin ActorLayerUtilities
LogPluginManager: Mounting plugin AnimationSharing
LogPluginManager: Mounting plugin CLionSourceCodeAccess
LogPluginManager: Mounting plugin CodeLiteSourceCodeAccess
LogPluginManager: Mounting plugin GitSourceControl
LogPluginManager: Mounting plugin KDevelopSourceCodeAccess
LogPluginManager: Mounting plugin NullSourceCodeAccess
LogPluginManager: Mounting plugin PerforceSourceControl
LogPluginManager: Mounting plugin SubversionSourceControl
LogPluginManager: Mounting plugin UObjectPlugin
LogPluginManager: Mounting plugin VisualStudioCodeSourceCodeAccess
LogPluginManager: Mounting plugin VisualStudioSourceCodeAccess
LogPluginManager: Mounting plugin XCodeSourceCodeAccess
LogPluginManager: Mounting plugin AssetManagerEditor
LogPluginManager: Mounting plugin CryptoKeys
LogPluginManager: Mounting plugin CurveEditorTools
LogPluginManager: Mounting plugin DataValidation
LogPluginManager: Mounting plugin FacialAnimation
LogPluginManager: Mounting plugin GameplayTagsEditor
LogPluginManager: Mounting plugin MacGraphicsSwitching
LogPluginManager: Mounting plugin MaterialAnalyzer
LogPluginManager: Mounting plugin MobileLauncherProfileWizard
LogPluginManager: Mounting plugin PluginBrowser
LogPluginManager: Mounting plugin SpeedTreeImporter
LogPluginManager: Mounting plugin DatasmithContent
LogPluginManager: Mounting plugin VariantManagerContent
LogPluginManager: Mounting plugin AlembicImporter
LogPluginManager: Mounting plugin AutomationUtils
LogPluginManager: Mounting plugin BackChannel
LogPluginManager: Mounting plugin CharacterAI
LogPluginManager: Mounting plugin GeometryCache
LogPluginManager: Mounting plugin HTML5Networking
LogPluginManager: Mounting plugin PlatformCrypto
LogPluginManager: Mounting plugin ProxyLODPlugin
LogPluginManager: Mounting plugin SkeletalReduction
LogPluginManager: Mounting plugin MagicLeap
LogPluginManager: Mounting plugin MagicLeapMedia
LogPluginManager: Mounting plugin AndroidMedia
LogPluginManager: Mounting plugin AvfMedia
LogPluginManager: Mounting plugin ImgMedia
LogPluginManager: Mounting plugin MediaCompositing
LogPluginManager: Mounting plugin MediaPlayerEditor
LogPluginManager: Mounting plugin WebMMedia
LogPluginManager: Mounting plugin WmfMedia
LogPluginManager: Mounting plugin TcpMessaging
LogPluginManager: Mounting plugin UdpMessaging
LogPluginManager: Mounting plugin ActorSequence
LogPluginManager: Mounting plugin LevelSequenceEditor
LogPluginManager: Mounting plugin MatineeToLevelSequence
LogPluginManager: Mounting plugin NetcodeUnitTest
LogPluginManager: Mounting plugin NUTUnrealEngine4
LogPluginManager: Mounting plugin OnlineSubsystemGooglePlay
LogPluginManager: Mounting plugin OnlineSubsystemIOS
LogPluginManager: Mounting plugin OnlineSubsystem
LogPluginManager: Mounting plugin OnlineSubsystemNull
LogPluginManager: Mounting plugin OnlineSubsystemUtils
LogPluginManager: Mounting plugin LauncherChunkInstaller
LogPluginManager: Mounting plugin AndroidDeviceProfileSelector
LogPluginManager: Mounting plugin AndroidMoviePlayer
LogPluginManager: Mounting plugin AndroidPermission
LogPluginManager: Mounting plugin AppleImageUtils
LogPluginManager: Mounting plugin AppleMoviePlayer
LogPluginManager: Mounting plugin ArchVisCharacter
LogPluginManager: Mounting plugin AudioCapture
LogPluginManager: Mounting plugin CableComponent
LogPluginManager: Mounting plugin CustomMeshComponent
LogPluginManager: Mounting plugin EditableMesh
LogPluginManager: Mounting plugin ExampleDeviceProfileSelector
LogPluginManager: Mounting plugin GoogleCloudMessaging
LogPluginManager: Mounting plugin IOSDeviceProfileSelector
LogPluginManager: Mounting plugin LinuxDeviceProfileSelector
LogPluginManager: Mounting plugin LocationServicesBPLibrary
LogPluginManager: Mounting plugin MobilePatchingUtils
LogPluginManager: Mounting plugin OculusVR
LogPluginManager: Mounting plugin PhysXVehicles
LogPluginManager: Mounting plugin ProceduralMeshComponent
LogPluginManager: Mounting plugin RuntimePhysXCooking
LogPluginManager: Mounting plugin SignificanceManager
LogPluginManager: Mounting plugin SteamVR
LogPluginManager: Mounting plugin WebMMoviePlayer
LogPluginManager: Mounting plugin WindowsMoviePlayer
LogPluginManager: Mounting plugin ScreenshotTools
LogInit: Using libcurl 7.55.1-DEV
LogInit:  - built for x86_64-pc-win32
LogInit:  - supports SSL with OpenSSL/1.1.1
LogInit:  - supports HTTP deflate (compression) using libz 1.2.8
LogInit:  - other features:
LogInit:      CURL_VERSION_SSL
LogInit:      CURL_VERSION_LIBZ
LogInit:      CURL_VERSION_IPV6
LogInit:      CURL_VERSION_ASYNCHDNS
LogInit:      CURL_VERSION_LARGEFILE
LogInit:      CURL_VERSION_IDN
LogInit:  CurlRequestOptions (configurable via config and command line):
LogInit:  - bVerifyPeer = true  - Libcurl will verify peer certificate
LogInit:  - bUseHttpProxy = false  - Libcurl will NOT use HTTP proxy
LogInit:  - bDontReuseConnections = false  - Libcurl will reuse connections
LogInit:  - MaxHostConnections = 16  - Libcurl will limit the number of connections to a host
LogInit:  - LocalHostAddr = Default
LogInit:  - BufferSize = 65536
LogOnline: OSS: Creating online subsystem instance for: NULL
LogInit: WinSock: version 1.1 (2.2), MaxSocks=32767, MaxUdp=65467
LogInit: Build: ++UE4+Release-4.23-CL-9631420
LogInit: Engine Version: 4.23.1-9631420+++UE4+Release-4.23
LogInit: Compatible Engine Version: 4.23.0-8386587+++UE4+Release-4.23
LogInit: Net CL: 8386587
LogInit: OS: Windows 10 (Release 1909) (), CPU: Intel(R) Core(TM) i7-9700K CPU @ 3.60GHz, GPU: NVIDIA GeForce RTX 2080 SUPER
LogInit: Compiled (64-bit): Oct 18 2019 02:07:44
LogInit: Compiled with Visual C++: 19.16.27030.01
LogInit: Build Configuration: Development
LogInit: Branch Name: ++UE4+Release-4.23
LogInit: Command Line: 
LogInit: Base Directory: C:/UnrealEngine/UE_4.23/Engine/Binaries/Win64/
LogInit: Installed Engine Build: 1
LogDevObjectVersion: Number of dev versions registered: 23
LogDevObjectVersion:   Dev-Blueprints (B0D832E4-1F89-4F0D-ACCF-7EB736FD4AA2): 10
LogDevObjectVersion:   Dev-Build (E1C64328-A22C-4D53-A36C-8E866417BD8C): 0
LogDevObjectVersion:   Dev-Core (375EC13C-06E4-48FB-B500-84F0262A717E): 3
LogDevObjectVersion:   Dev-Editor (E4B068ED-F494-42E9-A231-DA0B2E46BB41): 34
LogDevObjectVersion:   Dev-Framework (CFFC743F-43B0-4480-9391-14DF171D2073): 35
LogDevObjectVersion:   Dev-Mobile (B02B49B5-BB20-44E9-A304-32B752E40360): 2
LogDevObjectVersion:   Dev-Networking (A4E4105C-59A1-49B5-A7C5-40C4547EDFEE): 0
LogDevObjectVersion:   Dev-Online (39C831C9-5AE6-47DC-9A44-9C173E1C8E7C): 0
LogDevObjectVersion:   Dev-Physics (78F01B33-EBEA-4F98-B9B4-84EACCB95AA2): 0
LogDevObjectVersion:   Dev-Platform (6631380F-2D4D-43E0-8009-CF276956A95A): 0
LogDevObjectVersion:   Dev-Rendering (12F88B9F-8875-4AFC-A67C-D90C383ABD29): 31
LogDevObjectVersion:   Dev-Sequencer (7B5AE74C-D270-4C10-A958-57980B212A5A): 11
LogDevObjectVersion:   Dev-VR (D7296918-1DD6-4BDD-9DE2-64A83CC13884): 2
LogDevObjectVersion:   Dev-LoadTimes (C2A15278-BFE7-4AFE-6C17-90FF531DF755): 1
LogDevObjectVersion:   Private-Geometry (6EACA3D4-40EC-4CC1-B786-8BED09428FC5): 3
LogDevObjectVersion:   Dev-AnimPhys (29E575DD-E0A3-4627-9D10-D276232CDCEA): 17
LogDevObjectVersion:   Dev-Anim (AF43A65D-7FD3-4947-9873-3E8ED9C1BB05): 2
LogDevObjectVersion:   Dev-ReflectionCapture (6B266CEC-1EC7-4B8F-A30B-E4D90942FC07): 1
LogDevObjectVersion:   Dev-Automation (0DF73D61-A23F-47EA-B727-89E90C41499A): 1
LogDevObjectVersion:   FortniteMain (601D1886-AC64-4F84-AA16-D3DE0DEAC7D6): 27
LogDevObjectVersion:   Dev-Enterprise (9DFFBCD6-494F-0158-E221-12823C92A888): 6
LogDevObjectVersion:   Dev-Niagara (F2AED0AC-9AFE-416F-8664-AA7FFA26D6FC): 1
LogDevObjectVersion:   Dev-Destruction (174F1F0B-B4C6-45A5-B13F-2EE8D0FB917D): 9
LogInit: Presizing for max 16777216 objects, including 0 objects not considered by GC, pre-allocating 0 bytes for permanent pool.
LogInit: Object subsystem initialized
LogConfig: Setting CVar [[con.DebugEarlyDefault:1]]
LogConfig: Setting CVar [[r.setres:1280x720]]
[2020.03.17-20.05.16:661][  0]LogConfig: Setting CVar [[r.VSync:0]]
[2020.03.17-20.05.16:661][  0]LogConfig: Setting CVar [[r.RHICmdBypass:0]]
[2020.03.17-20.05.16:661][  0]LogConfig: Applying CVar settings from Section [/Script/Engine.RendererSettings] File [C:/Users/soapm/Documents/GitHub/LevelDesignFinal/FPSGameStarterKit/Saved/Config/Windows/Engine.ini]
[2020.03.17-20.05.16:661][  0]LogConfig: Setting CVar [[r.GPUCrashDebugging:0]]
[2020.03.17-20.05.16:661][  0]LogConfig: Setting CVar [[r.DefaultFeature.Bloom:0]]
[2020.03.17-20.05.16:661][  0]LogConfig: Setting CVar [[r.DefaultFeature.AutoExposure:0]]
[2020.03.17-20.05.16:661][  0]LogConfig: Setting CVar [[r.DefaultFeature.MotionBlur:0]]
[2020.03.17-20.05.16:661][  0]LogConfig: Applying CVar settings from Section [/Script/Engine.RendererOverrideSettings] File [C:/Users/soapm/Documents/GitHub/LevelDesignFinal/FPSGameStarterKit/Saved/Config/Windows/Engine.ini]
[2020.03.17-20.05.16:661][  0]LogConfig: Applying CVar settings from Section [/Script/Engine.StreamingSettings] File [C:/Users/soapm/Documents/GitHub/LevelDesignFinal/FPSGameStarterKit/Saved/Config/Windows/Engine.ini]
[2020.03.17-20.05.16:661][  0]LogConfig: Setting CVar [[s.MinBulkDataSizeForAsyncLoading:131072]]
[2020.03.17-20.05.16:661][  0]LogConfig: Setting CVar [[s.AsyncLoadingThreadEnabled:0]]
[2020.03.17-20.05.16:661][  0]LogConfig: Setting CVar [[s.EventDrivenLoaderEnabled:1]]
[2020.03.17-20.05.16:661][  0]LogConfig: Setting CVar [[s.WarnIfTimeLimitExceeded:0]]
[2020.03.17-20.05.16:661][  0]LogConfig: Setting CVar [[s.TimeLimitExceededMultiplier:1.5]]
[2020.03.17-20.05.16:661][  0]LogConfig: Setting CVar [[s.TimeLimitExceededMinTime:0.005]]
[2020.03.17-20.05.16:661][  0]LogConfig: Setting CVar [[s.UseBackgroundLevelStreaming:1]]
[2020.03.17-20.05.16:661][  0]LogConfig: Setting CVar [[s.PriorityAsyncLoadingExtraTime:15.0]]
[2020.03.17-20.05.16:661][  0]LogConfig: Setting CVar [[s.LevelStreamingActorsUpdateTimeLimit:5.0]]
[2020.03.17-20.05.16:661][  0]LogConfig: Setting CVar [[s.PriorityLevelStreamingActorsUpdateExtraTime:5.0]]
[2020.03.17-20.05.16:661][  0]LogConfig: Setting CVar [[s.LevelStreamingComponentsRegistrationGranularity:10]]
[2020.03.17-20.05.16:661][  0]LogConfig: Setting CVar [[s.UnregisterComponentsTimeLimit:1.0]]
[2020.03.17-20.05.16:661][  0]LogConfig: Setting CVar [[s.LevelStreamingComponentsUnregistrationGranularity:5]]
[2020.03.17-20.05.16:661][  0]LogConfig: Applying CVar settings from Section [/Script/Engine.GarbageCollectionSettings] File [C:/Users/soapm/Documents/GitHub/LevelDesignFinal/FPSGameStarterKit/Saved/Config/Windows/Engine.ini]
[2020.03.17-20.05.16:661][  0]LogConfig: Setting CVar [[gc.MaxObjectsNotConsideredByGC:1]]
[2020.03.17-20.05.16:661][  0]LogConfig: Setting CVar [[gc.SizeOfPermanentObjectPool:0]]
[2020.03.17-20.05.16:661][  0]LogConfig: Setting CVar [[gc.FlushStreamingOnGC:0]]
[2020.03.17-20.05.16:661][  0]LogConfig: Setting CVar [[gc.NumRetriesBeforeForcingGC:10]]
[2020.03.17-20.05.16:661][  0]LogConfig: Setting CVar [[gc.AllowParallelGC:1]]
[2020.03.17-20.05.16:661][  0]LogConfig: Setting CVar [[gc.TimeBetweenPurgingPendingKillObjects:61.1]]
[2020.03.17-20.05.16:661][  0]LogConfig: Setting CVar [[gc.MaxObjectsInEditor:16777216]]
[2020.03.17-20.05.16:661][  0]LogConfig: Setting CVar [[gc.IncrementalBeginDestroyEnabled:1]]
[2020.03.17-20.05.16:661][  0]LogConfig: Setting CVar [[gc.CreateGCClusters:1]]
[2020.03.17-20.05.16:661][  0]LogConfig: Setting CVar [[gc.MinGCClusterSize:5]]
[2020.03.17-20.05.16:661][  0]LogConfig: Setting CVar [[gc.ActorClusteringEnabled:0]]
[2020.03.17-20.05.16:661][  0]LogConfig: Setting CVar [[gc.BlueprintClusteringEnabled:0]]
[2020.03.17-20.05.16:661][  0]LogConfig: Setting CVar [[gc.UseDisregardForGCOnDedicatedServers:0]]
[2020.03.17-20.05.16:661][  0]LogConfig: Applying CVar settings from Section [/Script/Engine.NetworkSettings] File [C:/Users/soapm/Documents/GitHub/LevelDesignFinal/FPSGameStarterKit/Saved/Config/Windows/Engine.ini]
[2020.03.17-20.05.16:661][  0]LogConfig: Applying CVar settings from Section [/Script/UnrealEd.CookerSettings] File [C:/Users/soapm/Documents/GitHub/LevelDesignFinal/FPSGameStarterKit/Saved/Config/Windows/Engine.ini]
[2020.03.17-20.05.16:663][  0]LogConfig: Applying CVar settings from Section [ViewDistanceQuality@3] File [C:/Users/soapm/Documents/GitHub/LevelDesignFinal/FPSGameStarterKit/Saved/Config/Windows/Scalability.ini]
[2020.03.17-20.05.16:663][  0]LogConfig: Setting CVar [[r.SkeletalMeshLODBias:0]]
[2020.03.17-20.05.16:663][  0]LogConfig: Setting CVar [[r.ViewDistanceScale:1.0]]
[2020.03.17-20.05.16:663][  0]LogConfig: Applying CVar settings from Section [AntiAliasingQuality@3] File [C:/Users/soapm/Documents/GitHub/LevelDesignFinal/FPSGameStarterKit/Saved/Config/Windows/Scalability.ini]
[2020.03.17-20.05.16:663][  0]LogConfig: Setting CVar [[r.PostProcessAAQuality:4]]
[2020.03.17-20.05.16:663][  0]LogConfig: Applying CVar settings from Section [ShadowQuality@3] File [C:/Users/soapm/Documents/GitHub/LevelDesignFinal/FPSGameStarterKit/Saved/Config/Windows/Scalability.ini]
[2020.03.17-20.05.16:663][  0]LogConfig: Setting CVar [[r.LightFunctionQuality:1]]
[2020.03.17-20.05.16:663][  0]LogConfig: Setting CVar [[r.ShadowQuality:5]]
[2020.03.17-20.05.16:663][  0]LogConfig: Setting CVar [[r.Shadow.CSM.MaxCascades:10]]
[2020.03.17-20.05.16:663][  0]LogConfig: Setting CVar [[r.Shadow.MaxResolution:2048]]
[2020.03.17-20.05.16:663][  0]LogConfig: Setting CVar [[r.Shadow.MaxCSMResolution:2048]]
[2020.03.17-20.05.16:663][  0]LogConfig: Setting CVar [[r.Shadow.RadiusThreshold:0.01]]
[2020.03.17-20.05.16:663][  0]LogConfig: Setting CVar [[r.Shadow.DistanceScale:1.0]]
[2020.03.17-20.05.16:663][  0]LogConfig: Setting CVar [[r.Shadow.CSM.TransitionScale:1.0]]
[2020.03.17-20.05.16:663][  0]LogConfig: Setting CVar [[r.Shadow.PreShadowResolutionFactor:1.0]]
[2020.03.17-20.05.16:663][  0]LogConfig: Setting CVar [[r.DistanceFieldShadowing:1]]
[2020.03.17-20.05.16:663][  0]LogConfig: Setting CVar [[r.DistanceFieldAO:1]]
[2020.03.17-20.05.16:663][  0]LogConfig: Setting CVar [[r.AOQuality:2]]
[2020.03.17-20.05.16:663][  0]LogConfig: Setting CVar [[r.VolumetricFog:1]]
[2020.03.17-20.05.16:663][  0]LogConfig: Setting CVar [[r.VolumetricFog.GridPixelSize:8]]
[2020.03.17-20.05.16:663][  0]LogConfig: Setting CVar [[r.VolumetricFog.GridSizeZ:128]]
[2020.03.17-20.05.16:663][  0]LogConfig: Setting CVar [[r.VolumetricFog.HistoryMissSupersampleCount:4]]
[2020.03.17-20.05.16:663][  0]LogConfig: Setting CVar [[r.LightMaxDrawDistanceScale:1]]
[2020.03.17-20.05.16:663][  0]LogConfig: Setting CVar [[r.CapsuleShadows:1]]
[2020.03.17-20.05.16:663][  0]LogConfig: Applying CVar settings from Section [PostProcessQuality@3] File [C:/Users/soapm/Documents/GitHub/LevelDesignFinal/FPSGameStarterKit/Saved/Config/Windows/Scalability.ini]
[2020.03.17-20.05.16:663][  0]LogConfig: Setting CVar [[r.MotionBlurQuality:4]]
[2020.03.17-20.05.16:663][  0]LogConfig: Setting CVar [[r.AmbientOcclusionMipLevelFactor:0.4]]
[2020.03.17-20.05.16:663][  0]LogConfig: Setting CVar [[r.AmbientOcclusionMaxQuality:100]]
[2020.03.17-20.05.16:663][  0]LogConfig: Setting CVar [[r.AmbientOcclusionLevels:-1]]
[2020.03.17-20.05.16:663][  0]LogConfig: Setting CVar [[r.AmbientOcclusionRadiusScale:1.0]]
[2020.03.17-20.05.16:663][  0]LogConfig: Setting CVar [[r.DepthOfFieldQuality:2]]
[2020.03.17-20.05.16:663][  0]LogConfig: Setting CVar [[r.RenderTargetPoolMin:400]]
[2020.03.17-20.05.16:663][  0]LogConfig: Setting CVar [[r.LensFlareQuality:2]]
[2020.03.17-20.05.16:663][  0]LogConfig: Setting CVar [[r.SceneColorFringeQuality:1]]
[2020.03.17-20.05.16:663][  0]LogConfig: Setting CVar [[r.EyeAdaptationQuality:2]]
[2020.03.17-20.05.16:663][  0]LogConfig: Setting CVar [[r.BloomQuality:5]]
[2020.03.17-20.05.16:663][  0]LogConfig: Setting CVar [[r.FastBlurThreshold:100]]
[2020.03.17-20.05.16:663][  0]LogConfig: Setting CVar [[r.Upscale.Quality:3]]
[2020.03.17-20.05.16:663][  0]LogConfig: Setting CVar [[r.Tonemapper.GrainQuantization:1]]
[2020.03.17-20.05.16:663][  0]LogConfig: Setting CVar [[r.LightShaftQuality:1]]
[2020.03.17-20.05.16:663][  0]LogConfig: Setting CVar [[r.Filter.SizeScale:1]]
[2020.03.17-20.05.16:663][  0]LogConfig: Setting CVar [[r.Tonemapper.Quality:5]]
[2020.03.17-20.05.16:663][  0]LogConfig: Setting CVar [[r.DOF.Gather.AccumulatorQuality:1        ; higher gathering accumulator quality]]
[2020.03.17-20.05.16:663][  0]LogConfig: Setting CVar [[r.DOF.Gather.PostfilterMethod:1          ; Median3x3 postfilering method]]
[2020.03.17-20.05.16:663][  0]LogConfig: Setting CVar [[r.DOF.Gather.EnableBokehSettings:0       ; no bokeh simulation when gathering]]
[2020.03.17-20.05.16:663][  0]LogConfig: Setting CVar [[r.DOF.Gather.RingCount:4                 ; medium number of samples when gathering]]
[2020.03.17-20.05.16:663][  0]LogConfig: Setting CVar [[r.DOF.Scatter.ForegroundCompositing:1    ; additive foreground scattering]]
[2020.03.17-20.05.16:663][  0]LogConfig: Setting CVar [[r.DOF.Scatter.BackgroundCompositing:2    ; additive background scattering]]
[2020.03.17-20.05.16:663][  0]LogConfig: Setting CVar [[r.DOF.Scatter.EnableBokehSettings:1      ; bokeh simulation when scattering]]
[2020.03.17-20.05.16:663][  0]LogConfig: Setting CVar [[r.DOF.Scatter.MaxSpriteRatio:0.1         ; only a maximum of 10% of scattered bokeh]]
[2020.03.17-20.05.16:663][  0]LogConfig: Setting CVar [[r.DOF.Recombine.Quality:1                ; cheap slight out of focus]]
[2020.03.17-20.05.16:663][  0]LogConfig: Setting CVar [[r.DOF.Recombine.EnableBokehSettings:0    ; no bokeh simulation on slight out of focus]]
[2020.03.17-20.05.16:663][  0]LogConfig: Setting CVar [[r.DOF.TemporalAAQuality:1                ; more stable temporal accumulation]]
[2020.03.17-20.05.16:663][  0]LogConfig: Setting CVar [[r.DOF.Kernel.MaxForegroundRadius:0.025]]
[2020.03.17-20.05.16:663][  0]LogConfig: Setting CVar [[r.DOF.Kernel.MaxBackgroundRadius:0.025]]
[2020.03.17-20.05.16:663][  0]LogConfig: Applying CVar settings from Section [TextureQuality@3] File [C:/Users/soapm/Documents/GitHub/LevelDesignFinal/FPSGameStarterKit/Saved/Config/Windows/Scalability.ini]
[2020.03.17-20.05.16:663][  0]LogConfig: Setting CVar [[r.Streaming.MipBias:0]]
[2020.03.17-20.05.16:663][  0]LogConfig: Setting CVar [[r.Streaming.AmortizeCPUToGPUCopy:0]]
[2020.03.17-20.05.16:663][  0]LogConfig: Setting CVar [[r.Streaming.MaxNumTexturesToStreamPerFrame:0]]
[2020.03.17-20.05.16:663][  0]LogConfig: Setting CVar [[r.Streaming.Boost:1]]
[2020.03.17-20.05.16:663][  0]LogConfig: Setting CVar [[r.MaxAnisotropy:8]]
[2020.03.17-20.05.16:663][  0]LogConfig: Setting CVar [[r.Streaming.LimitPoolSizeToVRAM:0]]
[2020.03.17-20.05.16:663][  0]LogConfig: Setting CVar [[r.Streaming.PoolSize:1000]]
[2020.03.17-20.05.16:663][  0]LogConfig: Setting CVar [[r.Streaming.MaxEffectiveScreenSize:0]]
[2020.03.17-20.05.16:663][  0]LogConfig: Applying CVar settings from Section [EffectsQuality@3] File [C:/Users/soapm/Documents/GitHub/LevelDesignFinal/FPSGameStarterKit/Saved/Config/Windows/Scalability.ini]
[2020.03.17-20.05.16:663][  0]LogConfig: Setting CVar [[r.TranslucencyLightingVolumeDim:64]]
[2020.03.17-20.05.16:663][  0]LogConfig: Setting CVar [[r.RefractionQuality:2]]
[2020.03.17-20.05.16:663][  0]LogConfig: Setting CVar [[r.SSR.Quality:3]]
[2020.03.17-20.05.16:663][  0]LogConfig: Setting CVar [[r.SceneColorFormat:4]]
[2020.03.17-20.05.16:663][  0]LogConfig: Setting CVar [[r.DetailMode:2]]
[2020.03.17-20.05.16:663][  0]LogConfig: Setting CVar [[r.TranslucencyVolumeBlur:1]]
[2020.03.17-20.05.16:663][  0]LogConfig: Setting CVar [[r.MaterialQualityLevel:1 ; High quality]]
[2020.03.17-20.05.16:663][  0]LogConfig: Setting CVar [[r.SSS.Scale:1]]
[2020.03.17-20.05.16:663][  0]LogConfig: Setting CVar [[r.SSS.SampleSet:2]]
[2020.03.17-20.05.16:663][  0]LogConfig: Setting CVar [[r.SSS.Quality:1]]
[2020.03.17-20.05.16:663][  0]LogConfig: Setting CVar [[r.SSS.HalfRes:1]]
[2020.03.17-20.05.16:663][  0]LogConfig: Setting CVar [[r.EmitterSpawnRateScale:1.0]]
[2020.03.17-20.05.16:663][  0]LogConfig: Setting CVar [[r.ParticleLightQuality:2]]
[2020.03.17-20.05.16:663][  0]LogConfig: Applying CVar settings from Section [FoliageQuality@3] File [C:/Users/soapm/Documents/GitHub/LevelDesignFinal/FPSGameStarterKit/Saved/Config/Windows/Scalability.ini]
[2020.03.17-20.05.16:663][  0]LogConfig: Setting CVar [[foliage.DensityScale:1.0]]
[2020.03.17-20.05.16:663][  0]LogConfig: Setting CVar [[grass.DensityScale:1.0]]
[2020.03.17-20.05.16:663][  0]LogInit: Selected Device Profile: [Windows]
[2020.03.17-20.05.16:663][  0]LogInit: Applying CVar settings loaded from the selected device profile: [Windows]
[2020.03.17-20.05.16:669][  0]LogHAL: Display: Platform has ~ 16 GB [17094565888 / 17179869184 / 16], which maps to Larger [LargestMinGB=32, LargerMinGB=12, DefaultMinGB=8, SmallerMinGB=6, SmallestMinGB=0)
[2020.03.17-20.05.16:669][  0]LogInit: Going up to parent DeviceProfile []
[2020.03.17-20.05.16:669][  0]LogConfig: Applying CVar settings from Section [ViewDistanceQuality@2] File [C:/Users/soapm/Documents/GitHub/LevelDesignFinal/FPSGameStarterKit/Saved/Config/Windows/Scalability.ini]
[2020.03.17-20.05.16:669][  0]LogConfig: Setting CVar [[r.SkeletalMeshLODBias:0]]
[2020.03.17-20.05.16:669][  0]LogConfig: Setting CVar [[r.ViewDistanceScale:0.8]]
[2020.03.17-20.05.16:669][  0]LogConfig: Applying CVar settings from Section [AntiAliasingQuality@2] File [C:/Users/soapm/Documents/GitHub/LevelDesignFinal/FPSGameStarterKit/Saved/Config/Windows/Scalability.ini]
[2020.03.17-20.05.16:669][  0]LogConfig: Setting CVar [[r.PostProcessAAQuality:3]]
[2020.03.17-20.05.16:669][  0]LogConfig: Applying CVar settings from Section [ShadowQuality@2] File [C:/Users/soapm/Documents/GitHub/LevelDesignFinal/FPSGameStarterKit/Saved/Config/Windows/Scalability.ini]
[2020.03.17-20.05.16:669][  0]LogConfig: Setting CVar [[r.LightFunctionQuality:1]]
[2020.03.17-20.05.16:669][  0]LogConfig: Setting CVar [[r.ShadowQuality:5]]
[2020.03.17-20.05.16:669][  0]LogConfig: Setting CVar [[r.Shadow.CSM.MaxCascades:4]]
[2020.03.17-20.05.16:669][  0]LogConfig: Setting CVar [[r.Shadow.MaxResolution:1024]]
[2020.03.17-20.05.16:669][  0]LogConfig: Setting CVar [[r.Shadow.MaxCSMResolution:2048]]
[2020.03.17-20.05.16:669][  0]LogConfig: Setting CVar [[r.Shadow.RadiusThreshold:0.04]]
[2020.03.17-20.05.16:669][  0]LogConfig: Setting CVar [[r.Shadow.DistanceScale:0.85]]
[2020.03.17-20.05.16:670][  0]LogConfig: Setting CVar [[r.Shadow.CSM.TransitionScale:0.8]]
[2020.03.17-20.05.16:670][  0]LogConfig: Setting CVar [[r.Shadow.PreShadowResolutionFactor:0.5]]
[2020.03.17-20.05.16:670][  0]LogConfig: Setting CVar [[r.DistanceFieldShadowing:1]]
[2020.03.17-20.05.16:670][  0]LogConfig: Setting CVar [[r.DistanceFieldAO:1]]
[2020.03.17-20.05.16:670][  0]LogConfig: Setting CVar [[r.AOQuality:1]]
[2020.03.17-20.05.16:670][  0]LogConfig: Setting CVar [[r.VolumetricFog:1]]
[2020.03.17-20.05.16:670][  0]LogConfig: Setting CVar [[r.VolumetricFog.GridPixelSize:16]]
[2020.03.17-20.05.16:670][  0]LogConfig: Setting CVar [[r.VolumetricFog.GridSizeZ:64]]
[2020.03.17-20.05.16:670][  0]LogConfig: Setting CVar [[r.VolumetricFog.HistoryMissSupersampleCount:4]]
[2020.03.17-20.05.16:670][  0]LogConfig: Setting CVar [[r.LightMaxDrawDistanceScale:1]]
[2020.03.17-20.05.16:670][  0]LogConfig: Setting CVar [[r.CapsuleShadows:1]]
[2020.03.17-20.05.16:670][  0]LogConfig: Applying CVar settings from Section [PostProcessQuality@2] File [C:/Users/soapm/Documents/GitHub/LevelDesignFinal/FPSGameStarterKit/Saved/Config/Windows/Scalability.ini]
[2020.03.17-20.05.16:670][  0]LogConfig: Setting CVar [[r.MotionBlurQuality:3]]
[2020.03.17-20.05.16:670][  0]LogConfig: Setting CVar [[r.AmbientOcclusionMipLevelFactor:0.6]]
[2020.03.17-20.05.16:670][  0]LogConfig: Setting CVar [[r.AmbientOcclusionMaxQuality:100]]
[2020.03.17-20.05.16:670][  0]LogConfig: Setting CVar [[r.AmbientOcclusionLevels:-1]]
[2020.03.17-20.05.16:670][  0]LogConfig: Setting CVar [[r.AmbientOcclusionRadiusScale:1.5]]
[2020.03.17-20.05.16:670][  0]LogConfig: Setting CVar [[r.DepthOfFieldQuality:2]]
[2020.03.17-20.05.16:670][  0]LogConfig: Setting CVar [[r.RenderTargetPoolMin:400]]
[2020.03.17-20.05.16:670][  0]LogConfig: Setting CVar [[r.LensFlareQuality:2]]
[2020.03.17-20.05.16:670][  0]LogConfig: Setting CVar [[r.SceneColorFringeQuality:1]]
[2020.03.17-20.05.16:670][  0]LogConfig: Setting CVar [[r.EyeAdaptationQuality:2]]
[2020.03.17-20.05.16:670][  0]LogConfig: Setting CVar [[r.BloomQuality:5]]
[2020.03.17-20.05.16:670][  0]LogConfig: Setting CVar [[r.FastBlurThreshold:3]]
[2020.03.17-20.05.16:670][  0]LogConfig: Setting CVar [[r.Upscale.Quality:2]]
[2020.03.17-20.05.16:670][  0]LogConfig: Setting CVar [[r.Tonemapper.GrainQuantization:1]]
[2020.03.17-20.05.16:670][  0]LogConfig: Setting CVar [[r.LightShaftQuality:1]]
[2020.03.17-20.05.16:670][  0]LogConfig: Setting CVar [[r.Filter.SizeScale:0.8]]
[2020.03.17-20.05.16:670][  0]LogConfig: Setting CVar [[r.Tonemapper.Quality:5]]
[2020.03.17-20.05.16:670][  0]LogConfig: Setting CVar [[r.DOF.Gather.AccumulatorQuality:0        ; lower gathering accumulator quality]]
[2020.03.17-20.05.16:670][  0]LogConfig: Setting CVar [[r.DOF.Gather.PostfilterMethod:2          ; Max3x3 postfilering method]]
[2020.03.17-20.05.16:670][  0]LogConfig: Setting CVar [[r.DOF.Gather.EnableBokehSettings:0       ; no bokeh simulation when gathering]]
[2020.03.17-20.05.16:670][  0]LogConfig: Setting CVar [[r.DOF.Gather.RingCount:4                 ; medium number of samples when gathering]]
[2020.03.17-20.05.16:670][  0]LogConfig: Setting CVar [[r.DOF.Scatter.ForegroundCompositing:1    ; additive foreground scattering]]
[2020.03.17-20.05.16:670][  0]LogConfig: Setting CVar [[r.DOF.Scatter.BackgroundCompositing:1    ; no background occlusion]]
[2020.03.17-20.05.16:670][  0]LogConfig: Setting CVar [[r.DOF.Scatter.EnableBokehSettings:0      ; no bokeh simulation when scattering]]
[2020.03.17-20.05.16:670][  0]LogConfig: Setting CVar [[r.DOF.Scatter.MaxSpriteRatio:0.04        ; only a maximum of 4% of scattered bokeh]]
[2020.03.17-20.05.16:670][  0]LogConfig: Setting CVar [[r.DOF.Recombine.Quality:0                ; no slight out of focus]]
[2020.03.17-20.05.16:670][  0]LogConfig: Setting CVar [[r.DOF.TemporalAAQuality:0                ; faster temporal accumulation]]
[2020.03.17-20.05.16:670][  0]LogConfig: Setting CVar [[r.DOF.Kernel.MaxForegroundRadius:0.012   ; required because of AccumulatorQuality=0]]
[2020.03.17-20.05.16:670][  0]LogConfig: Setting CVar [[r.DOF.Kernel.MaxBackgroundRadius:0.012   ; required because of AccumulatorQuality=0]]
[2020.03.17-20.05.16:670][  0]LogConfig: Applying CVar settings from Section [TextureQuality@2] File [C:/Users/soapm/Documents/GitHub/LevelDesignFinal/FPSGameStarterKit/Saved/Config/Windows/Scalability.ini]
[2020.03.17-20.05.16:670][  0]LogConfig: Setting CVar [[r.Streaming.MipBias:0]]
[2020.03.17-20.05.16:670][  0]LogConfig: Setting CVar [[r.Streaming.AmortizeCPUToGPUCopy:0]]
[2020.03.17-20.05.16:670][  0]LogConfig: Setting CVar [[r.Streaming.MaxNumTexturesToStreamPerFrame:0]]
[2020.03.17-20.05.16:670][  0]LogConfig: Setting CVar [[r.Streaming.Boost:1]]
[2020.03.17-20.05.16:670][  0]LogConfig: Setting CVar [[r.MaxAnisotropy:4]]
[2020.03.17-20.05.16:670][  0]LogConfig: Setting CVar [[r.Streaming.LimitPoolSizeToVRAM:1]]
[2020.03.17-20.05.16:670][  0]LogConfig: Setting CVar [[r.Streaming.PoolSize:800]]
[2020.03.17-20.05.16:670][  0]LogConfig: Setting CVar [[r.Streaming.MaxEffectiveScreenSize:0]]
[2020.03.17-20.05.16:670][  0]LogConfig: Applying CVar settings from Section [EffectsQuality@2] File [C:/Users/soapm/Documents/GitHub/LevelDesignFinal/FPSGameStarterKit/Saved/Config/Windows/Scalability.ini]
[2020.03.17-20.05.16:670][  0]LogConfig: Setting CVar [[r.TranslucencyLightingVolumeDim:48]]
[2020.03.17-20.05.16:670][  0]LogConfig: Setting CVar [[r.RefractionQuality:2]]
[2020.03.17-20.05.16:670][  0]LogConfig: Setting CVar [[r.SSR.Quality:2]]
[2020.03.17-20.05.16:670][  0]LogConfig: Setting CVar [[r.SceneColorFormat:3]]
[2020.03.17-20.05.16:670][  0]LogConfig: Setting CVar [[r.DetailMode:1]]
[2020.03.17-20.05.16:670][  0]LogConfig: Setting CVar [[r.TranslucencyVolumeBlur:1]]
[2020.03.17-20.05.16:670][  0]LogConfig: Setting CVar [[r.MaterialQualityLevel:1 ; High quality]]
[2020.03.17-20.05.16:670][  0]LogConfig: Setting CVar [[r.SSS.Scale:1]]
[2020.03.17-20.05.16:670][  0]LogConfig: Setting CVar [[r.SSS.SampleSet:1]]
[2020.03.17-20.05.16:670][  0]LogConfig: Setting CVar [[r.SSS.Quality:-1]]
[2020.03.17-20.05.16:670][  0]LogConfig: Setting CVar [[r.SSS.HalfRes:1]]
[2020.03.17-20.05.16:670][  0]LogConfig: Setting CVar [[r.EmitterSpawnRateScale:0.5]]
[2020.03.17-20.05.16:670][  0]LogConfig: Setting CVar [[r.ParticleLightQuality:1]]
[2020.03.17-20.05.16:670][  0]LogConfig: Applying CVar settings from Section [FoliageQuality@2] File [C:/Users/soapm/Documents/GitHub/LevelDesignFinal/FPSGameStarterKit/Saved/Config/Windows/Scalability.ini]
[2020.03.17-20.05.16:670][  0]LogConfig: Setting CVar [[foliage.DensityScale:0.8]]
[2020.03.17-20.05.16:670][  0]LogConfig: Setting CVar [[grass.DensityScale:0.8]]
[2020.03.17-20.05.16:670][  0]LogConfig: Applying CVar settings from Section [Startup] File [../../../Engine/Config/ConsoleVariables.ini]
[2020.03.17-20.05.16:673][  0]LogConfig: Setting CVar [[net.UseAdaptiveNetUpdateFrequency:0]]
[2020.03.17-20.05.16:673][  0]LogConfig: Setting CVar [[p.chaos.AllowCreatePhysxBodies:1]]
[2020.03.17-20.05.16:673][  0]LogConfig: Applying CVar settings from Section [ConsoleVariables] File [C:/Users/soapm/Documents/GitHub/LevelDesignFinal/FPSGameStarterKit/Saved/Config/Windows/Engine.ini]
[2020.03.17-20.05.16:674][  0]LogInit: Computer: DESKTOP-CIREEBE
[2020.03.17-20.05.16:674][  0]LogInit: User: soapm
[2020.03.17-20.05.16:674][  0]LogInit: CPU Page size=4096, Cores=8
[2020.03.17-20.05.16:674][  0]LogInit: High frequency timer resolution =10.000000 MHz
[2020.03.17-20.05.16:674][  0]LogMemory: Memory total: Physical=15.9GB (16GB approx)
[2020.03.17-20.05.16:674][  0]LogMemory: Platform Memory Stats for Windows
[2020.03.17-20.05.16:674][  0]LogMemory: Process Physical Memory: 102.18 MB used, 102.18 MB peak
[2020.03.17-20.05.16:674][  0]LogMemory: Process Virtual Memory: 99.37 MB used, 99.37 MB peak
[2020.03.17-20.05.16:674][  0]LogMemory: Physical Memory: 7173.21 MB used,  9129.44 MB free, 16302.65 MB total
[2020.03.17-20.05.16:674][  0]LogMemory: Virtual Memory: 4671.03 MB used,  134213056.00 MB free, 134217728.00 MB total
[2020.03.17-20.05.16:677][  0]LogWindows: WindowsPlatformFeatures enabled
[2020.03.17-20.05.16:768][  0]LogInit: Overriding language with editor language configuration option (en).
[2020.03.17-20.05.16:768][  0]LogInit: Overriding locale with editor culture configuration option ().
[2020.03.17-20.05.16:768][  0]LogInit: Using OS detected locale (zh-CN).
[2020.03.17-20.05.16:910][  0]LogInit: Setting process to per monitor DPI aware
[2020.03.17-20.05.16:962][  0]LogSlate: New Slate User Created.  User Index 0, Is Virtual User: 0
[2020.03.17-20.05.16:962][  0]LogSlate: Slate User Registered.  User Index 0, Is Virtual User: 0
[2020.03.17-20.05.18:347][  0]LogHMD: Failed to initialize OpenVR with code 110
[2020.03.17-20.05.18:347][  0]LogD3D11RHI: D3D11 adapters:
[2020.03.17-20.05.18:394][  0]LogD3D11RHI:    0. 'NVIDIA GeForce RTX 2080 SUPER' (Feature Level 11_0)
[2020.03.17-20.05.18:394][  0]LogD3D11RHI:       8010/0/8151 MB DedicatedVideo/DedicatedSystem/SharedSystem, Outputs:1, VendorId:0x10de
[2020.03.17-20.05.18:396][  0]LogD3D11RHI:    1. 'Microsoft Basic Render Driver' (Feature Level 11_0)
[2020.03.17-20.05.18:396][  0]LogD3D11RHI:       0/0/8151 MB DedicatedVideo/DedicatedSystem/SharedSystem, Outputs:0, VendorId:0x1414
[2020.03.17-20.05.18:396][  0]LogD3D11RHI: Chosen D3D11 Adapter: 0
[2020.03.17-20.05.18:402][  0]LogD3D11RHI: Creating new Direct3DDevice
[2020.03.17-20.05.18:402][  0]LogD3D11RHI:     GPU DeviceId: 0x1e81 (for the marketing name, search the web for "GPU Device Id")
[2020.03.17-20.05.18:402][  0]LogWindows: EnumDisplayDevices:
[2020.03.17-20.05.18:403][  0]LogWindows:    0. 'NVIDIA GeForce RTX 2080 SUPER' (P:1 D:1)
[2020.03.17-20.05.18:403][  0]LogWindows:    1. 'NVIDIA GeForce RTX 2080 SUPER' (P:0 D:0)
[2020.03.17-20.05.18:403][  0]LogWindows:    2. 'NVIDIA GeForce RTX 2080 SUPER' (P:0 D:0)
[2020.03.17-20.05.18:403][  0]LogWindows:    3. 'NVIDIA GeForce RTX 2080 SUPER' (P:0 D:0)
[2020.03.17-20.05.18:403][  0]LogWindows: DebugString: FoundDriverCount:4 
[2020.03.17-20.05.18:403][  0]LogD3D11RHI:     Adapter Name: NVIDIA GeForce RTX 2080 SUPER
[2020.03.17-20.05.18:403][  0]LogD3D11RHI:   Driver Version: 442.59 (internal:26.21.14.4259, unified:442.59)
[2020.03.17-20.05.18:403][  0]LogD3D11RHI:      Driver Date: 3-4-2020
[2020.03.17-20.05.18:403][  0]LogRHI: Texture pool is 5607 MB (70% of 8010 MB)
[2020.03.17-20.05.18:431][  0]LogD3D11RHI: Async texture creation enabled
[2020.03.17-20.05.18:452][  0]LogD3D11RHI: GPU Timing Frequency: 1000.000000 (Debug: 2 1)
[2020.03.17-20.05.18:453][  0]LogD3D11RHI: HDR output is supported on display 0 (NvId: 0x80061083).
[2020.03.17-20.05.18:659][  0]LogTemp: Display: Module 'AllDesktopTargetPlatform' loaded TargetPlatform 'AllDesktop'
[2020.03.17-20.05.18:665][  0]LogTemp: Display: Module 'MacClientTargetPlatform' loaded TargetPlatform 'MacClient'
[2020.03.17-20.05.18:671][  0]LogTemp: Display: Module 'MacNoEditorTargetPlatform' loaded TargetPlatform 'MacNoEditor'
[2020.03.17-20.05.18:678][  0]LogTemp: Display: Module 'MacServerTargetPlatform' loaded TargetPlatform 'MacServer'
[2020.03.17-20.05.18:687][  0]LogTemp: Display: Module 'MacTargetPlatform' loaded TargetPlatform 'Mac'
[2020.03.17-20.05.18:693][  0]LogTemp: Display: Module 'WindowsClientTargetPlatform' loaded TargetPlatform 'WindowsClient'
[2020.03.17-20.05.18:699][  0]LogTemp: Display: Module 'WindowsNoEditorTargetPlatform' loaded TargetPlatform 'WindowsNoEditor'
[2020.03.17-20.05.18:705][  0]LogTemp: Display: Module 'WindowsServerTargetPlatform' loaded TargetPlatform 'WindowsServer'
[2020.03.17-20.05.18:708][  0]LogTemp: Display: Module 'WindowsTargetPlatform' loaded TargetPlatform 'Windows'
[2020.03.17-20.05.18:735][  0]LogTemp: Display: Module 'AndroidTargetPlatform' loaded TargetPlatform 'Android'
[2020.03.17-20.05.18:735][  0]LogTemp: Display: Module 'AndroidTargetPlatform' loaded TargetPlatform 'Android_ASTC'
[2020.03.17-20.05.18:735][  0]LogTemp: Display: Module 'AndroidTargetPlatform' loaded TargetPlatform 'Android_ATC'
[2020.03.17-20.05.18:735][  0]LogTemp: Display: Module 'AndroidTargetPlatform' loaded TargetPlatform 'Android_DXT'
[2020.03.17-20.05.18:735][  0]LogTemp: Display: Module 'AndroidTargetPlatform' loaded TargetPlatform 'Android_ETC1'
[2020.03.17-20.05.18:735][  0]LogTemp: Display: Module 'AndroidTargetPlatform' loaded TargetPlatform 'Android_ETC1a'
[2020.03.17-20.05.18:735][  0]LogTemp: Display: Module 'AndroidTargetPlatform' loaded TargetPlatform 'Android_ETC2'
[2020.03.17-20.05.18:735][  0]LogTemp: Display: Module 'AndroidTargetPlatform' loaded TargetPlatform 'Android_PVRTC'
[2020.03.17-20.05.18:735][  0]LogTemp: Display: Module 'AndroidTargetPlatform' loaded TargetPlatform 'AndroidClient'
[2020.03.17-20.05.18:735][  0]LogTemp: Display: Module 'AndroidTargetPlatform' loaded TargetPlatform 'Android_ASTCClient'
[2020.03.17-20.05.18:735][  0]LogTemp: Display: Module 'AndroidTargetPlatform' loaded TargetPlatform 'Android_ATCClient'
[2020.03.17-20.05.18:735][  0]LogTemp: Display: Module 'AndroidTargetPlatform' loaded TargetPlatform 'Android_DXTClient'
[2020.03.17-20.05.18:735][  0]LogTemp: Display: Module 'AndroidTargetPlatform' loaded TargetPlatform 'Android_ETC1Client'
[2020.03.17-20.05.18:735][  0]LogTemp: Display: Module 'AndroidTargetPlatform' loaded TargetPlatform 'Android_ETC1aClient'
[2020.03.17-20.05.18:736][  0]LogTemp: Display: Module 'AndroidTargetPlatform' loaded TargetPlatform 'Android_ETC2Client'
[2020.03.17-20.05.18:736][  0]LogTemp: Display: Module 'AndroidTargetPlatform' loaded TargetPlatform 'Android_PVRTCClient'
[2020.03.17-20.05.18:736][  0]LogTemp: Display: Module 'AndroidTargetPlatform' loaded TargetPlatform 'Android_Multi'
[2020.03.17-20.05.18:736][  0]LogTemp: Display: Module 'AndroidTargetPlatform' loaded TargetPlatform 'Android_MultiClient'
[2020.03.17-20.05.18:737][  0]LogTemp: Display: Module 'HTML5TargetPlatform' loaded TargetPlatform 'HTML5'
[2020.03.17-20.05.18:754][  0]LogTemp: Display: Module 'IOSTargetPlatform' loaded TargetPlatform 'IOSClient'
[2020.03.17-20.05.18:755][  0]LogTemp: Display: Module 'IOSTargetPlatform' loaded TargetPlatform 'IOS'
[2020.03.17-20.05.18:764][  0]LogTemp: Display: Module 'TVOSTargetPlatform' loaded TargetPlatform 'TVOSClient'
[2020.03.17-20.05.18:764][  0]LogTemp: Display: Module 'TVOSTargetPlatform' loaded TargetPlatform 'TVOS'
[2020.03.17-20.05.18:770][  0]LogTemp: Display: Module 'LinuxClientTargetPlatform' loaded TargetPlatform 'LinuxClient'
[2020.03.17-20.05.18:775][  0]LogTemp: Display: Module 'LinuxNoEditorTargetPlatform' loaded TargetPlatform 'LinuxNoEditor'
[2020.03.17-20.05.18:780][  0]LogTemp: Display: Module 'LinuxServerTargetPlatform' loaded TargetPlatform 'LinuxServer'
[2020.03.17-20.05.18:793][  0]LogTemp: Display: Module 'LinuxTargetPlatform' loaded TargetPlatform 'Linux'
[2020.03.17-20.05.18:812][  0]LogTemp: Display: Module 'LuminTargetPlatform' loaded TargetPlatform 'Lumin'
[2020.03.17-20.05.18:812][  0]LogTemp: Display: Module 'LuminTargetPlatform' loaded TargetPlatform 'LuminClient'
[2020.03.17-20.05.18:812][  0]LogTargetPlatformManager: Display: Building Assets For Windows
[2020.03.17-20.05.18:839][  0]LogAudioDebug: Display: Lib vorbis DLL was dynamically loaded.
[2020.03.17-20.05.18:890][  0]LogShaderCompilers: Guid format shader working directory is -33 characters bigger than the processId version (../../../../../Users/soapm/Documents/GitHub/LevelDesignFinal/FPSGameStarterKit/Intermediate/Shaders/WorkingDirectory/28536/).
[2020.03.17-20.05.18:890][  0]LogShaderCompilers: Cleaned the shader compiler working directory 'C:/Users/soapm/AppData/Local/Temp/UnrealShaderWorkingDir/BD355BF04F19951CB4C5C4B1D0378020/'.
[2020.03.17-20.05.18:891][  0]LogXGEController: Cleaning working directory: C:/Users/soapm/AppData/Local/Temp/UnrealXGEWorkingDir/
[2020.03.17-20.05.18:892][  0]LogXGEController: Cannot use XGE Controller as Incredibuild is not installed on this machine.
[2020.03.17-20.05.18:892][  0]LogShaderCompilers: Cannot use XGE Shader Compiler as Incredibuild is not installed on this machine.
[2020.03.17-20.05.18:892][  0]LogShaderCompilers: Display: Using Local Shader Compiler.
[2020.03.17-20.05.20:432][  0]LogDerivedDataCache: Display: Max Cache Size: 512 MB
[2020.03.17-20.05.20:466][  0]LogDerivedDataCache: Loaded boot cache 0.03s 73MB C:/Users/soapm/AppData/Local/UnrealEngine/4.23/DerivedDataCache/Boot.ddc.
[2020.03.17-20.05.20:466][  0]LogDerivedDataCache: Display: Loaded Boot cache: C:/Users/soapm/AppData/Local/UnrealEngine/4.23/DerivedDataCache/Boot.ddc
[2020.03.17-20.05.20:466][  0]LogDerivedDataCache: FDerivedDataBackendGraph:  Pak pak cache file ../../../../../Users/soapm/Documents/GitHub/LevelDesignFinal/FPSGameStarterKit/DerivedDataCache/DDC.ddp not found, will not use a pak cache.
[2020.03.17-20.05.20:466][  0]LogDerivedDataCache: Unable to find inner node Pak for hierarchical cache Hierarchy.
[2020.03.17-20.05.20:466][  0]LogDerivedDataCache: FDerivedDataBackendGraph:  CompressedPak pak cache file ../../../../../Users/soapm/Documents/GitHub/LevelDesignFinal/FPSGameStarterKit/DerivedDataCache/Compressed.ddp not found, will not use a pak cache.
[2020.03.17-20.05.20:466][  0]LogDerivedDataCache: Unable to find inner node CompressedPak for hierarchical cache Hierarchy.
[2020.03.17-20.05.20:479][  0]LogDerivedDataCache: Display: Pak cache opened for reading ../../../Engine/DerivedDataCache/Compressed.ddp.
[2020.03.17-20.05.20:485][  0]LogDerivedDataCache: Display: Pak cache opened for reading ../../../Enterprise/DerivedDataCache/Compressed.ddp.
[2020.03.17-20.05.20:486][  0]LogDerivedDataCache: Using Local data cache path C:/Users/soapm/AppData/Local/UnrealEngine/Common/DerivedDataCache: Writable
[2020.03.17-20.05.20:486][  0]LogDerivedDataCache: Shared data cache path not found in *engine.ini, will not use an Shared cache.
[2020.03.17-20.05.20:486][  0]LogDerivedDataCache: Unable to find inner node Shared for hierarchical cache Hierarchy.
[2020.03.17-20.05.20:500][  0]LogMaterial: Verifying Global Shaders for PCD3D_SM5
[2020.03.17-20.05.20:502][  0]LogSlate: Using FreeType 2.6.0
[2020.03.17-20.05.20:510][  0]LogSlate: SlateFontServices - WITH_FREETYPE: 1, WITH_HARFBUZZ: 1
[2020.03.17-20.05.20:618][  0]LogAssetRegistry: FAssetRegistry took 0.0017 seconds to start up
[2020.03.17-20.05.20:795][  0]LogInit: Selected Device Profile: [Windows]
[2020.03.17-20.05.20:954][  0]LogMeshReduction: Using QuadricMeshReduction for automatic static mesh reduction
[2020.03.17-20.05.20:954][  0]LogMeshReduction: Using SimplygonMeshReduction for automatic skeletal mesh reduction
[2020.03.17-20.05.20:954][  0]LogMeshReduction: Using ProxyLODMeshReduction for automatic mesh merging
[2020.03.17-20.05.20:954][  0]LogMeshReduction: No distributed automatic mesh merging module available
[2020.03.17-20.05.20:954][  0]LogMeshMerging: No distributed automatic mesh merging module available
[2020.03.17-20.05.20:975][  0]LogNetVersion: FPSGameStarterKit 1.0.0, NetCL: 8386587, EngineNetVer: 11, GameNetVer: 0 (Checksum: 1303747183)
[2020.03.17-20.05.21:594][  0]LogPackageLocalizationCache: Processed 12 localized package path(s) for 1 prioritized culture(s) in 0.031206 seconds
[2020.03.17-20.05.21:599][  0]LogUObjectArray: 43444 objects as part of root set at end of initial load.
[2020.03.17-20.05.21:599][  0]LogUObjectAllocator: 7548648 out of 0 bytes used by permanent object pool.
[2020.03.17-20.05.21:599][  0]LogUObjectArray: CloseDisregardForGC: 0/0 objects in disregard for GC pool
[2020.03.17-20.05.23:084][  0]LogTcpMessaging: Initializing TcpMessaging bridge
[2020.03.17-20.05.23:086][  0]LogUdpMessaging: Initializing bridge on interface 0.0.0.0:0 to multicast group 230.0.0.1:6666.
[2020.03.17-20.05.23:129][  0]SourceControl: Source control is disabled
[2020.03.17-20.05.23:129][  0]SourceControl: Source control is disabled
[2020.03.17-20.05.23:130][  0]SourceControl: Source control is disabled
[2020.03.17-20.05.23:131][  0]SourceControl: Source control is disabled
[2020.03.17-20.05.23:209][  0]LogAndroidPermission: UAndroidPermissionCallbackProxy::GetInstance
[2020.03.17-20.05.23:352][  0]LogOcInput: OculusInput pre-init called
[2020.03.17-20.05.23:356][  0]LogWindows: Failed to load 'OVRPlugin.dll' (GetLastError=126)
[2020.03.17-20.05.23:357][  0]LogWindows: File 'OVRPlugin.dll' does not exist
[2020.03.17-20.05.23:420][  0]LogEngine: Initializing Engine...
[2020.03.17-20.05.23:420][  0]LogHMD: Failed to initialize OpenVR with code 110
[2020.03.17-20.05.23:421][  0]LogStats: UGameplayTagsManager::InitializeManager -  0.000 s
[2020.03.17-20.05.23:683][  0]LogInit: Initializing FReadOnlyCVARCache
[2020.03.17-20.05.23:692][  0]LogAIModule: Creating AISystem for world Untitled
[2020.03.17-20.05.23:717][  0]LogInit: XAudio2 using 'Speakers (JBL Pebbles)' : 2 channels at 48 kHz using 16 bits per sample (channel mask 0x3)
[2020.03.17-20.05.23:733][  0]LogInit: FAudioDevice initialized.
[2020.03.17-20.05.23:734][  0]LogNetVersion: Set ProjectVersion to 1.5.0.0. Version Checksum will be recalculated on next use.
[2020.03.17-20.05.23:763][  0]LogDerivedDataCache: Saved boot cache 0.03s 73MB C:/Users/soapm/AppData/Local/UnrealEngine/4.23/DerivedDataCache/Boot.ddc.
[2020.03.17-20.05.23:768][  0]LogInit: Texture streaming: Enabled
[2020.03.17-20.05.23:780][  0]LogEngineSessionManager: EngineSessionManager initialized
[2020.03.17-20.05.23:780][  0]LogEditorSessionSummary: Verbose: Initializing EditorSessionSummaryWriter for editor session tracking
[2020.03.17-20.05.23:781][  0]LogEditorSessionSummary: EditorSessionSummaryWriter initialized
[2020.03.17-20.05.23:826][  0]LogInit: Transaction tracking system initialized
[2020.03.17-20.05.23:845][  0]BlueprintLog: New page: Editor Load
[2020.03.17-20.05.23:898][  0]LocalizationService: Localization service is disabled
[2020.03.17-20.05.24:202][  0]LogFileCache: Scanning file cache for directory 'C:/Users/soapm/Documents/GitHub/LevelDesignFinal/FPSGameStarterKit/Content/' took 0.01s
[2020.03.17-20.05.24:202][  0]LogCook: Display: Max memory allowance for cook 16384mb min free memory 0mb
[2020.03.17-20.05.24:202][  0]LogCook: Display: Mobile HDR setting 1
[2020.03.17-20.05.24:396][  0]SourceControl: Source control is disabled
[2020.03.17-20.05.24:396][  0]Cmd: MAP LOAD FILE="../../../../../Users/soapm/Documents/GitHub/LevelDesignFinal/FPSGameStarterKit/Content/FPS_Game/Maps/Testing.umap" TEMPLATE=0 SHOWPROGRESS=1 FEATURELEVEL=3
[2020.03.17-20.05.24:396][  0]LightingResults: New page: Lighting Build
[2020.03.17-20.05.24:398][  0]LogWorld: UWorld::CleanupWorld for Untitled, bSessionEnded=true, bCleanupResources=true
[2020.03.17-20.05.24:398][  0]MapCheck: New page: Map Check
[2020.03.17-20.05.24:398][  0]LightingResults: New page: Lighting Build
[2020.03.17-20.05.24:420][  0]LogUObjectHash: Compacting FUObjectHashTables data took   1.12ms
[2020.03.17-20.05.26:056][  0]LogAnimation: Warning: Animation Blueprint /Game/FPS_Game/Character/AnimTPP.AnimTPP has nodes with invalid node guids that have been regenerated. This blueprint will not cook deterministically until it is resaved.
[2020.03.17-20.05.26:057][  0]LogAnimation: Warning: Animation Blueprint /Game/FPS_Game/Character/AnimFPP.AnimFPP has nodes with invalid node guids that have been regenerated. This blueprint will not cook deterministically until it is resaved.
[2020.03.17-20.05.26:407][  0]LogBlueprint: Warning: [Compiler BP_CharacterBase] Input pin  Method  specifying non-default value no longer exists on node  Set members in PostProcessSettings . Please refresh node or reset pin to default value to remove pin.
[2020.03.17-20.05.29:193][  0]LogAIModule: Creating AISystem for world Testing
[2020.03.17-20.05.29:293][  0]LogEditorServer: Finished looking for orphan Actors (0.000 secs)
[2020.03.17-20.05.29:350][  0]LogUObjectHash: Compacting FUObjectHashTables data took   3.08ms
[2020.03.17-20.05.29:350][  0]Cmd: MAP CHECKDEP NOCLEARLOG
[2020.03.17-20.05.29:350][  0]MapCheck: Map check complete: 0 Error(s), 0 Warning(s), took 0.125ms to complete.
[2020.03.17-20.05.29:350][  0]LogFileHelpers: Loading map 'Testing' took 4.955
[2020.03.17-20.05.29:458][  0]LogSlate: Updating window title bar state: overlay mode, drag disabled, window buttons hidden, title bar hidden
[2020.03.17-20.05.29:463][  0]LogSlate: Updating window title bar state: overlay mode, drag disabled, window buttons hidden, title bar hidden
[2020.03.17-20.05.29:468][  0]LogSlate: Updating window title bar state: overlay mode, drag disabled, window buttons hidden, title bar hidden
[2020.03.17-20.05.29:472][  0]LogSlate: Updating window title bar state: overlay mode, drag disabled, window buttons hidden, title bar hidden
[2020.03.17-20.05.29:479][  0]LogCollectionManager: Loaded 0 collections in 0.001138 seconds
[2020.03.17-20.05.29:483][  0]LogFileCache: Scanning file cache for directory 'C:/Users/soapm/Documents/GitHub/LevelDesignFinal/FPSGameStarterKit/Saved/Collections/' took 0.00s
[2020.03.17-20.05.29:483][  0]LogFileCache: Scanning file cache for directory 'C:/Users/soapm/Documents/GitHub/LevelDesignFinal/FPSGameStarterKit/Content/Developers/soapm/Collections/' took 0.00s
[2020.03.17-20.05.29:483][  0]LogFileCache: Scanning file cache for directory 'C:/Users/soapm/Documents/GitHub/LevelDesignFinal/FPSGameStarterKit/Content/Collections/' took 0.00s
[2020.03.17-20.05.29:483][  0]LogCollectionManager: Rebuilt the GUID cache for 0 collections in 0.000001 seconds
[2020.03.17-20.05.29:488][  0]LogContentBrowser: Native class hierarchy populated in 0.0056 seconds. Added 2863 classes and 680 folders.
[2020.03.17-20.05.29:492][  0]LogContentBrowser: Native class hierarchy updated for 'WidgetCarousel' in 0.0001 seconds. Added 0 classes and 0 folders.
[2020.03.17-20.05.29:656][  0]LogContentBrowser: Native class hierarchy updated for 'AddContentDialog' in 0.0002 seconds. Added 0 classes and 0 folders.
[2020.03.17-20.05.29:659][  0]LogContentBrowser: Native class hierarchy updated for 'SceneOutliner' in 0.0001 seconds. Added 1 classes and 2 folders.
[2020.03.17-20.05.29:673][  0]LogSlate: Took 0.003172 seconds to synchronously load lazily loaded font '../../../Engine/Content/Slate/Fonts/Roboto-Regular.ttf' (155K)
[2020.03.17-20.05.29:677][  0]LogSlate: Took 0.002992 seconds to synchronously load lazily loaded font '../../../Engine/Content/Slate/Fonts/Roboto-Bold.ttf' (160K)
[2020.03.17-20.05.29:682][  0]LogSlate: Took 0.003292 seconds to synchronously load lazily loaded font '../../../Engine/Content/Editor/Slate/Fonts/FontAwesome.ttf' (139K)
[2020.03.17-20.05.29:744][  0]LogRenderer: Reallocating scene render targets to support 1396x600 Format 9 NumSamples 1 (Frame:1).
[2020.03.17-20.05.29:812][  0]LogContentBrowser: Native class hierarchy updated for 'HierarchicalLODOutliner' in 0.0002 seconds. Added 0 classes and 0 folders.
[2020.03.17-20.05.29:812][  0]LogLoad: (Engine Initialization) Total time: 14.95 seconds
[2020.03.17-20.05.29:812][  0]LogLoad: (Engine Initialization) Total Blueprint compile time: 0.00 seconds
[2020.03.17-20.05.29:871][  0]LogContentStreaming: Texture pool size now 800 MB
[2020.03.17-20.05.29:906][  0]LogSlate: Took 0.003148 seconds to synchronously load lazily loaded font '../../../Engine/Content/Slate/Fonts/Roboto-Light.ttf' (167K)
[2020.03.17-20.05.30:175][  6]LogAssetRegistry: Asset discovery search completed in 9.5572 seconds
[2020.03.17-20.05.30:178][  6]LogCollectionManager: Rebuilt the object cache for 0 collections in 0.000003 seconds (found 0 objects)
[2020.03.17-20.05.30:178][  6]LogCollectionManager: Fixed up redirectors for 0 collections in 0.000032 seconds (updated 0 objects)
[2020.03.17-20.05.30:840][ 82]LogSlate: Took 0.000125 seconds to synchronously load lazily loaded font '../../../Engine/Content/Slate/Fonts/Roboto-Light.ttf' (167K)
[2020.03.17-20.05.31:783][195]LogSlate: FSceneViewport::OnFocusLost() reason 0
[2020.03.17-20.05.31:908][210]LogTemp: Repeating last play command: Selected Viewport
[2020.03.17-20.05.31:921][210]LogBlueprintUserMessages: Early PlayInEditor Detection: Level '/Game/FPS_Game/Maps/Testing.Testing:PersistentLevel' has LevelScriptBlueprint '/Game/FPS_Game/Maps/Testing.Testing:PersistentLevel.Testing' with GeneratedClass '/Game/FPS_Game/Maps/Testing.Testing_C' with ClassGeneratedBy '/Game/FPS_Game/Maps/Testing.Testing:PersistentLevel.Testing'
[2020.03.17-20.05.31:921][210]LogPlayLevel: PlayLevel: No blueprints needed recompiling
[2020.03.17-20.05.31:921][210]PIE: New page: PIE session: Testing (2020年3月17日 上午6:05:31)
[2020.03.17-20.05.31:922][210]LogOnline: OSS: Creating online subsystem instance for: NULL
[2020.03.17-20.05.31:923][210]LogPlayLevel: Creating play world package: /Game/FPS_Game/Maps/UEDPIE_0_Testing
[2020.03.17-20.05.32:012][210]LogPlayLevel: PIE: StaticDuplicateObject took: (0.089486s)
[2020.03.17-20.05.32:013][210]LogAIModule: Creating AISystem for world Testing
[2020.03.17-20.05.32:013][210]LogPlayLevel: PIE: World Init took: (0.000630s)
[2020.03.17-20.05.32:013][210]LogPlayLevel: PIE: Created PIE world by copying editor world from /Game/FPS_Game/Maps/Testing.Testing to /Game/FPS_Game/Maps/UEDPIE_0_Testing.Testing (0.090304s)
[2020.03.17-20.05.32:033][210]LogUObjectHash: Compacting FUObjectHashTables data took   1.35ms
[2020.03.17-20.05.32:056][210]LogInit: XAudio2 using 'Speakers (JBL Pebbles)' : 2 channels at 48 kHz using 16 bits per sample (channel mask 0x3)
[2020.03.17-20.05.32:062][210]LogInit: FAudioDevice initialized.
[2020.03.17-20.05.32:068][210]LogLoad: Game class is 'BP_GameMode_C'
[2020.03.17-20.05.32:079][210]LogWorld: Bringing World /Game/FPS_Game/Maps/UEDPIE_0_Testing.Testing up for play (max tick rate 0) at 2020.03.17-13.05.32
[2020.03.17-20.05.32:082][210]LogWorld: Bringing up level for play took: 0.013703
[2020.03.17-20.05.32:082][210]LogOnline: OSS: Creating online subsystem instance for: :Context_1
[2020.03.17-20.05.32:087][210]LogContentBrowser: Native class hierarchy updated for 'MovieSceneCapture' in 0.0002 seconds. Added 20 classes and 0 folders.
[2020.03.17-20.05.32:091][210]LogLinker: Warning: Failed to load '/Game/FPS_Game/Maps/UEDPIE_0_Testing1': Can't find file.
[2020.03.17-20.05.32:091][210]LogLinker: Warning: Failed to load '/Game/FPS_Game/Maps/UEDPIE_0_Testing1': Can't find file.
[2020.03.17-20.05.32:091][210]LogUObjectGlobals: Warning: Failed to find object 'Object /Game/FPS_Game/Maps/UEDPIE_0_Testing1.Testing1.PersistentLevel.BPC_WeaponSniper_C_0'
[2020.03.17-20.05.32:094][210]PIE: Play in editor start time for /Game/FPS_Game/Maps/UEDPIE_0_Testing -0.008
[2020.03.17-20.05.32:094][210]LogBlueprintUserMessages: Late PlayInEditor Detection: Level '/Game/FPS_Game/Maps/Testing.Testing:PersistentLevel' has LevelScriptBlueprint '/Game/FPS_Game/Maps/Testing.Testing:PersistentLevel.Testing' with GeneratedClass '/Game/FPS_Game/Maps/Testing.Testing_C' with ClassGeneratedBy '/Game/FPS_Game/Maps/Testing.Testing:PersistentLevel.Testing'
[2020.03.17-20.05.43:142][532]LogBlueprintUserMessages: Early EndPlayMap Detection: Level '/Game/FPS_Game/Maps/Testing.Testing:PersistentLevel' has LevelScriptBlueprint '/Game/FPS_Game/Maps/Testing.Testing:PersistentLevel.Testing' with GeneratedClass '/Game/FPS_Game/Maps/Testing.Testing_C' with ClassGeneratedBy '/Game/FPS_Game/Maps/Testing.Testing:PersistentLevel.Testing'
[2020.03.17-20.05.43:142][532]LogSlate: Updating window title bar state: overlay mode, drag disabled, window buttons hidden, title bar hidden
[2020.03.17-20.05.43:142][532]LogWorld: BeginTearingDown for /Game/FPS_Game/Maps/UEDPIE_0_Testing
[2020.03.17-20.05.43:142][532]LogWorld: UWorld::CleanupWorld for Testing, bSessionEnded=true, bCleanupResources=true
[2020.03.17-20.05.43:150][532]LogPlayLevel: Display: Shutting down PIE online subsystems
[2020.03.17-20.05.43:150][532]LogBlueprintUserMessages: Late EndPlayMap Detection: Level '/Game/FPS_Game/Maps/Testing.Testing:PersistentLevel' has LevelScriptBlueprint '/Game/FPS_Game/Maps/Testing.Testing:PersistentLevel.Testing' with GeneratedClass '/Game/FPS_Game/Maps/Testing.Testing_C' with ClassGeneratedBy '/Game/FPS_Game/Maps/Testing.Testing:PersistentLevel.Testing'
[2020.03.17-20.05.43:175][532]LogSlate: Updating window title bar state: overlay mode, drag disabled, window buttons hidden, title bar hidden
[2020.03.17-20.05.43:181][532]LogUObjectHash: Compacting FUObjectHashTables data took   1.55ms
[2020.03.17-20.05.43:242][538]LogPlayLevel: Display: Destroying online subsystem :Context_1
[2020.03.17-20.05.49:517][282]LogSlate: FSceneViewport::OnFocusLost() reason 0
[2020.03.17-20.06.03:822][985]LogSlate: Took 0.000116 seconds to synchronously load lazily loaded font '../../../Engine/Content/Slate/Fonts/Roboto-Italic.ttf' (157K)
[2020.03.17-20.06.21:613][ 68]LogAssetEditorManager: Opening Asset editor for Blueprint /Game/FPS_Game/Blueprints/System/Menu/BP_MENU_PlayerController.BP_MENU_PlayerController
[2020.03.17-20.06.21:769][ 68]LogContentBrowser: Native class hierarchy updated for 'BlueprintGraph' in 0.0003 seconds. Added 121 classes and 0 folders.
[2020.03.17-20.06.22:400][ 68]LogSlate: Took 0.000136 seconds to synchronously load lazily loaded font '../../../Engine/Content/Slate/Fonts/Roboto-BoldCondensed.ttf' (158K)
[2020.03.17-20.06.25:573][441]LogAssetEditorManager: Opening Asset editor for Blueprint /Game/FPS_Game/Blueprints/System/BP_PlayerController.BP_PlayerController
[2020.03.17-20.06.27:493][641]LogWorld: UWorld::CleanupWorld for World_50, bSessionEnded=true, bCleanupResources=true
[2020.03.17-20.06.27:535][641]LogAssetEditorManager: Opening Asset editor for Blueprint /Game/FPS_Game/Blueprints/System/BP_PlayerController.BP_PlayerController
[2020.03.17-20.07.26:046][752]LogTemp: Repeating last play command: Selected Viewport
[2020.03.17-20.07.26:066][752]LogBlueprintUserMessages: Early PlayInEditor Detection: Level '/Game/FPS_Game/Maps/Testing.Testing:PersistentLevel' has LevelScriptBlueprint '/Game/FPS_Game/Maps/Testing.Testing:PersistentLevel.Testing' with GeneratedClass '/Game/FPS_Game/Maps/Testing.Testing_C' with ClassGeneratedBy '/Game/FPS_Game/Maps/Testing.Testing:PersistentLevel.Testing'
[2020.03.17-20.07.26:066][752]LogPlayLevel: PlayLevel: No blueprints needed recompiling
[2020.03.17-20.07.26:066][752]PIE: New page: PIE session: Testing (2020年3月17日 上午6:07:26)
[2020.03.17-20.07.26:066][752]LogPlayLevel: Creating play world package: /Game/FPS_Game/Maps/UEDPIE_0_Testing
[2020.03.17-20.07.26:149][752]LogPlayLevel: PIE: StaticDuplicateObject took: (0.082286s)
[2020.03.17-20.07.26:149][752]LogAIModule: Creating AISystem for world Testing
[2020.03.17-20.07.26:149][752]LogPlayLevel: PIE: World Init took: (0.000705s)
[2020.03.17-20.07.26:150][752]LogPlayLevel: PIE: Created PIE world by copying editor world from /Game/FPS_Game/Maps/Testing.Testing to /Game/FPS_Game/Maps/UEDPIE_0_Testing.Testing (0.083106s)
[2020.03.17-20.07.26:186][752]LogUObjectHash: Compacting FUObjectHashTables data took   3.20ms
[2020.03.17-20.07.26:210][752]LogInit: XAudio2 using 'Speakers (JBL Pebbles)' : 2 channels at 48 kHz using 16 bits per sample (channel mask 0x3)
[2020.03.17-20.07.26:217][752]LogInit: FAudioDevice initialized.
[2020.03.17-20.07.26:222][752]LogLoad: Game class is 'BP_GameMode_C'
[2020.03.17-20.07.26:233][752]LogWorld: Bringing World /Game/FPS_Game/Maps/UEDPIE_0_Testing.Testing up for play (max tick rate 0) at 2020.03.17-13.07.26
[2020.03.17-20.07.26:236][752]LogWorld: Bringing up level for play took: 0.013107
[2020.03.17-20.07.26:236][752]LogOnline: OSS: Creating online subsystem instance for: :Context_54
[2020.03.17-20.07.26:243][752]PIE: Play in editor start time for /Game/FPS_Game/Maps/UEDPIE_0_Testing 0.141
[2020.03.17-20.07.26:244][752]LogBlueprintUserMessages: Late PlayInEditor Detection: Level '/Game/FPS_Game/Maps/Testing.Testing:PersistentLevel' has LevelScriptBlueprint '/Game/FPS_Game/Maps/Testing.Testing:PersistentLevel.Testing' with GeneratedClass '/Game/FPS_Game/Maps/Testing.Testing_C' with ClassGeneratedBy '/Game/FPS_Game/Maps/Testing.Testing:PersistentLevel.Testing'
[2020.03.17-20.07.36:163][939]LogPlayerController: Error: InputMode:UIOnly - Attempting to focus Non-Focusable widget SObjectWidget [Widget.cpp(723)]!
[2020.03.17-20.07.38:063][167]LogSlate: FSceneViewport::OnFocusLost() reason 0
[2020.03.17-20.07.40:949][513]LogScript: Warning: Script Msg: Attempted to access index 0 from array 'UT_Inventory' of length 0 in '/Game/FPS_Game/Blueprints/BP_CharacterBase.BP_CharacterBase_C'!
[2020.03.17-20.07.50:214][625]LogScript: Warning: Script Msg: Attempted to access index 0 from array 'UT_Inventory' of length 0 in '/Game/FPS_Game/Blueprints/BP_CharacterBase.BP_CharacterBase_C'!
[2020.03.17-20.08.09:066][887]LogBlueprintUserMessages: Early EndPlayMap Detection: Level '/Game/FPS_Game/Maps/Testing.Testing:PersistentLevel' has LevelScriptBlueprint '/Game/FPS_Game/Maps/Testing.Testing:PersistentLevel.Testing' with GeneratedClass '/Game/FPS_Game/Maps/Testing.Testing_C' with ClassGeneratedBy '/Game/FPS_Game/Maps/Testing.Testing:PersistentLevel.Testing'
[2020.03.17-20.08.09:066][887]LogSlate: Updating window title bar state: overlay mode, drag disabled, window buttons hidden, title bar hidden
[2020.03.17-20.08.09:066][887]LogWorld: BeginTearingDown for /Game/FPS_Game/Maps/UEDPIE_0_Testing
[2020.03.17-20.08.09:067][887]LogWorld: UWorld::CleanupWorld for Testing, bSessionEnded=true, bCleanupResources=true
[2020.03.17-20.08.09:077][887]LogPlayLevel: Display: Shutting down PIE online subsystems
[2020.03.17-20.08.09:077][887]LogBlueprintUserMessages: Late EndPlayMap Detection: Level '/Game/FPS_Game/Maps/Testing.Testing:PersistentLevel' has LevelScriptBlueprint '/Game/FPS_Game/Maps/Testing.Testing:PersistentLevel.Testing' with GeneratedClass '/Game/FPS_Game/Maps/Testing.Testing_C' with ClassGeneratedBy '/Game/FPS_Game/Maps/Testing.Testing:PersistentLevel.Testing'
[2020.03.17-20.08.09:113][887]LogSlate: Updating window title bar state: overlay mode, drag disabled, window buttons hidden, title bar hidden
[2020.03.17-20.08.09:119][887]LogUObjectHash: Compacting FUObjectHashTables data took   2.42ms
[2020.03.17-20.08.09:166][891]LogPlayLevel: Display: Destroying online subsystem :Context_54
[2020.03.17-20.08.13:234][379]LogSlate: FSceneViewport::OnFocusLost() reason 0
[2020.03.17-20.08.18:123][884]LogAIModule: Creating AISystem for world Testing1
[2020.03.17-20.08.18:248][884]LogAssetEditorManager: Opening Asset editor for World /Game/FPS_Game/Maps/Testing1.Testing1
[2020.03.17-20.08.18:280][884]LogUObjectHash: Compacting FUObjectHashTables data took   2.46ms
[2020.03.17-20.08.18:281][884]Cmd: MAP LOAD FILE="../../../../../Users/soapm/Documents/GitHub/LevelDesignFinal/FPSGameStarterKit/Content/FPS_Game/Maps/Testing1.umap" TEMPLATE=0 SHOWPROGRESS=1 FEATURELEVEL=3
[2020.03.17-20.08.18:281][884]LightingResults: New page: Lighting Build
[2020.03.17-20.08.18:281][884]LoadErrors: New page: Loading map: Testing1.umap
[2020.03.17-20.08.18:283][884]LogWorld: UWorld::CleanupWorld for Testing, bSessionEnded=true, bCleanupResources=true
[2020.03.17-20.08.18:285][884]MapCheck: New page: Map Check
[2020.03.17-20.08.18:285][884]LightingResults: New page: Lighting Build
[2020.03.17-20.08.18:320][884]LogUObjectHash: Compacting FUObjectHashTables data took   2.65ms
[2020.03.17-20.08.18:752][884]LogEditorServer: Finished looking for orphan Actors (0.000 secs)
[2020.03.17-20.08.18:822][884]LogUObjectHash: Compacting FUObjectHashTables data took   2.40ms
[2020.03.17-20.08.18:845][884]Cmd: MAP CHECKDEP NOCLEARLOG
[2020.03.17-20.08.18:845][884]MapCheck: Map check complete: 0 Error(s), 0 Warning(s), took 0.122ms to complete.
[2020.03.17-20.08.18:846][884]LogFileHelpers: Loading map 'Testing1' took 0.565
[2020.03.17-20.08.21:534][193]LogTemp: Repeating last play command: Selected Viewport
[2020.03.17-20.08.21:554][193]LogBlueprintUserMessages: Early PlayInEditor Detection: Level '/Game/FPS_Game/Maps/Testing1.Testing1:PersistentLevel' has LevelScriptBlueprint '/Game/FPS_Game/Maps/Testing1.Testing1:PersistentLevel.Testing1' with GeneratedClass '/Game/FPS_Game/Maps/Testing1.Testing1_C' with ClassGeneratedBy '/Game/FPS_Game/Maps/Testing1.Testing1:PersistentLevel.Testing1'
[2020.03.17-20.08.21:554][193]LogPlayLevel: PlayLevel: No blueprints needed recompiling
[2020.03.17-20.08.21:554][193]PIE: New page: PIE session: Testing1 (2020年3月17日 上午6:08:21)
[2020.03.17-20.08.21:554][193]LogPlayLevel: Creating play world package: /Game/FPS_Game/Maps/UEDPIE_0_Testing1
[2020.03.17-20.08.21:816][193]LogPlayLevel: PIE: StaticDuplicateObject took: (0.262614s)
[2020.03.17-20.08.21:817][193]LogAIModule: Creating AISystem for world Testing1
[2020.03.17-20.08.21:817][193]LogPlayLevel: PIE: World Init took: (0.000724s)
[2020.03.17-20.08.21:817][193]LogPlayLevel: PIE: Created PIE world by copying editor world from /Game/FPS_Game/Maps/Testing1.Testing1 to /Game/FPS_Game/Maps/UEDPIE_0_Testing1.Testing1 (0.263486s)
[2020.03.17-20.08.21:844][193]LogUObjectHash: Compacting FUObjectHashTables data took   2.14ms
[2020.03.17-20.08.21:868][193]LogInit: XAudio2 using 'Speakers (JBL Pebbles)' : 2 channels at 48 kHz using 16 bits per sample (channel mask 0x3)
[2020.03.17-20.08.21:874][193]LogInit: FAudioDevice initialized.
[2020.03.17-20.08.21:883][193]LogLoad: Game class is 'BP_GameMode_C'
[2020.03.17-20.08.21:934][193]LogWorld: Bringing World /Game/FPS_Game/Maps/UEDPIE_0_Testing1.Testing1 up for play (max tick rate 0) at 2020.03.17-13.08.21
[2020.03.17-20.08.21:947][193]LogWorld: Bringing up level for play took: 0.062776
[2020.03.17-20.08.21:947][193]LogOnline: OSS: Creating online subsystem instance for: :Context_55
[2020.03.17-20.08.21:952][193]LogScript: Warning: Script Msg: Attempted to access index 0 from array 'TargetPointArray' of length 0 in '/Game/FPS_Game/Blueprints/Bonus/AI/Patrol/BP_AI_CharPatrol.BP_AI_CharPatrol_C'!
[2020.03.17-20.08.21:952][193]LogScript: Warning: Script Msg: Attempted to access index 0 from array 'TargetPointArray' of length 0 in '/Game/FPS_Game/Blueprints/Bonus/AI/Patrol/BP_AI_CharPatrol.BP_AI_CharPatrol_C'!
[2020.03.17-20.08.21:952][193]LogScript: Warning: Script Msg: Attempted to access index 0 from array 'TargetPointArray' of length 0 in '/Game/FPS_Game/Blueprints/Bonus/AI/Patrol/BP_AI_CharPatrol.BP_AI_CharPatrol_C'!
[2020.03.17-20.08.21:952][193]LogScript: Warning: Script Msg: Attempted to access index 0 from array 'TargetPointArray' of length 0 in '/Game/FPS_Game/Blueprints/Bonus/AI/Patrol/BP_AI_CharPatrol.BP_AI_CharPatrol_C'!
[2020.03.17-20.08.21:952][193]LogScript: Warning: Script Msg: Attempted to access index 0 from array 'TargetPointArray' of length 0 in '/Game/FPS_Game/Blueprints/Bonus/AI/Patrol/BP_AI_CharPatrol.BP_AI_CharPatrol_C'!
[2020.03.17-20.08.21:952][193]LogScript: Warning: Script Msg: Attempted to access index 0 from array 'TargetPointArray' of length 0 in '/Game/FPS_Game/Blueprints/Bonus/AI/Patrol/BP_AI_CharPatrol.BP_AI_CharPatrol_C'!
[2020.03.17-20.08.21:952][193]LogScript: Warning: Script Msg: Attempted to access index 0 from array 'TargetPointArray' of length 0 in '/Game/FPS_Game/Blueprints/Bonus/AI/Patrol/BP_AI_CharPatrol.BP_AI_CharPatrol_C'!
[2020.03.17-20.08.21:952][193]LogScript: Warning: Script Msg: Attempted to access index 0 from array 'TargetPointArray' of length 0 in '/Game/FPS_Game/Blueprints/Bonus/AI/Patrol/BP_AI_CharPatrol.BP_AI_CharPatrol_C'!
[2020.03.17-20.08.21:953][193]LogScript: Warning: Script Msg: Attempted to access index 0 from array 'TargetPointArray' of length 0 in '/Game/FPS_Game/Blueprints/Bonus/AI/Patrol/BP_AI_CharPatrol.BP_AI_CharPatrol_C'!
[2020.03.17-20.08.21:953][193]LogScript: Warning: Script Msg: Attempted to access index 0 from array 'TargetPointArray' of length 0 in '/Game/FPS_Game/Blueprints/Bonus/AI/Patrol/BP_AI_CharPatrol.BP_AI_CharPatrol_C'!
[2020.03.17-20.08.21:953][193]LogScript: Warning: Script Msg: Attempted to access index 0 from array 'TargetPointArray' of length 0 in '/Game/FPS_Game/Blueprints/Bonus/AI/Patrol/BP_AI_CharPatrol.BP_AI_CharPatrol_C'!
[2020.03.17-20.08.21:953][193]LogScript: Warning: Script Msg: Attempted to access index 0 from array 'TargetPointArray' of length 0 in '/Game/FPS_Game/Blueprints/Bonus/AI/Patrol/BP_AI_CharPatrol.BP_AI_CharPatrol_C'!
[2020.03.17-20.08.21:953][193]LogUObjectGlobals: Warning: Failed to find object 'Object /Game/FPS_Game/Maps/UEDPIE_0_Testing1.Testing1:PersistentLevel.BPC_WeaponSniper_C_0'
[2020.03.17-20.08.21:956][193]PIE: Play in editor start time for /Game/FPS_Game/Maps/UEDPIE_0_Testing1 -0.145
[2020.03.17-20.08.21:956][193]LogBlueprintUserMessages: Late PlayInEditor Detection: Level '/Game/FPS_Game/Maps/Testing1.Testing1:PersistentLevel' has LevelScriptBlueprint '/Game/FPS_Game/Maps/Testing1.Testing1:PersistentLevel.Testing1' with GeneratedClass '/Game/FPS_Game/Maps/Testing1.Testing1_C' with ClassGeneratedBy '/Game/FPS_Game/Maps/Testing1.Testing1:PersistentLevel.Testing1'
[2020.03.17-20.08.21:982][194]LogCharacterMovement: Warning: GetSimulationTimeStep() - Max iterations 8 hit while remaining time 0.095238 > MaxSimulationTimeStep (0.050) for 'AI_Zombie_3', movement 'Walking'
[2020.03.17-20.08.21:982][194]LogCharacterMovement: Warning: GetSimulationTimeStep() - Max iterations 8 hit while remaining time 0.095525 > MaxSimulationTimeStep (0.050) for 'AI_Soldier8_16', movement 'Walking'
[2020.03.17-20.08.21:982][194]LogCharacterMovement: Warning: GetSimulationTimeStep() - Max iterations 8 hit while remaining time 0.095525 > MaxSimulationTimeStep (0.050) for 'AI_Soldier12', movement 'Walking'
[2020.03.17-20.08.21:982][194]LogCharacterMovement: Warning: GetSimulationTimeStep() - Max iterations 8 hit while remaining time 0.094048 > MaxSimulationTimeStep (0.050) for 'AI_Charger11', movement 'Falling'
[2020.03.17-20.08.21:983][194]LogCharacterMovement: Warning: GetSimulationTimeStep() - Max iterations 8 hit while remaining time 0.094048 > MaxSimulationTimeStep (0.050) for 'AI_Charger21', movement 'Falling'
[2020.03.17-20.08.25:516][338]LogPlayerController: Error: InputMode:UIOnly - Attempting to focus Non-Focusable widget SObjectWidget [Widget.cpp(723)]!
[2020.03.17-20.08.26:700][387]LogSlate: FSceneViewport::OnFocusLost() reason 0
[2020.03.17-20.08.28:706][470]LogScript: Warning: Script Msg: Attempted to access index 0 from array 'UT_Inventory' of length 0 in '/Game/FPS_Game/Blueprints/BP_CharacterBase.BP_CharacterBase_C'!
[2020.03.17-20.08.34:090][693]LogScript: Warning: Script Msg: Attempted to access index 0 from array 'UT_Inventory' of length 0 in '/Game/FPS_Game/Blueprints/BP_CharacterBase.BP_CharacterBase_C'!
[2020.03.17-20.08.35:735][761]LogScript: Warning: Script Msg: Attempted to access index 0 from array 'UT_Inventory' of length 0 in '/Game/FPS_Game/Blueprints/BP_CharacterBase.BP_CharacterBase_C'!
[2020.03.17-20.08.48:627][425]LogBlueprintUserMessages: Early EndPlayMap Detection: Level '/Game/FPS_Game/Maps/Testing1.Testing1:PersistentLevel' has LevelScriptBlueprint '/Game/FPS_Game/Maps/Testing1.Testing1:PersistentLevel.Testing1' with GeneratedClass '/Game/FPS_Game/Maps/Testing1.Testing1_C' with ClassGeneratedBy '/Game/FPS_Game/Maps/Testing1.Testing1:PersistentLevel.Testing1'
[2020.03.17-20.08.48:627][425]LogSlate: Updating window title bar state: overlay mode, drag disabled, window buttons hidden, title bar hidden
[2020.03.17-20.08.48:627][425]LogWorld: BeginTearingDown for /Game/FPS_Game/Maps/UEDPIE_0_Testing1
[2020.03.17-20.08.48:630][425]LogWorld: UWorld::CleanupWorld for Testing1, bSessionEnded=true, bCleanupResources=true
[2020.03.17-20.08.48:684][425]LogPlayLevel: Display: Shutting down PIE online subsystems
[2020.03.17-20.08.48:684][425]LogBlueprintUserMessages: Late EndPlayMap Detection: Level '/Game/FPS_Game/Maps/Testing1.Testing1:PersistentLevel' has LevelScriptBlueprint '/Game/FPS_Game/Maps/Testing1.Testing1:PersistentLevel.Testing1' with GeneratedClass '/Game/FPS_Game/Maps/Testing1.Testing1_C' with ClassGeneratedBy '/Game/FPS_Game/Maps/Testing1.Testing1:PersistentLevel.Testing1'
[2020.03.17-20.08.48:724][425]LogSlate: Updating window title bar state: overlay mode, drag disabled, window buttons hidden, title bar hidden
[2020.03.17-20.08.48:734][425]LogUObjectHash: Compacting FUObjectHashTables data took   2.21ms
[2020.03.17-20.08.48:766][426]LogPlayLevel: Display: Destroying online subsystem :Context_55
[2020.03.17-20.08.50:280][498]LogSlate: FSceneViewport::OnFocusLost() reason 2
[2020.03.17-20.08.56:761][771]LogBlueprintUserMessages: Early PlayInEditor Detection: Level '/Game/FPS_Game/Maps/Testing1.Testing1:PersistentLevel' has LevelScriptBlueprint '/Game/FPS_Game/Maps/Testing1.Testing1:PersistentLevel.Testing1' with GeneratedClass '/Game/FPS_Game/Maps/Testing1.Testing1_C' with ClassGeneratedBy '/Game/FPS_Game/Maps/Testing1.Testing1:PersistentLevel.Testing1'
[2020.03.17-20.08.56:761][771]LogPlayLevel: PlayLevel: No blueprints needed recompiling
[2020.03.17-20.08.56:761][771]PIE: New page: PIE session: Testing1 (2020年3月17日 上午6:08:56)
[2020.03.17-20.08.56:761][771]LogPlayLevel: Creating play world package: /Game/FPS_Game/Maps/UEDPIE_0_Testing1
[2020.03.17-20.08.57:012][771]LogPlayLevel: PIE: StaticDuplicateObject took: (0.250902s)
[2020.03.17-20.08.57:013][771]LogAIModule: Creating AISystem for world Testing1
[2020.03.17-20.08.57:013][771]LogPlayLevel: PIE: World Init took: (0.000626s)
[2020.03.17-20.08.57:013][771]LogPlayLevel: PIE: Created PIE world by copying editor world from /Game/FPS_Game/Maps/Testing1.Testing1 to /Game/FPS_Game/Maps/UEDPIE_0_Testing1.Testing1 (0.251669s)
[2020.03.17-20.08.57:041][771]LogUObjectHash: Compacting FUObjectHashTables data took   2.14ms
[2020.03.17-20.08.57:065][771]LogInit: XAudio2 using 'Speakers (JBL Pebbles)' : 2 channels at 48 kHz using 16 bits per sample (channel mask 0x3)
[2020.03.17-20.08.57:070][771]LogInit: FAudioDevice initialized.
[2020.03.17-20.08.57:073][771]LogSlate: FSceneViewport::OnFocusLost() reason 5
[2020.03.17-20.08.57:077][771]LogSlate: Updating window title bar state: overlay mode, drag disabled, window buttons hidden, title bar hidden
[2020.03.17-20.08.57:077][771]LogLoad: Game class is 'BP_GameMode_C'
[2020.03.17-20.08.57:124][771]LogWorld: Bringing World /Game/FPS_Game/Maps/UEDPIE_0_Testing1.Testing1 up for play (max tick rate 0) at 2020.03.17-13.08.57
[2020.03.17-20.08.57:137][771]LogWorld: Bringing up level for play took: 0.059212
[2020.03.17-20.08.57:137][771]LogOnline: OSS: Creating online subsystem instance for: :Context_56
[2020.03.17-20.08.57:142][771]LogScript: Warning: Script Msg: Attempted to access index 0 from array 'TargetPointArray' of length 0 in '/Game/FPS_Game/Blueprints/Bonus/AI/Patrol/BP_AI_CharPatrol.BP_AI_CharPatrol_C'!
[2020.03.17-20.08.57:142][771]LogScript: Warning: Script Msg: Attempted to access index 0 from array 'TargetPointArray' of length 0 in '/Game/FPS_Game/Blueprints/Bonus/AI/Patrol/BP_AI_CharPatrol.BP_AI_CharPatrol_C'!
[2020.03.17-20.08.57:142][771]LogScript: Warning: Script Msg: Attempted to access index 0 from array 'TargetPointArray' of length 0 in '/Game/FPS_Game/Blueprints/Bonus/AI/Patrol/BP_AI_CharPatrol.BP_AI_CharPatrol_C'!
[2020.03.17-20.08.57:142][771]LogScript: Warning: Script Msg: Attempted to access index 0 from array 'TargetPointArray' of length 0 in '/Game/FPS_Game/Blueprints/Bonus/AI/Patrol/BP_AI_CharPatrol.BP_AI_CharPatrol_C'!
[2020.03.17-20.08.57:142][771]LogScript: Warning: Script Msg: Attempted to access index 0 from array 'TargetPointArray' of length 0 in '/Game/FPS_Game/Blueprints/Bonus/AI/Patrol/BP_AI_CharPatrol.BP_AI_CharPatrol_C'!
[2020.03.17-20.08.57:142][771]LogScript: Warning: Script Msg: Attempted to access index 0 from array 'TargetPointArray' of length 0 in '/Game/FPS_Game/Blueprints/Bonus/AI/Patrol/BP_AI_CharPatrol.BP_AI_CharPatrol_C'!
[2020.03.17-20.08.57:142][771]LogScript: Warning: Script Msg: Attempted to access index 0 from array 'TargetPointArray' of length 0 in '/Game/FPS_Game/Blueprints/Bonus/AI/Patrol/BP_AI_CharPatrol.BP_AI_CharPatrol_C'!
[2020.03.17-20.08.57:143][771]LogScript: Warning: Script Msg: Attempted to access index 0 from array 'TargetPointArray' of length 0 in '/Game/FPS_Game/Blueprints/Bonus/AI/Patrol/BP_AI_CharPatrol.BP_AI_CharPatrol_C'!
[2020.03.17-20.08.57:143][771]LogScript: Warning: Script Msg: Attempted to access index 0 from array 'TargetPointArray' of length 0 in '/Game/FPS_Game/Blueprints/Bonus/AI/Patrol/BP_AI_CharPatrol.BP_AI_CharPatrol_C'!
[2020.03.17-20.08.57:143][771]LogScript: Warning: Script Msg: Attempted to access index 0 from array 'TargetPointArray' of length 0 in '/Game/FPS_Game/Blueprints/Bonus/AI/Patrol/BP_AI_CharPatrol.BP_AI_CharPatrol_C'!
[2020.03.17-20.08.57:143][771]LogScript: Warning: Script Msg: Attempted to access index 0 from array 'TargetPointArray' of length 0 in '/Game/FPS_Game/Blueprints/Bonus/AI/Patrol/BP_AI_CharPatrol.BP_AI_CharPatrol_C'!
[2020.03.17-20.08.57:143][771]LogScript: Warning: Script Msg: Attempted to access index 0 from array 'TargetPointArray' of length 0 in '/Game/FPS_Game/Blueprints/Bonus/AI/Patrol/BP_AI_CharPatrol.BP_AI_CharPatrol_C'!
[2020.03.17-20.08.57:148][771]PIE: Play in editor start time for /Game/FPS_Game/Maps/UEDPIE_0_Testing1 1.046
[2020.03.17-20.08.57:148][771]LogBlueprintUserMessages: Late PlayInEditor Detection: Level '/Game/FPS_Game/Maps/Testing1.Testing1:PersistentLevel' has LevelScriptBlueprint '/Game/FPS_Game/Maps/Testing1.Testing1:PersistentLevel.Testing1' with GeneratedClass '/Game/FPS_Game/Maps/Testing1.Testing1_C' with ClassGeneratedBy '/Game/FPS_Game/Maps/Testing1.Testing1:PersistentLevel.Testing1'
[2020.03.17-20.08.57:214][772]LogRenderer: Reallocating scene render targets to support 1396x720 Format 9 NumSamples 1 (Frame:1).
[2020.03.17-20.08.57:220][772]LogCharacterMovement: Warning: GetSimulationTimeStep() - Max iterations 8 hit while remaining time 0.059407 > MaxSimulationTimeStep (0.050) for 'AI_Charger11', movement 'Falling'
[2020.03.17-20.08.57:220][772]LogCharacterMovement: Warning: GetSimulationTimeStep() - Max iterations 8 hit while remaining time 0.059407 > MaxSimulationTimeStep (0.050) for 'AI_Charger21', movement 'Falling'
[2020.03.17-20.09.05:815][872]LogSlate: Window 'FPSGameStarterKit Game Preview Standalone (64-bit/PCD3D_SM5)' being destroyed
[2020.03.17-20.09.05:827][872]LogBlueprintUserMessages: Early EndPlayMap Detection: Level '/Game/FPS_Game/Maps/Testing1.Testing1:PersistentLevel' has LevelScriptBlueprint '/Game/FPS_Game/Maps/Testing1.Testing1:PersistentLevel.Testing1' with GeneratedClass '/Game/FPS_Game/Maps/Testing1.Testing1_C' with ClassGeneratedBy '/Game/FPS_Game/Maps/Testing1.Testing1:PersistentLevel.Testing1'
[2020.03.17-20.09.05:827][872]LogWorld: BeginTearingDown for /Game/FPS_Game/Maps/UEDPIE_0_Testing1
[2020.03.17-20.09.05:829][872]LogWorld: UWorld::CleanupWorld for Testing1, bSessionEnded=true, bCleanupResources=true
[2020.03.17-20.09.05:842][872]LogPlayLevel: Display: Shutting down PIE online subsystems
[2020.03.17-20.09.05:843][872]LogBlueprintUserMessages: Late EndPlayMap Detection: Level '/Game/FPS_Game/Maps/Testing1.Testing1:PersistentLevel' has LevelScriptBlueprint '/Game/FPS_Game/Maps/Testing1.Testing1:PersistentLevel.Testing1' with GeneratedClass '/Game/FPS_Game/Maps/Testing1.Testing1_C' with ClassGeneratedBy '/Game/FPS_Game/Maps/Testing1.Testing1:PersistentLevel.Testing1'
[2020.03.17-20.09.05:888][872]LogUObjectHash: Compacting FUObjectHashTables data took   2.21ms
[2020.03.17-20.09.06:142][873]LogPlayLevel: Display: Destroying online subsystem :Context_56
[2020.03.17-20.09.43:126][230]LogSlate: FSceneViewport::OnFocusLost() reason 0
[2020.03.17-20.10.38:580][225]LogSlate: Window 'Color Picker' being destroyed
[2020.03.17-20.10.40:120][279]LogSlate: FSceneViewport::OnFocusLost() reason 0
[2020.03.17-20.10.44:607][443]LogSlate: Window 'Color Picker' being destroyed
[2020.03.17-20.10.48:570][580]LogSlate: FSceneViewport::OnFocusLost() reason 0
[2020.03.17-20.10.53:875][765]LogSlate: Window 'Color Picker' being destroyed
[2020.03.17-20.11.08:182][524]LogSlate: FSceneViewport::OnFocusLost() reason 0
[2020.03.17-20.11.08:326][528]LogUObjectHash: Compacting FUObjectHashTables data took   2.37ms
[2020.03.17-20.11.09:247][528]LogSavePackage: Moving '../../../../../Users/soapm/Documents/GitHub/LevelDesignFinal/FPSGameStarterKit/Saved/Testing17C3785444EABD5F6B2497DB79A80824E.tmp' to '../../../../../Users/soapm/Documents/GitHub/LevelDesignFinal/FPSGameStarterKit/Content/FPS_Game/Maps/Testing1.umap'
[2020.03.17-20.11.36:334][889]LogSlate: FSceneViewport::OnFocusLost() reason 5
[2020.03.17-20.11.39:589][ 37]LogSlate: FSceneViewport::OnFocusLost() reason 0
[2020.03.17-20.11.39:682][ 46]LogTemp: Repeating last play command: New Editor Window (PIE)
[2020.03.17-20.11.39:702][ 46]LogBlueprintUserMessages: Early PlayInEditor Detection: Level '/Game/FPS_Game/Maps/Testing1.Testing1:PersistentLevel' has LevelScriptBlueprint '/Game/FPS_Game/Maps/Testing1.Testing1:PersistentLevel.Testing1' with GeneratedClass '/Game/FPS_Game/Maps/Testing1.Testing1_C' with ClassGeneratedBy '/Game/FPS_Game/Maps/Testing1.Testing1:PersistentLevel.Testing1'
[2020.03.17-20.11.39:702][ 46]LogPlayLevel: PlayLevel: No blueprints needed recompiling
[2020.03.17-20.11.39:702][ 46]PIE: New page: PIE session: Testing1 (2020年3月17日 上午6:11:39)
[2020.03.17-20.11.39:702][ 46]LogPlayLevel: Creating play world package: /Game/FPS_Game/Maps/UEDPIE_0_Testing1
[2020.03.17-20.11.39:957][ 46]LogPlayLevel: PIE: StaticDuplicateObject took: (0.253719s)
[2020.03.17-20.11.39:958][ 46]LogAIModule: Creating AISystem for world Testing1
[2020.03.17-20.11.39:958][ 46]LogPlayLevel: PIE: World Init took: (0.000698s)
[2020.03.17-20.11.39:958][ 46]LogPlayLevel: PIE: Created PIE world by copying editor world from /Game/FPS_Game/Maps/Testing1.Testing1 to /Game/FPS_Game/Maps/UEDPIE_0_Testing1.Testing1 (0.254571s)
[2020.03.17-20.11.39:988][ 46]LogUObjectHash: Compacting FUObjectHashTables data took   2.47ms
[2020.03.17-20.11.40:012][ 46]LogInit: XAudio2 using 'Speakers (JBL Pebbles)' : 2 channels at 48 kHz using 16 bits per sample (channel mask 0x3)
[2020.03.17-20.11.40:018][ 46]LogInit: FAudioDevice initialized.
[2020.03.17-20.11.40:026][ 46]LogSlate: Updating window title bar state: overlay mode, drag disabled, window buttons hidden, title bar hidden
[2020.03.17-20.11.40:027][ 46]LogLoad: Game class is 'BP_GameMode_C'
[2020.03.17-20.11.40:075][ 46]LogWorld: Bringing World /Game/FPS_Game/Maps/UEDPIE_0_Testing1.Testing1 up for play (max tick rate 0) at 2020.03.17-13.11.40
[2020.03.17-20.11.40:087][ 46]LogWorld: Bringing up level for play took: 0.059878
[2020.03.17-20.11.40:087][ 46]LogOnline: OSS: Creating online subsystem instance for: :Context_57
[2020.03.17-20.11.40:092][ 46]LogScript: Warning: Script Msg: Attempted to access index 0 from array 'TargetPointArray' of length 0 in '/Game/FPS_Game/Blueprints/Bonus/AI/Patrol/BP_AI_CharPatrol.BP_AI_CharPatrol_C'!
[2020.03.17-20.11.40:092][ 46]LogScript: Warning: Script Msg: Attempted to access index 0 from array 'TargetPointArray' of length 0 in '/Game/FPS_Game/Blueprints/Bonus/AI/Patrol/BP_AI_CharPatrol.BP_AI_CharPatrol_C'!
[2020.03.17-20.11.40:092][ 46]LogScript: Warning: Script Msg: Attempted to access index 0 from array 'TargetPointArray' of length 0 in '/Game/FPS_Game/Blueprints/Bonus/AI/Patrol/BP_AI_CharPatrol.BP_AI_CharPatrol_C'!
[2020.03.17-20.11.40:092][ 46]LogScript: Warning: Script Msg: Attempted to access index 0 from array 'TargetPointArray' of length 0 in '/Game/FPS_Game/Blueprints/Bonus/AI/Patrol/BP_AI_CharPatrol.BP_AI_CharPatrol_C'!
[2020.03.17-20.11.40:092][ 46]LogScript: Warning: Script Msg: Attempted to access index 0 from array 'TargetPointArray' of length 0 in '/Game/FPS_Game/Blueprints/Bonus/AI/Patrol/BP_AI_CharPatrol.BP_AI_CharPatrol_C'!
[2020.03.17-20.11.40:092][ 46]LogScript: Warning: Script Msg: Attempted to access index 0 from array 'TargetPointArray' of length 0 in '/Game/FPS_Game/Blueprints/Bonus/AI/Patrol/BP_AI_CharPatrol.BP_AI_CharPatrol_C'!
[2020.03.17-20.11.40:092][ 46]LogScript: Warning: Script Msg: Attempted to access index 0 from array 'TargetPointArray' of length 0 in '/Game/FPS_Game/Blueprints/Bonus/AI/Patrol/BP_AI_CharPatrol.BP_AI_CharPatrol_C'!
[2020.03.17-20.11.40:093][ 46]LogScript: Warning: Script Msg: Attempted to access index 0 from array 'TargetPointArray' of length 0 in '/Game/FPS_Game/Blueprints/Bonus/AI/Patrol/BP_AI_CharPatrol.BP_AI_CharPatrol_C'!
[2020.03.17-20.11.40:093][ 46]LogScript: Warning: Script Msg: Attempted to access index 0 from array 'TargetPointArray' of length 0 in '/Game/FPS_Game/Blueprints/Bonus/AI/Patrol/BP_AI_CharPatrol.BP_AI_CharPatrol_C'!
[2020.03.17-20.11.40:093][ 46]LogScript: Warning: Script Msg: Attempted to access index 0 from array 'TargetPointArray' of length 0 in '/Game/FPS_Game/Blueprints/Bonus/AI/Patrol/BP_AI_CharPatrol.BP_AI_CharPatrol_C'!
[2020.03.17-20.11.40:093][ 46]LogScript: Warning: Script Msg: Attempted to access index 0 from array 'TargetPointArray' of length 0 in '/Game/FPS_Game/Blueprints/Bonus/AI/Patrol/BP_AI_CharPatrol.BP_AI_CharPatrol_C'!
[2020.03.17-20.11.40:093][ 46]LogScript: Warning: Script Msg: Attempted to access index 0 from array 'TargetPointArray' of length 0 in '/Game/FPS_Game/Blueprints/Bonus/AI/Patrol/BP_AI_CharPatrol.BP_AI_CharPatrol_C'!
[2020.03.17-20.11.40:099][ 46]PIE: Play in editor start time for /Game/FPS_Game/Maps/UEDPIE_0_Testing1 -0.003
[2020.03.17-20.11.40:099][ 46]LogBlueprintUserMessages: Late PlayInEditor Detection: Level '/Game/FPS_Game/Maps/Testing1.Testing1:PersistentLevel' has LevelScriptBlueprint '/Game/FPS_Game/Maps/Testing1.Testing1:PersistentLevel.Testing1' with GeneratedClass '/Game/FPS_Game/Maps/Testing1.Testing1_C' with ClassGeneratedBy '/Game/FPS_Game/Maps/Testing1.Testing1:PersistentLevel.Testing1'
[2020.03.17-20.11.40:173][ 47]LogCharacterMovement: Warning: GetSimulationTimeStep() - Max iterations 8 hit while remaining time 0.095238 > MaxSimulationTimeStep (0.050) for 'AI_Zombie_3', movement 'Walking'
[2020.03.17-20.11.40:173][ 47]LogCharacterMovement: Warning: GetSimulationTimeStep() - Max iterations 8 hit while remaining time 0.095525 > MaxSimulationTimeStep (0.050) for 'AI_Soldier8_16', movement 'Walking'
[2020.03.17-20.11.40:174][ 47]LogCharacterMovement: Warning: GetSimulationTimeStep() - Max iterations 8 hit while remaining time 0.095525 > MaxSimulationTimeStep (0.050) for 'AI_Soldier12', movement 'Walking'
[2020.03.17-20.11.40:174][ 47]LogCharacterMovement: Warning: GetSimulationTimeStep() - Max iterations 8 hit while remaining time 0.094048 > MaxSimulationTimeStep (0.050) for 'AI_Charger11', movement 'Falling'
[2020.03.17-20.11.40:174][ 47]LogCharacterMovement: Warning: GetSimulationTimeStep() - Max iterations 8 hit while remaining time 0.094048 > MaxSimulationTimeStep (0.050) for 'AI_Charger21', movement 'Falling'
[2020.03.17-20.12.47:015][637]LogBlueprintUserMessages: Early EndPlayMap Detection: Level '/Game/FPS_Game/Maps/Testing1.Testing1:PersistentLevel' has LevelScriptBlueprint '/Game/FPS_Game/Maps/Testing1.Testing1:PersistentLevel.Testing1' with GeneratedClass '/Game/FPS_Game/Maps/Testing1.Testing1_C' with ClassGeneratedBy '/Game/FPS_Game/Maps/Testing1.Testing1:PersistentLevel.Testing1'
[2020.03.17-20.12.47:015][637]LogSlate: Updating window title bar state: overlay mode, drag disabled, window buttons hidden, title bar hidden
[2020.03.17-20.12.47:015][637]LogWorld: BeginTearingDown for /Game/FPS_Game/Maps/UEDPIE_0_Testing1
[2020.03.17-20.12.47:029][637]LogSlate: Window 'FPSGameStarterKit Game Preview Standalone (64-bit/PCD3D_SM5)' being destroyed
[2020.03.17-20.12.47:044][637]LogWorld: UWorld::CleanupWorld for Testing1, bSessionEnded=true, bCleanupResources=true
[2020.03.17-20.12.47:060][637]LogPlayLevel: Display: Shutting down PIE online subsystems
[2020.03.17-20.12.47:060][637]LogBlueprintUserMessages: Late EndPlayMap Detection: Level '/Game/FPS_Game/Maps/Testing1.Testing1:PersistentLevel' has LevelScriptBlueprint '/Game/FPS_Game/Maps/Testing1.Testing1:PersistentLevel.Testing1' with GeneratedClass '/Game/FPS_Game/Maps/Testing1.Testing1_C' with ClassGeneratedBy '/Game/FPS_Game/Maps/Testing1.Testing1:PersistentLevel.Testing1'
[2020.03.17-20.12.47:111][637]LogUObjectHash: Compacting FUObjectHashTables data took   2.44ms
[2020.03.17-20.12.47:354][638]LogPlayLevel: Display: Destroying online subsystem :Context_57
[2020.03.17-20.12.58:418][714]LogTemp: Repeating last play command: New Editor Window (PIE)
[2020.03.17-20.12.58:439][714]LogBlueprintUserMessages: Early PlayInEditor Detection: Level '/Game/FPS_Game/Maps/Testing1.Testing1:PersistentLevel' has LevelScriptBlueprint '/Game/FPS_Game/Maps/Testing1.Testing1:PersistentLevel.Testing1' with GeneratedClass '/Game/FPS_Game/Maps/Testing1.Testing1_C' with ClassGeneratedBy '/Game/FPS_Game/Maps/Testing1.Testing1:PersistentLevel.Testing1'
[2020.03.17-20.12.58:439][714]LogPlayLevel: PlayLevel: No blueprints needed recompiling
[2020.03.17-20.12.58:439][714]PIE: New page: PIE session: Testing1 (2020年3月17日 上午6:12:58)
[2020.03.17-20.12.58:439][714]LogPlayLevel: Creating play world package: /Game/FPS_Game/Maps/UEDPIE_0_Testing1
[2020.03.17-20.12.58:687][714]LogPlayLevel: PIE: StaticDuplicateObject took: (0.248939s)
[2020.03.17-20.12.58:688][714]LogAIModule: Creating AISystem for world Testing1
[2020.03.17-20.12.58:688][714]LogPlayLevel: PIE: World Init took: (0.000628s)
[2020.03.17-20.12.58:688][714]LogPlayLevel: PIE: Created PIE world by copying editor world from /Game/FPS_Game/Maps/Testing1.Testing1 to /Game/FPS_Game/Maps/UEDPIE_0_Testing1.Testing1 (0.249714s)
[2020.03.17-20.12.58:718][714]LogUObjectHash: Compacting FUObjectHashTables data took   2.15ms
[2020.03.17-20.12.58:741][714]LogInit: XAudio2 using 'Speakers (JBL Pebbles)' : 2 channels at 48 kHz using 16 bits per sample (channel mask 0x3)
[2020.03.17-20.12.58:747][714]LogInit: FAudioDevice initialized.
[2020.03.17-20.12.58:756][714]LogSlate: Updating window title bar state: overlay mode, drag disabled, window buttons hidden, title bar hidden
[2020.03.17-20.12.58:756][714]LogLoad: Game class is 'BP_GameMode_C'
[2020.03.17-20.12.58:804][714]LogWorld: Bringing World /Game/FPS_Game/Maps/UEDPIE_0_Testing1.Testing1 up for play (max tick rate 0) at 2020.03.17-13.12.58
[2020.03.17-20.12.58:816][714]LogWorld: Bringing up level for play took: 0.059645
[2020.03.17-20.12.58:816][714]LogOnline: OSS: Creating online subsystem instance for: :Context_58
[2020.03.17-20.12.58:821][714]LogScript: Warning: Script Msg: Attempted to access index 0 from array 'TargetPointArray' of length 0 in '/Game/FPS_Game/Blueprints/Bonus/AI/Patrol/BP_AI_CharPatrol.BP_AI_CharPatrol_C'!
[2020.03.17-20.12.58:821][714]LogScript: Warning: Script Msg: Attempted to access index 0 from array 'TargetPointArray' of length 0 in '/Game/FPS_Game/Blueprints/Bonus/AI/Patrol/BP_AI_CharPatrol.BP_AI_CharPatrol_C'!
[2020.03.17-20.12.58:821][714]LogScript: Warning: Script Msg: Attempted to access index 0 from array 'TargetPointArray' of length 0 in '/Game/FPS_Game/Blueprints/Bonus/AI/Patrol/BP_AI_CharPatrol.BP_AI_CharPatrol_C'!
[2020.03.17-20.12.58:821][714]LogScript: Warning: Script Msg: Attempted to access index 0 from array 'TargetPointArray' of length 0 in '/Game/FPS_Game/Blueprints/Bonus/AI/Patrol/BP_AI_CharPatrol.BP_AI_CharPatrol_C'!
[2020.03.17-20.12.58:821][714]LogScript: Warning: Script Msg: Attempted to access index 0 from array 'TargetPointArray' of length 0 in '/Game/FPS_Game/Blueprints/Bonus/AI/Patrol/BP_AI_CharPatrol.BP_AI_CharPatrol_C'!
[2020.03.17-20.12.58:821][714]LogScript: Warning: Script Msg: Attempted to access index 0 from array 'TargetPointArray' of length 0 in '/Game/FPS_Game/Blueprints/Bonus/AI/Patrol/BP_AI_CharPatrol.BP_AI_CharPatrol_C'!
[2020.03.17-20.12.58:821][714]LogScript: Warning: Script Msg: Attempted to access index 0 from array 'TargetPointArray' of length 0 in '/Game/FPS_Game/Blueprints/Bonus/AI/Patrol/BP_AI_CharPatrol.BP_AI_CharPatrol_C'!
[2020.03.17-20.12.58:822][714]LogScript: Warning: Script Msg: Attempted to access index 0 from array 'TargetPointArray' of length 0 in '/Game/FPS_Game/Blueprints/Bonus/AI/Patrol/BP_AI_CharPatrol.BP_AI_CharPatrol_C'!
[2020.03.17-20.12.58:822][714]LogScript: Warning: Script Msg: Attempted to access index 0 from array 'TargetPointArray' of length 0 in '/Game/FPS_Game/Blueprints/Bonus/AI/Patrol/BP_AI_CharPatrol.BP_AI_CharPatrol_C'!
[2020.03.17-20.12.58:822][714]LogScript: Warning: Script Msg: Attempted to access index 0 from array 'TargetPointArray' of length 0 in '/Game/FPS_Game/Blueprints/Bonus/AI/Patrol/BP_AI_CharPatrol.BP_AI_CharPatrol_C'!
[2020.03.17-20.12.58:822][714]LogScript: Warning: Script Msg: Attempted to access index 0 from array 'TargetPointArray' of length 0 in '/Game/FPS_Game/Blueprints/Bonus/AI/Patrol/BP_AI_CharPatrol.BP_AI_CharPatrol_C'!
[2020.03.17-20.12.58:822][714]LogScript: Warning: Script Msg: Attempted to access index 0 from array 'TargetPointArray' of length 0 in '/Game/FPS_Game/Blueprints/Bonus/AI/Patrol/BP_AI_CharPatrol.BP_AI_CharPatrol_C'!
[2020.03.17-20.12.58:827][714]PIE: Play in editor start time for /Game/FPS_Game/Maps/UEDPIE_0_Testing1 0.725
[2020.03.17-20.12.58:827][714]LogBlueprintUserMessages: Late PlayInEditor Detection: Level '/Game/FPS_Game/Maps/Testing1.Testing1:PersistentLevel' has LevelScriptBlueprint '/Game/FPS_Game/Maps/Testing1.Testing1:PersistentLevel.Testing1' with GeneratedClass '/Game/FPS_Game/Maps/Testing1.Testing1_C' with ClassGeneratedBy '/Game/FPS_Game/Maps/Testing1.Testing1:PersistentLevel.Testing1'
[2020.03.17-20.12.58:918][715]LogCharacterMovement: Warning: GetSimulationTimeStep() - Max iterations 8 hit while remaining time 0.095238 > MaxSimulationTimeStep (0.050) for 'AI_Zombie_3', movement 'Walking'
[2020.03.17-20.12.58:918][715]LogCharacterMovement: Warning: GetSimulationTimeStep() - Max iterations 8 hit while remaining time 0.095525 > MaxSimulationTimeStep (0.050) for 'AI_Soldier8_16', movement 'Walking'
[2020.03.17-20.12.58:918][715]LogCharacterMovement: Warning: GetSimulationTimeStep() - Max iterations 8 hit while remaining time 0.095525 > MaxSimulationTimeStep (0.050) for 'AI_Soldier12', movement 'Walking'
[2020.03.17-20.12.58:919][715]LogCharacterMovement: Warning: GetSimulationTimeStep() - Max iterations 8 hit while remaining time 0.094048 > MaxSimulationTimeStep (0.050) for 'AI_Charger11', movement 'Falling'
[2020.03.17-20.12.58:919][715]LogCharacterMovement: Warning: GetSimulationTimeStep() - Max iterations 8 hit while remaining time 0.094048 > MaxSimulationTimeStep (0.050) for 'AI_Charger21', movement 'Falling'
[2020.03.17-20.13.16:751][987]LogBlueprintUserMessages: Early EndPlayMap Detection: Level '/Game/FPS_Game/Maps/Testing1.Testing1:PersistentLevel' has LevelScriptBlueprint '/Game/FPS_Game/Maps/Testing1.Testing1:PersistentLevel.Testing1' with GeneratedClass '/Game/FPS_Game/Maps/Testing1.Testing1_C' with ClassGeneratedBy '/Game/FPS_Game/Maps/Testing1.Testing1:PersistentLevel.Testing1'
[2020.03.17-20.13.16:752][987]LogSlate: Updating window title bar state: overlay mode, drag disabled, window buttons hidden, title bar hidden
[2020.03.17-20.13.16:752][987]LogWorld: BeginTearingDown for /Game/FPS_Game/Maps/UEDPIE_0_Testing1
[2020.03.17-20.13.16:764][987]LogSlate: Window 'FPSGameStarterKit Game Preview Standalone (64-bit/PCD3D_SM5)' being destroyed
[2020.03.17-20.13.16:807][987]LogWorld: UWorld::CleanupWorld for Testing1, bSessionEnded=true, bCleanupResources=true
[2020.03.17-20.13.16:823][987]LogPlayLevel: Display: Shutting down PIE online subsystems
[2020.03.17-20.13.16:823][987]LogBlueprintUserMessages: Late EndPlayMap Detection: Level '/Game/FPS_Game/Maps/Testing1.Testing1:PersistentLevel' has LevelScriptBlueprint '/Game/FPS_Game/Maps/Testing1.Testing1:PersistentLevel.Testing1' with GeneratedClass '/Game/FPS_Game/Maps/Testing1.Testing1_C' with ClassGeneratedBy '/Game/FPS_Game/Maps/Testing1.Testing1:PersistentLevel.Testing1'
[2020.03.17-20.13.16:871][987]LogUObjectHash: Compacting FUObjectHashTables data took   2.19ms
[2020.03.17-20.13.17:090][988]LogPlayLevel: Display: Destroying online subsystem :Context_58
[2020.03.17-20.13.21:928][199]LogUObjectHash: Compacting FUObjectHashTables data took   0.78ms
[2020.03.17-20.13.23:334][199]LogSlate: Window 'Save Content' being destroyed
[2020.03.17-20.13.23:378][199]LogUObjectHash: Compacting FUObjectHashTables data took   0.77ms
[2020.03.17-20.13.24:281][199]LogSavePackage: Moving '../../../../../Users/soapm/Documents/GitHub/LevelDesignFinal/FPSGameStarterKit/Saved/Testing195FA31FD420B37382AD6FA9A5C630663.tmp' to '../../../../../Users/soapm/Documents/GitHub/LevelDesignFinal/FPSGameStarterKit/Content/FPS_Game/Maps/Testing1.umap'
[2020.03.17-20.13.24:309][199]LogFileHelpers: Saving map 'Testing1' took 0.959
[2020.03.17-20.15.30:711][624]LogEditorSessionSummary: EditorSessionSummary sent report. Type=Shutdown, SessionId={15B18784-4B3F-989B-5F2D-C7B62C8D9436}
[2020.03.17-20.19.49:582][573]LogEditorViewport: Clicking on Actor (LMB): Landscape (Landscape)
[2020.03.17-20.20.40:095][876]LogSlate: FSceneViewport::OnFocusLost() reason 0
[2020.03.17-20.20.40:202][886]LogTemp: Repeating last play command: Standalone Game
[2020.03.17-20.20.40:251][886]LogUObjectHash: Compacting FUObjectHashTables data took   2.61ms
[2020.03.17-20.27.27:396][327]LogUObjectHash: Compacting FUObjectHashTables data took   1.04ms
