Log file open, 03/17/20 13:30:28
LogWindows: Failed to load 'aqProf.dll' (GetLastError=126)
LogWindows: File 'aqProf.dll' does not exist
LogWindows: Failed to load 'VtuneApi.dll' (GetLastError=126)
LogWindows: File 'VtuneApi.dll' does not exist
LogWindows: Failed to load 'VtuneApi32e.dll' (GetLastError=126)
LogWindows: File 'VtuneApi32e.dll' does not exist
LogConsoleResponse: Display: Failed to find resolution value strings in scalability ini. Falling back to default.
LogInit: Display: Running engine for game: FPSGameStarterKit
LogPlatformFile: Not using cached read wrapper
LogTaskGraph: Started task graph with 5 named threads and 35 total threads with 3 sets of task threads.
LogStats: Stats thread started at 0.085500
LogD3D11RHI: Loaded GFSDK_Aftermath_Lib.x64.dll
LogICUInternationalization: ICU TimeZone Detection - Raw Offset: -8:00, Platform Override: ''
LogPluginManager: Mounting plugin Paper2D
LogPluginManager: Mounting plugin AISupport
LogPluginManager: Mounting plugin LightPropagationVolume
LogPluginManager: Mounting plugin ActorLayerUtilities
LogPluginManager: Mounting plugin AnimationSharing
LogPluginManager: Mounting plugin CLionSourceCodeAccess
LogPluginManager: Mounting plugin CodeLiteSourceCodeAccess
LogPluginManager: Mounting plugin GitSourceControl
LogPluginManager: Mounting plugin KDevelopSourceCodeAccess
LogPluginManager: Mounting plugin NullSourceCodeAccess
LogPluginManager: Mounting plugin PerforceSourceControl
LogPluginManager: Mounting plugin SubversionSourceControl
LogPluginManager: Mounting plugin UObjectPlugin
LogPluginManager: Mounting plugin VisualStudioCodeSourceCodeAccess
LogPluginManager: Mounting plugin VisualStudioSourceCodeAccess
LogPluginManager: Mounting plugin XCodeSourceCodeAccess
LogPluginManager: Mounting plugin AssetManagerEditor
LogPluginManager: Mounting plugin CryptoKeys
LogPluginManager: Mounting plugin CurveEditorTools
LogPluginManager: Mounting plugin DataValidation
LogPluginManager: Mounting plugin FacialAnimation
LogPluginManager: Mounting plugin GameplayTagsEditor
LogPluginManager: Mounting plugin MacGraphicsSwitching
LogPluginManager: Mounting plugin MaterialAnalyzer
LogPluginManager: Mounting plugin MobileLauncherProfileWizard
LogPluginManager: Mounting plugin PluginBrowser
LogPluginManager: Mounting plugin SpeedTreeImporter
LogPluginManager: Mounting plugin DatasmithContent
LogPluginManager: Mounting plugin VariantManagerContent
LogPluginManager: Mounting plugin AlembicImporter
LogPluginManager: Mounting plugin AutomationUtils
LogPluginManager: Mounting plugin BackChannel
LogPluginManager: Mounting plugin CharacterAI
LogPluginManager: Mounting plugin GeometryCache
LogPluginManager: Mounting plugin HTML5Networking
LogPluginManager: Mounting plugin PlatformCrypto
LogPluginManager: Mounting plugin ProxyLODPlugin
LogPluginManager: Mounting plugin SkeletalReduction
LogPluginManager: Mounting plugin MagicLeap
LogPluginManager: Mounting plugin MagicLeapMedia
LogPluginManager: Mounting plugin AndroidMedia
LogPluginManager: Mounting plugin AvfMedia
LogPluginManager: Mounting plugin ImgMedia
LogPluginManager: Mounting plugin MediaCompositing
LogPluginManager: Mounting plugin MediaPlayerEditor
LogPluginManager: Mounting plugin WebMMedia
LogPluginManager: Mounting plugin WmfMedia
LogPluginManager: Mounting plugin TcpMessaging
LogPluginManager: Mounting plugin UdpMessaging
LogPluginManager: Mounting plugin ActorSequence
LogPluginManager: Mounting plugin LevelSequenceEditor
LogPluginManager: Mounting plugin MatineeToLevelSequence
LogPluginManager: Mounting plugin NetcodeUnitTest
LogPluginManager: Mounting plugin NUTUnrealEngine4
LogPluginManager: Mounting plugin OnlineSubsystemGooglePlay
LogPluginManager: Mounting plugin OnlineSubsystemIOS
LogPluginManager: Mounting plugin OnlineSubsystem
LogPluginManager: Mounting plugin OnlineSubsystemNull
LogPluginManager: Mounting plugin OnlineSubsystemUtils
LogPluginManager: Mounting plugin LauncherChunkInstaller
LogPluginManager: Mounting plugin AndroidDeviceProfileSelector
LogPluginManager: Mounting plugin AndroidMoviePlayer
LogPluginManager: Mounting plugin AndroidPermission
LogPluginManager: Mounting plugin AppleImageUtils
LogPluginManager: Mounting plugin AppleMoviePlayer
LogPluginManager: Mounting plugin ArchVisCharacter
LogPluginManager: Mounting plugin AudioCapture
LogPluginManager: Mounting plugin CableComponent
LogPluginManager: Mounting plugin CustomMeshComponent
LogPluginManager: Mounting plugin EditableMesh
LogPluginManager: Mounting plugin ExampleDeviceProfileSelector
LogPluginManager: Mounting plugin GoogleCloudMessaging
LogPluginManager: Mounting plugin IOSDeviceProfileSelector
LogPluginManager: Mounting plugin LinuxDeviceProfileSelector
LogPluginManager: Mounting plugin LocationServicesBPLibrary
LogPluginManager: Mounting plugin MobilePatchingUtils
LogPluginManager: Mounting plugin OculusVR
LogPluginManager: Mounting plugin PhysXVehicles
LogPluginManager: Mounting plugin ProceduralMeshComponent
LogPluginManager: Mounting plugin RuntimePhysXCooking
LogPluginManager: Mounting plugin SignificanceManager
LogPluginManager: Mounting plugin SteamVR
LogPluginManager: Mounting plugin WebMMoviePlayer
LogPluginManager: Mounting plugin WindowsMoviePlayer
LogPluginManager: Mounting plugin ScreenshotTools
LogInit: Using libcurl 7.55.1-DEV
LogInit:  - built for x86_64-pc-win32
LogInit:  - supports SSL with OpenSSL/1.1.1
LogInit:  - supports HTTP deflate (compression) using libz 1.2.8
LogInit:  - other features:
LogInit:      CURL_VERSION_SSL
LogInit:      CURL_VERSION_LIBZ
LogInit:      CURL_VERSION_IPV6
LogInit:      CURL_VERSION_ASYNCHDNS
LogInit:      CURL_VERSION_LARGEFILE
LogInit:      CURL_VERSION_IDN
LogInit:  CurlRequestOptions (configurable via config and command line):
LogInit:  - bVerifyPeer = true  - Libcurl will verify peer certificate
LogInit:  - bUseHttpProxy = false  - Libcurl will NOT use HTTP proxy
LogInit:  - bDontReuseConnections = false  - Libcurl will reuse connections
LogInit:  - MaxHostConnections = 16  - Libcurl will limit the number of connections to a host
LogInit:  - LocalHostAddr = Default
LogInit:  - BufferSize = 65536
LogOnline: OSS: Creating online subsystem instance for: NULL
LogInit: WinSock: version 1.1 (2.2), MaxSocks=32767, MaxUdp=65467
LogInit: Build: ++UE4+Release-4.23-CL-8386587
LogInit: Engine Version: 4.23.0-8386587+++UE4+Release-4.23
LogInit: Compatible Engine Version: 4.23.0-8386587+++UE4+Release-4.23
LogInit: Net CL: 8386587
LogInit: OS: Windows 10 (Release 1903) (), CPU: Intel(R) Core(TM) i7-8750H CPU @ 2.20GHz, GPU: Intel(R) UHD Graphics 630
LogInit: Compiled (64-bit): Aug 31 2019 02:04:44
LogInit: Compiled with Visual C++: 19.16.27030.01
LogInit: Build Configuration: Development
LogInit: Branch Name: ++UE4+Release-4.23
LogInit: Command Line: 
LogInit: Base Directory: C:/UnrealEngine/UE_4.23/Engine/Binaries/Win64/
LogInit: Installed Engine Build: 1
LogDevObjectVersion: Number of dev versions registered: 23
LogDevObjectVersion:   Dev-Blueprints (B0D832E4-1F89-4F0D-ACCF-7EB736FD4AA2): 10
LogDevObjectVersion:   Dev-Build (E1C64328-A22C-4D53-A36C-8E866417BD8C): 0
LogDevObjectVersion:   Dev-Core (375EC13C-06E4-48FB-B500-84F0262A717E): 3
LogDevObjectVersion:   Dev-Editor (E4B068ED-F494-42E9-A231-DA0B2E46BB41): 34
LogDevObjectVersion:   Dev-Framework (CFFC743F-43B0-4480-9391-14DF171D2073): 35
LogDevObjectVersion:   Dev-Mobile (B02B49B5-BB20-44E9-A304-32B752E40360): 2
LogDevObjectVersion:   Dev-Networking (A4E4105C-59A1-49B5-A7C5-40C4547EDFEE): 0
LogDevObjectVersion:   Dev-Online (39C831C9-5AE6-47DC-9A44-9C173E1C8E7C): 0
LogDevObjectVersion:   Dev-Physics (78F01B33-EBEA-4F98-B9B4-84EACCB95AA2): 0
LogDevObjectVersion:   Dev-Platform (6631380F-2D4D-43E0-8009-CF276956A95A): 0
LogDevObjectVersion:   Dev-Rendering (12F88B9F-8875-4AFC-A67C-D90C383ABD29): 31
LogDevObjectVersion:   Dev-Sequencer (7B5AE74C-D270-4C10-A958-57980B212A5A): 11
LogDevObjectVersion:   Dev-VR (D7296918-1DD6-4BDD-9DE2-64A83CC13884): 2
LogDevObjectVersion:   Dev-LoadTimes (C2A15278-BFE7-4AFE-6C17-90FF531DF755): 1
LogDevObjectVersion:   Private-Geometry (6EACA3D4-40EC-4CC1-B786-8BED09428FC5): 3
LogDevObjectVersion:   Dev-AnimPhys (29E575DD-E0A3-4627-9D10-D276232CDCEA): 17
LogDevObjectVersion:   Dev-Anim (AF43A65D-7FD3-4947-9873-3E8ED9C1BB05): 2
LogDevObjectVersion:   Dev-ReflectionCapture (6B266CEC-1EC7-4B8F-A30B-E4D90942FC07): 1
LogDevObjectVersion:   Dev-Automation (0DF73D61-A23F-47EA-B727-89E90C41499A): 1
LogDevObjectVersion:   FortniteMain (601D1886-AC64-4F84-AA16-D3DE0DEAC7D6): 27
LogDevObjectVersion:   Dev-Enterprise (9DFFBCD6-494F-0158-E221-12823C92A888): 6
LogDevObjectVersion:   Dev-Niagara (F2AED0AC-9AFE-416F-8664-AA7FFA26D6FC): 1
LogDevObjectVersion:   Dev-Destruction (174F1F0B-B4C6-45A5-B13F-2EE8D0FB917D): 9
LogInit: Presizing for max 16777216 objects, including 0 objects not considered by GC, pre-allocating 0 bytes for permanent pool.
LogInit: Object subsystem initialized
LogConfig: Setting CVar [[con.DebugEarlyDefault:1]]
LogConfig: Setting CVar [[r.setres:1280x720]]
[2020.03.17-20.30.28:775][  0]LogConfig: Setting CVar [[r.VSync:0]]
[2020.03.17-20.30.28:775][  0]LogConfig: Setting CVar [[r.RHICmdBypass:0]]
[2020.03.17-20.30.28:775][  0]LogConfig: Applying CVar settings from Section [/Script/Engine.RendererSettings] File [C:/Users/soapm/Documents/GitHub/LevelDesignFinal/FPSGameStarterKit/Saved/Config/Windows/Engine.ini]
[2020.03.17-20.30.28:775][  0]LogConfig: Setting CVar [[r.GPUCrashDebugging:0]]
[2020.03.17-20.30.28:775][  0]LogConfig: Setting CVar [[r.DefaultFeature.Bloom:0]]
[2020.03.17-20.30.28:775][  0]LogConfig: Setting CVar [[r.DefaultFeature.AutoExposure:0]]
[2020.03.17-20.30.28:775][  0]LogConfig: Setting CVar [[r.DefaultFeature.MotionBlur:0]]
[2020.03.17-20.30.28:775][  0]LogConfig: Applying CVar settings from Section [/Script/Engine.RendererOverrideSettings] File [C:/Users/soapm/Documents/GitHub/LevelDesignFinal/FPSGameStarterKit/Saved/Config/Windows/Engine.ini]
[2020.03.17-20.30.28:775][  0]LogConfig: Applying CVar settings from Section [/Script/Engine.StreamingSettings] File [C:/Users/soapm/Documents/GitHub/LevelDesignFinal/FPSGameStarterKit/Saved/Config/Windows/Engine.ini]
[2020.03.17-20.30.28:775][  0]LogConfig: Setting CVar [[s.MinBulkDataSizeForAsyncLoading:131072]]
[2020.03.17-20.30.28:775][  0]LogConfig: Setting CVar [[s.AsyncLoadingThreadEnabled:0]]
[2020.03.17-20.30.28:775][  0]LogConfig: Setting CVar [[s.EventDrivenLoaderEnabled:1]]
[2020.03.17-20.30.28:775][  0]LogConfig: Setting CVar [[s.WarnIfTimeLimitExceeded:0]]
[2020.03.17-20.30.28:776][  0]LogConfig: Setting CVar [[s.TimeLimitExceededMultiplier:1.5]]
[2020.03.17-20.30.28:776][  0]LogConfig: Setting CVar [[s.TimeLimitExceededMinTime:0.005]]
[2020.03.17-20.30.28:776][  0]LogConfig: Setting CVar [[s.UseBackgroundLevelStreaming:1]]
[2020.03.17-20.30.28:776][  0]LogConfig: Setting CVar [[s.PriorityAsyncLoadingExtraTime:15.0]]
[2020.03.17-20.30.28:776][  0]LogConfig: Setting CVar [[s.LevelStreamingActorsUpdateTimeLimit:5.0]]
[2020.03.17-20.30.28:776][  0]LogConfig: Setting CVar [[s.PriorityLevelStreamingActorsUpdateExtraTime:5.0]]
[2020.03.17-20.30.28:776][  0]LogConfig: Setting CVar [[s.LevelStreamingComponentsRegistrationGranularity:10]]
[2020.03.17-20.30.28:776][  0]LogConfig: Setting CVar [[s.UnregisterComponentsTimeLimit:1.0]]
[2020.03.17-20.30.28:776][  0]LogConfig: Setting CVar [[s.LevelStreamingComponentsUnregistrationGranularity:5]]
[2020.03.17-20.30.28:776][  0]LogConfig: Applying CVar settings from Section [/Script/Engine.GarbageCollectionSettings] File [C:/Users/soapm/Documents/GitHub/LevelDesignFinal/FPSGameStarterKit/Saved/Config/Windows/Engine.ini]
[2020.03.17-20.30.28:776][  0]LogConfig: Setting CVar [[gc.MaxObjectsNotConsideredByGC:1]]
[2020.03.17-20.30.28:776][  0]LogConfig: Setting CVar [[gc.SizeOfPermanentObjectPool:0]]
[2020.03.17-20.30.28:776][  0]LogConfig: Setting CVar [[gc.FlushStreamingOnGC:0]]
[2020.03.17-20.30.28:776][  0]LogConfig: Setting CVar [[gc.NumRetriesBeforeForcingGC:10]]
[2020.03.17-20.30.28:776][  0]LogConfig: Setting CVar [[gc.AllowParallelGC:1]]
[2020.03.17-20.30.28:776][  0]LogConfig: Setting CVar [[gc.TimeBetweenPurgingPendingKillObjects:61.1]]
[2020.03.17-20.30.28:776][  0]LogConfig: Setting CVar [[gc.MaxObjectsInEditor:16777216]]
[2020.03.17-20.30.28:776][  0]LogConfig: Setting CVar [[gc.IncrementalBeginDestroyEnabled:1]]
[2020.03.17-20.30.28:776][  0]LogConfig: Setting CVar [[gc.CreateGCClusters:1]]
[2020.03.17-20.30.28:776][  0]LogConfig: Setting CVar [[gc.MinGCClusterSize:5]]
[2020.03.17-20.30.28:776][  0]LogConfig: Setting CVar [[gc.ActorClusteringEnabled:0]]
[2020.03.17-20.30.28:776][  0]LogConfig: Setting CVar [[gc.BlueprintClusteringEnabled:0]]
[2020.03.17-20.30.28:776][  0]LogConfig: Setting CVar [[gc.UseDisregardForGCOnDedicatedServers:0]]
[2020.03.17-20.30.28:776][  0]LogConfig: Applying CVar settings from Section [/Script/Engine.NetworkSettings] File [C:/Users/soapm/Documents/GitHub/LevelDesignFinal/FPSGameStarterKit/Saved/Config/Windows/Engine.ini]
[2020.03.17-20.30.28:776][  0]LogConfig: Applying CVar settings from Section [/Script/UnrealEd.CookerSettings] File [C:/Users/soapm/Documents/GitHub/LevelDesignFinal/FPSGameStarterKit/Saved/Config/Windows/Engine.ini]
[2020.03.17-20.30.28:778][  0]LogConfig: Applying CVar settings from Section [ViewDistanceQuality@3] File [C:/Users/soapm/Documents/GitHub/LevelDesignFinal/FPSGameStarterKit/Saved/Config/Windows/Scalability.ini]
[2020.03.17-20.30.28:778][  0]LogConfig: Setting CVar [[r.SkeletalMeshLODBias:0]]
[2020.03.17-20.30.28:778][  0]LogConfig: Setting CVar [[r.ViewDistanceScale:1.0]]
[2020.03.17-20.30.28:778][  0]LogConfig: Applying CVar settings from Section [AntiAliasingQuality@3] File [C:/Users/soapm/Documents/GitHub/LevelDesignFinal/FPSGameStarterKit/Saved/Config/Windows/Scalability.ini]
[2020.03.17-20.30.28:778][  0]LogConfig: Setting CVar [[r.PostProcessAAQuality:4]]
[2020.03.17-20.30.28:778][  0]LogConfig: Applying CVar settings from Section [ShadowQuality@3] File [C:/Users/soapm/Documents/GitHub/LevelDesignFinal/FPSGameStarterKit/Saved/Config/Windows/Scalability.ini]
[2020.03.17-20.30.28:778][  0]LogConfig: Setting CVar [[r.LightFunctionQuality:1]]
[2020.03.17-20.30.28:778][  0]LogConfig: Setting CVar [[r.ShadowQuality:5]]
[2020.03.17-20.30.28:778][  0]LogConfig: Setting CVar [[r.Shadow.CSM.MaxCascades:10]]
[2020.03.17-20.30.28:778][  0]LogConfig: Setting CVar [[r.Shadow.MaxResolution:2048]]
[2020.03.17-20.30.28:778][  0]LogConfig: Setting CVar [[r.Shadow.MaxCSMResolution:2048]]
[2020.03.17-20.30.28:778][  0]LogConfig: Setting CVar [[r.Shadow.RadiusThreshold:0.01]]
[2020.03.17-20.30.28:778][  0]LogConfig: Setting CVar [[r.Shadow.DistanceScale:1.0]]
[2020.03.17-20.30.28:778][  0]LogConfig: Setting CVar [[r.Shadow.CSM.TransitionScale:1.0]]
[2020.03.17-20.30.28:778][  0]LogConfig: Setting CVar [[r.Shadow.PreShadowResolutionFactor:1.0]]
[2020.03.17-20.30.28:778][  0]LogConfig: Setting CVar [[r.DistanceFieldShadowing:1]]
[2020.03.17-20.30.28:778][  0]LogConfig: Setting CVar [[r.DistanceFieldAO:1]]
[2020.03.17-20.30.28:778][  0]LogConfig: Setting CVar [[r.AOQuality:2]]
[2020.03.17-20.30.28:778][  0]LogConfig: Setting CVar [[r.VolumetricFog:1]]
[2020.03.17-20.30.28:778][  0]LogConfig: Setting CVar [[r.VolumetricFog.GridPixelSize:8]]
[2020.03.17-20.30.28:778][  0]LogConfig: Setting CVar [[r.VolumetricFog.GridSizeZ:128]]
[2020.03.17-20.30.28:778][  0]LogConfig: Setting CVar [[r.VolumetricFog.HistoryMissSupersampleCount:4]]
[2020.03.17-20.30.28:778][  0]LogConfig: Setting CVar [[r.LightMaxDrawDistanceScale:1]]
[2020.03.17-20.30.28:778][  0]LogConfig: Setting CVar [[r.CapsuleShadows:1]]
[2020.03.17-20.30.28:778][  0]LogConfig: Applying CVar settings from Section [PostProcessQuality@3] File [C:/Users/soapm/Documents/GitHub/LevelDesignFinal/FPSGameStarterKit/Saved/Config/Windows/Scalability.ini]
[2020.03.17-20.30.28:778][  0]LogConfig: Setting CVar [[r.MotionBlurQuality:4]]
[2020.03.17-20.30.28:778][  0]LogConfig: Setting CVar [[r.AmbientOcclusionMipLevelFactor:0.4]]
[2020.03.17-20.30.28:778][  0]LogConfig: Setting CVar [[r.AmbientOcclusionMaxQuality:100]]
[2020.03.17-20.30.28:778][  0]LogConfig: Setting CVar [[r.AmbientOcclusionLevels:-1]]
[2020.03.17-20.30.28:778][  0]LogConfig: Setting CVar [[r.AmbientOcclusionRadiusScale:1.0]]
[2020.03.17-20.30.28:778][  0]LogConfig: Setting CVar [[r.DepthOfFieldQuality:2]]
[2020.03.17-20.30.28:778][  0]LogConfig: Setting CVar [[r.RenderTargetPoolMin:400]]
[2020.03.17-20.30.28:778][  0]LogConfig: Setting CVar [[r.LensFlareQuality:2]]
[2020.03.17-20.30.28:778][  0]LogConfig: Setting CVar [[r.SceneColorFringeQuality:1]]
[2020.03.17-20.30.28:778][  0]LogConfig: Setting CVar [[r.EyeAdaptationQuality:2]]
[2020.03.17-20.30.28:778][  0]LogConfig: Setting CVar [[r.BloomQuality:5]]
[2020.03.17-20.30.28:778][  0]LogConfig: Setting CVar [[r.FastBlurThreshold:100]]
[2020.03.17-20.30.28:778][  0]LogConfig: Setting CVar [[r.Upscale.Quality:3]]
[2020.03.17-20.30.28:778][  0]LogConfig: Setting CVar [[r.Tonemapper.GrainQuantization:1]]
[2020.03.17-20.30.28:778][  0]LogConfig: Setting CVar [[r.LightShaftQuality:1]]
[2020.03.17-20.30.28:778][  0]LogConfig: Setting CVar [[r.Filter.SizeScale:1]]
[2020.03.17-20.30.28:778][  0]LogConfig: Setting CVar [[r.Tonemapper.Quality:5]]
[2020.03.17-20.30.28:778][  0]LogConfig: Setting CVar [[r.DOF.Gather.AccumulatorQuality:1        ; higher gathering accumulator quality]]
[2020.03.17-20.30.28:778][  0]LogConfig: Setting CVar [[r.DOF.Gather.PostfilterMethod:1          ; Median3x3 postfilering method]]
[2020.03.17-20.30.28:778][  0]LogConfig: Setting CVar [[r.DOF.Gather.EnableBokehSettings:0       ; no bokeh simulation when gathering]]
[2020.03.17-20.30.28:778][  0]LogConfig: Setting CVar [[r.DOF.Gather.RingCount:4                 ; medium number of samples when gathering]]
[2020.03.17-20.30.28:778][  0]LogConfig: Setting CVar [[r.DOF.Scatter.ForegroundCompositing:1    ; additive foreground scattering]]
[2020.03.17-20.30.28:778][  0]LogConfig: Setting CVar [[r.DOF.Scatter.BackgroundCompositing:2    ; additive background scattering]]
[2020.03.17-20.30.28:778][  0]LogConfig: Setting CVar [[r.DOF.Scatter.EnableBokehSettings:1      ; bokeh simulation when scattering]]
[2020.03.17-20.30.28:778][  0]LogConfig: Setting CVar [[r.DOF.Scatter.MaxSpriteRatio:0.1         ; only a maximum of 10% of scattered bokeh]]
[2020.03.17-20.30.28:778][  0]LogConfig: Setting CVar [[r.DOF.Recombine.Quality:1                ; cheap slight out of focus]]
[2020.03.17-20.30.28:778][  0]LogConfig: Setting CVar [[r.DOF.Recombine.EnableBokehSettings:0    ; no bokeh simulation on slight out of focus]]
[2020.03.17-20.30.28:778][  0]LogConfig: Setting CVar [[r.DOF.TemporalAAQuality:1                ; more stable temporal accumulation]]
[2020.03.17-20.30.28:778][  0]LogConfig: Setting CVar [[r.DOF.Kernel.MaxForegroundRadius:0.025]]
[2020.03.17-20.30.28:778][  0]LogConfig: Setting CVar [[r.DOF.Kernel.MaxBackgroundRadius:0.025]]
[2020.03.17-20.30.28:779][  0]LogConfig: Applying CVar settings from Section [TextureQuality@3] File [C:/Users/soapm/Documents/GitHub/LevelDesignFinal/FPSGameStarterKit/Saved/Config/Windows/Scalability.ini]
[2020.03.17-20.30.28:779][  0]LogConfig: Setting CVar [[r.Streaming.MipBias:0]]
[2020.03.17-20.30.28:779][  0]LogConfig: Setting CVar [[r.Streaming.AmortizeCPUToGPUCopy:0]]
[2020.03.17-20.30.28:779][  0]LogConfig: Setting CVar [[r.Streaming.MaxNumTexturesToStreamPerFrame:0]]
[2020.03.17-20.30.28:779][  0]LogConfig: Setting CVar [[r.Streaming.Boost:1]]
[2020.03.17-20.30.28:779][  0]LogConfig: Setting CVar [[r.MaxAnisotropy:8]]
[2020.03.17-20.30.28:779][  0]LogConfig: Setting CVar [[r.Streaming.LimitPoolSizeToVRAM:0]]
[2020.03.17-20.30.28:779][  0]LogConfig: Setting CVar [[r.Streaming.PoolSize:1000]]
[2020.03.17-20.30.28:779][  0]LogConfig: Setting CVar [[r.Streaming.MaxEffectiveScreenSize:0]]
[2020.03.17-20.30.28:779][  0]LogConfig: Applying CVar settings from Section [EffectsQuality@3] File [C:/Users/soapm/Documents/GitHub/LevelDesignFinal/FPSGameStarterKit/Saved/Config/Windows/Scalability.ini]
[2020.03.17-20.30.28:779][  0]LogConfig: Setting CVar [[r.TranslucencyLightingVolumeDim:64]]
[2020.03.17-20.30.28:779][  0]LogConfig: Setting CVar [[r.RefractionQuality:2]]
[2020.03.17-20.30.28:779][  0]LogConfig: Setting CVar [[r.SSR.Quality:3]]
[2020.03.17-20.30.28:779][  0]LogConfig: Setting CVar [[r.SceneColorFormat:4]]
[2020.03.17-20.30.28:779][  0]LogConfig: Setting CVar [[r.DetailMode:2]]
[2020.03.17-20.30.28:779][  0]LogConfig: Setting CVar [[r.TranslucencyVolumeBlur:1]]
[2020.03.17-20.30.28:779][  0]LogConfig: Setting CVar [[r.MaterialQualityLevel:1 ; High quality]]
[2020.03.17-20.30.28:779][  0]LogConfig: Setting CVar [[r.SSS.Scale:1]]
[2020.03.17-20.30.28:779][  0]LogConfig: Setting CVar [[r.SSS.SampleSet:2]]
[2020.03.17-20.30.28:779][  0]LogConfig: Setting CVar [[r.SSS.Quality:1]]
[2020.03.17-20.30.28:779][  0]LogConfig: Setting CVar [[r.SSS.HalfRes:1]]
[2020.03.17-20.30.28:779][  0]LogConfig: Setting CVar [[r.EmitterSpawnRateScale:1.0]]
[2020.03.17-20.30.28:779][  0]LogConfig: Setting CVar [[r.ParticleLightQuality:2]]
[2020.03.17-20.30.28:779][  0]LogConfig: Applying CVar settings from Section [FoliageQuality@3] File [C:/Users/soapm/Documents/GitHub/LevelDesignFinal/FPSGameStarterKit/Saved/Config/Windows/Scalability.ini]
[2020.03.17-20.30.28:779][  0]LogConfig: Setting CVar [[foliage.DensityScale:1.0]]
[2020.03.17-20.30.28:779][  0]LogConfig: Setting CVar [[grass.DensityScale:1.0]]
[2020.03.17-20.30.28:779][  0]LogInit: Selected Device Profile: [Windows]
[2020.03.17-20.30.28:779][  0]LogInit: Applying CVar settings loaded from the selected device profile: [Windows]
[2020.03.17-20.30.28:781][  0]LogHAL: Display: Platform has ~ 16 GB [17073336320 / 17179869184 / 16], which maps to Larger [LargestMinGB=32, LargerMinGB=12, DefaultMinGB=8, SmallerMinGB=6, SmallestMinGB=0)
[2020.03.17-20.30.28:781][  0]LogInit: Going up to parent DeviceProfile []
[2020.03.17-20.30.28:781][  0]LogConfig: Applying CVar settings from Section [ViewDistanceQuality@3] File [C:/Users/soapm/Documents/GitHub/LevelDesignFinal/FPSGameStarterKit/Saved/Config/Windows/Scalability.ini]
[2020.03.17-20.30.28:781][  0]LogConfig: Setting CVar [[r.SkeletalMeshLODBias:0]]
[2020.03.17-20.30.28:781][  0]LogConfig: Setting CVar [[r.ViewDistanceScale:1.0]]
[2020.03.17-20.30.28:781][  0]LogConfig: Applying CVar settings from Section [AntiAliasingQuality@3] File [C:/Users/soapm/Documents/GitHub/LevelDesignFinal/FPSGameStarterKit/Saved/Config/Windows/Scalability.ini]
[2020.03.17-20.30.28:781][  0]LogConfig: Setting CVar [[r.PostProcessAAQuality:4]]
[2020.03.17-20.30.28:781][  0]LogConfig: Applying CVar settings from Section [ShadowQuality@3] File [C:/Users/soapm/Documents/GitHub/LevelDesignFinal/FPSGameStarterKit/Saved/Config/Windows/Scalability.ini]
[2020.03.17-20.30.28:781][  0]LogConfig: Setting CVar [[r.LightFunctionQuality:1]]
[2020.03.17-20.30.28:781][  0]LogConfig: Setting CVar [[r.ShadowQuality:5]]
[2020.03.17-20.30.28:782][  0]LogConfig: Setting CVar [[r.Shadow.CSM.MaxCascades:10]]
[2020.03.17-20.30.28:782][  0]LogConfig: Setting CVar [[r.Shadow.MaxResolution:2048]]
[2020.03.17-20.30.28:782][  0]LogConfig: Setting CVar [[r.Shadow.MaxCSMResolution:2048]]
[2020.03.17-20.30.28:782][  0]LogConfig: Setting CVar [[r.Shadow.RadiusThreshold:0.01]]
[2020.03.17-20.30.28:782][  0]LogConfig: Setting CVar [[r.Shadow.DistanceScale:1.0]]
[2020.03.17-20.30.28:782][  0]LogConfig: Setting CVar [[r.Shadow.CSM.TransitionScale:1.0]]
[2020.03.17-20.30.28:782][  0]LogConfig: Setting CVar [[r.Shadow.PreShadowResolutionFactor:1.0]]
[2020.03.17-20.30.28:782][  0]LogConfig: Setting CVar [[r.DistanceFieldShadowing:1]]
[2020.03.17-20.30.28:782][  0]LogConfig: Setting CVar [[r.DistanceFieldAO:1]]
[2020.03.17-20.30.28:782][  0]LogConfig: Setting CVar [[r.AOQuality:2]]
[2020.03.17-20.30.28:782][  0]LogConfig: Setting CVar [[r.VolumetricFog:1]]
[2020.03.17-20.30.28:782][  0]LogConfig: Setting CVar [[r.VolumetricFog.GridPixelSize:8]]
[2020.03.17-20.30.28:782][  0]LogConfig: Setting CVar [[r.VolumetricFog.GridSizeZ:128]]
[2020.03.17-20.30.28:782][  0]LogConfig: Setting CVar [[r.VolumetricFog.HistoryMissSupersampleCount:4]]
[2020.03.17-20.30.28:782][  0]LogConfig: Setting CVar [[r.LightMaxDrawDistanceScale:1]]
[2020.03.17-20.30.28:782][  0]LogConfig: Setting CVar [[r.CapsuleShadows:1]]
[2020.03.17-20.30.28:782][  0]LogConfig: Applying CVar settings from Section [PostProcessQuality@3] File [C:/Users/soapm/Documents/GitHub/LevelDesignFinal/FPSGameStarterKit/Saved/Config/Windows/Scalability.ini]
[2020.03.17-20.30.28:782][  0]LogConfig: Setting CVar [[r.MotionBlurQuality:4]]
[2020.03.17-20.30.28:782][  0]LogConfig: Setting CVar [[r.AmbientOcclusionMipLevelFactor:0.4]]
[2020.03.17-20.30.28:782][  0]LogConfig: Setting CVar [[r.AmbientOcclusionMaxQuality:100]]
[2020.03.17-20.30.28:782][  0]LogConfig: Setting CVar [[r.AmbientOcclusionLevels:-1]]
[2020.03.17-20.30.28:782][  0]LogConfig: Setting CVar [[r.AmbientOcclusionRadiusScale:1.0]]
[2020.03.17-20.30.28:782][  0]LogConfig: Setting CVar [[r.DepthOfFieldQuality:2]]
[2020.03.17-20.30.28:782][  0]LogConfig: Setting CVar [[r.RenderTargetPoolMin:400]]
[2020.03.17-20.30.28:782][  0]LogConfig: Setting CVar [[r.LensFlareQuality:2]]
[2020.03.17-20.30.28:782][  0]LogConfig: Setting CVar [[r.SceneColorFringeQuality:1]]
[2020.03.17-20.30.28:782][  0]LogConfig: Setting CVar [[r.EyeAdaptationQuality:2]]
[2020.03.17-20.30.28:782][  0]LogConfig: Setting CVar [[r.BloomQuality:5]]
[2020.03.17-20.30.28:782][  0]LogConfig: Setting CVar [[r.FastBlurThreshold:100]]
[2020.03.17-20.30.28:782][  0]LogConfig: Setting CVar [[r.Upscale.Quality:3]]
[2020.03.17-20.30.28:782][  0]LogConfig: Setting CVar [[r.Tonemapper.GrainQuantization:1]]
[2020.03.17-20.30.28:782][  0]LogConfig: Setting CVar [[r.LightShaftQuality:1]]
[2020.03.17-20.30.28:782][  0]LogConfig: Setting CVar [[r.Filter.SizeScale:1]]
[2020.03.17-20.30.28:782][  0]LogConfig: Setting CVar [[r.Tonemapper.Quality:5]]
[2020.03.17-20.30.28:782][  0]LogConfig: Setting CVar [[r.DOF.Gather.AccumulatorQuality:1        ; higher gathering accumulator quality]]
[2020.03.17-20.30.28:782][  0]LogConfig: Setting CVar [[r.DOF.Gather.PostfilterMethod:1          ; Median3x3 postfilering method]]
[2020.03.17-20.30.28:782][  0]LogConfig: Setting CVar [[r.DOF.Gather.EnableBokehSettings:0       ; no bokeh simulation when gathering]]
[2020.03.17-20.30.28:782][  0]LogConfig: Setting CVar [[r.DOF.Gather.RingCount:4                 ; medium number of samples when gathering]]
[2020.03.17-20.30.28:782][  0]LogConfig: Setting CVar [[r.DOF.Scatter.ForegroundCompositing:1    ; additive foreground scattering]]
[2020.03.17-20.30.28:782][  0]LogConfig: Setting CVar [[r.DOF.Scatter.BackgroundCompositing:2    ; additive background scattering]]
[2020.03.17-20.30.28:782][  0]LogConfig: Setting CVar [[r.DOF.Scatter.EnableBokehSettings:1      ; bokeh simulation when scattering]]
[2020.03.17-20.30.28:782][  0]LogConfig: Setting CVar [[r.DOF.Scatter.MaxSpriteRatio:0.1         ; only a maximum of 10% of scattered bokeh]]
[2020.03.17-20.30.28:782][  0]LogConfig: Setting CVar [[r.DOF.Recombine.Quality:1                ; cheap slight out of focus]]
[2020.03.17-20.30.28:782][  0]LogConfig: Setting CVar [[r.DOF.Recombine.EnableBokehSettings:0    ; no bokeh simulation on slight out of focus]]
[2020.03.17-20.30.28:782][  0]LogConfig: Setting CVar [[r.DOF.TemporalAAQuality:1                ; more stable temporal accumulation]]
[2020.03.17-20.30.28:782][  0]LogConfig: Setting CVar [[r.DOF.Kernel.MaxForegroundRadius:0.025]]
[2020.03.17-20.30.28:782][  0]LogConfig: Setting CVar [[r.DOF.Kernel.MaxBackgroundRadius:0.025]]
[2020.03.17-20.30.28:782][  0]LogConfig: Applying CVar settings from Section [TextureQuality@3] File [C:/Users/soapm/Documents/GitHub/LevelDesignFinal/FPSGameStarterKit/Saved/Config/Windows/Scalability.ini]
[2020.03.17-20.30.28:782][  0]LogConfig: Setting CVar [[r.Streaming.MipBias:0]]
[2020.03.17-20.30.28:782][  0]LogConfig: Setting CVar [[r.Streaming.AmortizeCPUToGPUCopy:0]]
[2020.03.17-20.30.28:782][  0]LogConfig: Setting CVar [[r.Streaming.MaxNumTexturesToStreamPerFrame:0]]
[2020.03.17-20.30.28:782][  0]LogConfig: Setting CVar [[r.Streaming.Boost:1]]
[2020.03.17-20.30.28:782][  0]LogConfig: Setting CVar [[r.MaxAnisotropy:8]]
[2020.03.17-20.30.28:782][  0]LogConfig: Setting CVar [[r.Streaming.LimitPoolSizeToVRAM:0]]
[2020.03.17-20.30.28:782][  0]LogConfig: Setting CVar [[r.Streaming.PoolSize:1000]]
[2020.03.17-20.30.28:782][  0]LogConfig: Setting CVar [[r.Streaming.MaxEffectiveScreenSize:0]]
[2020.03.17-20.30.28:782][  0]LogConfig: Applying CVar settings from Section [EffectsQuality@3] File [C:/Users/soapm/Documents/GitHub/LevelDesignFinal/FPSGameStarterKit/Saved/Config/Windows/Scalability.ini]
[2020.03.17-20.30.28:782][  0]LogConfig: Setting CVar [[r.TranslucencyLightingVolumeDim:64]]
[2020.03.17-20.30.28:782][  0]LogConfig: Setting CVar [[r.RefractionQuality:2]]
[2020.03.17-20.30.28:782][  0]LogConfig: Setting CVar [[r.SSR.Quality:3]]
[2020.03.17-20.30.28:782][  0]LogConfig: Setting CVar [[r.SceneColorFormat:4]]
[2020.03.17-20.30.28:782][  0]LogConfig: Setting CVar [[r.DetailMode:2]]
[2020.03.17-20.30.28:782][  0]LogConfig: Setting CVar [[r.TranslucencyVolumeBlur:1]]
[2020.03.17-20.30.28:782][  0]LogConfig: Setting CVar [[r.MaterialQualityLevel:1 ; High quality]]
[2020.03.17-20.30.28:782][  0]LogConfig: Setting CVar [[r.SSS.Scale:1]]
[2020.03.17-20.30.28:782][  0]LogConfig: Setting CVar [[r.SSS.SampleSet:2]]
[2020.03.17-20.30.28:782][  0]LogConfig: Setting CVar [[r.SSS.Quality:1]]
[2020.03.17-20.30.28:782][  0]LogConfig: Setting CVar [[r.SSS.HalfRes:1]]
[2020.03.17-20.30.28:782][  0]LogConfig: Setting CVar [[r.EmitterSpawnRateScale:1.0]]
[2020.03.17-20.30.28:782][  0]LogConfig: Setting CVar [[r.ParticleLightQuality:2]]
[2020.03.17-20.30.28:782][  0]LogConfig: Applying CVar settings from Section [FoliageQuality@3] File [C:/Users/soapm/Documents/GitHub/LevelDesignFinal/FPSGameStarterKit/Saved/Config/Windows/Scalability.ini]
[2020.03.17-20.30.28:782][  0]LogConfig: Setting CVar [[foliage.DensityScale:1.0]]
[2020.03.17-20.30.28:782][  0]LogConfig: Setting CVar [[grass.DensityScale:1.0]]
[2020.03.17-20.30.28:782][  0]LogConfig: Applying CVar settings from Section [Startup] File [../../../Engine/Config/ConsoleVariables.ini]
[2020.03.17-20.30.28:783][  0]LogConfig: Setting CVar [[net.UseAdaptiveNetUpdateFrequency:0]]
[2020.03.17-20.30.28:783][  0]LogConfig: Setting CVar [[p.chaos.AllowCreatePhysxBodies:1]]
[2020.03.17-20.30.28:783][  0]LogConfig: Applying CVar settings from Section [ConsoleVariables] File [C:/Users/soapm/Documents/GitHub/LevelDesignFinal/FPSGameStarterKit/Saved/Config/Windows/Engine.ini]
[2020.03.17-20.30.28:783][  0]LogInit: Computer: SOAPMC
[2020.03.17-20.30.28:783][  0]LogInit: User: soapm
[2020.03.17-20.30.28:783][  0]LogInit: CPU Page size=4096, Cores=6
[2020.03.17-20.30.28:783][  0]LogInit: High frequency timer resolution =10.000000 MHz
[2020.03.17-20.30.28:783][  0]LogMemory: Memory total: Physical=15.9GB (16GB approx)
[2020.03.17-20.30.28:783][  0]LogMemory: Platform Memory Stats for Windows
[2020.03.17-20.30.28:783][  0]LogMemory: Process Physical Memory: 102.47 MB used, 102.48 MB peak
[2020.03.17-20.30.28:783][  0]LogMemory: Process Virtual Memory: 99.96 MB used, 99.96 MB peak
[2020.03.17-20.30.28:783][  0]LogMemory: Physical Memory: 5921.20 MB used,  10361.20 MB free, 16282.40 MB total
[2020.03.17-20.30.28:783][  0]LogMemory: Virtual Memory: 4685.15 MB used,  134213040.00 MB free, 134217728.00 MB total
[2020.03.17-20.30.28:801][  0]LogWindows: WindowsPlatformFeatures enabled
[2020.03.17-20.30.28:825][  0]LogInit: Overriding language with editor language configuration option (en).
[2020.03.17-20.30.28:825][  0]LogInit: Overriding locale with editor locale configuration option (en).
[2020.03.17-20.30.28:970][  0]LogInit: Setting process to per monitor DPI aware
[2020.03.17-20.30.29:008][  0]LogSlate: New Slate User Created.  User Index 0, Is Virtual User: 0
[2020.03.17-20.30.29:008][  0]LogSlate: Slate User Registered.  User Index 0, Is Virtual User: 0
[2020.03.17-20.30.29:182][  0]LogHMD: Failed to initialize OpenVR with code 110
[2020.03.17-20.30.29:183][  0]LogD3D11RHI: D3D11 adapters:
[2020.03.17-20.30.29:249][  0]LogD3D11RHI:    0. 'NVIDIA GeForce RTX 2070 with Max-Q Design' (Feature Level 11_0)
[2020.03.17-20.30.29:249][  0]LogD3D11RHI:       8031/0/8141 MB DedicatedVideo/DedicatedSystem/SharedSystem, Outputs:1, VendorId:0x10de
[2020.03.17-20.30.29:264][  0]LogD3D11RHI:    1. 'Intel(R) UHD Graphics 630' (Feature Level 11_0)
[2020.03.17-20.30.29:264][  0]LogD3D11RHI:       128/0/8141 MB DedicatedVideo/DedicatedSystem/SharedSystem, Outputs:0, VendorId:0x8086
[2020.03.17-20.30.29:266][  0]LogD3D11RHI:    2. 'Microsoft Basic Render Driver' (Feature Level 11_0)
[2020.03.17-20.30.29:266][  0]LogD3D11RHI:       0/0/8141 MB DedicatedVideo/DedicatedSystem/SharedSystem, Outputs:0, VendorId:0x1414
[2020.03.17-20.30.29:266][  0]LogD3D11RHI: Chosen D3D11 Adapter: 0
[2020.03.17-20.30.29:297][  0]LogD3D11RHI: Creating new Direct3DDevice
[2020.03.17-20.30.29:297][  0]LogD3D11RHI:     GPU DeviceId: 0x1f10 (for the marketing name, search the web for "GPU Device Id")
[2020.03.17-20.30.29:297][  0]LogWindows: EnumDisplayDevices:
[2020.03.17-20.30.29:297][  0]LogWindows:    0. 'Intel(R) UHD Graphics 630' (P:1 D:1)
[2020.03.17-20.30.29:298][  0]LogWindows:    1. 'Intel(R) UHD Graphics 630' (P:0 D:0)
[2020.03.17-20.30.29:298][  0]LogWindows:    2. 'Intel(R) UHD Graphics 630' (P:0 D:0)
[2020.03.17-20.30.29:298][  0]LogWindows:    3. 'NVIDIA GeForce RTX 2070 with Max-Q Design' (P:0 D:0)
[2020.03.17-20.30.29:299][  0]LogWindows:    4. 'NVIDIA GeForce RTX 2070 with Max-Q Design' (P:0 D:0)
[2020.03.17-20.30.29:299][  0]LogWindows:    5. 'NVIDIA GeForce RTX 2070 with Max-Q Design' (P:0 D:0)
[2020.03.17-20.30.29:299][  0]LogWindows:    6. 'NVIDIA GeForce RTX 2070 with Max-Q Design' (P:0 D:0)
[2020.03.17-20.30.29:299][  0]LogWindows: DebugString: PrimaryIsNotTheChoosenAdapter PrimaryIsNotTheChoosenAdapter PrimaryIsNotTheChoosenAdapter FoundDriverCount:4 
[2020.03.17-20.30.29:299][  0]LogD3D11RHI:     Adapter Name: NVIDIA GeForce RTX 2070 with Max-Q Design
[2020.03.17-20.30.29:299][  0]LogD3D11RHI:   Driver Version: 442.59 (internal:26.21.14.4259, unified:442.59)
[2020.03.17-20.30.29:299][  0]LogD3D11RHI:      Driver Date: 3-4-2020
[2020.03.17-20.30.29:299][  0]LogRHI: Texture pool is 5621 MB (70% of 8031 MB)
[2020.03.17-20.30.29:345][  0]LogD3D11RHI: Async texture creation enabled
[2020.03.17-20.30.29:372][  0]LogD3D11RHI: GPU Timing Frequency: 1000.000000 (Debug: 2 1)
[2020.03.17-20.30.29:672][  0]LogTemp: Display: Module 'AllDesktopTargetPlatform' loaded TargetPlatform 'AllDesktop'
[2020.03.17-20.30.29:680][  0]LogTemp: Display: Module 'MacClientTargetPlatform' loaded TargetPlatform 'MacClient'
[2020.03.17-20.30.29:688][  0]LogTemp: Display: Module 'MacNoEditorTargetPlatform' loaded TargetPlatform 'MacNoEditor'
[2020.03.17-20.30.29:696][  0]LogTemp: Display: Module 'MacServerTargetPlatform' loaded TargetPlatform 'MacServer'
[2020.03.17-20.30.29:705][  0]LogTemp: Display: Module 'MacTargetPlatform' loaded TargetPlatform 'Mac'
[2020.03.17-20.30.29:713][  0]LogTemp: Display: Module 'WindowsClientTargetPlatform' loaded TargetPlatform 'WindowsClient'
[2020.03.17-20.30.29:721][  0]LogTemp: Display: Module 'WindowsNoEditorTargetPlatform' loaded TargetPlatform 'WindowsNoEditor'
[2020.03.17-20.30.29:729][  0]LogTemp: Display: Module 'WindowsServerTargetPlatform' loaded TargetPlatform 'WindowsServer'
[2020.03.17-20.30.29:733][  0]LogTemp: Display: Module 'WindowsTargetPlatform' loaded TargetPlatform 'Windows'
[2020.03.17-20.30.29:765][  0]LogTemp: Display: Module 'AndroidTargetPlatform' loaded TargetPlatform 'Android'
[2020.03.17-20.30.29:765][  0]LogTemp: Display: Module 'AndroidTargetPlatform' loaded TargetPlatform 'Android_ASTC'
[2020.03.17-20.30.29:765][  0]LogTemp: Display: Module 'AndroidTargetPlatform' loaded TargetPlatform 'Android_ATC'
[2020.03.17-20.30.29:765][  0]LogTemp: Display: Module 'AndroidTargetPlatform' loaded TargetPlatform 'Android_DXT'
[2020.03.17-20.30.29:765][  0]LogTemp: Display: Module 'AndroidTargetPlatform' loaded TargetPlatform 'Android_ETC1'
[2020.03.17-20.30.29:765][  0]LogTemp: Display: Module 'AndroidTargetPlatform' loaded TargetPlatform 'Android_ETC1a'
[2020.03.17-20.30.29:765][  0]LogTemp: Display: Module 'AndroidTargetPlatform' loaded TargetPlatform 'Android_ETC2'
[2020.03.17-20.30.29:765][  0]LogTemp: Display: Module 'AndroidTargetPlatform' loaded TargetPlatform 'Android_PVRTC'
[2020.03.17-20.30.29:765][  0]LogTemp: Display: Module 'AndroidTargetPlatform' loaded TargetPlatform 'AndroidClient'
[2020.03.17-20.30.29:765][  0]LogTemp: Display: Module 'AndroidTargetPlatform' loaded TargetPlatform 'Android_ASTCClient'
[2020.03.17-20.30.29:765][  0]LogTemp: Display: Module 'AndroidTargetPlatform' loaded TargetPlatform 'Android_ATCClient'
[2020.03.17-20.30.29:765][  0]LogTemp: Display: Module 'AndroidTargetPlatform' loaded TargetPlatform 'Android_DXTClient'
[2020.03.17-20.30.29:765][  0]LogTemp: Display: Module 'AndroidTargetPlatform' loaded TargetPlatform 'Android_ETC1Client'
[2020.03.17-20.30.29:765][  0]LogTemp: Display: Module 'AndroidTargetPlatform' loaded TargetPlatform 'Android_ETC1aClient'
[2020.03.17-20.30.29:765][  0]LogTemp: Display: Module 'AndroidTargetPlatform' loaded TargetPlatform 'Android_ETC2Client'
[2020.03.17-20.30.29:765][  0]LogTemp: Display: Module 'AndroidTargetPlatform' loaded TargetPlatform 'Android_PVRTCClient'
[2020.03.17-20.30.29:765][  0]LogTemp: Display: Module 'AndroidTargetPlatform' loaded TargetPlatform 'Android_Multi'
[2020.03.17-20.30.29:765][  0]LogTemp: Display: Module 'AndroidTargetPlatform' loaded TargetPlatform 'Android_MultiClient'
[2020.03.17-20.30.29:767][  0]LogTemp: Display: Module 'HTML5TargetPlatform' loaded TargetPlatform 'HTML5'
[2020.03.17-20.30.29:783][  0]LogTemp: Display: Module 'IOSTargetPlatform' loaded TargetPlatform 'IOSClient'
[2020.03.17-20.30.29:783][  0]LogTemp: Display: Module 'IOSTargetPlatform' loaded TargetPlatform 'IOS'
[2020.03.17-20.30.29:796][  0]LogTemp: Display: Module 'TVOSTargetPlatform' loaded TargetPlatform 'TVOSClient'
[2020.03.17-20.30.29:796][  0]LogTemp: Display: Module 'TVOSTargetPlatform' loaded TargetPlatform 'TVOS'
[2020.03.17-20.30.29:803][  0]LogTemp: Display: Module 'LinuxClientTargetPlatform' loaded TargetPlatform 'LinuxClient'
[2020.03.17-20.30.29:810][  0]LogTemp: Display: Module 'LinuxNoEditorTargetPlatform' loaded TargetPlatform 'LinuxNoEditor'
[2020.03.17-20.30.29:816][  0]LogTemp: Display: Module 'LinuxServerTargetPlatform' loaded TargetPlatform 'LinuxServer'
[2020.03.17-20.30.29:824][  0]LogTemp: Display: Module 'LinuxTargetPlatform' loaded TargetPlatform 'Linux'
[2020.03.17-20.30.29:846][  0]LogTemp: Display: Module 'LuminTargetPlatform' loaded TargetPlatform 'Lumin'
[2020.03.17-20.30.29:846][  0]LogTemp: Display: Module 'LuminTargetPlatform' loaded TargetPlatform 'LuminClient'
[2020.03.17-20.30.29:846][  0]LogTargetPlatformManager: Display: Building Assets For Windows
[2020.03.17-20.30.29:854][  0]LogAudioDebug: Display: Lib vorbis DLL was dynamically loaded.
[2020.03.17-20.30.29:901][  0]LogShaderCompilers: Guid format shader working directory is -33 characters bigger than the processId version (../../../../../Users/soapm/Documents/GitHub/LevelDesignFinal/FPSGameStarterKit/Intermediate/Shaders/WorkingDirectory/12860/).
[2020.03.17-20.30.29:901][  0]LogShaderCompilers: Cleaned the shader compiler working directory 'C:/Users/soapm/AppData/Local/Temp/UnrealShaderWorkingDir/4DC8605747F6ACFF58983B85DE61E0BF/'.
[2020.03.17-20.30.29:903][  0]LogXGEController: Cannot use XGE Controller as Incredibuild is not installed on this machine.
[2020.03.17-20.30.29:904][  0]LogShaderCompilers: Cannot use XGE Shader Compiler as Incredibuild is not installed on this machine.
[2020.03.17-20.30.29:904][  0]LogShaderCompilers: Display: Using Local Shader Compiler.
[2020.03.17-20.30.30:440][  0]LogDerivedDataCache: Display: Max Cache Size: 512 MB
[2020.03.17-20.30.30:486][  0]LogDerivedDataCache: Loaded boot cache 0.05s 73MB C:/Users/soapm/AppData/Local/UnrealEngine/4.23/DerivedDataCache/Boot.ddc.
[2020.03.17-20.30.30:486][  0]LogDerivedDataCache: Display: Loaded Boot cache: C:/Users/soapm/AppData/Local/UnrealEngine/4.23/DerivedDataCache/Boot.ddc
[2020.03.17-20.30.30:486][  0]LogDerivedDataCache: FDerivedDataBackendGraph:  Pak pak cache file ../../../../../Users/soapm/Documents/GitHub/LevelDesignFinal/FPSGameStarterKit/DerivedDataCache/DDC.ddp not found, will not use a pak cache.
[2020.03.17-20.30.30:486][  0]LogDerivedDataCache: Unable to find inner node Pak for hierarchical cache Hierarchy.
[2020.03.17-20.30.30:486][  0]LogDerivedDataCache: FDerivedDataBackendGraph:  CompressedPak pak cache file ../../../../../Users/soapm/Documents/GitHub/LevelDesignFinal/FPSGameStarterKit/DerivedDataCache/Compressed.ddp not found, will not use a pak cache.
[2020.03.17-20.30.30:486][  0]LogDerivedDataCache: Unable to find inner node CompressedPak for hierarchical cache Hierarchy.
[2020.03.17-20.30.30:496][  0]LogDerivedDataCache: Display: Pak cache opened for reading ../../../Engine/DerivedDataCache/Compressed.ddp.
[2020.03.17-20.30.30:498][  0]LogDerivedDataCache: Display: Pak cache opened for reading ../../../Enterprise/DerivedDataCache/Compressed.ddp.
[2020.03.17-20.30.30:499][  0]LogDerivedDataCache: Using Local data cache path C:/Users/soapm/AppData/Local/UnrealEngine/Common/DerivedDataCache: Writable
[2020.03.17-20.30.30:499][  0]LogDerivedDataCache: Shared data cache path not found in *engine.ini, will not use an Shared cache.
[2020.03.17-20.30.30:499][  0]LogDerivedDataCache: Unable to find inner node Shared for hierarchical cache Hierarchy.
[2020.03.17-20.30.30:517][  0]LogMaterial: Verifying Global Shaders for PCD3D_SM5
[2020.03.17-20.30.30:520][  0]LogSlate: Using FreeType 2.6.0
[2020.03.17-20.30.30:520][  0]LogSlate: SlateFontServices - WITH_FREETYPE: 1, WITH_HARFBUZZ: 1
[2020.03.17-20.30.30:568][  0]LogAssetRegistry: FAssetRegistry took 0.0022 seconds to start up
[2020.03.17-20.30.30:804][  0]LogInit: Selected Device Profile: [Windows]
[2020.03.17-20.30.30:938][  0]LogMeshReduction: Using QuadricMeshReduction for automatic static mesh reduction
[2020.03.17-20.30.30:938][  0]LogMeshReduction: Using SimplygonMeshReduction for automatic skeletal mesh reduction
[2020.03.17-20.30.30:938][  0]LogMeshReduction: Using ProxyLODMeshReduction for automatic mesh merging
[2020.03.17-20.30.30:938][  0]LogMeshReduction: No distributed automatic mesh merging module available
[2020.03.17-20.30.30:938][  0]LogMeshMerging: No distributed automatic mesh merging module available
[2020.03.17-20.30.30:947][  0]LogNetVersion: FPSGameStarterKit 1.0.0, NetCL: 8386587, EngineNetVer: 11, GameNetVer: 0 (Checksum: 1303747183)
[2020.03.17-20.30.31:303][  0]LogPackageLocalizationCache: Processed 12 localized package path(s) for 1 prioritized culture(s) in 0.044441 seconds
[2020.03.17-20.30.31:308][  0]LogUObjectArray: 43444 objects as part of root set at end of initial load.
[2020.03.17-20.30.31:308][  0]LogUObjectAllocator: 7548648 out of 0 bytes used by permanent object pool.
[2020.03.17-20.30.31:308][  0]LogUObjectArray: CloseDisregardForGC: 0/0 objects in disregard for GC pool
[2020.03.17-20.30.32:021][  0]LogTcpMessaging: Initializing TcpMessaging bridge
[2020.03.17-20.30.32:023][  0]LogUdpMessaging: Initializing bridge on interface 0.0.0.0:0 to multicast group 230.0.0.1:6666.
[2020.03.17-20.30.32:068][  0]SourceControl: Source control is disabled
[2020.03.17-20.30.32:068][  0]SourceControl: Source control is disabled
[2020.03.17-20.30.32:069][  0]SourceControl: Source control is disabled
[2020.03.17-20.30.32:070][  0]SourceControl: Source control is disabled
[2020.03.17-20.30.32:143][  0]LogAndroidPermission: UAndroidPermissionCallbackProxy::GetInstance
[2020.03.17-20.30.32:296][  0]LogOcInput: OculusInput pre-init called
[2020.03.17-20.30.32:302][  0]LogWindows: Failed to load 'OVRPlugin.dll' (GetLastError=126)
[2020.03.17-20.30.32:302][  0]LogWindows: File 'OVRPlugin.dll' does not exist
[2020.03.17-20.30.32:363][  0]LogEngine: Initializing Engine...
[2020.03.17-20.30.32:363][  0]LogHMD: Failed to initialize OpenVR with code 110
[2020.03.17-20.30.32:364][  0]LogStats: UGameplayTagsManager::InitializeManager -  0.000 s
[2020.03.17-20.30.32:558][  0]LogInit: Initializing FReadOnlyCVARCache
[2020.03.17-20.30.32:571][  0]LogAIModule: Creating AISystem for world Untitled
[2020.03.17-20.30.32:602][  0]LogInit: XAudio2 using 'Speakers (Realtek(R) Audio)' : 2 channels at 48 kHz using 32 bits per sample (channel mask 0x3)
[2020.03.17-20.30.32:628][  0]LogInit: FAudioDevice initialized.
[2020.03.17-20.30.32:628][  0]LogNetVersion: Set ProjectVersion to 1.5.0.0. Version Checksum will be recalculated on next use.
[2020.03.17-20.30.32:678][  0]LogDerivedDataCache: Saved boot cache 0.05s 73MB C:/Users/soapm/AppData/Local/UnrealEngine/4.23/DerivedDataCache/Boot.ddc.
[2020.03.17-20.30.32:684][  0]LogInit: Texture streaming: Enabled
[2020.03.17-20.30.32:700][  0]LogEngineSessionManager: EngineSessionManager initialized
[2020.03.17-20.30.32:763][  0]LogInit: Transaction tracking system initialized
[2020.03.17-20.30.32:792][  0]BlueprintLog: New page: Editor Load
[2020.03.17-20.30.32:862][  0]LocalizationService: Localization service is disabled
[2020.03.17-20.30.33:059][  0]LogFileCache: Scanning file cache for directory 'C:/Users/soapm/Documents/GitHub/LevelDesignFinal/FPSGameStarterKit/Content/' took 0.01s
[2020.03.17-20.30.33:059][  0]LogCook: Display: Max memory allowance for cook 16384mb min free memory 0mb
[2020.03.17-20.30.33:060][  0]LogCook: Display: Mobile HDR setting 1
[2020.03.17-20.30.33:211][  0]SourceControl: Source control is disabled
[2020.03.17-20.30.33:211][  0]Cmd: MAP LOAD FILE="../../../../../Users/soapm/Documents/GitHub/LevelDesignFinal/FPSGameStarterKit/Content/FPS_Game/Maps/Testing.umap" TEMPLATE=0 SHOWPROGRESS=1 FEATURELEVEL=3
[2020.03.17-20.30.33:211][  0]LightingResults: New page: Lighting Build
[2020.03.17-20.30.33:214][  0]LogWorld: UWorld::CleanupWorld for Untitled, bSessionEnded=true, bCleanupResources=true
[2020.03.17-20.30.33:214][  0]MapCheck: New page: Map Check
[2020.03.17-20.30.33:214][  0]LightingResults: New page: Lighting Build
[2020.03.17-20.30.33:246][  0]LogUObjectHash: Compacting FUObjectHashTables data took   1.47ms
[2020.03.17-20.30.33:950][  0]LogAnimation: Warning: Animation Blueprint /Game/FPS_Game/Character/AnimTPP.AnimTPP has nodes with invalid node guids that have been regenerated. This blueprint will not cook deterministically until it is resaved.
[2020.03.17-20.30.33:951][  0]LogAnimation: Warning: Animation Blueprint /Game/FPS_Game/Character/AnimFPP.AnimFPP has nodes with invalid node guids that have been regenerated. This blueprint will not cook deterministically until it is resaved.
[2020.03.17-20.30.34:405][  0]LogBlueprint: Warning: [Compiler BP_CharacterBase] Input pin  Method  specifying non-default value no longer exists on node  Set members in PostProcessSettings . Please refresh node or reset pin to default value to remove pin.
[2020.03.17-20.30.36:740][  0]LogAIModule: Creating AISystem for world Testing
[2020.03.17-20.30.36:880][  0]LogEditorServer: Finished looking for orphan Actors (0.000 secs)
[2020.03.17-20.30.36:961][  0]LogUObjectHash: Compacting FUObjectHashTables data took   4.23ms
[2020.03.17-20.30.36:961][  0]Cmd: MAP CHECKDEP NOCLEARLOG
[2020.03.17-20.30.36:962][  0]MapCheck: Map check complete: 0 Error(s), 0 Warning(s), took 0.179ms to complete.
[2020.03.17-20.30.36:962][  0]LogFileHelpers: Loading map 'Testing' took 3.751
[2020.03.17-20.30.37:073][  0]LogSlate: Updating window title bar state: overlay mode, drag disabled, window buttons hidden, title bar hidden
[2020.03.17-20.30.37:080][  0]LogSlate: Updating window title bar state: overlay mode, drag disabled, window buttons hidden, title bar hidden
[2020.03.17-20.30.37:087][  0]LogSlate: Updating window title bar state: overlay mode, drag disabled, window buttons hidden, title bar hidden
[2020.03.17-20.30.37:094][  0]LogSlate: Updating window title bar state: overlay mode, drag disabled, window buttons hidden, title bar hidden
[2020.03.17-20.30.37:100][  0]LogCollectionManager: Loaded 0 collections in 0.001930 seconds
[2020.03.17-20.30.37:108][  0]LogFileCache: Scanning file cache for directory 'C:/Users/soapm/Documents/GitHub/LevelDesignFinal/FPSGameStarterKit/Saved/Collections/' took 0.00s
[2020.03.17-20.30.37:108][  0]LogFileCache: Scanning file cache for directory 'C:/Users/soapm/Documents/GitHub/LevelDesignFinal/FPSGameStarterKit/Content/Developers/soapm/Collections/' took 0.00s
[2020.03.17-20.30.37:108][  0]LogFileCache: Scanning file cache for directory 'C:/Users/soapm/Documents/GitHub/LevelDesignFinal/FPSGameStarterKit/Content/Collections/' took 0.00s
[2020.03.17-20.30.37:108][  0]LogCollectionManager: Rebuilt the GUID cache for 0 collections in 0.000002 seconds
[2020.03.17-20.30.37:116][  0]LogContentBrowser: Native class hierarchy populated in 0.0078 seconds. Added 2863 classes and 680 folders.
[2020.03.17-20.30.37:122][  0]LogContentBrowser: Native class hierarchy updated for 'WidgetCarousel' in 0.0002 seconds. Added 0 classes and 0 folders.
[2020.03.17-20.30.37:163][  0]LogContentBrowser: Native class hierarchy updated for 'AddContentDialog' in 0.0002 seconds. Added 0 classes and 0 folders.
[2020.03.17-20.30.37:168][  0]LogContentBrowser: Native class hierarchy updated for 'SceneOutliner' in 0.0002 seconds. Added 1 classes and 2 folders.
[2020.03.17-20.30.37:294][  0]LogSlate: Took 0.000133 seconds to synchronously load lazily loaded font '../../../Engine/Content/Slate/Fonts/Roboto-Regular.ttf' (155K)
[2020.03.17-20.30.37:296][  0]LogSlate: Took 0.000127 seconds to synchronously load lazily loaded font '../../../Engine/Content/Slate/Fonts/Roboto-Bold.ttf' (160K)
[2020.03.17-20.30.37:299][  0]LogSlate: Took 0.000143 seconds to synchronously load lazily loaded font '../../../Engine/Content/Editor/Slate/Fonts/FontAwesome.ttf' (139K)
[2020.03.17-20.30.37:369][  0]LogRenderer: Reallocating scene render targets to support 948x476 Format 10 NumSamples 1 (Frame:1).
[2020.03.17-20.30.37:533][  0]LogContentBrowser: Native class hierarchy updated for 'HierarchicalLODOutliner' in 0.0002 seconds. Added 0 classes and 0 folders.
[2020.03.17-20.30.37:533][  0]LogLoad: (Engine Initialization) Total time: 9.91 seconds
[2020.03.17-20.30.37:533][  0]LogLoad: (Engine Initialization) Total Blueprint compile time: 0.00 seconds
[2020.03.17-20.30.37:605][  0]LogContentStreaming: Texture pool size now 1000 MB
[2020.03.17-20.30.37:636][  0]LogSlate: Took 0.000204 seconds to synchronously load lazily loaded font '../../../Engine/Content/Slate/Fonts/Roboto-Light.ttf' (167K)
[2020.03.17-20.30.37:663][  1]LogAssetRegistry: Asset discovery search completed in 7.0963 seconds
[2020.03.17-20.30.37:668][  1]LogCollectionManager: Rebuilt the object cache for 0 collections in 0.000006 seconds (found 0 objects)
[2020.03.17-20.30.37:668][  1]LogCollectionManager: Fixed up redirectors for 0 collections in 0.000076 seconds (updated 0 objects)
[2020.03.17-20.30.38:931][ 48]LogSlate: Took 0.000132 seconds to synchronously load lazily loaded font '../../../Engine/Content/Slate/Fonts/Roboto-Light.ttf' (167K)
[2020.03.17-20.30.39:144][ 61]LogSlate: FSceneViewport::OnFocusLost() reason 0
[2020.03.17-20.30.40:105][ 70]LogTexture: Display: Building textures: Texture2D_0 (BGRA8, 512X512)
[2020.03.17-20.30.40:424][ 70]LogAIModule: Creating AISystem for world Testing1
[2020.03.17-20.30.40:593][ 70]LogAssetEditorManager: Opening Asset editor for World /Game/FPS_Game/Maps/Testing1.Testing1
[2020.03.17-20.30.40:626][ 70]LogUObjectHash: Compacting FUObjectHashTables data took   2.08ms
[2020.03.17-20.30.40:627][ 70]Cmd: MAP LOAD FILE="../../../../../Users/soapm/Documents/GitHub/LevelDesignFinal/FPSGameStarterKit/Content/FPS_Game/Maps/Testing1.umap" TEMPLATE=0 SHOWPROGRESS=1 FEATURELEVEL=3
[2020.03.17-20.30.40:627][ 70]LightingResults: New page: Lighting Build
[2020.03.17-20.30.40:627][ 70]LoadErrors: New page: Loading map: Testing1.umap
[2020.03.17-20.30.40:630][ 70]LogWorld: UWorld::CleanupWorld for Testing, bSessionEnded=true, bCleanupResources=true
[2020.03.17-20.30.40:632][ 70]MapCheck: New page: Map Check
[2020.03.17-20.30.40:632][ 70]LightingResults: New page: Lighting Build
[2020.03.17-20.30.40:668][ 70]LogUObjectHash: Compacting FUObjectHashTables data took   2.23ms
[2020.03.17-20.30.41:486][ 70]LogEditorServer: Finished looking for orphan Actors (0.000 secs)
[2020.03.17-20.30.41:584][ 70]LogUObjectHash: Compacting FUObjectHashTables data took   2.18ms
[2020.03.17-20.30.41:614][ 70]Cmd: MAP CHECKDEP NOCLEARLOG
[2020.03.17-20.30.41:614][ 70]MapCheck: Map check complete: 0 Error(s), 0 Warning(s), took 0.164ms to complete.
[2020.03.17-20.30.41:614][ 70]LogFileHelpers: Loading map 'Testing1' took 0.988
[2020.03.17-20.30.54:492][508]LogTemp: Repeating last play command: Standalone Game
[2020.03.17-20.30.54:535][508]LogUObjectHash: Compacting FUObjectHashTables data took   0.85ms
[2020.03.17-20.38.51:621][286]LogSlate: FSceneViewport::OnFocusLost() reason 0
[2020.03.17-20.38.51:760][289]LogRenderer: Reallocating scene render targets to support 948x488 Format 10 NumSamples 1 (Frame:846).
[2020.03.17-20.38.51:846][290]LogRenderer: Reallocating scene render targets to support 948x492 Format 10 NumSamples 1 (Frame:848).
[2020.03.17-20.38.51:968][291]LogRenderer: Reallocating scene render targets to support 948x528 Format 10 NumSamples 1 (Frame:850).
[2020.03.17-20.38.52:073][292]LogRenderer: Reallocating scene render targets to support 948x568 Format 10 NumSamples 1 (Frame:852).
[2020.03.17-20.38.52:200][293]LogRenderer: Reallocating scene render targets to support 948x596 Format 10 NumSamples 1 (Frame:854).
[2020.03.17-20.38.52:308][294]LogRenderer: Reallocating scene render targets to support 948x644 Format 10 NumSamples 1 (Frame:856).
[2020.03.17-20.38.52:431][295]LogRenderer: Reallocating scene render targets to support 948x688 Format 10 NumSamples 1 (Frame:858).
[2020.03.17-20.38.52:558][296]LogRenderer: Reallocating scene render targets to support 948x692 Format 10 NumSamples 1 (Frame:860).
[2020.03.17-20.39.05:215][639]LogEditorViewport: Clicking on Actor (LMB): NavMeshBoundsVolume (NavMeshBoundsVolume11)
[2020.03.17-20.39.14:445][982]LogEditorViewport: Clicking on Actor (LMB): AI_Charger_C (AI_Charger9)
[2020.03.17-20.39.15:949][ 30]LogEditorViewport: Clicking on Actor (LMB): AI_Charger_C (AI_Charger8)
[2020.03.17-20.39.25:749][311]LogEditorViewport: Clicking on Actor (LMB): AI_Charger_C (AI_Charger9)
[2020.03.17-20.39.28:453][375]LogEditorViewport: Clicking on Actor (LMB): Landscape (Landscape)
[2020.03.17-20.39.29:231][391]LogEditorViewport: Clicking on Actor (LMB): AI_Charger_C (AI_Charger5)
[2020.03.17-20.39.35:287][539]LogEditorViewport: Clicking on Actor (LMB): AI_Charger_C (AI_Charger7)
[2020.03.17-20.39.38:888][651]LogEditorViewport: Clicking on Actor (LMB): AI_Soldier_C (AI_Soldier12)
[2020.03.17-20.39.43:004][779]LogEditorViewport: Clicking on Actor (LMB): AI_Charger_C (AI_Charger4)
[2020.03.17-20.40.00:679][460]LogEditorViewport: Clicking on Actor (LMB): AI_Charger_C (AI_Charger23)
[2020.03.17-20.40.04:189][568]LogEditorViewport: Clicking on Actor (LMB): AI_Charger_C (AI_Charger24)
[2020.03.17-20.40.11:695][863]LogEditorViewport: Clicking on Actor (LMB): AI_Charger_C (AI_Charger26)
[2020.03.17-20.40.15:813][ 76]LogEditorViewport: Clicking on Actor (LMB): AI_Charger_C (AI_Charger32)
[2020.03.17-20.40.27:611][760]Cmd: DELETE
[2020.03.17-20.40.27:611][760]Cmd: ACTOR DELETE
[2020.03.17-20.40.27:660][760]LogEditorActor: Deleted Actor: Brush
[2020.03.17-20.40.27:696][760]LogUObjectHash: Compacting FUObjectHashTables data took   2.93ms
[2020.03.17-20.40.27:829][760]LogEditorActor: Deleted 1 Actors (0.210 secs)
[2020.03.17-20.40.29:060][827]Cmd: DELETE
[2020.03.17-20.40.29:060][827]Cmd: ACTOR DELETE
[2020.03.17-20.40.29:092][827]LogEditorActor: Deleted Actor: Brush
[2020.03.17-20.40.29:124][827]LogUObjectHash: Compacting FUObjectHashTables data took   1.98ms
[2020.03.17-20.40.29:224][827]LogEditorActor: Deleted 1 Actors (0.165 secs)
[2020.03.17-20.40.30:542][899]Cmd: DELETE
[2020.03.17-20.40.30:542][899]Cmd: ACTOR DELETE
[2020.03.17-20.40.30:583][899]LogEditorActor: Deleted Actor: Brush
[2020.03.17-20.40.30:620][899]LogUObjectHash: Compacting FUObjectHashTables data took   2.12ms
[2020.03.17-20.40.30:726][899]LogEditorActor: Deleted 1 Actors (0.183 secs)
[2020.03.17-20.40.31:651][951]LogEditorViewport: Clicking on Actor (LMB): Landscape (Landscape)
[2020.03.17-20.40.32:933][ 21]Cmd: DELETE
[2020.03.17-20.40.32:933][ 21]Cmd: ACTOR DELETE
[2020.03.17-20.40.32:969][ 21]LogEditorActor: Deleted Actor: Brush
[2020.03.17-20.40.33:000][ 21]LogUObjectHash: Compacting FUObjectHashTables data took   2.01ms
[2020.03.17-20.40.33:096][ 21]LogEditorActor: Deleted 1 Actors (0.163 secs)
[2020.03.17-20.40.33:813][ 60]LogEditorViewport: Clicking on Actor (LMB): InstancedFoliageActor (InstancedFoliageActor)
[2020.03.17-20.40.35:253][140]LogSlate: FSceneViewport::OnFocusLost() reason 0
[2020.03.17-20.40.51:303][984]LogSlate: FSceneViewport::OnFocusLost() reason 0
[2020.03.17-20.40.51:403][990]LogTemp: Repeating last play command: Standalone Game
[2020.03.17-20.40.51:456][990]LogUObjectHash: Compacting FUObjectHashTables data took   2.70ms
[2020.03.17-20.40.52:890][990]LogSlate: Window 'Save Content' being destroyed
[2020.03.17-20.40.52:949][990]LogUObjectHash: Compacting FUObjectHashTables data took   0.93ms
[2020.03.17-20.40.54:029][990]LogSavePackage: Moving '../../../../../Users/soapm/Documents/GitHub/LevelDesignFinal/FPSGameStarterKit/Saved/Testing18001A8204238D7E213294B95103D2C93.tmp' to '../../../../../Users/soapm/Documents/GitHub/LevelDesignFinal/FPSGameStarterKit/Content/FPS_Game/Maps/Testing1.umap'
[2020.03.17-20.40.54:072][990]LogFileHelpers: Saving map 'Testing1' took 1.153
[2020.03.17-20.49.39:714][457]LogSlate: FSceneViewport::OnFocusLost() reason 0
[2020.03.17-20.49.40:751][517]LogEditorViewport: Clicking on Actor (LMB): PlayerStart (Player Start)
[2020.03.17-20.49.44:964][623]LogNavigationPoint: PostEditMove Clear paths rebuilt
[2020.03.17-20.49.49:323][798]LogNavigationPoint: PostEditMove Clear paths rebuilt
[2020.03.17-20.49.50:794][860]Cmd: TRANSACTION UNDO
[2020.03.17-20.49.50:794][860]LogEditorTransaction: Undo Move Actors
[2020.03.17-20.49.59:318][122]LogNavigationPoint: PostEditMove Clear paths rebuilt
[2020.03.17-20.50.03:621][216]LogNavigationPoint: PostEditMove Clear paths rebuilt
[2020.03.17-20.50.06:373][282]LogSlate: FSceneViewport::OnFocusLost() reason 0
[2020.03.17-20.50.06:496][287]LogTemp: Repeating last play command: Standalone Game
[2020.03.17-20.50.06:543][287]LogUObjectHash: Compacting FUObjectHashTables data took   2.41ms
[2020.03.17-20.50.08:425][287]LogSlate: Window 'Save Content' being destroyed
[2020.03.17-20.50.08:482][287]LogUObjectHash: Compacting FUObjectHashTables data took   0.76ms
[2020.03.17-20.50.09:526][287]LogSavePackage: Moving '../../../../../Users/soapm/Documents/GitHub/LevelDesignFinal/FPSGameStarterKit/Saved/Testing199FC19C743A091AD733AF0AD0235138F.tmp' to '../../../../../Users/soapm/Documents/GitHub/LevelDesignFinal/FPSGameStarterKit/Content/FPS_Game/Maps/Testing1.umap'
[2020.03.17-20.50.09:564][287]LogFileHelpers: Saving map 'Testing1' took 1.111
[2020.03.17-20.52.31:776][561]LogEditorViewport: Clicking on Actor (LMB): AI_Charger_C (AI_Charger45)
[2020.03.17-20.52.32:844][588]Cmd: DELETE
[2020.03.17-20.52.32:844][588]Cmd: ACTOR DELETE
[2020.03.17-20.52.32:873][588]LogEditorActor: Deleted Actor: AI_Charger_C
[2020.03.17-20.52.32:901][588]LogUObjectHash: Compacting FUObjectHashTables data took   2.10ms
[2020.03.17-20.52.32:901][588]LogEditorActor: Deleted 1 Actors (0.057 secs)
[2020.03.17-20.52.37:712][722]LogEditorViewport: Clicking on Actor (LMB): AI_Charger_C (AI_Charger53)
[2020.03.17-20.52.46:741][989]LogEditorViewport: Clicking on Actor (LMB): InstancedFoliageActor (InstancedFoliageActor)
[2020.03.17-20.52.47:481][ 18]LogEditorViewport: Clicking on Actor (LMB): AI_Charger_C (AI_Charger44)
[2020.03.17-20.52.55:481][360]LogEditorViewport: Clicking on Actor (LMB): AI_Charger_C (AI_Charger52)
[2020.03.17-20.53.02:717][769]LogEditorViewport: Clicking on Actor (LMB): InstancedFoliageActor (InstancedFoliageActor)
[2020.03.17-20.53.03:827][828]LogSlate: FSceneViewport::OnFocusLost() reason 0
[2020.03.17-20.53.10:107][151]Cmd: SELECT NONE
[2020.03.17-20.53.15:033][424]LogSlate: FSceneViewport::OnFocusLost() reason 0
[2020.03.17-20.53.15:132][430]LogTemp: Repeating last play command: Standalone Game
[2020.03.17-20.53.15:184][430]LogUObjectHash: Compacting FUObjectHashTables data took   1.44ms
[2020.03.17-20.53.16:736][430]LogSlate: Window 'Save Content' being destroyed
[2020.03.17-20.53.16:792][430]LogUObjectHash: Compacting FUObjectHashTables data took   0.76ms
[2020.03.17-20.53.17:838][430]LogSavePackage: Moving '../../../../../Users/soapm/Documents/GitHub/LevelDesignFinal/FPSGameStarterKit/Saved/Testing1052B52B94056706DB4DF109C4F80A7E0.tmp' to '../../../../../Users/soapm/Documents/GitHub/LevelDesignFinal/FPSGameStarterKit/Content/FPS_Game/Maps/Testing1.umap'
[2020.03.17-20.53.17:874][430]LogFileHelpers: Saving map 'Testing1' took 1.111
[2020.03.17-20.55.25:819][963]LogUObjectHash: Compacting FUObjectHashTables data took   2.68ms
[2020.03.17-20.56.02:016][241]LogUObjectHash: Compacting FUObjectHashTables data took   0.97ms
